-- The C compiler identification is GNU 11.4.0
-- The CXX compiler identification is GNU 11.4.0
-- Detecting C compiler ABI info
-- Detecting C compiler ABI info - done
-- Check for working C compiler: /usr/bin/cc - skipped
-- Detecting C compile features
-- Detecting C compile features - done
-- Detecting CXX compiler ABI info
-- Detecting CXX compiler ABI info - done
-- Check for working CXX compiler: /usr/bin/c++ - skipped
-- Detecting CXX compile features
-- Detecting CXX compile features - done
-- Found ament_cmake: 1.3.9 (/opt/ros/humble/share/ament_cmake/cmake)
-- Found Python3: /usr/bin/python3 (found version "3.10.12") found components: Interpreter 
-- Override CMake install command with custom implementation using symlinks instead of copying resources
-- Found ament_lint_auto: 0.12.11 (/opt/ros/humble/share/ament_lint_auto/cmake)
WARNING: Package name "f112th_sim_YYYY_NNAA" does not follow the naming conventions. It should start with a lower case letter and only contain lower case letters, digits, underscores, and dashes.
-- Added test 'copyright' to check source files copyright and LICENSE
-- Added test 'flake8' to check Python code syntax and style conventions
-- Added test 'lint_cmake' to check CMake code style
-- Added test 'pep257' to check Python code against some of the docstring style conventions in PEP 257
-- Added test 'xmllint' to check XML markup files
-- Configuring done
-- Generating done
-- Build files have been written to: /home/vekkaz/mobile_robotics_ws/build/f112th_sim_YYYY_NNAA
-- Install configuration: ""
-- Execute custom install script
-- Symlinking: /home/vekkaz/mobile_robotics_ws/install/f112th_sim_YYYY_NNAA/share/f112th_sim_YYYY_NNAA/config/empty.yaml
-- Symlinking: /home/vekkaz/mobile_robotics_ws/install/f112th_sim_YYYY_NNAA/share/f112th_sim_YYYY_NNAA/description/inertial_macros.xacro
-- Symlinking: /home/vekkaz/mobile_robotics_ws/install/f112th_sim_YYYY_NNAA/share/f112th_sim_YYYY_NNAA/description/properties.urdf.xacro
-- Symlinking: /home/vekkaz/mobile_robotics_ws/install/f112th_sim_YYYY_NNAA/share/f112th_sim_YYYY_NNAA/description/robot.urdf.xacro
-- Symlinking: /home/vekkaz/mobile_robotics_ws/install/f112th_sim_YYYY_NNAA/share/f112th_sim_YYYY_NNAA/description/robot_core.xacro
-- Symlinking: /home/vekkaz/mobile_robotics_ws/install/f112th_sim_YYYY_NNAA/share/f112th_sim_YYYY_NNAA/launch/rsp.launch.py
-- Symlinking: /home/vekkaz/mobile_robotics_ws/install/f112th_sim_YYYY_NNAA/share/f112th_sim_YYYY_NNAA/worlds/empty.world
-- Symlinking: /home/vekkaz/mobile_robotics_ws/install/f112th_sim_YYYY_NNAA/share/ament_index/resource_index/package_run_dependencies/f112th_sim_YYYY_NNAA
-- Symlinking: /home/vekkaz/mobile_robotics_ws/install/f112th_sim_YYYY_NNAA/share/ament_index/resource_index/parent_prefix_path/f112th_sim_YYYY_NNAA
-- Symlinking: /home/vekkaz/mobile_robotics_ws/install/f112th_sim_YYYY_NNAA/share/f112th_sim_YYYY_NNAA/environment/ament_prefix_path.sh
-- Symlinking: /home/vekkaz/mobile_robotics_ws/install/f112th_sim_YYYY_NNAA/share/f112th_sim_YYYY_NNAA/environment/ament_prefix_path.dsv
-- Symlinking: /home/vekkaz/mobile_robotics_ws/install/f112th_sim_YYYY_NNAA/share/f112th_sim_YYYY_NNAA/environment/path.sh
-- Symlinking: /home/vekkaz/mobile_robotics_ws/install/f112th_sim_YYYY_NNAA/share/f112th_sim_YYYY_NNAA/environment/path.dsv
-- Symlinking: /home/vekkaz/mobile_robotics_ws/install/f112th_sim_YYYY_NNAA/share/f112th_sim_YYYY_NNAA/local_setup.bash
-- Symlinking: /home/vekkaz/mobile_robotics_ws/install/f112th_sim_YYYY_NNAA/share/f112th_sim_YYYY_NNAA/local_setup.sh
-- Symlinking: /home/vekkaz/mobile_robotics_ws/install/f112th_sim_YYYY_NNAA/share/f112th_sim_YYYY_NNAA/local_setup.zsh
-- Symlinking: /home/vekkaz/mobile_robotics_ws/install/f112th_sim_YYYY_NNAA/share/f112th_sim_YYYY_NNAA/local_setup.dsv
-- Symlinking: /home/vekkaz/mobile_robotics_ws/install/f112th_sim_YYYY_NNAA/share/f112th_sim_YYYY_NNAA/package.dsv
-- Symlinking: /home/vekkaz/mobile_robotics_ws/install/f112th_sim_YYYY_NNAA/share/ament_index/resource_index/packages/f112th_sim_YYYY_NNAA
-- Symlinking: /home/vekkaz/mobile_robotics_ws/install/f112th_sim_YYYY_NNAA/share/f112th_sim_YYYY_NNAA/cmake/f112th_sim_YYYY_NNAAConfig.cmake
-- Symlinking: /home/vekkaz/mobile_robotics_ws/install/f112th_sim_YYYY_NNAA/share/f112th_sim_YYYY_NNAA/cmake/f112th_sim_YYYY_NNAAConfig-version.cmake
-- Symlinking: /home/vekkaz/mobile_robotics_ws/install/f112th_sim_YYYY_NNAA/share/f112th_sim_YYYY_NNAA/package.xml
