[0.007s] Invoking command in '/home/vekkaz/mobile_robotics_ws/build/f112th_sim_YYYY_NNAA': CMAKE_PREFIX_PATH=${CMAKE_PREFIX_PATH}:/home/vekkaz/ros2_ws_2401/install/turtle_move_pkg_g01:/home/vekkaz/ros2_ws_2401/install/turtle_move_2_pkg_g01:/home/vekkaz/ros2_ws_2401/install/turtle_move_2_pkg_G01:/home/vekkaz/ros2_ws_2401/install/robotcar_base_pkg_g01:/home/vekkaz/ros2_ws_2401/install/model_robot_pkg_g01:/home/vekkaz/ros2_ws_2401/install/launch_pkg_g01:/home/vekkaz/ros2_ws_tutorial/install/robot_control:/opt/ros/humble /usr/bin/cmake /home/vekkaz/mobile_robotics_ws/src/f112th_sim_2024_alpha -DAMENT_CMAKE_SYMLINK_INSTALL=1 -DCMAKE_INSTALL_PREFIX=/home/vekkaz/mobile_robotics_ws/install/f112th_sim_YYYY_NNAA
[0.055s] -- The C compiler identification is GNU 11.4.0
[0.092s] -- The CXX compiler identification is GNU 11.4.0
[0.097s] -- Detecting C compiler ABI info
[0.144s] -- Detecting C compiler ABI info - done
[0.149s] -- Check for working C compiler: /usr/bin/cc - skipped
[0.149s] -- Detecting C compile features
[0.150s] -- Detecting C compile features - done
[0.151s] -- Detecting CXX compiler ABI info
[0.205s] -- Detecting CXX compiler ABI info - done
[0.209s] -- Check for working CXX compiler: /usr/bin/c++ - skipped
[0.210s] -- Detecting CXX compile features
[0.210s] -- Detecting CXX compile features - done
[0.211s] -- Found ament_cmake: 1.3.9 (/opt/ros/humble/share/ament_cmake/cmake)
[0.329s] -- Found Python3: /usr/bin/python3 (found version "3.10.12") found components: Interpreter 
[0.374s] -- Override CMake install command with custom implementation using symlinks instead of copying resources
[0.397s] -- Found ament_lint_auto: 0.12.11 (/opt/ros/humble/share/ament_lint_auto/cmake)
[0.437s] WARNING: Package name "f112th_sim_YYYY_NNAA" does not follow the naming conventions. It should start with a lower case letter and only contain lower case letters, digits, underscores, and dashes.
[0.458s] -- Added test 'copyright' to check source files copyright and LICENSE
[0.461s] -- Added test 'flake8' to check Python code syntax and style conventions
[0.462s] -- Added test 'lint_cmake' to check CMake code style
[0.463s] -- Added test 'pep257' to check Python code against some of the docstring style conventions in PEP 257
[0.464s] -- Added test 'xmllint' to check XML markup files
[0.465s] -- Configuring done
[0.467s] -- Generating done
[0.467s] -- Build files have been written to: /home/vekkaz/mobile_robotics_ws/build/f112th_sim_YYYY_NNAA
[0.471s] Invoked command in '/home/vekkaz/mobile_robotics_ws/build/f112th_sim_YYYY_NNAA' returned '0': CMAKE_PREFIX_PATH=${CMAKE_PREFIX_PATH}:/home/vekkaz/ros2_ws_2401/install/turtle_move_pkg_g01:/home/vekkaz/ros2_ws_2401/install/turtle_move_2_pkg_g01:/home/vekkaz/ros2_ws_2401/install/turtle_move_2_pkg_G01:/home/vekkaz/ros2_ws_2401/install/robotcar_base_pkg_g01:/home/vekkaz/ros2_ws_2401/install/model_robot_pkg_g01:/home/vekkaz/ros2_ws_2401/install/launch_pkg_g01:/home/vekkaz/ros2_ws_tutorial/install/robot_control:/opt/ros/humble /usr/bin/cmake /home/vekkaz/mobile_robotics_ws/src/f112th_sim_2024_alpha -DAMENT_CMAKE_SYMLINK_INSTALL=1 -DCMAKE_INSTALL_PREFIX=/home/vekkaz/mobile_robotics_ws/install/f112th_sim_YYYY_NNAA
[0.472s] Invoking command in '/home/vekkaz/mobile_robotics_ws/build/f112th_sim_YYYY_NNAA': CMAKE_PREFIX_PATH=${CMAKE_PREFIX_PATH}:/home/vekkaz/ros2_ws_2401/install/turtle_move_pkg_g01:/home/vekkaz/ros2_ws_2401/install/turtle_move_2_pkg_g01:/home/vekkaz/ros2_ws_2401/install/turtle_move_2_pkg_G01:/home/vekkaz/ros2_ws_2401/install/robotcar_base_pkg_g01:/home/vekkaz/ros2_ws_2401/install/model_robot_pkg_g01:/home/vekkaz/ros2_ws_2401/install/launch_pkg_g01:/home/vekkaz/ros2_ws_tutorial/install/robot_control:/opt/ros/humble /usr/bin/cmake --build /home/vekkaz/mobile_robotics_ws/build/f112th_sim_YYYY_NNAA -- -j12 -l12
[0.498s] Invoked command in '/home/vekkaz/mobile_robotics_ws/build/f112th_sim_YYYY_NNAA' returned '0': CMAKE_PREFIX_PATH=${CMAKE_PREFIX_PATH}:/home/vekkaz/ros2_ws_2401/install/turtle_move_pkg_g01:/home/vekkaz/ros2_ws_2401/install/turtle_move_2_pkg_g01:/home/vekkaz/ros2_ws_2401/install/turtle_move_2_pkg_G01:/home/vekkaz/ros2_ws_2401/install/robotcar_base_pkg_g01:/home/vekkaz/ros2_ws_2401/install/model_robot_pkg_g01:/home/vekkaz/ros2_ws_2401/install/launch_pkg_g01:/home/vekkaz/ros2_ws_tutorial/install/robot_control:/opt/ros/humble /usr/bin/cmake --build /home/vekkaz/mobile_robotics_ws/build/f112th_sim_YYYY_NNAA -- -j12 -l12
[0.520s] Invoking command in '/home/vekkaz/mobile_robotics_ws/build/f112th_sim_YYYY_NNAA': CMAKE_PREFIX_PATH=${CMAKE_PREFIX_PATH}:/home/vekkaz/ros2_ws_2401/install/turtle_move_pkg_g01:/home/vekkaz/ros2_ws_2401/install/turtle_move_2_pkg_g01:/home/vekkaz/ros2_ws_2401/install/turtle_move_2_pkg_G01:/home/vekkaz/ros2_ws_2401/install/robotcar_base_pkg_g01:/home/vekkaz/ros2_ws_2401/install/model_robot_pkg_g01:/home/vekkaz/ros2_ws_2401/install/launch_pkg_g01:/home/vekkaz/ros2_ws_tutorial/install/robot_control:/opt/ros/humble /usr/bin/cmake --install /home/vekkaz/mobile_robotics_ws/build/f112th_sim_YYYY_NNAA
[0.525s] -- Install configuration: ""
[0.526s] -- Execute custom install script
[0.526s] -- Symlinking: /home/vekkaz/mobile_robotics_ws/install/f112th_sim_YYYY_NNAA/share/f112th_sim_YYYY_NNAA/config/empty.yaml
[0.532s] -- Symlinking: /home/vekkaz/mobile_robotics_ws/install/f112th_sim_YYYY_NNAA/share/f112th_sim_YYYY_NNAA/description/inertial_macros.xacro
[0.538s] -- Symlinking: /home/vekkaz/mobile_robotics_ws/install/f112th_sim_YYYY_NNAA/share/f112th_sim_YYYY_NNAA/description/properties.urdf.xacro
[0.544s] -- Symlinking: /home/vekkaz/mobile_robotics_ws/install/f112th_sim_YYYY_NNAA/share/f112th_sim_YYYY_NNAA/description/robot.urdf.xacro
[0.550s] -- Symlinking: /home/vekkaz/mobile_robotics_ws/install/f112th_sim_YYYY_NNAA/share/f112th_sim_YYYY_NNAA/description/robot_core.xacro
[0.557s] -- Symlinking: /home/vekkaz/mobile_robotics_ws/install/f112th_sim_YYYY_NNAA/share/f112th_sim_YYYY_NNAA/launch/rsp.launch.py
[0.563s] -- Symlinking: /home/vekkaz/mobile_robotics_ws/install/f112th_sim_YYYY_NNAA/share/f112th_sim_YYYY_NNAA/worlds/empty.world
[0.569s] -- Symlinking: /home/vekkaz/mobile_robotics_ws/install/f112th_sim_YYYY_NNAA/share/ament_index/resource_index/package_run_dependencies/f112th_sim_YYYY_NNAA
[0.575s] -- Symlinking: /home/vekkaz/mobile_robotics_ws/install/f112th_sim_YYYY_NNAA/share/ament_index/resource_index/parent_prefix_path/f112th_sim_YYYY_NNAA
[0.581s] -- Symlinking: /home/vekkaz/mobile_robotics_ws/install/f112th_sim_YYYY_NNAA/share/f112th_sim_YYYY_NNAA/environment/ament_prefix_path.sh
[0.587s] -- Symlinking: /home/vekkaz/mobile_robotics_ws/install/f112th_sim_YYYY_NNAA/share/f112th_sim_YYYY_NNAA/environment/ament_prefix_path.dsv
[0.594s] -- Symlinking: /home/vekkaz/mobile_robotics_ws/install/f112th_sim_YYYY_NNAA/share/f112th_sim_YYYY_NNAA/environment/path.sh
[0.600s] -- Symlinking: /home/vekkaz/mobile_robotics_ws/install/f112th_sim_YYYY_NNAA/share/f112th_sim_YYYY_NNAA/environment/path.dsv
[0.606s] -- Symlinking: /home/vekkaz/mobile_robotics_ws/install/f112th_sim_YYYY_NNAA/share/f112th_sim_YYYY_NNAA/local_setup.bash
[0.612s] -- Symlinking: /home/vekkaz/mobile_robotics_ws/install/f112th_sim_YYYY_NNAA/share/f112th_sim_YYYY_NNAA/local_setup.sh
[0.618s] -- Symlinking: /home/vekkaz/mobile_robotics_ws/install/f112th_sim_YYYY_NNAA/share/f112th_sim_YYYY_NNAA/local_setup.zsh
[0.624s] -- Symlinking: /home/vekkaz/mobile_robotics_ws/install/f112th_sim_YYYY_NNAA/share/f112th_sim_YYYY_NNAA/local_setup.dsv
[0.631s] -- Symlinking: /home/vekkaz/mobile_robotics_ws/install/f112th_sim_YYYY_NNAA/share/f112th_sim_YYYY_NNAA/package.dsv
[0.638s] -- Symlinking: /home/vekkaz/mobile_robotics_ws/install/f112th_sim_YYYY_NNAA/share/ament_index/resource_index/packages/f112th_sim_YYYY_NNAA
[0.644s] -- Symlinking: /home/vekkaz/mobile_robotics_ws/install/f112th_sim_YYYY_NNAA/share/f112th_sim_YYYY_NNAA/cmake/f112th_sim_YYYY_NNAAConfig.cmake
[0.650s] -- Symlinking: /home/vekkaz/mobile_robotics_ws/install/f112th_sim_YYYY_NNAA/share/f112th_sim_YYYY_NNAA/cmake/f112th_sim_YYYY_NNAAConfig-version.cmake
[0.656s] -- Symlinking: /home/vekkaz/mobile_robotics_ws/install/f112th_sim_YYYY_NNAA/share/f112th_sim_YYYY_NNAA/package.xml
[0.664s] Invoked command in '/home/vekkaz/mobile_robotics_ws/build/f112th_sim_YYYY_NNAA' returned '0': CMAKE_PREFIX_PATH=${CMAKE_PREFIX_PATH}:/home/vekkaz/ros2_ws_2401/install/turtle_move_pkg_g01:/home/vekkaz/ros2_ws_2401/install/turtle_move_2_pkg_g01:/home/vekkaz/ros2_ws_2401/install/turtle_move_2_pkg_G01:/home/vekkaz/ros2_ws_2401/install/robotcar_base_pkg_g01:/home/vekkaz/ros2_ws_2401/install/model_robot_pkg_g01:/home/vekkaz/ros2_ws_2401/install/launch_pkg_g01:/home/vekkaz/ros2_ws_tutorial/install/robot_control:/opt/ros/humble /usr/bin/cmake --install /home/vekkaz/mobile_robotics_ws/build/f112th_sim_YYYY_NNAA
