running develop
running egg_info
creating wall_following_alpha.egg-info
writing wall_following_alpha.egg-info/PKG-INFO
writing dependency_links to wall_following_alpha.egg-info/dependency_links.txt
writing entry points to wall_following_alpha.egg-info/entry_points.txt
writing requirements to wall_following_alpha.egg-info/requires.txt
writing top-level names to wall_following_alpha.egg-info/top_level.txt
writing manifest file 'wall_following_alpha.egg-info/SOURCES.txt'
reading manifest file 'wall_following_alpha.egg-info/SOURCES.txt'
writing manifest file 'wall_following_alpha.egg-info/SOURCES.txt'
running build_ext
Creating /home/vekkaz/mobile_robotics_ws/install/wall_following_alpha/lib/python3.10/site-packages/wall-following-alpha.egg-link (link to .)

Installed /home/vekkaz/mobile_robotics_ws/build/wall_following_alpha
running symlink_data
creating /home/vekkaz/mobile_robotics_ws/install/wall_following_alpha/share/ament_index
creating /home/vekkaz/mobile_robotics_ws/install/wall_following_alpha/share/ament_index/resource_index
creating /home/vekkaz/mobile_robotics_ws/install/wall_following_alpha/share/ament_index/resource_index/packages
symbolically linking /home/vekkaz/mobile_robotics_ws/build/wall_following_alpha/resource/wall_following_alpha -> /home/vekkaz/mobile_robotics_ws/install/wall_following_alpha/share/ament_index/resource_index/packages
symbolically linking /home/vekkaz/mobile_robotics_ws/build/wall_following_alpha/package.xml -> /home/vekkaz/mobile_robotics_ws/install/wall_following_alpha/share/wall_following_alpha
