[5.245s] Invoking command in '/home/vekkaz/mobile_robotics_ws/build/wall_following_alpha': PYTHONPATH=/home/vekkaz/mobile_robotics_ws/build/wall_following_alpha/prefix_override:/usr/lib/python3/dist-packages/colcon_core/task/python/colcon_distutils_commands:/home/vekkaz/mobile_robotics_ws/install/wall_following_alpha/lib/python3.10/site-packages:${PYTHONPATH} /usr/bin/python3 -W ignore:setup.py install is deprecated setup.py develop --editable --build-directory /home/vekkaz/mobile_robotics_ws/build/wall_following_alpha/build --no-deps symlink_data
[5.575s] running develop
[6.013s] running egg_info
[6.013s] creating wall_following_alpha.egg-info
[6.013s] writing wall_following_alpha.egg-info/PKG-INFO
[6.013s] writing dependency_links to wall_following_alpha.egg-info/dependency_links.txt
[6.013s] writing entry points to wall_following_alpha.egg-info/entry_points.txt
[6.013s] writing requirements to wall_following_alpha.egg-info/requires.txt
[6.013s] writing top-level names to wall_following_alpha.egg-info/top_level.txt
[6.013s] writing manifest file 'wall_following_alpha.egg-info/SOURCES.txt'
[6.014s] reading manifest file 'wall_following_alpha.egg-info/SOURCES.txt'
[6.014s] writing manifest file 'wall_following_alpha.egg-info/SOURCES.txt'
[6.016s] running build_ext
[6.016s] Creating /home/vekkaz/mobile_robotics_ws/install/wall_following_alpha/lib/python3.10/site-packages/wall-following-alpha.egg-link (link to .)
[6.016s] 
[6.016s] Installed /home/vekkaz/mobile_robotics_ws/build/wall_following_alpha
[6.016s] running symlink_data
[6.016s] creating /home/vekkaz/mobile_robotics_ws/install/wall_following_alpha/share/ament_index
[6.016s] creating /home/vekkaz/mobile_robotics_ws/install/wall_following_alpha/share/ament_index/resource_index
[6.016s] creating /home/vekkaz/mobile_robotics_ws/install/wall_following_alpha/share/ament_index/resource_index/packages
[6.016s] symbolically linking /home/vekkaz/mobile_robotics_ws/build/wall_following_alpha/resource/wall_following_alpha -> /home/vekkaz/mobile_robotics_ws/install/wall_following_alpha/share/ament_index/resource_index/packages
[6.016s] symbolically linking /home/vekkaz/mobile_robotics_ws/build/wall_following_alpha/package.xml -> /home/vekkaz/mobile_robotics_ws/install/wall_following_alpha/share/wall_following_alpha
[6.040s] Invoked command in '/home/vekkaz/mobile_robotics_ws/build/wall_following_alpha' returned '0': PYTHONPATH=/home/vekkaz/mobile_robotics_ws/build/wall_following_alpha/prefix_override:/usr/lib/python3/dist-packages/colcon_core/task/python/colcon_distutils_commands:/home/vekkaz/mobile_robotics_ws/install/wall_following_alpha/lib/python3.10/site-packages:${PYTHONPATH} /usr/bin/python3 -W ignore:setup.py install is deprecated setup.py develop --editable --build-directory /home/vekkaz/mobile_robotics_ws/build/wall_following_alpha/build --no-deps symlink_data
