[0.081s] DEBUG:colcon:Command line arguments: ['/usr/bin/colcon', 'build', '--symlink-install']
[0.081s] DEBUG:colcon:Parsed command line arguments: Namespace(log_base=None, log_level=None, verb_name='build', build_base='build', install_base='install', merge_install=False, symlink_install=True, test_result_base=None, continue_on_error=False, executor='parallel', parallel_workers=12, event_handlers=None, ignore_user_meta=False, metas=['./colcon.meta'], base_paths=['.'], packages_ignore=None, packages_ignore_regex=None, paths=None, packages_up_to=None, packages_up_to_regex=None, packages_above=None, packages_above_and_dependencies=None, packages_above_depth=None, packages_select_by_dep=None, packages_skip_by_dep=None, packages_skip_up_to=None, packages_select_build_failed=False, packages_skip_build_finished=False, packages_select_test_failures=False, packages_skip_test_passed=False, packages_select=None, packages_skip=None, packages_select_regex=None, packages_skip_regex=None, packages_start=None, packages_end=None, allow_overriding=[], cmake_args=None, cmake_target=None, cmake_target_skip_unavailable=False, cmake_clean_cache=False, cmake_clean_first=False, cmake_force_configure=False, ament_cmake_args=None, catkin_cmake_args=None, catkin_skip_building_tests=False, verb_parser=<colcon_defaults.argument_parser.defaults.DefaultArgumentsDecorator object at 0x718fa6b53670>, verb_extension=<colcon_core.verb.build.BuildVerb object at 0x718fa6b53100>, main=<bound method BuildVerb.main of <colcon_core.verb.build.BuildVerb object at 0x718fa6b53100>>)
[0.225s] Level 1:colcon.colcon_core.package_discovery:discover_packages(colcon_meta) check parameters
[0.225s] Level 1:colcon.colcon_core.package_discovery:discover_packages(recursive) check parameters
[0.225s] Level 1:colcon.colcon_core.package_discovery:discover_packages(ignore) check parameters
[0.225s] Level 1:colcon.colcon_core.package_discovery:discover_packages(path) check parameters
[0.225s] Level 1:colcon.colcon_core.package_discovery:discover_packages(colcon_meta) discover
[0.225s] Level 1:colcon.colcon_core.package_discovery:discover_packages(recursive) discover
[0.226s] INFO:colcon.colcon_core.package_discovery:Crawling recursively for packages in '/home/vekkaz/mobile_robotics_ws/src'
[0.226s] Level 1:colcon.colcon_core.package_identification:_identify(.) by extensions ['ignore', 'ignore_ament_install']
[0.226s] Level 1:colcon.colcon_core.package_identification:_identify(.) by extension 'ignore'
[0.226s] Level 1:colcon.colcon_core.package_identification:_identify(.) by extension 'ignore_ament_install'
[0.226s] Level 1:colcon.colcon_core.package_identification:_identify(.) by extensions ['colcon_pkg']
[0.226s] Level 1:colcon.colcon_core.package_identification:_identify(.) by extension 'colcon_pkg'
[0.226s] Level 1:colcon.colcon_core.package_identification:_identify(.) by extensions ['colcon_meta']
[0.226s] Level 1:colcon.colcon_core.package_identification:_identify(.) by extension 'colcon_meta'
[0.226s] Level 1:colcon.colcon_core.package_identification:_identify(.) by extensions ['ros']
[0.226s] Level 1:colcon.colcon_core.package_identification:_identify(.) by extension 'ros'
[0.233s] Level 1:colcon.colcon_core.package_identification:_identify(.) by extensions ['cmake', 'python']
[0.233s] Level 1:colcon.colcon_core.package_identification:_identify(.) by extension 'cmake'
[0.233s] Level 1:colcon.colcon_core.package_identification:_identify(.) by extension 'python'
[0.233s] Level 1:colcon.colcon_core.package_identification:_identify(.) by extensions ['python_setup_py']
[0.233s] Level 1:colcon.colcon_core.package_identification:_identify(.) by extension 'python_setup_py'
[0.233s] Level 1:colcon.colcon_core.package_identification:_identify(build) by extensions ['ignore', 'ignore_ament_install']
[0.233s] Level 1:colcon.colcon_core.package_identification:_identify(build) by extension 'ignore'
[0.233s] Level 1:colcon.colcon_core.package_identification:_identify(build) ignored
[0.234s] Level 1:colcon.colcon_core.package_identification:_identify(f112th_sim_2024_alpha) by extensions ['ignore', 'ignore_ament_install']
[0.234s] Level 1:colcon.colcon_core.package_identification:_identify(f112th_sim_2024_alpha) by extension 'ignore'
[0.234s] Level 1:colcon.colcon_core.package_identification:_identify(f112th_sim_2024_alpha) by extension 'ignore_ament_install'
[0.234s] Level 1:colcon.colcon_core.package_identification:_identify(f112th_sim_2024_alpha) by extensions ['colcon_pkg']
[0.234s] Level 1:colcon.colcon_core.package_identification:_identify(f112th_sim_2024_alpha) by extension 'colcon_pkg'
[0.234s] Level 1:colcon.colcon_core.package_identification:_identify(f112th_sim_2024_alpha) by extensions ['colcon_meta']
[0.234s] Level 1:colcon.colcon_core.package_identification:_identify(f112th_sim_2024_alpha) by extension 'colcon_meta'
[0.234s] Level 1:colcon.colcon_core.package_identification:_identify(f112th_sim_2024_alpha) by extensions ['ros']
[0.234s] Level 1:colcon.colcon_core.package_identification:_identify(f112th_sim_2024_alpha) by extension 'ros'
[0.235s] DEBUG:colcon.colcon_core.package_identification:Package 'f112th_sim_2024_alpha' with type 'ros.ament_cmake' and name 'f112th_sim_2024_alpha'
[0.235s] Level 1:colcon.colcon_core.package_identification:_identify(install) by extensions ['ignore', 'ignore_ament_install']
[0.235s] Level 1:colcon.colcon_core.package_identification:_identify(install) by extension 'ignore'
[0.235s] Level 1:colcon.colcon_core.package_identification:_identify(install) ignored
[0.236s] Level 1:colcon.colcon_core.package_identification:_identify(joy_tester) by extensions ['ignore', 'ignore_ament_install']
[0.236s] Level 1:colcon.colcon_core.package_identification:_identify(joy_tester) by extension 'ignore'
[0.236s] Level 1:colcon.colcon_core.package_identification:_identify(joy_tester) by extension 'ignore_ament_install'
[0.236s] Level 1:colcon.colcon_core.package_identification:_identify(joy_tester) by extensions ['colcon_pkg']
[0.236s] Level 1:colcon.colcon_core.package_identification:_identify(joy_tester) by extension 'colcon_pkg'
[0.236s] Level 1:colcon.colcon_core.package_identification:_identify(joy_tester) by extensions ['colcon_meta']
[0.236s] Level 1:colcon.colcon_core.package_identification:_identify(joy_tester) by extension 'colcon_meta'
[0.236s] Level 1:colcon.colcon_core.package_identification:_identify(joy_tester) by extensions ['ros']
[0.236s] Level 1:colcon.colcon_core.package_identification:_identify(joy_tester) by extension 'ros'
[0.236s] DEBUG:colcon.colcon_core.package_identification:Package 'joy_tester' with type 'ros.ament_python' and name 'joy_tester'
[0.236s] Level 1:colcon.colcon_core.package_identification:_identify(log) by extensions ['ignore', 'ignore_ament_install']
[0.236s] Level 1:colcon.colcon_core.package_identification:_identify(log) by extension 'ignore'
[0.236s] Level 1:colcon.colcon_core.package_identification:_identify(log) ignored
[0.236s] Level 1:colcon.colcon_core.package_identification:_identify(scan_pkg) by extensions ['ignore', 'ignore_ament_install']
[0.236s] Level 1:colcon.colcon_core.package_identification:_identify(scan_pkg) by extension 'ignore'
[0.236s] Level 1:colcon.colcon_core.package_identification:_identify(scan_pkg) by extension 'ignore_ament_install'
[0.237s] Level 1:colcon.colcon_core.package_identification:_identify(scan_pkg) by extensions ['colcon_pkg']
[0.237s] Level 1:colcon.colcon_core.package_identification:_identify(scan_pkg) by extension 'colcon_pkg'
[0.237s] Level 1:colcon.colcon_core.package_identification:_identify(scan_pkg) by extensions ['colcon_meta']
[0.237s] Level 1:colcon.colcon_core.package_identification:_identify(scan_pkg) by extension 'colcon_meta'
[0.237s] Level 1:colcon.colcon_core.package_identification:_identify(scan_pkg) by extensions ['ros']
[0.237s] Level 1:colcon.colcon_core.package_identification:_identify(scan_pkg) by extension 'ros'
[0.237s] DEBUG:colcon.colcon_core.package_identification:Package 'scan_pkg' with type 'ros.ament_python' and name 'scan_pkg'
[0.237s] Level 1:colcon.colcon_core.package_discovery:discover_packages(recursive) using defaults
[0.237s] Level 1:colcon.colcon_core.package_discovery:discover_packages(ignore) discover
[0.237s] Level 1:colcon.colcon_core.package_discovery:discover_packages(ignore) using defaults
[0.237s] Level 1:colcon.colcon_core.package_discovery:discover_packages(path) discover
[0.237s] Level 1:colcon.colcon_core.package_discovery:discover_packages(path) using defaults
[0.251s] Level 1:colcon.colcon_core.package_discovery:discover_packages(prefix_path) check parameters
[0.251s] Level 1:colcon.colcon_core.package_discovery:discover_packages(prefix_path) discover
[0.252s] DEBUG:colcon.colcon_installed_package_information.package_discovery:Found 4 installed packages in /home/vekkaz/mobile_robotics_ws/install
[0.252s] DEBUG:colcon.colcon_installed_package_information.package_discovery:Found 1 installed packages in /home/vekkaz/ros2_ws_tutorial/install
[0.252s] DEBUG:colcon.colcon_installed_package_information.package_discovery:Found 5 installed packages in /home/vekkaz/ros2_ws_2401/install
[0.253s] DEBUG:colcon.colcon_installed_package_information.package_discovery:Found 391 installed packages in /opt/ros/humble
[0.263s] Level 1:colcon.colcon_core.package_discovery:discover_packages(prefix_path) using defaults
[0.292s] Level 5:colcon.colcon_core.verb:set package 'f112th_sim_2024_alpha' build argument 'cmake_args' from command line to 'None'
[0.292s] Level 5:colcon.colcon_core.verb:set package 'f112th_sim_2024_alpha' build argument 'cmake_target' from command line to 'None'
[0.292s] Level 5:colcon.colcon_core.verb:set package 'f112th_sim_2024_alpha' build argument 'cmake_target_skip_unavailable' from command line to 'False'
[0.292s] Level 5:colcon.colcon_core.verb:set package 'f112th_sim_2024_alpha' build argument 'cmake_clean_cache' from command line to 'False'
[0.292s] Level 5:colcon.colcon_core.verb:set package 'f112th_sim_2024_alpha' build argument 'cmake_clean_first' from command line to 'False'
[0.292s] Level 5:colcon.colcon_core.verb:set package 'f112th_sim_2024_alpha' build argument 'cmake_force_configure' from command line to 'False'
[0.292s] Level 5:colcon.colcon_core.verb:set package 'f112th_sim_2024_alpha' build argument 'ament_cmake_args' from command line to 'None'
[0.292s] Level 5:colcon.colcon_core.verb:set package 'f112th_sim_2024_alpha' build argument 'catkin_cmake_args' from command line to 'None'
[0.292s] Level 5:colcon.colcon_core.verb:set package 'f112th_sim_2024_alpha' build argument 'catkin_skip_building_tests' from command line to 'False'
[0.292s] DEBUG:colcon.colcon_core.verb:Building package 'f112th_sim_2024_alpha' with the following arguments: {'ament_cmake_args': None, 'build_base': '/home/vekkaz/mobile_robotics_ws/src/build/f112th_sim_2024_alpha', 'catkin_cmake_args': None, 'catkin_skip_building_tests': False, 'cmake_args': None, 'cmake_clean_cache': False, 'cmake_clean_first': False, 'cmake_force_configure': False, 'cmake_target': None, 'cmake_target_skip_unavailable': False, 'install_base': '/home/vekkaz/mobile_robotics_ws/src/install/f112th_sim_2024_alpha', 'merge_install': False, 'path': '/home/vekkaz/mobile_robotics_ws/src/f112th_sim_2024_alpha', 'symlink_install': True, 'test_result_base': None}
[0.292s] Level 5:colcon.colcon_core.verb:set package 'joy_tester' build argument 'cmake_args' from command line to 'None'
[0.292s] Level 5:colcon.colcon_core.verb:set package 'joy_tester' build argument 'cmake_target' from command line to 'None'
[0.292s] Level 5:colcon.colcon_core.verb:set package 'joy_tester' build argument 'cmake_target_skip_unavailable' from command line to 'False'
[0.292s] Level 5:colcon.colcon_core.verb:set package 'joy_tester' build argument 'cmake_clean_cache' from command line to 'False'
[0.292s] Level 5:colcon.colcon_core.verb:set package 'joy_tester' build argument 'cmake_clean_first' from command line to 'False'
[0.292s] Level 5:colcon.colcon_core.verb:set package 'joy_tester' build argument 'cmake_force_configure' from command line to 'False'
[0.292s] Level 5:colcon.colcon_core.verb:set package 'joy_tester' build argument 'ament_cmake_args' from command line to 'None'
[0.292s] Level 5:colcon.colcon_core.verb:set package 'joy_tester' build argument 'catkin_cmake_args' from command line to 'None'
[0.292s] Level 5:colcon.colcon_core.verb:set package 'joy_tester' build argument 'catkin_skip_building_tests' from command line to 'False'
[0.292s] DEBUG:colcon.colcon_core.verb:Building package 'joy_tester' with the following arguments: {'ament_cmake_args': None, 'build_base': '/home/vekkaz/mobile_robotics_ws/src/build/joy_tester', 'catkin_cmake_args': None, 'catkin_skip_building_tests': False, 'cmake_args': None, 'cmake_clean_cache': False, 'cmake_clean_first': False, 'cmake_force_configure': False, 'cmake_target': None, 'cmake_target_skip_unavailable': False, 'install_base': '/home/vekkaz/mobile_robotics_ws/src/install/joy_tester', 'merge_install': False, 'path': '/home/vekkaz/mobile_robotics_ws/src/joy_tester', 'symlink_install': True, 'test_result_base': None}
[0.293s] Level 5:colcon.colcon_core.verb:set package 'scan_pkg' build argument 'cmake_args' from command line to 'None'
[0.293s] Level 5:colcon.colcon_core.verb:set package 'scan_pkg' build argument 'cmake_target' from command line to 'None'
[0.293s] Level 5:colcon.colcon_core.verb:set package 'scan_pkg' build argument 'cmake_target_skip_unavailable' from command line to 'False'
[0.293s] Level 5:colcon.colcon_core.verb:set package 'scan_pkg' build argument 'cmake_clean_cache' from command line to 'False'
[0.293s] Level 5:colcon.colcon_core.verb:set package 'scan_pkg' build argument 'cmake_clean_first' from command line to 'False'
[0.293s] Level 5:colcon.colcon_core.verb:set package 'scan_pkg' build argument 'cmake_force_configure' from command line to 'False'
[0.293s] Level 5:colcon.colcon_core.verb:set package 'scan_pkg' build argument 'ament_cmake_args' from command line to 'None'
[0.293s] Level 5:colcon.colcon_core.verb:set package 'scan_pkg' build argument 'catkin_cmake_args' from command line to 'None'
[0.293s] Level 5:colcon.colcon_core.verb:set package 'scan_pkg' build argument 'catkin_skip_building_tests' from command line to 'False'
[0.293s] DEBUG:colcon.colcon_core.verb:Building package 'scan_pkg' with the following arguments: {'ament_cmake_args': None, 'build_base': '/home/vekkaz/mobile_robotics_ws/src/build/scan_pkg', 'catkin_cmake_args': None, 'catkin_skip_building_tests': False, 'cmake_args': None, 'cmake_clean_cache': False, 'cmake_clean_first': False, 'cmake_force_configure': False, 'cmake_target': None, 'cmake_target_skip_unavailable': False, 'install_base': '/home/vekkaz/mobile_robotics_ws/src/install/scan_pkg', 'merge_install': False, 'path': '/home/vekkaz/mobile_robotics_ws/src/scan_pkg', 'symlink_install': True, 'test_result_base': None}
[0.293s] INFO:colcon.colcon_core.executor:Executing jobs using 'parallel' executor
[0.294s] DEBUG:colcon.colcon_parallel_executor.executor.parallel:run_until_complete
[0.294s] INFO:colcon.colcon_ros.task.ament_cmake.build:Building ROS package in '/home/vekkaz/mobile_robotics_ws/src/f112th_sim_2024_alpha' with build type 'ament_cmake'
[0.294s] INFO:colcon.colcon_cmake.task.cmake.build:Building CMake package in '/home/vekkaz/mobile_robotics_ws/src/f112th_sim_2024_alpha'
[0.295s] INFO:colcon.colcon_core.plugin_system:Skipping extension 'colcon_core.shell.bat': Not used on non-Windows systems
[0.295s] INFO:colcon.colcon_core.shell:Skip shell extension 'powershell' for command environment: Not usable outside of PowerShell
[0.295s] DEBUG:colcon.colcon_core.shell:Skip shell extension 'dsv' for command environment
[0.298s] INFO:colcon.colcon_ros.task.ament_python.build:Building ROS package in '/home/vekkaz/mobile_robotics_ws/src/joy_tester' with build type 'ament_python'
[0.298s] Level 1:colcon.colcon_core.shell:create_environment_hook('joy_tester', 'ament_prefix_path')
[0.298s] INFO:colcon.colcon_core.shell:Creating environment hook '/home/vekkaz/mobile_robotics_ws/src/install/joy_tester/share/joy_tester/hook/ament_prefix_path.ps1'
[0.299s] INFO:colcon.colcon_core.shell:Creating environment descriptor '/home/vekkaz/mobile_robotics_ws/src/install/joy_tester/share/joy_tester/hook/ament_prefix_path.dsv'
[0.299s] INFO:colcon.colcon_core.shell:Creating environment hook '/home/vekkaz/mobile_robotics_ws/src/install/joy_tester/share/joy_tester/hook/ament_prefix_path.sh'
[0.299s] INFO:colcon.colcon_core.shell:Skip shell extension 'powershell' for command environment: Not usable outside of PowerShell
[0.299s] DEBUG:colcon.colcon_core.shell:Skip shell extension 'dsv' for command environment
[0.302s] INFO:colcon.colcon_ros.task.ament_python.build:Building ROS package in '/home/vekkaz/mobile_robotics_ws/src/scan_pkg' with build type 'ament_python'
[0.302s] Level 1:colcon.colcon_core.shell:create_environment_hook('scan_pkg', 'ament_prefix_path')
[0.302s] INFO:colcon.colcon_core.shell:Creating environment hook '/home/vekkaz/mobile_robotics_ws/src/install/scan_pkg/share/scan_pkg/hook/ament_prefix_path.ps1'
[0.302s] INFO:colcon.colcon_core.shell:Creating environment descriptor '/home/vekkaz/mobile_robotics_ws/src/install/scan_pkg/share/scan_pkg/hook/ament_prefix_path.dsv'
[0.303s] INFO:colcon.colcon_core.shell:Creating environment hook '/home/vekkaz/mobile_robotics_ws/src/install/scan_pkg/share/scan_pkg/hook/ament_prefix_path.sh'
[0.303s] INFO:colcon.colcon_core.shell:Skip shell extension 'powershell' for command environment: Not usable outside of PowerShell
[0.303s] DEBUG:colcon.colcon_core.shell:Skip shell extension 'dsv' for command environment
[0.310s] DEBUG:colcon.colcon_core.event_handler.log_command:Invoking command in '/home/vekkaz/mobile_robotics_ws/src/build/f112th_sim_2024_alpha': CMAKE_PREFIX_PATH=${CMAKE_PREFIX_PATH}:/home/vekkaz/mobile_robotics_ws/install/joy_tester:/home/vekkaz/ros2_ws_2401/install/turtle_move_pkg_g01:/home/vekkaz/ros2_ws_2401/install/turtle_move_2_pkg_g01:/home/vekkaz/ros2_ws_2401/install/robotcar_base_pkg_g01:/home/vekkaz/ros2_ws_2401/install/model_robot_pkg_g01:/home/vekkaz/ros2_ws_2401/install/launch_pkg_g01:/home/vekkaz/ros2_ws_tutorial/install/robot_control:/opt/ros/humble /usr/bin/cmake --build /home/vekkaz/mobile_robotics_ws/src/build/f112th_sim_2024_alpha -- -j12 -l12
[0.633s] INFO:colcon.colcon_core.task.python.build:Building Python package in '/home/vekkaz/mobile_robotics_ws/src/joy_tester'
[0.633s] INFO:colcon.colcon_core.shell:Skip shell extension 'powershell' for command environment: Not usable outside of PowerShell
[0.633s] DEBUG:colcon.colcon_core.shell:Skip shell extension 'dsv' for command environment
[0.871s] INFO:colcon.colcon_core.task.python.build:Building Python package in '/home/vekkaz/mobile_robotics_ws/src/scan_pkg'
[0.872s] INFO:colcon.colcon_core.shell:Skip shell extension 'powershell' for command environment: Not usable outside of PowerShell
[0.872s] DEBUG:colcon.colcon_core.shell:Skip shell extension 'dsv' for command environment
[0.875s] DEBUG:colcon.colcon_core.event_handler.log_command:Invoked command in '/home/vekkaz/mobile_robotics_ws/src/build/f112th_sim_2024_alpha' returned '0': CMAKE_PREFIX_PATH=${CMAKE_PREFIX_PATH}:/home/vekkaz/mobile_robotics_ws/install/joy_tester:/home/vekkaz/ros2_ws_2401/install/turtle_move_pkg_g01:/home/vekkaz/ros2_ws_2401/install/turtle_move_2_pkg_g01:/home/vekkaz/ros2_ws_2401/install/robotcar_base_pkg_g01:/home/vekkaz/ros2_ws_2401/install/model_robot_pkg_g01:/home/vekkaz/ros2_ws_2401/install/launch_pkg_g01:/home/vekkaz/ros2_ws_tutorial/install/robot_control:/opt/ros/humble /usr/bin/cmake --build /home/vekkaz/mobile_robotics_ws/src/build/f112th_sim_2024_alpha -- -j12 -l12
[0.896s] DEBUG:colcon.colcon_core.event_handler.log_command:Invoking command in '/home/vekkaz/mobile_robotics_ws/src/build/f112th_sim_2024_alpha': CMAKE_PREFIX_PATH=${CMAKE_PREFIX_PATH}:/home/vekkaz/mobile_robotics_ws/install/joy_tester:/home/vekkaz/ros2_ws_2401/install/turtle_move_pkg_g01:/home/vekkaz/ros2_ws_2401/install/turtle_move_2_pkg_g01:/home/vekkaz/ros2_ws_2401/install/robotcar_base_pkg_g01:/home/vekkaz/ros2_ws_2401/install/model_robot_pkg_g01:/home/vekkaz/ros2_ws_2401/install/launch_pkg_g01:/home/vekkaz/ros2_ws_tutorial/install/robot_control:/opt/ros/humble /usr/bin/cmake --install /home/vekkaz/mobile_robotics_ws/src/build/f112th_sim_2024_alpha
[0.911s] Level 1:colcon.colcon_core.environment:create_environment_scripts_only(f112th_sim_2024_alpha)
[0.911s] DEBUG:colcon.colcon_core.event_handler.log_command:Invoked command in '/home/vekkaz/mobile_robotics_ws/src/build/f112th_sim_2024_alpha' returned '0': CMAKE_PREFIX_PATH=${CMAKE_PREFIX_PATH}:/home/vekkaz/mobile_robotics_ws/install/joy_tester:/home/vekkaz/ros2_ws_2401/install/turtle_move_pkg_g01:/home/vekkaz/ros2_ws_2401/install/turtle_move_2_pkg_g01:/home/vekkaz/ros2_ws_2401/install/robotcar_base_pkg_g01:/home/vekkaz/ros2_ws_2401/install/model_robot_pkg_g01:/home/vekkaz/ros2_ws_2401/install/launch_pkg_g01:/home/vekkaz/ros2_ws_tutorial/install/robot_control:/opt/ros/humble /usr/bin/cmake --install /home/vekkaz/mobile_robotics_ws/src/build/f112th_sim_2024_alpha
[0.913s] Level 1:colcon.colcon_core.environment:checking '/home/vekkaz/mobile_robotics_ws/src/install/f112th_sim_2024_alpha' for CMake module files
[0.913s] Level 1:colcon.colcon_core.environment:checking '/home/vekkaz/mobile_robotics_ws/src/install/f112th_sim_2024_alpha' for CMake config files
[0.913s] Level 1:colcon.colcon_core.shell:create_environment_hook('f112th_sim_2024_alpha', 'cmake_prefix_path')
[0.914s] INFO:colcon.colcon_core.shell:Creating environment hook '/home/vekkaz/mobile_robotics_ws/src/install/f112th_sim_2024_alpha/share/f112th_sim_2024_alpha/hook/cmake_prefix_path.ps1'
[0.914s] INFO:colcon.colcon_core.shell:Creating environment descriptor '/home/vekkaz/mobile_robotics_ws/src/install/f112th_sim_2024_alpha/share/f112th_sim_2024_alpha/hook/cmake_prefix_path.dsv'
[0.914s] INFO:colcon.colcon_core.shell:Creating environment hook '/home/vekkaz/mobile_robotics_ws/src/install/f112th_sim_2024_alpha/share/f112th_sim_2024_alpha/hook/cmake_prefix_path.sh'
[0.915s] Level 1:colcon.colcon_core.environment:checking '/home/vekkaz/mobile_robotics_ws/src/install/f112th_sim_2024_alpha/bin'
[0.915s] Level 1:colcon.colcon_core.environment:checking '/home/vekkaz/mobile_robotics_ws/src/install/f112th_sim_2024_alpha/lib/pkgconfig/f112th_sim_2024_alpha.pc'
[0.915s] Level 1:colcon.colcon_core.environment:checking '/home/vekkaz/mobile_robotics_ws/src/install/f112th_sim_2024_alpha/lib/python3.10/site-packages'
[0.915s] Level 1:colcon.colcon_core.environment:checking '/home/vekkaz/mobile_robotics_ws/src/install/f112th_sim_2024_alpha/bin'
[0.915s] INFO:colcon.colcon_core.shell:Creating package script '/home/vekkaz/mobile_robotics_ws/src/install/f112th_sim_2024_alpha/share/f112th_sim_2024_alpha/package.ps1'
[0.916s] INFO:colcon.colcon_core.shell:Creating package descriptor '/home/vekkaz/mobile_robotics_ws/src/install/f112th_sim_2024_alpha/share/f112th_sim_2024_alpha/package.dsv'
[0.916s] INFO:colcon.colcon_core.shell:Creating package script '/home/vekkaz/mobile_robotics_ws/src/install/f112th_sim_2024_alpha/share/f112th_sim_2024_alpha/package.sh'
[0.916s] INFO:colcon.colcon_core.shell:Creating package script '/home/vekkaz/mobile_robotics_ws/src/install/f112th_sim_2024_alpha/share/f112th_sim_2024_alpha/package.bash'
[0.917s] INFO:colcon.colcon_core.shell:Creating package script '/home/vekkaz/mobile_robotics_ws/src/install/f112th_sim_2024_alpha/share/f112th_sim_2024_alpha/package.zsh'
[0.917s] Level 1:colcon.colcon_core.environment:create_file_with_runtime_dependencies(/home/vekkaz/mobile_robotics_ws/src/install/f112th_sim_2024_alpha/share/colcon-core/packages/f112th_sim_2024_alpha)
[0.933s] Level 1:colcon.colcon_core.environment:create_environment_scripts_only(f112th_sim_2024_alpha)
[0.933s] Level 1:colcon.colcon_core.environment:checking '/home/vekkaz/mobile_robotics_ws/src/install/f112th_sim_2024_alpha' for CMake module files
[0.934s] Level 1:colcon.colcon_core.environment:checking '/home/vekkaz/mobile_robotics_ws/src/install/f112th_sim_2024_alpha' for CMake config files
[0.934s] Level 1:colcon.colcon_core.shell:create_environment_hook('f112th_sim_2024_alpha', 'cmake_prefix_path')
[0.934s] INFO:colcon.colcon_core.shell:Creating environment hook '/home/vekkaz/mobile_robotics_ws/src/install/f112th_sim_2024_alpha/share/f112th_sim_2024_alpha/hook/cmake_prefix_path.ps1'
[0.934s] INFO:colcon.colcon_core.shell:Creating environment descriptor '/home/vekkaz/mobile_robotics_ws/src/install/f112th_sim_2024_alpha/share/f112th_sim_2024_alpha/hook/cmake_prefix_path.dsv'
[0.935s] INFO:colcon.colcon_core.shell:Creating environment hook '/home/vekkaz/mobile_robotics_ws/src/install/f112th_sim_2024_alpha/share/f112th_sim_2024_alpha/hook/cmake_prefix_path.sh'
[0.935s] Level 1:colcon.colcon_core.environment:checking '/home/vekkaz/mobile_robotics_ws/src/install/f112th_sim_2024_alpha/bin'
[0.935s] Level 1:colcon.colcon_core.environment:checking '/home/vekkaz/mobile_robotics_ws/src/install/f112th_sim_2024_alpha/lib/pkgconfig/f112th_sim_2024_alpha.pc'
[0.935s] Level 1:colcon.colcon_core.environment:checking '/home/vekkaz/mobile_robotics_ws/src/install/f112th_sim_2024_alpha/lib/python3.10/site-packages'
[0.935s] Level 1:colcon.colcon_core.environment:checking '/home/vekkaz/mobile_robotics_ws/src/install/f112th_sim_2024_alpha/bin'
[0.935s] INFO:colcon.colcon_core.shell:Creating package script '/home/vekkaz/mobile_robotics_ws/src/install/f112th_sim_2024_alpha/share/f112th_sim_2024_alpha/package.ps1'
[0.936s] INFO:colcon.colcon_core.shell:Creating package descriptor '/home/vekkaz/mobile_robotics_ws/src/install/f112th_sim_2024_alpha/share/f112th_sim_2024_alpha/package.dsv'
[0.936s] INFO:colcon.colcon_core.shell:Creating package script '/home/vekkaz/mobile_robotics_ws/src/install/f112th_sim_2024_alpha/share/f112th_sim_2024_alpha/package.sh'
[0.936s] INFO:colcon.colcon_core.shell:Creating package script '/home/vekkaz/mobile_robotics_ws/src/install/f112th_sim_2024_alpha/share/f112th_sim_2024_alpha/package.bash'
[0.936s] INFO:colcon.colcon_core.shell:Creating package script '/home/vekkaz/mobile_robotics_ws/src/install/f112th_sim_2024_alpha/share/f112th_sim_2024_alpha/package.zsh'
[0.937s] Level 1:colcon.colcon_core.environment:create_file_with_runtime_dependencies(/home/vekkaz/mobile_robotics_ws/src/install/f112th_sim_2024_alpha/share/colcon-core/packages/f112th_sim_2024_alpha)
[1.191s] DEBUG:colcon.colcon_core.event_handler.log_command:Invoking command in '/home/vekkaz/mobile_robotics_ws/src/build/scan_pkg': PYTHONPATH=/home/vekkaz/mobile_robotics_ws/src/build/scan_pkg/prefix_override:/usr/lib/python3/dist-packages/colcon_core/task/python/colcon_distutils_commands:/home/vekkaz/mobile_robotics_ws/src/install/scan_pkg/lib/python3.10/site-packages:${PYTHONPATH} /usr/bin/python3 -W ignore:setup.py install is deprecated setup.py develop --editable --build-directory /home/vekkaz/mobile_robotics_ws/src/build/scan_pkg/build --no-deps symlink_data
[1.192s] DEBUG:colcon.colcon_core.event_handler.log_command:Invoking command in '/home/vekkaz/mobile_robotics_ws/src/build/joy_tester': PYTHONPATH=/home/vekkaz/mobile_robotics_ws/src/build/joy_tester/prefix_override:/usr/lib/python3/dist-packages/colcon_core/task/python/colcon_distutils_commands:/home/vekkaz/mobile_robotics_ws/src/install/joy_tester/lib/python3.10/site-packages:${PYTHONPATH} /usr/bin/python3 -W ignore:setup.py install is deprecated setup.py develop --editable --build-directory /home/vekkaz/mobile_robotics_ws/src/build/joy_tester/build --no-deps symlink_data
[1.596s] Level 1:colcon.colcon_core.shell:create_environment_hook('scan_pkg', 'pythonpath_develop')
[1.596s] INFO:colcon.colcon_core.shell:Creating environment hook '/home/vekkaz/mobile_robotics_ws/src/build/scan_pkg/share/scan_pkg/hook/pythonpath_develop.ps1'
[1.596s] DEBUG:colcon.colcon_core.event_handler.log_command:Invoked command in '/home/vekkaz/mobile_robotics_ws/src/build/scan_pkg' returned '0': PYTHONPATH=/home/vekkaz/mobile_robotics_ws/src/build/scan_pkg/prefix_override:/usr/lib/python3/dist-packages/colcon_core/task/python/colcon_distutils_commands:/home/vekkaz/mobile_robotics_ws/src/install/scan_pkg/lib/python3.10/site-packages:${PYTHONPATH} /usr/bin/python3 -W ignore:setup.py install is deprecated setup.py develop --editable --build-directory /home/vekkaz/mobile_robotics_ws/src/build/scan_pkg/build --no-deps symlink_data
[1.597s] INFO:colcon.colcon_core.shell:Creating environment descriptor '/home/vekkaz/mobile_robotics_ws/src/build/scan_pkg/share/scan_pkg/hook/pythonpath_develop.dsv'
[1.597s] INFO:colcon.colcon_core.shell:Creating environment hook '/home/vekkaz/mobile_robotics_ws/src/build/scan_pkg/share/scan_pkg/hook/pythonpath_develop.sh'
[1.597s] Level 1:colcon.colcon_core.environment:checking '/home/vekkaz/mobile_robotics_ws/src/install/scan_pkg' for CMake module files
[1.598s] Level 1:colcon.colcon_core.environment:checking '/home/vekkaz/mobile_robotics_ws/src/install/scan_pkg' for CMake config files
[1.598s] Level 1:colcon.colcon_core.environment:checking '/home/vekkaz/mobile_robotics_ws/src/install/scan_pkg/lib'
[1.598s] Level 1:colcon.colcon_core.environment:checking '/home/vekkaz/mobile_robotics_ws/src/install/scan_pkg/bin'
[1.598s] Level 1:colcon.colcon_core.environment:checking '/home/vekkaz/mobile_robotics_ws/src/install/scan_pkg/lib/pkgconfig/scan_pkg.pc'
[1.598s] Level 1:colcon.colcon_core.environment:checking '/home/vekkaz/mobile_robotics_ws/src/install/scan_pkg/lib/python3.10/site-packages'
[1.598s] Level 1:colcon.colcon_core.shell:create_environment_hook('scan_pkg', 'pythonpath')
[1.598s] INFO:colcon.colcon_core.shell:Creating environment hook '/home/vekkaz/mobile_robotics_ws/src/install/scan_pkg/share/scan_pkg/hook/pythonpath.ps1'
[1.599s] INFO:colcon.colcon_core.shell:Creating environment descriptor '/home/vekkaz/mobile_robotics_ws/src/install/scan_pkg/share/scan_pkg/hook/pythonpath.dsv'
[1.599s] INFO:colcon.colcon_core.shell:Creating environment hook '/home/vekkaz/mobile_robotics_ws/src/install/scan_pkg/share/scan_pkg/hook/pythonpath.sh'
[1.599s] Level 1:colcon.colcon_core.environment:checking '/home/vekkaz/mobile_robotics_ws/src/install/scan_pkg/bin'
[1.599s] Level 1:colcon.colcon_core.environment:create_environment_scripts_only(scan_pkg)
[1.599s] INFO:colcon.colcon_core.shell:Creating package script '/home/vekkaz/mobile_robotics_ws/src/install/scan_pkg/share/scan_pkg/package.ps1'
[1.600s] INFO:colcon.colcon_core.shell:Creating package descriptor '/home/vekkaz/mobile_robotics_ws/src/install/scan_pkg/share/scan_pkg/package.dsv'
[1.600s] INFO:colcon.colcon_core.shell:Creating package script '/home/vekkaz/mobile_robotics_ws/src/install/scan_pkg/share/scan_pkg/package.sh'
[1.600s] INFO:colcon.colcon_core.shell:Creating package script '/home/vekkaz/mobile_robotics_ws/src/install/scan_pkg/share/scan_pkg/package.bash'
[1.600s] INFO:colcon.colcon_core.shell:Creating package script '/home/vekkaz/mobile_robotics_ws/src/install/scan_pkg/share/scan_pkg/package.zsh'
[1.600s] Level 1:colcon.colcon_core.environment:create_file_with_runtime_dependencies(/home/vekkaz/mobile_robotics_ws/src/install/scan_pkg/share/colcon-core/packages/scan_pkg)
[1.601s] Level 1:colcon.colcon_core.shell:create_environment_hook('joy_tester', 'pythonpath_develop')
[1.601s] INFO:colcon.colcon_core.shell:Creating environment hook '/home/vekkaz/mobile_robotics_ws/src/build/joy_tester/share/joy_tester/hook/pythonpath_develop.ps1'
[1.601s] INFO:colcon.colcon_core.shell:Creating environment descriptor '/home/vekkaz/mobile_robotics_ws/src/build/joy_tester/share/joy_tester/hook/pythonpath_develop.dsv'
[1.602s] DEBUG:colcon.colcon_core.event_handler.log_command:Invoked command in '/home/vekkaz/mobile_robotics_ws/src/build/joy_tester' returned '0': PYTHONPATH=/home/vekkaz/mobile_robotics_ws/src/build/joy_tester/prefix_override:/usr/lib/python3/dist-packages/colcon_core/task/python/colcon_distutils_commands:/home/vekkaz/mobile_robotics_ws/src/install/joy_tester/lib/python3.10/site-packages:${PYTHONPATH} /usr/bin/python3 -W ignore:setup.py install is deprecated setup.py develop --editable --build-directory /home/vekkaz/mobile_robotics_ws/src/build/joy_tester/build --no-deps symlink_data
[1.602s] INFO:colcon.colcon_core.shell:Creating environment hook '/home/vekkaz/mobile_robotics_ws/src/build/joy_tester/share/joy_tester/hook/pythonpath_develop.sh'
[1.602s] Level 1:colcon.colcon_core.environment:checking '/home/vekkaz/mobile_robotics_ws/src/install/joy_tester' for CMake module files
[1.602s] Level 1:colcon.colcon_core.environment:checking '/home/vekkaz/mobile_robotics_ws/src/install/joy_tester' for CMake config files
[1.603s] Level 1:colcon.colcon_core.environment:checking '/home/vekkaz/mobile_robotics_ws/src/install/joy_tester/lib'
[1.603s] Level 1:colcon.colcon_core.environment:checking '/home/vekkaz/mobile_robotics_ws/src/install/joy_tester/bin'
[1.603s] Level 1:colcon.colcon_core.environment:checking '/home/vekkaz/mobile_robotics_ws/src/install/joy_tester/lib/pkgconfig/joy_tester.pc'
[1.603s] Level 1:colcon.colcon_core.environment:checking '/home/vekkaz/mobile_robotics_ws/src/install/joy_tester/lib/python3.10/site-packages'
[1.603s] Level 1:colcon.colcon_core.shell:create_environment_hook('joy_tester', 'pythonpath')
[1.603s] INFO:colcon.colcon_core.shell:Creating environment hook '/home/vekkaz/mobile_robotics_ws/src/install/joy_tester/share/joy_tester/hook/pythonpath.ps1'
[1.603s] INFO:colcon.colcon_core.shell:Creating environment descriptor '/home/vekkaz/mobile_robotics_ws/src/install/joy_tester/share/joy_tester/hook/pythonpath.dsv'
[1.603s] INFO:colcon.colcon_core.shell:Creating environment hook '/home/vekkaz/mobile_robotics_ws/src/install/joy_tester/share/joy_tester/hook/pythonpath.sh'
[1.604s] Level 1:colcon.colcon_core.environment:checking '/home/vekkaz/mobile_robotics_ws/src/install/joy_tester/bin'
[1.604s] Level 1:colcon.colcon_core.environment:create_environment_scripts_only(joy_tester)
[1.604s] INFO:colcon.colcon_core.shell:Creating package script '/home/vekkaz/mobile_robotics_ws/src/install/joy_tester/share/joy_tester/package.ps1'
[1.604s] INFO:colcon.colcon_core.shell:Creating package descriptor '/home/vekkaz/mobile_robotics_ws/src/install/joy_tester/share/joy_tester/package.dsv'
[1.604s] INFO:colcon.colcon_core.shell:Creating package script '/home/vekkaz/mobile_robotics_ws/src/install/joy_tester/share/joy_tester/package.sh'
[1.605s] INFO:colcon.colcon_core.shell:Creating package script '/home/vekkaz/mobile_robotics_ws/src/install/joy_tester/share/joy_tester/package.bash'
[1.605s] INFO:colcon.colcon_core.shell:Creating package script '/home/vekkaz/mobile_robotics_ws/src/install/joy_tester/share/joy_tester/package.zsh'
[1.605s] Level 1:colcon.colcon_core.environment:create_file_with_runtime_dependencies(/home/vekkaz/mobile_robotics_ws/src/install/joy_tester/share/colcon-core/packages/joy_tester)
[1.605s] DEBUG:colcon.colcon_parallel_executor.executor.parallel:closing loop
[1.605s] DEBUG:colcon.colcon_parallel_executor.executor.parallel:loop closed
[1.605s] DEBUG:colcon.colcon_parallel_executor.executor.parallel:run_until_complete finished with '0'
[1.605s] DEBUG:colcon.colcon_core.event_reactor:joining thread
[1.609s] INFO:colcon.colcon_core.plugin_system:Skipping extension 'colcon_notification.desktop_notification.terminal_notifier': Not used on non-Darwin systems
[1.609s] INFO:colcon.colcon_core.plugin_system:Skipping extension 'colcon_notification.desktop_notification.win32': Not used on non-Windows systems
[1.609s] INFO:colcon.colcon_notification.desktop_notification:Sending desktop notification using 'notify2'
[1.617s] DEBUG:colcon.colcon_core.event_reactor:joined thread
[1.617s] INFO:colcon.colcon_core.shell:Creating prefix script '/home/vekkaz/mobile_robotics_ws/src/install/local_setup.ps1'
[1.618s] INFO:colcon.colcon_core.shell:Creating prefix util module '/home/vekkaz/mobile_robotics_ws/src/install/_local_setup_util_ps1.py'
[1.619s] INFO:colcon.colcon_core.shell:Creating prefix chain script '/home/vekkaz/mobile_robotics_ws/src/install/setup.ps1'
[1.620s] INFO:colcon.colcon_core.shell:Creating prefix script '/home/vekkaz/mobile_robotics_ws/src/install/local_setup.sh'
[1.621s] INFO:colcon.colcon_core.shell:Creating prefix util module '/home/vekkaz/mobile_robotics_ws/src/install/_local_setup_util_sh.py'
[1.621s] INFO:colcon.colcon_core.shell:Creating prefix chain script '/home/vekkaz/mobile_robotics_ws/src/install/setup.sh'
[1.622s] INFO:colcon.colcon_core.shell:Creating prefix script '/home/vekkaz/mobile_robotics_ws/src/install/local_setup.bash'
[1.622s] INFO:colcon.colcon_core.shell:Creating prefix chain script '/home/vekkaz/mobile_robotics_ws/src/install/setup.bash'
[1.623s] INFO:colcon.colcon_core.shell:Creating prefix script '/home/vekkaz/mobile_robotics_ws/src/install/local_setup.zsh'
[1.624s] INFO:colcon.colcon_core.shell:Creating prefix chain script '/home/vekkaz/mobile_robotics_ws/src/install/setup.zsh'
