running develop
running egg_info
creating time_to_collision.egg-info
writing time_to_collision.egg-info/PKG-INFO
writing dependency_links to time_to_collision.egg-info/dependency_links.txt
writing entry points to time_to_collision.egg-info/entry_points.txt
writing requirements to time_to_collision.egg-info/requires.txt
writing top-level names to time_to_collision.egg-info/top_level.txt
writing manifest file 'time_to_collision.egg-info/SOURCES.txt'
reading manifest file 'time_to_collision.egg-info/SOURCES.txt'
writing manifest file 'time_to_collision.egg-info/SOURCES.txt'
running build_ext
Creating /home/vekkaz/mobile_robotics_ws/install/time_to_collision/lib/python3.10/site-packages/time-to-collision.egg-link (link to .)

Installed /home/vekkaz/mobile_robotics_ws/build/time_to_collision
running symlink_data
creating /home/vekkaz/mobile_robotics_ws/install/time_to_collision/share/ament_index
creating /home/vekkaz/mobile_robotics_ws/install/time_to_collision/share/ament_index/resource_index
creating /home/vekkaz/mobile_robotics_ws/install/time_to_collision/share/ament_index/resource_index/packages
symbolically linking /home/vekkaz/mobile_robotics_ws/build/time_to_collision/resource/time_to_collision -> /home/vekkaz/mobile_robotics_ws/install/time_to_collision/share/ament_index/resource_index/packages
symbolically linking /home/vekkaz/mobile_robotics_ws/build/time_to_collision/package.xml -> /home/vekkaz/mobile_robotics_ws/install/time_to_collision/share/time_to_collision
