[5.062s] Invoking command in '/home/vekkaz/mobile_robotics_ws/build/time_to_collision': PYTHONPATH=/home/vekkaz/mobile_robotics_ws/build/time_to_collision/prefix_override:/usr/lib/python3/dist-packages/colcon_core/task/python/colcon_distutils_commands:/home/vekkaz/mobile_robotics_ws/install/time_to_collision/lib/python3.10/site-packages:${PYTHONPATH} /usr/bin/python3 -W ignore:setup.py install is deprecated setup.py develop --editable --build-directory /home/vekkaz/mobile_robotics_ws/build/time_to_collision/build --no-deps symlink_data
[5.301s] running develop
[5.602s] running egg_info
[5.602s] creating time_to_collision.egg-info
[5.602s] writing time_to_collision.egg-info/PKG-INFO
[5.603s] writing dependency_links to time_to_collision.egg-info/dependency_links.txt
[5.603s] writing entry points to time_to_collision.egg-info/entry_points.txt
[5.603s] writing requirements to time_to_collision.egg-info/requires.txt
[5.603s] writing top-level names to time_to_collision.egg-info/top_level.txt
[5.603s] writing manifest file 'time_to_collision.egg-info/SOURCES.txt'
[5.605s] reading manifest file 'time_to_collision.egg-info/SOURCES.txt'
[5.605s] writing manifest file 'time_to_collision.egg-info/SOURCES.txt'
[5.607s] running build_ext
[5.607s] Creating /home/vekkaz/mobile_robotics_ws/install/time_to_collision/lib/python3.10/site-packages/time-to-collision.egg-link (link to .)
[5.607s] 
[5.607s] Installed /home/vekkaz/mobile_robotics_ws/build/time_to_collision
[5.607s] running symlink_data
[5.608s] creating /home/vekkaz/mobile_robotics_ws/install/time_to_collision/share/ament_index
[5.608s] creating /home/vekkaz/mobile_robotics_ws/install/time_to_collision/share/ament_index/resource_index
[5.608s] creating /home/vekkaz/mobile_robotics_ws/install/time_to_collision/share/ament_index/resource_index/packages
[5.608s] symbolically linking /home/vekkaz/mobile_robotics_ws/build/time_to_collision/resource/time_to_collision -> /home/vekkaz/mobile_robotics_ws/install/time_to_collision/share/ament_index/resource_index/packages
[5.608s] symbolically linking /home/vekkaz/mobile_robotics_ws/build/time_to_collision/package.xml -> /home/vekkaz/mobile_robotics_ws/install/time_to_collision/share/time_to_collision
[5.657s] Invoked command in '/home/vekkaz/mobile_robotics_ws/build/time_to_collision' returned '0': PYTHONPATH=/home/vekkaz/mobile_robotics_ws/build/time_to_collision/prefix_override:/usr/lib/python3/dist-packages/colcon_core/task/python/colcon_distutils_commands:/home/vekkaz/mobile_robotics_ws/install/time_to_collision/lib/python3.10/site-packages:${PYTHONPATH} /usr/bin/python3 -W ignore:setup.py install is deprecated setup.py develop --editable --build-directory /home/vekkaz/mobile_robotics_ws/build/time_to_collision/build --no-deps symlink_data
