running develop
running egg_info
creating scan_pkg.egg-info
writing scan_pkg.egg-info/PKG-INFO
writing dependency_links to scan_pkg.egg-info/dependency_links.txt
writing entry points to scan_pkg.egg-info/entry_points.txt
writing requirements to scan_pkg.egg-info/requires.txt
writing top-level names to scan_pkg.egg-info/top_level.txt
writing manifest file 'scan_pkg.egg-info/SOURCES.txt'
reading manifest file 'scan_pkg.egg-info/SOURCES.txt'
writing manifest file 'scan_pkg.egg-info/SOURCES.txt'
running build_ext
Creating /home/vekkaz/mobile_robotics_ws/src/install/scan_pkg/lib/python3.10/site-packages/scan-pkg.egg-link (link to .)

Installed /home/vekkaz/mobile_robotics_ws/src/build/scan_pkg
running symlink_data
creating /home/vekkaz/mobile_robotics_ws/src/install/scan_pkg/share/ament_index
creating /home/vekkaz/mobile_robotics_ws/src/install/scan_pkg/share/ament_index/resource_index
creating /home/vekkaz/mobile_robotics_ws/src/install/scan_pkg/share/ament_index/resource_index/packages
symbolically linking /home/vekkaz/mobile_robotics_ws/src/build/scan_pkg/resource/scan_pkg -> /home/vekkaz/mobile_robotics_ws/src/install/scan_pkg/share/ament_index/resource_index/packages
symbolically linking /home/vekkaz/mobile_robotics_ws/src/build/scan_pkg/package.xml -> /home/vekkaz/mobile_robotics_ws/src/install/scan_pkg/share/scan_pkg
