[0.615s] DEBUG:colcon:Command line arguments: ['/usr/bin/colcon', 'build', '--symlink-install']
[0.615s] DEBUG:colcon:Parsed command line arguments: Namespace(log_base=None, log_level=None, verb_name='build', build_base='build', install_base='install', merge_install=False, symlink_install=True, test_result_base=None, continue_on_error=False, executor='parallel', parallel_workers=12, event_handlers=None, ignore_user_meta=False, metas=['./colcon.meta'], base_paths=['.'], packages_ignore=None, packages_ignore_regex=None, paths=None, packages_up_to=None, packages_up_to_regex=None, packages_above=None, packages_above_and_dependencies=None, packages_above_depth=None, packages_select_by_dep=None, packages_skip_by_dep=None, packages_skip_up_to=None, packages_select_build_failed=False, packages_skip_build_finished=False, packages_select_test_failures=False, packages_skip_test_passed=False, packages_select=None, packages_skip=None, packages_select_regex=None, packages_skip_regex=None, packages_start=None, packages_end=None, allow_overriding=[], cmake_args=None, cmake_target=None, cmake_target_skip_unavailable=False, cmake_clean_cache=False, cmake_clean_first=False, cmake_force_configure=False, ament_cmake_args=None, catkin_cmake_args=None, catkin_skip_building_tests=False, verb_parser=<colcon_defaults.argument_parser.defaults.DefaultArgumentsDecorator object at 0x73058f0eb970>, verb_extension=<colcon_core.verb.build.BuildVerb object at 0x73058f0eb400>, main=<bound method BuildVerb.main of <colcon_core.verb.build.BuildVerb object at 0x73058f0eb400>>)
[5.667s] Level 1:colcon.colcon_core.package_discovery:discover_packages(colcon_meta) check parameters
[5.668s] Level 1:colcon.colcon_core.package_discovery:discover_packages(recursive) check parameters
[5.668s] Level 1:colcon.colcon_core.package_discovery:discover_packages(ignore) check parameters
[5.668s] Level 1:colcon.colcon_core.package_discovery:discover_packages(path) check parameters
[5.668s] Level 1:colcon.colcon_core.package_discovery:discover_packages(colcon_meta) discover
[5.668s] Level 1:colcon.colcon_core.package_discovery:discover_packages(recursive) discover
[5.668s] INFO:colcon.colcon_core.package_discovery:Crawling recursively for packages in '/home/vekkaz/mobile_robotics_ws'
[5.668s] Level 1:colcon.colcon_core.package_identification:_identify(.) by extensions ['ignore', 'ignore_ament_install']
[5.668s] Level 1:colcon.colcon_core.package_identification:_identify(.) by extension 'ignore'
[5.669s] Level 1:colcon.colcon_core.package_identification:_identify(.) by extension 'ignore_ament_install'
[5.669s] Level 1:colcon.colcon_core.package_identification:_identify(.) by extensions ['colcon_pkg']
[5.669s] Level 1:colcon.colcon_core.package_identification:_identify(.) by extension 'colcon_pkg'
[5.669s] Level 1:colcon.colcon_core.package_identification:_identify(.) by extensions ['colcon_meta']
[5.669s] Level 1:colcon.colcon_core.package_identification:_identify(.) by extension 'colcon_meta'
[5.669s] Level 1:colcon.colcon_core.package_identification:_identify(.) by extensions ['ros']
[5.669s] Level 1:colcon.colcon_core.package_identification:_identify(.) by extension 'ros'
[5.694s] Level 1:colcon.colcon_core.package_identification:_identify(.) by extensions ['cmake', 'python']
[5.694s] Level 1:colcon.colcon_core.package_identification:_identify(.) by extension 'cmake'
[5.694s] Level 1:colcon.colcon_core.package_identification:_identify(.) by extension 'python'
[5.694s] Level 1:colcon.colcon_core.package_identification:_identify(.) by extensions ['python_setup_py']
[5.694s] Level 1:colcon.colcon_core.package_identification:_identify(.) by extension 'python_setup_py'
[5.695s] Level 1:colcon.colcon_core.package_identification:_identify(build) by extensions ['ignore', 'ignore_ament_install']
[5.695s] Level 1:colcon.colcon_core.package_identification:_identify(build) by extension 'ignore'
[5.695s] Level 1:colcon.colcon_core.package_identification:_identify(build) ignored
[5.695s] Level 1:colcon.colcon_core.package_identification:_identify(install) by extensions ['ignore', 'ignore_ament_install']
[5.695s] Level 1:colcon.colcon_core.package_identification:_identify(install) by extension 'ignore'
[5.695s] Level 1:colcon.colcon_core.package_identification:_identify(install) ignored
[5.695s] Level 1:colcon.colcon_core.package_identification:_identify(log) by extensions ['ignore', 'ignore_ament_install']
[5.696s] Level 1:colcon.colcon_core.package_identification:_identify(log) by extension 'ignore'
[5.696s] Level 1:colcon.colcon_core.package_identification:_identify(log) ignored
[5.696s] Level 1:colcon.colcon_core.package_identification:_identify(src) by extensions ['ignore', 'ignore_ament_install']
[5.696s] Level 1:colcon.colcon_core.package_identification:_identify(src) by extension 'ignore'
[5.696s] Level 1:colcon.colcon_core.package_identification:_identify(src) by extension 'ignore_ament_install'
[5.696s] Level 1:colcon.colcon_core.package_identification:_identify(src) by extensions ['colcon_pkg']
[5.696s] Level 1:colcon.colcon_core.package_identification:_identify(src) by extension 'colcon_pkg'
[5.696s] Level 1:colcon.colcon_core.package_identification:_identify(src) by extensions ['colcon_meta']
[5.696s] Level 1:colcon.colcon_core.package_identification:_identify(src) by extension 'colcon_meta'
[5.696s] Level 1:colcon.colcon_core.package_identification:_identify(src) by extensions ['ros']
[5.697s] Level 1:colcon.colcon_core.package_identification:_identify(src) by extension 'ros'
[5.697s] Level 1:colcon.colcon_core.package_identification:_identify(src) by extensions ['cmake', 'python']
[5.697s] Level 1:colcon.colcon_core.package_identification:_identify(src) by extension 'cmake'
[5.697s] Level 1:colcon.colcon_core.package_identification:_identify(src) by extension 'python'
[5.697s] Level 1:colcon.colcon_core.package_identification:_identify(src) by extensions ['python_setup_py']
[5.697s] Level 1:colcon.colcon_core.package_identification:_identify(src) by extension 'python_setup_py'
[5.712s] Level 1:colcon.colcon_core.package_identification:_identify(src/build) by extensions ['ignore', 'ignore_ament_install']
[5.712s] Level 1:colcon.colcon_core.package_identification:_identify(src/build) by extension 'ignore'
[5.712s] Level 1:colcon.colcon_core.package_identification:_identify(src/build) ignored
[5.728s] Level 1:colcon.colcon_core.package_identification:_identify(src/example_2) by extensions ['ignore', 'ignore_ament_install']
[5.728s] Level 1:colcon.colcon_core.package_identification:_identify(src/example_2) by extension 'ignore'
[5.729s] Level 1:colcon.colcon_core.package_identification:_identify(src/example_2) by extension 'ignore_ament_install'
[5.729s] Level 1:colcon.colcon_core.package_identification:_identify(src/example_2) by extensions ['colcon_pkg']
[5.729s] Level 1:colcon.colcon_core.package_identification:_identify(src/example_2) by extension 'colcon_pkg'
[5.729s] Level 1:colcon.colcon_core.package_identification:_identify(src/example_2) by extensions ['colcon_meta']
[5.729s] Level 1:colcon.colcon_core.package_identification:_identify(src/example_2) by extension 'colcon_meta'
[5.729s] Level 1:colcon.colcon_core.package_identification:_identify(src/example_2) by extensions ['ros']
[5.729s] Level 1:colcon.colcon_core.package_identification:_identify(src/example_2) by extension 'ros'
[5.770s] DEBUG:colcon.colcon_core.package_identification:Package 'src/example_2' with type 'ros.ament_cmake' and name 'ros2_control_demo_example_2'
[5.779s] Level 1:colcon.colcon_core.package_identification:_identify(src/f112th_sim_2024_alpha) by extensions ['ignore', 'ignore_ament_install']
[5.779s] Level 1:colcon.colcon_core.package_identification:_identify(src/f112th_sim_2024_alpha) by extension 'ignore'
[5.779s] Level 1:colcon.colcon_core.package_identification:_identify(src/f112th_sim_2024_alpha) by extension 'ignore_ament_install'
[5.779s] Level 1:colcon.colcon_core.package_identification:_identify(src/f112th_sim_2024_alpha) by extensions ['colcon_pkg']
[5.779s] Level 1:colcon.colcon_core.package_identification:_identify(src/f112th_sim_2024_alpha) by extension 'colcon_pkg'
[5.780s] Level 1:colcon.colcon_core.package_identification:_identify(src/f112th_sim_2024_alpha) by extensions ['colcon_meta']
[5.780s] Level 1:colcon.colcon_core.package_identification:_identify(src/f112th_sim_2024_alpha) by extension 'colcon_meta'
[5.780s] Level 1:colcon.colcon_core.package_identification:_identify(src/f112th_sim_2024_alpha) by extensions ['ros']
[5.780s] Level 1:colcon.colcon_core.package_identification:_identify(src/f112th_sim_2024_alpha) by extension 'ros'
[5.791s] DEBUG:colcon.colcon_core.package_identification:Package 'src/f112th_sim_2024_alpha' with type 'ros.ament_cmake' and name 'f112th_sim_2024_alpha'
[5.792s] Level 1:colcon.colcon_core.package_identification:_identify(src/install) by extensions ['ignore', 'ignore_ament_install']
[5.792s] Level 1:colcon.colcon_core.package_identification:_identify(src/install) by extension 'ignore'
[5.792s] Level 1:colcon.colcon_core.package_identification:_identify(src/install) ignored
[5.807s] Level 1:colcon.colcon_core.package_identification:_identify(src/joy_tester) by extensions ['ignore', 'ignore_ament_install']
[5.808s] Level 1:colcon.colcon_core.package_identification:_identify(src/joy_tester) by extension 'ignore'
[5.808s] Level 1:colcon.colcon_core.package_identification:_identify(src/joy_tester) by extension 'ignore_ament_install'
[5.808s] Level 1:colcon.colcon_core.package_identification:_identify(src/joy_tester) by extensions ['colcon_pkg']
[5.808s] Level 1:colcon.colcon_core.package_identification:_identify(src/joy_tester) by extension 'colcon_pkg'
[5.808s] Level 1:colcon.colcon_core.package_identification:_identify(src/joy_tester) by extensions ['colcon_meta']
[5.808s] Level 1:colcon.colcon_core.package_identification:_identify(src/joy_tester) by extension 'colcon_meta'
[5.808s] Level 1:colcon.colcon_core.package_identification:_identify(src/joy_tester) by extensions ['ros']
[5.809s] Level 1:colcon.colcon_core.package_identification:_identify(src/joy_tester) by extension 'ros'
[5.823s] DEBUG:colcon.colcon_core.package_identification:Package 'src/joy_tester' with type 'ros.ament_python' and name 'joy_tester'
[5.823s] Level 1:colcon.colcon_core.package_identification:_identify(src/log) by extensions ['ignore', 'ignore_ament_install']
[5.824s] Level 1:colcon.colcon_core.package_identification:_identify(src/log) by extension 'ignore'
[5.824s] Level 1:colcon.colcon_core.package_identification:_identify(src/log) ignored
[5.834s] Level 1:colcon.colcon_core.package_identification:_identify(src/scan_pkg) by extensions ['ignore', 'ignore_ament_install']
[5.834s] Level 1:colcon.colcon_core.package_identification:_identify(src/scan_pkg) by extension 'ignore'
[5.834s] Level 1:colcon.colcon_core.package_identification:_identify(src/scan_pkg) by extension 'ignore_ament_install'
[5.835s] Level 1:colcon.colcon_core.package_identification:_identify(src/scan_pkg) by extensions ['colcon_pkg']
[5.835s] Level 1:colcon.colcon_core.package_identification:_identify(src/scan_pkg) by extension 'colcon_pkg'
[5.835s] Level 1:colcon.colcon_core.package_identification:_identify(src/scan_pkg) by extensions ['colcon_meta']
[5.835s] Level 1:colcon.colcon_core.package_identification:_identify(src/scan_pkg) by extension 'colcon_meta'
[5.835s] Level 1:colcon.colcon_core.package_identification:_identify(src/scan_pkg) by extensions ['ros']
[5.835s] Level 1:colcon.colcon_core.package_identification:_identify(src/scan_pkg) by extension 'ros'
[5.847s] DEBUG:colcon.colcon_core.package_identification:Package 'src/scan_pkg' with type 'ros.ament_python' and name 'scan_pkg'
[5.848s] Level 1:colcon.colcon_core.package_identification:_identify(src/wall_following_alpha) by extensions ['ignore', 'ignore_ament_install']
[5.848s] Level 1:colcon.colcon_core.package_identification:_identify(src/wall_following_alpha) by extension 'ignore'
[5.848s] Level 1:colcon.colcon_core.package_identification:_identify(src/wall_following_alpha) by extension 'ignore_ament_install'
[5.848s] Level 1:colcon.colcon_core.package_identification:_identify(src/wall_following_alpha) by extensions ['colcon_pkg']
[5.848s] Level 1:colcon.colcon_core.package_identification:_identify(src/wall_following_alpha) by extension 'colcon_pkg'
[5.848s] Level 1:colcon.colcon_core.package_identification:_identify(src/wall_following_alpha) by extensions ['colcon_meta']
[5.849s] Level 1:colcon.colcon_core.package_identification:_identify(src/wall_following_alpha) by extension 'colcon_meta'
[5.849s] Level 1:colcon.colcon_core.package_identification:_identify(src/wall_following_alpha) by extensions ['ros']
[5.849s] Level 1:colcon.colcon_core.package_identification:_identify(src/wall_following_alpha) by extension 'ros'
[5.850s] DEBUG:colcon.colcon_core.package_identification:Package 'src/wall_following_alpha' with type 'ros.ament_python' and name 'wall_following_alpha'
[5.850s] Level 1:colcon.colcon_core.package_discovery:discover_packages(recursive) using defaults
[5.850s] Level 1:colcon.colcon_core.package_discovery:discover_packages(ignore) discover
[5.850s] Level 1:colcon.colcon_core.package_discovery:discover_packages(ignore) using defaults
[5.850s] Level 1:colcon.colcon_core.package_discovery:discover_packages(path) discover
[5.850s] Level 1:colcon.colcon_core.package_discovery:discover_packages(path) using defaults
[6.092s] Level 1:colcon.colcon_core.package_discovery:discover_packages(prefix_path) check parameters
[6.093s] Level 1:colcon.colcon_core.package_discovery:discover_packages(prefix_path) discover
[6.129s] DEBUG:colcon.colcon_installed_package_information.package_discovery:Found 4 installed packages in /home/vekkaz/mobile_robotics_ws/install
[6.129s] DEBUG:colcon.colcon_installed_package_information.package_discovery:Found 1 installed packages in /home/vekkaz/ros2_ws_tutorial/install
[6.130s] DEBUG:colcon.colcon_installed_package_information.package_discovery:Found 5 installed packages in /home/vekkaz/ros2_ws_2401/install
[6.133s] DEBUG:colcon.colcon_installed_package_information.package_discovery:Found 393 installed packages in /opt/ros/humble
[6.155s] Level 1:colcon.colcon_core.package_discovery:discover_packages(prefix_path) using defaults
[6.529s] Level 5:colcon.colcon_core.verb:set package 'f112th_sim_2024_alpha' build argument 'cmake_args' from command line to 'None'
[6.530s] Level 5:colcon.colcon_core.verb:set package 'f112th_sim_2024_alpha' build argument 'cmake_target' from command line to 'None'
[6.530s] Level 5:colcon.colcon_core.verb:set package 'f112th_sim_2024_alpha' build argument 'cmake_target_skip_unavailable' from command line to 'False'
[6.530s] Level 5:colcon.colcon_core.verb:set package 'f112th_sim_2024_alpha' build argument 'cmake_clean_cache' from command line to 'False'
[6.530s] Level 5:colcon.colcon_core.verb:set package 'f112th_sim_2024_alpha' build argument 'cmake_clean_first' from command line to 'False'
[6.530s] Level 5:colcon.colcon_core.verb:set package 'f112th_sim_2024_alpha' build argument 'cmake_force_configure' from command line to 'False'
[6.530s] Level 5:colcon.colcon_core.verb:set package 'f112th_sim_2024_alpha' build argument 'ament_cmake_args' from command line to 'None'
[6.530s] Level 5:colcon.colcon_core.verb:set package 'f112th_sim_2024_alpha' build argument 'catkin_cmake_args' from command line to 'None'
[6.530s] Level 5:colcon.colcon_core.verb:set package 'f112th_sim_2024_alpha' build argument 'catkin_skip_building_tests' from command line to 'False'
[6.530s] DEBUG:colcon.colcon_core.verb:Building package 'f112th_sim_2024_alpha' with the following arguments: {'ament_cmake_args': None, 'build_base': '/home/vekkaz/mobile_robotics_ws/build/f112th_sim_2024_alpha', 'catkin_cmake_args': None, 'catkin_skip_building_tests': False, 'cmake_args': None, 'cmake_clean_cache': False, 'cmake_clean_first': False, 'cmake_force_configure': False, 'cmake_target': None, 'cmake_target_skip_unavailable': False, 'install_base': '/home/vekkaz/mobile_robotics_ws/install/f112th_sim_2024_alpha', 'merge_install': False, 'path': '/home/vekkaz/mobile_robotics_ws/src/f112th_sim_2024_alpha', 'symlink_install': True, 'test_result_base': None}
[6.531s] Level 5:colcon.colcon_core.verb:set package 'joy_tester' build argument 'cmake_args' from command line to 'None'
[6.531s] Level 5:colcon.colcon_core.verb:set package 'joy_tester' build argument 'cmake_target' from command line to 'None'
[6.531s] Level 5:colcon.colcon_core.verb:set package 'joy_tester' build argument 'cmake_target_skip_unavailable' from command line to 'False'
[6.531s] Level 5:colcon.colcon_core.verb:set package 'joy_tester' build argument 'cmake_clean_cache' from command line to 'False'
[6.531s] Level 5:colcon.colcon_core.verb:set package 'joy_tester' build argument 'cmake_clean_first' from command line to 'False'
[6.531s] Level 5:colcon.colcon_core.verb:set package 'joy_tester' build argument 'cmake_force_configure' from command line to 'False'
[6.531s] Level 5:colcon.colcon_core.verb:set package 'joy_tester' build argument 'ament_cmake_args' from command line to 'None'
[6.531s] Level 5:colcon.colcon_core.verb:set package 'joy_tester' build argument 'catkin_cmake_args' from command line to 'None'
[6.531s] Level 5:colcon.colcon_core.verb:set package 'joy_tester' build argument 'catkin_skip_building_tests' from command line to 'False'
[6.531s] DEBUG:colcon.colcon_core.verb:Building package 'joy_tester' with the following arguments: {'ament_cmake_args': None, 'build_base': '/home/vekkaz/mobile_robotics_ws/build/joy_tester', 'catkin_cmake_args': None, 'catkin_skip_building_tests': False, 'cmake_args': None, 'cmake_clean_cache': False, 'cmake_clean_first': False, 'cmake_force_configure': False, 'cmake_target': None, 'cmake_target_skip_unavailable': False, 'install_base': '/home/vekkaz/mobile_robotics_ws/install/joy_tester', 'merge_install': False, 'path': '/home/vekkaz/mobile_robotics_ws/src/joy_tester', 'symlink_install': True, 'test_result_base': None}
[6.532s] Level 5:colcon.colcon_core.verb:set package 'ros2_control_demo_example_2' build argument 'cmake_args' from command line to 'None'
[6.532s] Level 5:colcon.colcon_core.verb:set package 'ros2_control_demo_example_2' build argument 'cmake_target' from command line to 'None'
[6.532s] Level 5:colcon.colcon_core.verb:set package 'ros2_control_demo_example_2' build argument 'cmake_target_skip_unavailable' from command line to 'False'
[6.532s] Level 5:colcon.colcon_core.verb:set package 'ros2_control_demo_example_2' build argument 'cmake_clean_cache' from command line to 'False'
[6.532s] Level 5:colcon.colcon_core.verb:set package 'ros2_control_demo_example_2' build argument 'cmake_clean_first' from command line to 'False'
[6.532s] Level 5:colcon.colcon_core.verb:set package 'ros2_control_demo_example_2' build argument 'cmake_force_configure' from command line to 'False'
[6.532s] Level 5:colcon.colcon_core.verb:set package 'ros2_control_demo_example_2' build argument 'ament_cmake_args' from command line to 'None'
[6.532s] Level 5:colcon.colcon_core.verb:set package 'ros2_control_demo_example_2' build argument 'catkin_cmake_args' from command line to 'None'
[6.532s] Level 5:colcon.colcon_core.verb:set package 'ros2_control_demo_example_2' build argument 'catkin_skip_building_tests' from command line to 'False'
[6.532s] DEBUG:colcon.colcon_core.verb:Building package 'ros2_control_demo_example_2' with the following arguments: {'ament_cmake_args': None, 'build_base': '/home/vekkaz/mobile_robotics_ws/build/ros2_control_demo_example_2', 'catkin_cmake_args': None, 'catkin_skip_building_tests': False, 'cmake_args': None, 'cmake_clean_cache': False, 'cmake_clean_first': False, 'cmake_force_configure': False, 'cmake_target': None, 'cmake_target_skip_unavailable': False, 'install_base': '/home/vekkaz/mobile_robotics_ws/install/ros2_control_demo_example_2', 'merge_install': False, 'path': '/home/vekkaz/mobile_robotics_ws/src/example_2', 'symlink_install': True, 'test_result_base': None}
[6.533s] Level 5:colcon.colcon_core.verb:set package 'scan_pkg' build argument 'cmake_args' from command line to 'None'
[6.533s] Level 5:colcon.colcon_core.verb:set package 'scan_pkg' build argument 'cmake_target' from command line to 'None'
[6.533s] Level 5:colcon.colcon_core.verb:set package 'scan_pkg' build argument 'cmake_target_skip_unavailable' from command line to 'False'
[6.533s] Level 5:colcon.colcon_core.verb:set package 'scan_pkg' build argument 'cmake_clean_cache' from command line to 'False'
[6.533s] Level 5:colcon.colcon_core.verb:set package 'scan_pkg' build argument 'cmake_clean_first' from command line to 'False'
[6.533s] Level 5:colcon.colcon_core.verb:set package 'scan_pkg' build argument 'cmake_force_configure' from command line to 'False'
[6.533s] Level 5:colcon.colcon_core.verb:set package 'scan_pkg' build argument 'ament_cmake_args' from command line to 'None'
[6.533s] Level 5:colcon.colcon_core.verb:set package 'scan_pkg' build argument 'catkin_cmake_args' from command line to 'None'
[6.533s] Level 5:colcon.colcon_core.verb:set package 'scan_pkg' build argument 'catkin_skip_building_tests' from command line to 'False'
[6.533s] DEBUG:colcon.colcon_core.verb:Building package 'scan_pkg' with the following arguments: {'ament_cmake_args': None, 'build_base': '/home/vekkaz/mobile_robotics_ws/build/scan_pkg', 'catkin_cmake_args': None, 'catkin_skip_building_tests': False, 'cmake_args': None, 'cmake_clean_cache': False, 'cmake_clean_first': False, 'cmake_force_configure': False, 'cmake_target': None, 'cmake_target_skip_unavailable': False, 'install_base': '/home/vekkaz/mobile_robotics_ws/install/scan_pkg', 'merge_install': False, 'path': '/home/vekkaz/mobile_robotics_ws/src/scan_pkg', 'symlink_install': True, 'test_result_base': None}
[6.534s] Level 5:colcon.colcon_core.verb:set package 'wall_following_alpha' build argument 'cmake_args' from command line to 'None'
[6.534s] Level 5:colcon.colcon_core.verb:set package 'wall_following_alpha' build argument 'cmake_target' from command line to 'None'
[6.534s] Level 5:colcon.colcon_core.verb:set package 'wall_following_alpha' build argument 'cmake_target_skip_unavailable' from command line to 'False'
[6.534s] Level 5:colcon.colcon_core.verb:set package 'wall_following_alpha' build argument 'cmake_clean_cache' from command line to 'False'
[6.534s] Level 5:colcon.colcon_core.verb:set package 'wall_following_alpha' build argument 'cmake_clean_first' from command line to 'False'
[6.534s] Level 5:colcon.colcon_core.verb:set package 'wall_following_alpha' build argument 'cmake_force_configure' from command line to 'False'
[6.534s] Level 5:colcon.colcon_core.verb:set package 'wall_following_alpha' build argument 'ament_cmake_args' from command line to 'None'
[6.534s] Level 5:colcon.colcon_core.verb:set package 'wall_following_alpha' build argument 'catkin_cmake_args' from command line to 'None'
[6.534s] Level 5:colcon.colcon_core.verb:set package 'wall_following_alpha' build argument 'catkin_skip_building_tests' from command line to 'False'
[6.534s] DEBUG:colcon.colcon_core.verb:Building package 'wall_following_alpha' with the following arguments: {'ament_cmake_args': None, 'build_base': '/home/vekkaz/mobile_robotics_ws/build/wall_following_alpha', 'catkin_cmake_args': None, 'catkin_skip_building_tests': False, 'cmake_args': None, 'cmake_clean_cache': False, 'cmake_clean_first': False, 'cmake_force_configure': False, 'cmake_target': None, 'cmake_target_skip_unavailable': False, 'install_base': '/home/vekkaz/mobile_robotics_ws/install/wall_following_alpha', 'merge_install': False, 'path': '/home/vekkaz/mobile_robotics_ws/src/wall_following_alpha', 'symlink_install': True, 'test_result_base': None}
[6.534s] INFO:colcon.colcon_core.executor:Executing jobs using 'parallel' executor
[6.536s] DEBUG:colcon.colcon_parallel_executor.executor.parallel:run_until_complete
[6.537s] INFO:colcon.colcon_ros.task.ament_cmake.build:Building ROS package in '/home/vekkaz/mobile_robotics_ws/src/f112th_sim_2024_alpha' with build type 'ament_cmake'
[6.537s] INFO:colcon.colcon_cmake.task.cmake.build:Building CMake package in '/home/vekkaz/mobile_robotics_ws/src/f112th_sim_2024_alpha'
[6.595s] INFO:colcon.colcon_core.plugin_system:Skipping extension 'colcon_core.shell.bat': Not used on non-Windows systems
[6.596s] INFO:colcon.colcon_core.shell:Skip shell extension 'powershell' for command environment: Not usable outside of PowerShell
[6.596s] DEBUG:colcon.colcon_core.shell:Skip shell extension 'dsv' for command environment
[6.622s] INFO:colcon.colcon_ros.task.ament_python.build:Building ROS package in '/home/vekkaz/mobile_robotics_ws/src/joy_tester' with build type 'ament_python'
[6.623s] Level 1:colcon.colcon_core.shell:create_environment_hook('joy_tester', 'ament_prefix_path')
[6.623s] INFO:colcon.colcon_core.shell:Creating environment hook '/home/vekkaz/mobile_robotics_ws/install/joy_tester/share/joy_tester/hook/ament_prefix_path.ps1'
[6.625s] INFO:colcon.colcon_core.shell:Creating environment descriptor '/home/vekkaz/mobile_robotics_ws/install/joy_tester/share/joy_tester/hook/ament_prefix_path.dsv'
[6.626s] INFO:colcon.colcon_core.shell:Creating environment hook '/home/vekkaz/mobile_robotics_ws/install/joy_tester/share/joy_tester/hook/ament_prefix_path.sh'
[6.628s] INFO:colcon.colcon_core.shell:Skip shell extension 'powershell' for command environment: Not usable outside of PowerShell
[6.628s] DEBUG:colcon.colcon_core.shell:Skip shell extension 'dsv' for command environment
[6.636s] INFO:colcon.colcon_ros.task.ament_cmake.build:Building ROS package in '/home/vekkaz/mobile_robotics_ws/src/example_2' with build type 'ament_cmake'
[6.637s] INFO:colcon.colcon_cmake.task.cmake.build:Building CMake package in '/home/vekkaz/mobile_robotics_ws/src/example_2'
[6.637s] INFO:colcon.colcon_core.shell:Skip shell extension 'powershell' for command environment: Not usable outside of PowerShell
[6.637s] DEBUG:colcon.colcon_core.shell:Skip shell extension 'dsv' for command environment
[6.645s] INFO:colcon.colcon_ros.task.ament_python.build:Building ROS package in '/home/vekkaz/mobile_robotics_ws/src/scan_pkg' with build type 'ament_python'
[6.646s] Level 1:colcon.colcon_core.shell:create_environment_hook('scan_pkg', 'ament_prefix_path')
[6.646s] INFO:colcon.colcon_core.shell:Creating environment hook '/home/vekkaz/mobile_robotics_ws/install/scan_pkg/share/scan_pkg/hook/ament_prefix_path.ps1'
[6.647s] INFO:colcon.colcon_core.shell:Creating environment descriptor '/home/vekkaz/mobile_robotics_ws/install/scan_pkg/share/scan_pkg/hook/ament_prefix_path.dsv'
[6.648s] INFO:colcon.colcon_core.shell:Creating environment hook '/home/vekkaz/mobile_robotics_ws/install/scan_pkg/share/scan_pkg/hook/ament_prefix_path.sh'
[6.649s] INFO:colcon.colcon_core.shell:Skip shell extension 'powershell' for command environment: Not usable outside of PowerShell
[6.649s] DEBUG:colcon.colcon_core.shell:Skip shell extension 'dsv' for command environment
[6.658s] INFO:colcon.colcon_ros.task.ament_python.build:Building ROS package in '/home/vekkaz/mobile_robotics_ws/src/wall_following_alpha' with build type 'ament_python'
[6.658s] Level 1:colcon.colcon_core.shell:create_environment_hook('wall_following_alpha', 'ament_prefix_path')
[6.659s] INFO:colcon.colcon_core.shell:Creating environment hook '/home/vekkaz/mobile_robotics_ws/install/wall_following_alpha/share/wall_following_alpha/hook/ament_prefix_path.ps1'
[6.660s] INFO:colcon.colcon_core.shell:Creating environment descriptor '/home/vekkaz/mobile_robotics_ws/install/wall_following_alpha/share/wall_following_alpha/hook/ament_prefix_path.dsv'
[6.661s] INFO:colcon.colcon_core.shell:Creating environment hook '/home/vekkaz/mobile_robotics_ws/install/wall_following_alpha/share/wall_following_alpha/hook/ament_prefix_path.sh'
[6.663s] INFO:colcon.colcon_core.shell:Skip shell extension 'powershell' for command environment: Not usable outside of PowerShell
[6.663s] DEBUG:colcon.colcon_core.shell:Skip shell extension 'dsv' for command environment
[6.705s] DEBUG:colcon.colcon_core.event_handler.log_command:Invoking command in '/home/vekkaz/mobile_robotics_ws/build/f112th_sim_2024_alpha': CMAKE_PREFIX_PATH=${CMAKE_PREFIX_PATH}:/home/vekkaz/mobile_robotics_ws/install/scan_pkg:/home/vekkaz/mobile_robotics_ws/install/joy_tester:/home/vekkaz/ros2_ws_2401/install/turtle_move_pkg_g01:/home/vekkaz/ros2_ws_2401/install/turtle_move_2_pkg_g01:/home/vekkaz/ros2_ws_2401/install/robotcar_base_pkg_g01:/home/vekkaz/ros2_ws_2401/install/model_robot_pkg_g01:/home/vekkaz/ros2_ws_2401/install/launch_pkg_g01:/home/vekkaz/ros2_ws_tutorial/install/robot_control:/opt/ros/humble /usr/bin/cmake --build /home/vekkaz/mobile_robotics_ws/build/f112th_sim_2024_alpha -- -j12 -l12
[7.777s] INFO:colcon.colcon_core.task.python.build:Building Python package in '/home/vekkaz/mobile_robotics_ws/src/joy_tester'
[7.777s] INFO:colcon.colcon_core.shell:Skip shell extension 'powershell' for command environment: Not usable outside of PowerShell
[7.777s] DEBUG:colcon.colcon_core.shell:Skip shell extension 'dsv' for command environment
[7.818s] DEBUG:colcon.colcon_core.event_handler.log_command:Invoking command in '/home/vekkaz/mobile_robotics_ws/build/ros2_control_demo_example_2': CMAKE_PREFIX_PATH=${CMAKE_PREFIX_PATH}:/home/vekkaz/mobile_robotics_ws/install/scan_pkg:/home/vekkaz/mobile_robotics_ws/install/joy_tester:/home/vekkaz/ros2_ws_2401/install/turtle_move_pkg_g01:/home/vekkaz/ros2_ws_2401/install/turtle_move_2_pkg_g01:/home/vekkaz/ros2_ws_2401/install/robotcar_base_pkg_g01:/home/vekkaz/ros2_ws_2401/install/model_robot_pkg_g01:/home/vekkaz/ros2_ws_2401/install/launch_pkg_g01:/home/vekkaz/ros2_ws_tutorial/install/robot_control:/opt/ros/humble /usr/bin/cmake --build /home/vekkaz/mobile_robotics_ws/build/ros2_control_demo_example_2 -- -j12 -l12
[8.253s] INFO:colcon.colcon_core.task.python.build:Building Python package in '/home/vekkaz/mobile_robotics_ws/src/scan_pkg'
[8.254s] INFO:colcon.colcon_core.shell:Skip shell extension 'powershell' for command environment: Not usable outside of PowerShell
[8.254s] DEBUG:colcon.colcon_core.shell:Skip shell extension 'dsv' for command environment
[8.583s] INFO:colcon.colcon_core.task.python.build:Building Python package in '/home/vekkaz/mobile_robotics_ws/src/wall_following_alpha'
[8.583s] INFO:colcon.colcon_core.shell:Skip shell extension 'powershell' for command environment: Not usable outside of PowerShell
[8.584s] DEBUG:colcon.colcon_core.shell:Skip shell extension 'dsv' for command environment
[8.587s] DEBUG:colcon.colcon_core.event_handler.log_command:Invoked command in '/home/vekkaz/mobile_robotics_ws/build/f112th_sim_2024_alpha' returned '0': CMAKE_PREFIX_PATH=${CMAKE_PREFIX_PATH}:/home/vekkaz/mobile_robotics_ws/install/scan_pkg:/home/vekkaz/mobile_robotics_ws/install/joy_tester:/home/vekkaz/ros2_ws_2401/install/turtle_move_pkg_g01:/home/vekkaz/ros2_ws_2401/install/turtle_move_2_pkg_g01:/home/vekkaz/ros2_ws_2401/install/robotcar_base_pkg_g01:/home/vekkaz/ros2_ws_2401/install/model_robot_pkg_g01:/home/vekkaz/ros2_ws_2401/install/launch_pkg_g01:/home/vekkaz/ros2_ws_tutorial/install/robot_control:/opt/ros/humble /usr/bin/cmake --build /home/vekkaz/mobile_robotics_ws/build/f112th_sim_2024_alpha -- -j12 -l12
[8.659s] DEBUG:colcon.colcon_core.event_handler.log_command:Invoking command in '/home/vekkaz/mobile_robotics_ws/build/f112th_sim_2024_alpha': CMAKE_PREFIX_PATH=${CMAKE_PREFIX_PATH}:/home/vekkaz/mobile_robotics_ws/install/scan_pkg:/home/vekkaz/mobile_robotics_ws/install/joy_tester:/home/vekkaz/ros2_ws_2401/install/turtle_move_pkg_g01:/home/vekkaz/ros2_ws_2401/install/turtle_move_2_pkg_g01:/home/vekkaz/ros2_ws_2401/install/robotcar_base_pkg_g01:/home/vekkaz/ros2_ws_2401/install/model_robot_pkg_g01:/home/vekkaz/ros2_ws_2401/install/launch_pkg_g01:/home/vekkaz/ros2_ws_tutorial/install/robot_control:/opt/ros/humble /usr/bin/cmake --install /home/vekkaz/mobile_robotics_ws/build/f112th_sim_2024_alpha
[8.682s] DEBUG:colcon.colcon_core.event_handler.log_command:Invoked command in '/home/vekkaz/mobile_robotics_ws/build/ros2_control_demo_example_2' returned '0': CMAKE_PREFIX_PATH=${CMAKE_PREFIX_PATH}:/home/vekkaz/mobile_robotics_ws/install/scan_pkg:/home/vekkaz/mobile_robotics_ws/install/joy_tester:/home/vekkaz/ros2_ws_2401/install/turtle_move_pkg_g01:/home/vekkaz/ros2_ws_2401/install/turtle_move_2_pkg_g01:/home/vekkaz/ros2_ws_2401/install/robotcar_base_pkg_g01:/home/vekkaz/ros2_ws_2401/install/model_robot_pkg_g01:/home/vekkaz/ros2_ws_2401/install/launch_pkg_g01:/home/vekkaz/ros2_ws_tutorial/install/robot_control:/opt/ros/humble /usr/bin/cmake --build /home/vekkaz/mobile_robotics_ws/build/ros2_control_demo_example_2 -- -j12 -l12
[8.729s] DEBUG:colcon.colcon_core.event_handler.log_command:Invoking command in '/home/vekkaz/mobile_robotics_ws/build/ros2_control_demo_example_2': CMAKE_PREFIX_PATH=${CMAKE_PREFIX_PATH}:/home/vekkaz/mobile_robotics_ws/install/scan_pkg:/home/vekkaz/mobile_robotics_ws/install/joy_tester:/home/vekkaz/ros2_ws_2401/install/turtle_move_pkg_g01:/home/vekkaz/ros2_ws_2401/install/turtle_move_2_pkg_g01:/home/vekkaz/ros2_ws_2401/install/robotcar_base_pkg_g01:/home/vekkaz/ros2_ws_2401/install/model_robot_pkg_g01:/home/vekkaz/ros2_ws_2401/install/launch_pkg_g01:/home/vekkaz/ros2_ws_tutorial/install/robot_control:/opt/ros/humble /usr/bin/cmake --install /home/vekkaz/mobile_robotics_ws/build/ros2_control_demo_example_2
[8.982s] Level 1:colcon.colcon_core.environment:create_environment_scripts_only(f112th_sim_2024_alpha)
[8.983s] DEBUG:colcon.colcon_core.event_handler.log_command:Invoked command in '/home/vekkaz/mobile_robotics_ws/build/f112th_sim_2024_alpha' returned '0': CMAKE_PREFIX_PATH=${CMAKE_PREFIX_PATH}:/home/vekkaz/mobile_robotics_ws/install/scan_pkg:/home/vekkaz/mobile_robotics_ws/install/joy_tester:/home/vekkaz/ros2_ws_2401/install/turtle_move_pkg_g01:/home/vekkaz/ros2_ws_2401/install/turtle_move_2_pkg_g01:/home/vekkaz/ros2_ws_2401/install/robotcar_base_pkg_g01:/home/vekkaz/ros2_ws_2401/install/model_robot_pkg_g01:/home/vekkaz/ros2_ws_2401/install/launch_pkg_g01:/home/vekkaz/ros2_ws_tutorial/install/robot_control:/opt/ros/humble /usr/bin/cmake --install /home/vekkaz/mobile_robotics_ws/build/f112th_sim_2024_alpha
[9.015s] Level 1:colcon.colcon_core.environment:checking '/home/vekkaz/mobile_robotics_ws/install/f112th_sim_2024_alpha' for CMake module files
[9.016s] Level 1:colcon.colcon_core.environment:checking '/home/vekkaz/mobile_robotics_ws/install/f112th_sim_2024_alpha' for CMake config files
[9.016s] Level 1:colcon.colcon_core.shell:create_environment_hook('f112th_sim_2024_alpha', 'cmake_prefix_path')
[9.017s] INFO:colcon.colcon_core.shell:Creating environment hook '/home/vekkaz/mobile_robotics_ws/install/f112th_sim_2024_alpha/share/f112th_sim_2024_alpha/hook/cmake_prefix_path.ps1'
[9.017s] INFO:colcon.colcon_core.shell:Creating environment descriptor '/home/vekkaz/mobile_robotics_ws/install/f112th_sim_2024_alpha/share/f112th_sim_2024_alpha/hook/cmake_prefix_path.dsv'
[9.018s] INFO:colcon.colcon_core.shell:Creating environment hook '/home/vekkaz/mobile_robotics_ws/install/f112th_sim_2024_alpha/share/f112th_sim_2024_alpha/hook/cmake_prefix_path.sh'
[9.018s] Level 1:colcon.colcon_core.environment:checking '/home/vekkaz/mobile_robotics_ws/install/f112th_sim_2024_alpha/bin'
[9.018s] Level 1:colcon.colcon_core.environment:checking '/home/vekkaz/mobile_robotics_ws/install/f112th_sim_2024_alpha/lib/pkgconfig/f112th_sim_2024_alpha.pc'
[9.019s] Level 1:colcon.colcon_core.environment:checking '/home/vekkaz/mobile_robotics_ws/install/f112th_sim_2024_alpha/lib/python3.10/site-packages'
[9.019s] Level 1:colcon.colcon_core.environment:checking '/home/vekkaz/mobile_robotics_ws/install/f112th_sim_2024_alpha/bin'
[9.019s] INFO:colcon.colcon_core.shell:Creating package script '/home/vekkaz/mobile_robotics_ws/install/f112th_sim_2024_alpha/share/f112th_sim_2024_alpha/package.ps1'
[9.021s] INFO:colcon.colcon_core.shell:Creating package descriptor '/home/vekkaz/mobile_robotics_ws/install/f112th_sim_2024_alpha/share/f112th_sim_2024_alpha/package.dsv'
[9.043s] INFO:colcon.colcon_core.shell:Creating package script '/home/vekkaz/mobile_robotics_ws/install/f112th_sim_2024_alpha/share/f112th_sim_2024_alpha/package.sh'
[9.046s] INFO:colcon.colcon_core.shell:Creating package script '/home/vekkaz/mobile_robotics_ws/install/f112th_sim_2024_alpha/share/f112th_sim_2024_alpha/package.bash'
[9.059s] INFO:colcon.colcon_core.shell:Creating package script '/home/vekkaz/mobile_robotics_ws/install/f112th_sim_2024_alpha/share/f112th_sim_2024_alpha/package.zsh'
[9.086s] Level 1:colcon.colcon_core.environment:create_file_with_runtime_dependencies(/home/vekkaz/mobile_robotics_ws/install/f112th_sim_2024_alpha/share/colcon-core/packages/f112th_sim_2024_alpha)
[9.101s] Level 1:colcon.colcon_core.environment:create_environment_scripts_only(f112th_sim_2024_alpha)
[9.102s] Level 1:colcon.colcon_core.environment:checking '/home/vekkaz/mobile_robotics_ws/install/f112th_sim_2024_alpha' for CMake module files
[9.102s] Level 1:colcon.colcon_core.environment:checking '/home/vekkaz/mobile_robotics_ws/install/f112th_sim_2024_alpha' for CMake config files
[9.102s] Level 1:colcon.colcon_core.shell:create_environment_hook('f112th_sim_2024_alpha', 'cmake_prefix_path')
[9.102s] INFO:colcon.colcon_core.shell:Creating environment hook '/home/vekkaz/mobile_robotics_ws/install/f112th_sim_2024_alpha/share/f112th_sim_2024_alpha/hook/cmake_prefix_path.ps1'
[9.103s] INFO:colcon.colcon_core.shell:Creating environment descriptor '/home/vekkaz/mobile_robotics_ws/install/f112th_sim_2024_alpha/share/f112th_sim_2024_alpha/hook/cmake_prefix_path.dsv'
[9.103s] INFO:colcon.colcon_core.shell:Creating environment hook '/home/vekkaz/mobile_robotics_ws/install/f112th_sim_2024_alpha/share/f112th_sim_2024_alpha/hook/cmake_prefix_path.sh'
[9.103s] Level 1:colcon.colcon_core.environment:checking '/home/vekkaz/mobile_robotics_ws/install/f112th_sim_2024_alpha/bin'
[9.103s] Level 1:colcon.colcon_core.environment:checking '/home/vekkaz/mobile_robotics_ws/install/f112th_sim_2024_alpha/lib/pkgconfig/f112th_sim_2024_alpha.pc'
[9.104s] Level 1:colcon.colcon_core.environment:checking '/home/vekkaz/mobile_robotics_ws/install/f112th_sim_2024_alpha/lib/python3.10/site-packages'
[9.104s] Level 1:colcon.colcon_core.environment:checking '/home/vekkaz/mobile_robotics_ws/install/f112th_sim_2024_alpha/bin'
[9.104s] INFO:colcon.colcon_core.shell:Creating package script '/home/vekkaz/mobile_robotics_ws/install/f112th_sim_2024_alpha/share/f112th_sim_2024_alpha/package.ps1'
[9.104s] INFO:colcon.colcon_core.shell:Creating package descriptor '/home/vekkaz/mobile_robotics_ws/install/f112th_sim_2024_alpha/share/f112th_sim_2024_alpha/package.dsv'
[9.104s] INFO:colcon.colcon_core.shell:Creating package script '/home/vekkaz/mobile_robotics_ws/install/f112th_sim_2024_alpha/share/f112th_sim_2024_alpha/package.sh'
[9.105s] INFO:colcon.colcon_core.shell:Creating package script '/home/vekkaz/mobile_robotics_ws/install/f112th_sim_2024_alpha/share/f112th_sim_2024_alpha/package.bash'
[9.105s] INFO:colcon.colcon_core.shell:Creating package script '/home/vekkaz/mobile_robotics_ws/install/f112th_sim_2024_alpha/share/f112th_sim_2024_alpha/package.zsh'
[9.105s] Level 1:colcon.colcon_core.environment:create_file_with_runtime_dependencies(/home/vekkaz/mobile_robotics_ws/install/f112th_sim_2024_alpha/share/colcon-core/packages/f112th_sim_2024_alpha)
[9.862s] Level 1:colcon.colcon_core.environment:create_environment_scripts_only(ros2_control_demo_example_2)
[9.863s] Level 1:colcon.colcon_core.environment:checking '/home/vekkaz/mobile_robotics_ws/install/ros2_control_demo_example_2' for CMake module files
[9.865s] DEBUG:colcon.colcon_core.event_handler.log_command:Invoked command in '/home/vekkaz/mobile_robotics_ws/build/ros2_control_demo_example_2' returned '0': CMAKE_PREFIX_PATH=${CMAKE_PREFIX_PATH}:/home/vekkaz/mobile_robotics_ws/install/scan_pkg:/home/vekkaz/mobile_robotics_ws/install/joy_tester:/home/vekkaz/ros2_ws_2401/install/turtle_move_pkg_g01:/home/vekkaz/ros2_ws_2401/install/turtle_move_2_pkg_g01:/home/vekkaz/ros2_ws_2401/install/robotcar_base_pkg_g01:/home/vekkaz/ros2_ws_2401/install/model_robot_pkg_g01:/home/vekkaz/ros2_ws_2401/install/launch_pkg_g01:/home/vekkaz/ros2_ws_tutorial/install/robot_control:/opt/ros/humble /usr/bin/cmake --install /home/vekkaz/mobile_robotics_ws/build/ros2_control_demo_example_2
[9.866s] Level 1:colcon.colcon_core.environment:checking '/home/vekkaz/mobile_robotics_ws/install/ros2_control_demo_example_2' for CMake config files
[9.866s] Level 1:colcon.colcon_core.shell:create_environment_hook('ros2_control_demo_example_2', 'cmake_prefix_path')
[9.867s] INFO:colcon.colcon_core.shell:Creating environment hook '/home/vekkaz/mobile_robotics_ws/install/ros2_control_demo_example_2/share/ros2_control_demo_example_2/hook/cmake_prefix_path.ps1'
[9.868s] INFO:colcon.colcon_core.shell:Creating environment descriptor '/home/vekkaz/mobile_robotics_ws/install/ros2_control_demo_example_2/share/ros2_control_demo_example_2/hook/cmake_prefix_path.dsv'
[9.868s] INFO:colcon.colcon_core.shell:Creating environment hook '/home/vekkaz/mobile_robotics_ws/install/ros2_control_demo_example_2/share/ros2_control_demo_example_2/hook/cmake_prefix_path.sh'
[9.869s] Level 1:colcon.colcon_core.environment:checking '/home/vekkaz/mobile_robotics_ws/install/ros2_control_demo_example_2/lib'
[9.869s] Level 1:colcon.colcon_core.shell:create_environment_hook('ros2_control_demo_example_2', 'ld_library_path_lib')
[9.870s] INFO:colcon.colcon_core.shell:Creating environment hook '/home/vekkaz/mobile_robotics_ws/install/ros2_control_demo_example_2/share/ros2_control_demo_example_2/hook/ld_library_path_lib.ps1'
[9.871s] INFO:colcon.colcon_core.shell:Creating environment descriptor '/home/vekkaz/mobile_robotics_ws/install/ros2_control_demo_example_2/share/ros2_control_demo_example_2/hook/ld_library_path_lib.dsv'
[9.871s] INFO:colcon.colcon_core.shell:Creating environment hook '/home/vekkaz/mobile_robotics_ws/install/ros2_control_demo_example_2/share/ros2_control_demo_example_2/hook/ld_library_path_lib.sh'
[9.872s] Level 1:colcon.colcon_core.environment:checking '/home/vekkaz/mobile_robotics_ws/install/ros2_control_demo_example_2/bin'
[9.872s] Level 1:colcon.colcon_core.environment:checking '/home/vekkaz/mobile_robotics_ws/install/ros2_control_demo_example_2/lib/pkgconfig/ros2_control_demo_example_2.pc'
[9.872s] Level 1:colcon.colcon_core.environment:checking '/home/vekkaz/mobile_robotics_ws/install/ros2_control_demo_example_2/lib/python3.10/site-packages'
[9.873s] Level 1:colcon.colcon_core.environment:checking '/home/vekkaz/mobile_robotics_ws/install/ros2_control_demo_example_2/bin'
[9.873s] INFO:colcon.colcon_core.shell:Creating package script '/home/vekkaz/mobile_robotics_ws/install/ros2_control_demo_example_2/share/ros2_control_demo_example_2/package.ps1'
[9.874s] INFO:colcon.colcon_core.shell:Creating package descriptor '/home/vekkaz/mobile_robotics_ws/install/ros2_control_demo_example_2/share/ros2_control_demo_example_2/package.dsv'
[9.875s] INFO:colcon.colcon_core.shell:Creating package script '/home/vekkaz/mobile_robotics_ws/install/ros2_control_demo_example_2/share/ros2_control_demo_example_2/package.sh'
[9.876s] INFO:colcon.colcon_core.shell:Creating package script '/home/vekkaz/mobile_robotics_ws/install/ros2_control_demo_example_2/share/ros2_control_demo_example_2/package.bash'
[9.876s] INFO:colcon.colcon_core.shell:Creating package script '/home/vekkaz/mobile_robotics_ws/install/ros2_control_demo_example_2/share/ros2_control_demo_example_2/package.zsh'
[9.877s] Level 1:colcon.colcon_core.environment:create_file_with_runtime_dependencies(/home/vekkaz/mobile_robotics_ws/install/ros2_control_demo_example_2/share/colcon-core/packages/ros2_control_demo_example_2)
[9.925s] Level 1:colcon.colcon_core.environment:create_environment_scripts_only(ros2_control_demo_example_2)
[9.925s] Level 1:colcon.colcon_core.environment:checking '/home/vekkaz/mobile_robotics_ws/install/ros2_control_demo_example_2' for CMake module files
[9.926s] Level 1:colcon.colcon_core.environment:checking '/home/vekkaz/mobile_robotics_ws/install/ros2_control_demo_example_2' for CMake config files
[9.927s] Level 1:colcon.colcon_core.shell:create_environment_hook('ros2_control_demo_example_2', 'cmake_prefix_path')
[9.927s] INFO:colcon.colcon_core.shell:Creating environment hook '/home/vekkaz/mobile_robotics_ws/install/ros2_control_demo_example_2/share/ros2_control_demo_example_2/hook/cmake_prefix_path.ps1'
[9.928s] INFO:colcon.colcon_core.shell:Creating environment descriptor '/home/vekkaz/mobile_robotics_ws/install/ros2_control_demo_example_2/share/ros2_control_demo_example_2/hook/cmake_prefix_path.dsv'
[9.929s] INFO:colcon.colcon_core.shell:Creating environment hook '/home/vekkaz/mobile_robotics_ws/install/ros2_control_demo_example_2/share/ros2_control_demo_example_2/hook/cmake_prefix_path.sh'
[9.930s] Level 1:colcon.colcon_core.environment:checking '/home/vekkaz/mobile_robotics_ws/install/ros2_control_demo_example_2/lib'
[9.930s] Level 1:colcon.colcon_core.shell:create_environment_hook('ros2_control_demo_example_2', 'ld_library_path_lib')
[9.930s] INFO:colcon.colcon_core.shell:Creating environment hook '/home/vekkaz/mobile_robotics_ws/install/ros2_control_demo_example_2/share/ros2_control_demo_example_2/hook/ld_library_path_lib.ps1'
[9.931s] INFO:colcon.colcon_core.shell:Creating environment descriptor '/home/vekkaz/mobile_robotics_ws/install/ros2_control_demo_example_2/share/ros2_control_demo_example_2/hook/ld_library_path_lib.dsv'
[9.961s] INFO:colcon.colcon_core.shell:Creating environment hook '/home/vekkaz/mobile_robotics_ws/install/ros2_control_demo_example_2/share/ros2_control_demo_example_2/hook/ld_library_path_lib.sh'
[9.962s] Level 1:colcon.colcon_core.environment:checking '/home/vekkaz/mobile_robotics_ws/install/ros2_control_demo_example_2/bin'
[9.962s] Level 1:colcon.colcon_core.environment:checking '/home/vekkaz/mobile_robotics_ws/install/ros2_control_demo_example_2/lib/pkgconfig/ros2_control_demo_example_2.pc'
[9.962s] Level 1:colcon.colcon_core.environment:checking '/home/vekkaz/mobile_robotics_ws/install/ros2_control_demo_example_2/lib/python3.10/site-packages'
[9.963s] Level 1:colcon.colcon_core.environment:checking '/home/vekkaz/mobile_robotics_ws/install/ros2_control_demo_example_2/bin'
[9.964s] INFO:colcon.colcon_core.shell:Creating package script '/home/vekkaz/mobile_robotics_ws/install/ros2_control_demo_example_2/share/ros2_control_demo_example_2/package.ps1'
[10.025s] INFO:colcon.colcon_core.shell:Creating package descriptor '/home/vekkaz/mobile_robotics_ws/install/ros2_control_demo_example_2/share/ros2_control_demo_example_2/package.dsv'
[10.027s] INFO:colcon.colcon_core.shell:Creating package script '/home/vekkaz/mobile_robotics_ws/install/ros2_control_demo_example_2/share/ros2_control_demo_example_2/package.sh'
[10.028s] INFO:colcon.colcon_core.shell:Creating package script '/home/vekkaz/mobile_robotics_ws/install/ros2_control_demo_example_2/share/ros2_control_demo_example_2/package.bash'
[10.028s] INFO:colcon.colcon_core.shell:Creating package script '/home/vekkaz/mobile_robotics_ws/install/ros2_control_demo_example_2/share/ros2_control_demo_example_2/package.zsh'
[10.029s] Level 1:colcon.colcon_core.environment:create_file_with_runtime_dependencies(/home/vekkaz/mobile_robotics_ws/install/ros2_control_demo_example_2/share/colcon-core/packages/ros2_control_demo_example_2)
[11.900s] DEBUG:colcon.colcon_core.event_handler.log_command:Invoking command in '/home/vekkaz/mobile_robotics_ws/build/joy_tester': PYTHONPATH=/home/vekkaz/mobile_robotics_ws/build/joy_tester/prefix_override:/usr/lib/python3/dist-packages/colcon_core/task/python/colcon_distutils_commands:/home/vekkaz/mobile_robotics_ws/install/joy_tester/lib/python3.10/site-packages:${PYTHONPATH} /usr/bin/python3 -W ignore:setup.py install is deprecated setup.py develop --editable --build-directory /home/vekkaz/mobile_robotics_ws/build/joy_tester/build --no-deps symlink_data
[11.902s] DEBUG:colcon.colcon_core.event_handler.log_command:Invoking command in '/home/vekkaz/mobile_robotics_ws/build/scan_pkg': PYTHONPATH=/home/vekkaz/mobile_robotics_ws/build/scan_pkg/prefix_override:/usr/lib/python3/dist-packages/colcon_core/task/python/colcon_distutils_commands:/home/vekkaz/mobile_robotics_ws/install/scan_pkg/lib/python3.10/site-packages:${PYTHONPATH} /usr/bin/python3 -W ignore:setup.py install is deprecated setup.py develop --editable --build-directory /home/vekkaz/mobile_robotics_ws/build/scan_pkg/build --no-deps symlink_data
[11.904s] DEBUG:colcon.colcon_core.event_handler.log_command:Invoking command in '/home/vekkaz/mobile_robotics_ws/build/wall_following_alpha': PYTHONPATH=/home/vekkaz/mobile_robotics_ws/build/wall_following_alpha/prefix_override:/usr/lib/python3/dist-packages/colcon_core/task/python/colcon_distutils_commands:/home/vekkaz/mobile_robotics_ws/install/wall_following_alpha/lib/python3.10/site-packages:${PYTHONPATH} /usr/bin/python3 -W ignore:setup.py install is deprecated setup.py develop --editable --build-directory /home/vekkaz/mobile_robotics_ws/build/wall_following_alpha/build --no-deps symlink_data
[12.699s] Level 1:colcon.colcon_core.shell:create_environment_hook('wall_following_alpha', 'pythonpath_develop')
[12.699s] INFO:colcon.colcon_core.shell:Creating environment hook '/home/vekkaz/mobile_robotics_ws/build/wall_following_alpha/share/wall_following_alpha/hook/pythonpath_develop.ps1'
[12.699s] DEBUG:colcon.colcon_core.event_handler.log_command:Invoked command in '/home/vekkaz/mobile_robotics_ws/build/wall_following_alpha' returned '0': PYTHONPATH=/home/vekkaz/mobile_robotics_ws/build/wall_following_alpha/prefix_override:/usr/lib/python3/dist-packages/colcon_core/task/python/colcon_distutils_commands:/home/vekkaz/mobile_robotics_ws/install/wall_following_alpha/lib/python3.10/site-packages:${PYTHONPATH} /usr/bin/python3 -W ignore:setup.py install is deprecated setup.py develop --editable --build-directory /home/vekkaz/mobile_robotics_ws/build/wall_following_alpha/build --no-deps symlink_data
[12.700s] INFO:colcon.colcon_core.shell:Creating environment descriptor '/home/vekkaz/mobile_robotics_ws/build/wall_following_alpha/share/wall_following_alpha/hook/pythonpath_develop.dsv'
[12.700s] INFO:colcon.colcon_core.shell:Creating environment hook '/home/vekkaz/mobile_robotics_ws/build/wall_following_alpha/share/wall_following_alpha/hook/pythonpath_develop.sh'
[12.700s] Level 1:colcon.colcon_core.environment:checking '/home/vekkaz/mobile_robotics_ws/install/wall_following_alpha' for CMake module files
[12.700s] Level 1:colcon.colcon_core.environment:checking '/home/vekkaz/mobile_robotics_ws/install/wall_following_alpha' for CMake config files
[12.701s] Level 1:colcon.colcon_core.environment:checking '/home/vekkaz/mobile_robotics_ws/install/wall_following_alpha/lib'
[12.701s] Level 1:colcon.colcon_core.environment:checking '/home/vekkaz/mobile_robotics_ws/install/wall_following_alpha/bin'
[12.701s] Level 1:colcon.colcon_core.environment:checking '/home/vekkaz/mobile_robotics_ws/install/wall_following_alpha/lib/pkgconfig/wall_following_alpha.pc'
[12.701s] Level 1:colcon.colcon_core.environment:checking '/home/vekkaz/mobile_robotics_ws/install/wall_following_alpha/lib/python3.10/site-packages'
[12.701s] Level 1:colcon.colcon_core.shell:create_environment_hook('wall_following_alpha', 'pythonpath')
[12.701s] INFO:colcon.colcon_core.shell:Creating environment hook '/home/vekkaz/mobile_robotics_ws/install/wall_following_alpha/share/wall_following_alpha/hook/pythonpath.ps1'
[12.701s] INFO:colcon.colcon_core.shell:Creating environment descriptor '/home/vekkaz/mobile_robotics_ws/install/wall_following_alpha/share/wall_following_alpha/hook/pythonpath.dsv'
[12.701s] INFO:colcon.colcon_core.shell:Creating environment hook '/home/vekkaz/mobile_robotics_ws/install/wall_following_alpha/share/wall_following_alpha/hook/pythonpath.sh'
[12.702s] Level 1:colcon.colcon_core.environment:checking '/home/vekkaz/mobile_robotics_ws/install/wall_following_alpha/bin'
[12.702s] Level 1:colcon.colcon_core.environment:create_environment_scripts_only(wall_following_alpha)
[12.702s] INFO:colcon.colcon_core.shell:Creating package script '/home/vekkaz/mobile_robotics_ws/install/wall_following_alpha/share/wall_following_alpha/package.ps1'
[12.702s] INFO:colcon.colcon_core.shell:Creating package descriptor '/home/vekkaz/mobile_robotics_ws/install/wall_following_alpha/share/wall_following_alpha/package.dsv'
[12.702s] INFO:colcon.colcon_core.shell:Creating package script '/home/vekkaz/mobile_robotics_ws/install/wall_following_alpha/share/wall_following_alpha/package.sh'
[12.703s] INFO:colcon.colcon_core.shell:Creating package script '/home/vekkaz/mobile_robotics_ws/install/wall_following_alpha/share/wall_following_alpha/package.bash'
[12.703s] INFO:colcon.colcon_core.shell:Creating package script '/home/vekkaz/mobile_robotics_ws/install/wall_following_alpha/share/wall_following_alpha/package.zsh'
[12.703s] Level 1:colcon.colcon_core.environment:create_file_with_runtime_dependencies(/home/vekkaz/mobile_robotics_ws/install/wall_following_alpha/share/colcon-core/packages/wall_following_alpha)
[12.779s] Level 1:colcon.colcon_core.shell:create_environment_hook('scan_pkg', 'pythonpath_develop')
[12.780s] INFO:colcon.colcon_core.shell:Creating environment hook '/home/vekkaz/mobile_robotics_ws/build/scan_pkg/share/scan_pkg/hook/pythonpath_develop.ps1'
[12.781s] DEBUG:colcon.colcon_core.event_handler.log_command:Invoked command in '/home/vekkaz/mobile_robotics_ws/build/scan_pkg' returned '0': PYTHONPATH=/home/vekkaz/mobile_robotics_ws/build/scan_pkg/prefix_override:/usr/lib/python3/dist-packages/colcon_core/task/python/colcon_distutils_commands:/home/vekkaz/mobile_robotics_ws/install/scan_pkg/lib/python3.10/site-packages:${PYTHONPATH} /usr/bin/python3 -W ignore:setup.py install is deprecated setup.py develop --editable --build-directory /home/vekkaz/mobile_robotics_ws/build/scan_pkg/build --no-deps symlink_data
[12.782s] INFO:colcon.colcon_core.shell:Creating environment descriptor '/home/vekkaz/mobile_robotics_ws/build/scan_pkg/share/scan_pkg/hook/pythonpath_develop.dsv'
[12.783s] INFO:colcon.colcon_core.shell:Creating environment hook '/home/vekkaz/mobile_robotics_ws/build/scan_pkg/share/scan_pkg/hook/pythonpath_develop.sh'
[12.785s] Level 1:colcon.colcon_core.environment:checking '/home/vekkaz/mobile_robotics_ws/install/scan_pkg' for CMake module files
[12.787s] Level 1:colcon.colcon_core.environment:checking '/home/vekkaz/mobile_robotics_ws/install/scan_pkg' for CMake config files
[12.788s] Level 1:colcon.colcon_core.environment:checking '/home/vekkaz/mobile_robotics_ws/install/scan_pkg/lib'
[12.788s] Level 1:colcon.colcon_core.environment:checking '/home/vekkaz/mobile_robotics_ws/install/scan_pkg/bin'
[12.789s] Level 1:colcon.colcon_core.environment:checking '/home/vekkaz/mobile_robotics_ws/install/scan_pkg/lib/pkgconfig/scan_pkg.pc'
[12.789s] Level 1:colcon.colcon_core.environment:checking '/home/vekkaz/mobile_robotics_ws/install/scan_pkg/lib/python3.10/site-packages'
[12.789s] Level 1:colcon.colcon_core.shell:create_environment_hook('scan_pkg', 'pythonpath')
[12.790s] INFO:colcon.colcon_core.shell:Creating environment hook '/home/vekkaz/mobile_robotics_ws/install/scan_pkg/share/scan_pkg/hook/pythonpath.ps1'
[12.791s] INFO:colcon.colcon_core.shell:Creating environment descriptor '/home/vekkaz/mobile_robotics_ws/install/scan_pkg/share/scan_pkg/hook/pythonpath.dsv'
[12.792s] INFO:colcon.colcon_core.shell:Creating environment hook '/home/vekkaz/mobile_robotics_ws/install/scan_pkg/share/scan_pkg/hook/pythonpath.sh'
[12.793s] Level 1:colcon.colcon_core.environment:checking '/home/vekkaz/mobile_robotics_ws/install/scan_pkg/bin'
[12.793s] Level 1:colcon.colcon_core.environment:create_environment_scripts_only(scan_pkg)
[12.794s] INFO:colcon.colcon_core.shell:Creating package script '/home/vekkaz/mobile_robotics_ws/install/scan_pkg/share/scan_pkg/package.ps1'
[12.795s] INFO:colcon.colcon_core.shell:Creating package descriptor '/home/vekkaz/mobile_robotics_ws/install/scan_pkg/share/scan_pkg/package.dsv'
[12.796s] INFO:colcon.colcon_core.shell:Creating package script '/home/vekkaz/mobile_robotics_ws/install/scan_pkg/share/scan_pkg/package.sh'
[12.797s] INFO:colcon.colcon_core.shell:Creating package script '/home/vekkaz/mobile_robotics_ws/install/scan_pkg/share/scan_pkg/package.bash'
[12.797s] INFO:colcon.colcon_core.shell:Creating package script '/home/vekkaz/mobile_robotics_ws/install/scan_pkg/share/scan_pkg/package.zsh'
[12.798s] Level 1:colcon.colcon_core.environment:create_file_with_runtime_dependencies(/home/vekkaz/mobile_robotics_ws/install/scan_pkg/share/colcon-core/packages/scan_pkg)
[12.811s] Level 1:colcon.colcon_core.shell:create_environment_hook('joy_tester', 'pythonpath_develop')
[12.812s] INFO:colcon.colcon_core.shell:Creating environment hook '/home/vekkaz/mobile_robotics_ws/build/joy_tester/share/joy_tester/hook/pythonpath_develop.ps1'
[12.813s] DEBUG:colcon.colcon_core.event_handler.log_command:Invoked command in '/home/vekkaz/mobile_robotics_ws/build/joy_tester' returned '0': PYTHONPATH=/home/vekkaz/mobile_robotics_ws/build/joy_tester/prefix_override:/usr/lib/python3/dist-packages/colcon_core/task/python/colcon_distutils_commands:/home/vekkaz/mobile_robotics_ws/install/joy_tester/lib/python3.10/site-packages:${PYTHONPATH} /usr/bin/python3 -W ignore:setup.py install is deprecated setup.py develop --editable --build-directory /home/vekkaz/mobile_robotics_ws/build/joy_tester/build --no-deps symlink_data
[12.814s] INFO:colcon.colcon_core.shell:Creating environment descriptor '/home/vekkaz/mobile_robotics_ws/build/joy_tester/share/joy_tester/hook/pythonpath_develop.dsv'
[12.814s] INFO:colcon.colcon_core.shell:Creating environment hook '/home/vekkaz/mobile_robotics_ws/build/joy_tester/share/joy_tester/hook/pythonpath_develop.sh'
[12.815s] Level 1:colcon.colcon_core.environment:checking '/home/vekkaz/mobile_robotics_ws/install/joy_tester' for CMake module files
[12.816s] Level 1:colcon.colcon_core.environment:checking '/home/vekkaz/mobile_robotics_ws/install/joy_tester' for CMake config files
[12.817s] Level 1:colcon.colcon_core.environment:checking '/home/vekkaz/mobile_robotics_ws/install/joy_tester/lib'
[12.817s] Level 1:colcon.colcon_core.environment:checking '/home/vekkaz/mobile_robotics_ws/install/joy_tester/bin'
[12.817s] Level 1:colcon.colcon_core.environment:checking '/home/vekkaz/mobile_robotics_ws/install/joy_tester/lib/pkgconfig/joy_tester.pc'
[12.818s] Level 1:colcon.colcon_core.environment:checking '/home/vekkaz/mobile_robotics_ws/install/joy_tester/lib/python3.10/site-packages'
[12.818s] Level 1:colcon.colcon_core.shell:create_environment_hook('joy_tester', 'pythonpath')
[12.818s] INFO:colcon.colcon_core.shell:Creating environment hook '/home/vekkaz/mobile_robotics_ws/install/joy_tester/share/joy_tester/hook/pythonpath.ps1'
[12.819s] INFO:colcon.colcon_core.shell:Creating environment descriptor '/home/vekkaz/mobile_robotics_ws/install/joy_tester/share/joy_tester/hook/pythonpath.dsv'
[12.820s] INFO:colcon.colcon_core.shell:Creating environment hook '/home/vekkaz/mobile_robotics_ws/install/joy_tester/share/joy_tester/hook/pythonpath.sh'
[12.821s] Level 1:colcon.colcon_core.environment:checking '/home/vekkaz/mobile_robotics_ws/install/joy_tester/bin'
[12.821s] Level 1:colcon.colcon_core.environment:create_environment_scripts_only(joy_tester)
[12.821s] INFO:colcon.colcon_core.shell:Creating package script '/home/vekkaz/mobile_robotics_ws/install/joy_tester/share/joy_tester/package.ps1'
[12.823s] INFO:colcon.colcon_core.shell:Creating package descriptor '/home/vekkaz/mobile_robotics_ws/install/joy_tester/share/joy_tester/package.dsv'
[12.824s] INFO:colcon.colcon_core.shell:Creating package script '/home/vekkaz/mobile_robotics_ws/install/joy_tester/share/joy_tester/package.sh'
[12.825s] INFO:colcon.colcon_core.shell:Creating package script '/home/vekkaz/mobile_robotics_ws/install/joy_tester/share/joy_tester/package.bash'
[12.825s] INFO:colcon.colcon_core.shell:Creating package script '/home/vekkaz/mobile_robotics_ws/install/joy_tester/share/joy_tester/package.zsh'
[12.826s] Level 1:colcon.colcon_core.environment:create_file_with_runtime_dependencies(/home/vekkaz/mobile_robotics_ws/install/joy_tester/share/colcon-core/packages/joy_tester)
[12.826s] DEBUG:colcon.colcon_parallel_executor.executor.parallel:closing loop
[12.827s] DEBUG:colcon.colcon_parallel_executor.executor.parallel:loop closed
[12.827s] DEBUG:colcon.colcon_parallel_executor.executor.parallel:run_until_complete finished with '0'
[12.827s] DEBUG:colcon.colcon_core.event_reactor:joining thread
[12.849s] INFO:colcon.colcon_core.plugin_system:Skipping extension 'colcon_notification.desktop_notification.terminal_notifier': Not used on non-Darwin systems
[12.850s] INFO:colcon.colcon_core.plugin_system:Skipping extension 'colcon_notification.desktop_notification.win32': Not used on non-Windows systems
[12.850s] INFO:colcon.colcon_notification.desktop_notification:Sending desktop notification using 'notify2'
[12.894s] DEBUG:colcon.colcon_core.event_reactor:joined thread
[12.894s] INFO:colcon.colcon_core.shell:Creating prefix script '/home/vekkaz/mobile_robotics_ws/install/local_setup.ps1'
[12.897s] INFO:colcon.colcon_core.shell:Creating prefix util module '/home/vekkaz/mobile_robotics_ws/install/_local_setup_util_ps1.py'
[12.906s] INFO:colcon.colcon_core.shell:Creating prefix chain script '/home/vekkaz/mobile_robotics_ws/install/setup.ps1'
[12.909s] INFO:colcon.colcon_core.shell:Creating prefix script '/home/vekkaz/mobile_robotics_ws/install/local_setup.sh'
[12.927s] INFO:colcon.colcon_core.shell:Creating prefix util module '/home/vekkaz/mobile_robotics_ws/install/_local_setup_util_sh.py'
[12.928s] INFO:colcon.colcon_core.shell:Creating prefix chain script '/home/vekkaz/mobile_robotics_ws/install/setup.sh'
[12.931s] INFO:colcon.colcon_core.shell:Creating prefix script '/home/vekkaz/mobile_robotics_ws/install/local_setup.bash'
[12.932s] INFO:colcon.colcon_core.shell:Creating prefix chain script '/home/vekkaz/mobile_robotics_ws/install/setup.bash'
[12.934s] INFO:colcon.colcon_core.shell:Creating prefix script '/home/vekkaz/mobile_robotics_ws/install/local_setup.zsh'
[12.936s] INFO:colcon.colcon_core.shell:Creating prefix chain script '/home/vekkaz/mobile_robotics_ws/install/setup.zsh'
