[2.843s] Invoking command in '/home/vekkaz/mobile_robotics_ws/build/wall_following_alpha': PYTHONPATH=/home/vekkaz/mobile_robotics_ws/build/wall_following_alpha/prefix_override:/usr/lib/python3/dist-packages/colcon_core/task/python/colcon_distutils_commands:/home/vekkaz/mobile_robotics_ws/install/wall_following_alpha/lib/python3.10/site-packages:${PYTHONPATH} /usr/bin/python3 -W ignore:setup.py install is deprecated setup.py develop --editable --build-directory /home/vekkaz/mobile_robotics_ws/build/wall_following_alpha/build --no-deps symlink_data
[3.105s] running develop
[3.510s] running egg_info
[3.510s] writing wall_following_alpha.egg-info/PKG-INFO
[3.510s] writing dependency_links to wall_following_alpha.egg-info/dependency_links.txt
[3.510s] writing entry points to wall_following_alpha.egg-info/entry_points.txt
[3.511s] writing requirements to wall_following_alpha.egg-info/requires.txt
[3.511s] writing top-level names to wall_following_alpha.egg-info/top_level.txt
[3.513s] reading manifest file 'wall_following_alpha.egg-info/SOURCES.txt'
[3.514s] writing manifest file 'wall_following_alpha.egg-info/SOURCES.txt'
[3.515s] running build_ext
[3.515s] Creating /home/vekkaz/mobile_robotics_ws/install/wall_following_alpha/lib/python3.10/site-packages/wall-following-alpha.egg-link (link to .)
[3.515s] Installing control_alpha script to /home/vekkaz/mobile_robotics_ws/install/wall_following_alpha/lib/wall_following_alpha
[3.516s] Installing dist_finder_alpha script to /home/vekkaz/mobile_robotics_ws/install/wall_following_alpha/lib/wall_following_alpha
[3.516s] 
[3.516s] Installed /home/vekkaz/mobile_robotics_ws/build/wall_following_alpha
[3.516s] running symlink_data
[3.516s] creating /home/vekkaz/mobile_robotics_ws/install/wall_following_alpha/share/wall_following_alpha/launch
[3.516s] symbolically linking /home/vekkaz/mobile_robotics_ws/build/wall_following_alpha/launch/wall_following.launch.py -> /home/vekkaz/mobile_robotics_ws/install/wall_following_alpha/share/wall_following_alpha/launch
[3.573s] Invoked command in '/home/vekkaz/mobile_robotics_ws/build/wall_following_alpha' returned '0': PYTHONPATH=/home/vekkaz/mobile_robotics_ws/build/wall_following_alpha/prefix_override:/usr/lib/python3/dist-packages/colcon_core/task/python/colcon_distutils_commands:/home/vekkaz/mobile_robotics_ws/install/wall_following_alpha/lib/python3.10/site-packages:${PYTHONPATH} /usr/bin/python3 -W ignore:setup.py install is deprecated setup.py develop --editable --build-directory /home/vekkaz/mobile_robotics_ws/build/wall_following_alpha/build --no-deps symlink_data
