[0.899s] Invoking command in '/home/vekkaz/mobile_robotics_ws/build/scan_pkg': PYTHONPATH=/home/vekkaz/mobile_robotics_ws/build/scan_pkg/prefix_override:/usr/lib/python3/dist-packages/colcon_core/task/python/colcon_distutils_commands:/home/vekkaz/mobile_robotics_ws/install/scan_pkg/lib/python3.10/site-packages:${PYTHONPATH} /usr/bin/python3 -W ignore:setup.py install is deprecated setup.py develop --editable --build-directory /home/vekkaz/mobile_robotics_ws/build/scan_pkg/build --no-deps symlink_data
[1.115s] running develop
[1.265s] running egg_info
[1.265s] creating scan_pkg.egg-info
[1.265s] writing scan_pkg.egg-info/PKG-INFO
[1.265s] writing dependency_links to scan_pkg.egg-info/dependency_links.txt
[1.266s] writing entry points to scan_pkg.egg-info/entry_points.txt
[1.266s] writing requirements to scan_pkg.egg-info/requires.txt
[1.266s] writing top-level names to scan_pkg.egg-info/top_level.txt
[1.266s] writing manifest file 'scan_pkg.egg-info/SOURCES.txt'
[1.267s] reading manifest file 'scan_pkg.egg-info/SOURCES.txt'
[1.267s] writing manifest file 'scan_pkg.egg-info/SOURCES.txt'
[1.268s] running build_ext
[1.268s] Creating /home/vekkaz/mobile_robotics_ws/install/scan_pkg/lib/python3.10/site-packages/scan-pkg.egg-link (link to .)
[1.269s] Installing scan_node script to /home/vekkaz/mobile_robotics_ws/install/scan_pkg/lib/scan_pkg
[1.269s] 
[1.269s] Installed /home/vekkaz/mobile_robotics_ws/build/scan_pkg
[1.269s] running symlink_data
[1.269s] creating /home/vekkaz/mobile_robotics_ws/install/scan_pkg/share/ament_index
[1.269s] creating /home/vekkaz/mobile_robotics_ws/install/scan_pkg/share/ament_index/resource_index
[1.269s] creating /home/vekkaz/mobile_robotics_ws/install/scan_pkg/share/ament_index/resource_index/packages
[1.269s] symbolically linking /home/vekkaz/mobile_robotics_ws/build/scan_pkg/resource/scan_pkg -> /home/vekkaz/mobile_robotics_ws/install/scan_pkg/share/ament_index/resource_index/packages
[1.269s] symbolically linking /home/vekkaz/mobile_robotics_ws/build/scan_pkg/package.xml -> /home/vekkaz/mobile_robotics_ws/install/scan_pkg/share/scan_pkg
[1.295s] Invoked command in '/home/vekkaz/mobile_robotics_ws/build/scan_pkg' returned '0': PYTHONPATH=/home/vekkaz/mobile_robotics_ws/build/scan_pkg/prefix_override:/usr/lib/python3/dist-packages/colcon_core/task/python/colcon_distutils_commands:/home/vekkaz/mobile_robotics_ws/install/scan_pkg/lib/python3.10/site-packages:${PYTHONPATH} /usr/bin/python3 -W ignore:setup.py install is deprecated setup.py develop --editable --build-directory /home/vekkaz/mobile_robotics_ws/build/scan_pkg/build --no-deps symlink_data
