[0.006s] Invoking command in '/home/vekkaz/mobile_robotics_ws/build/f11th_sim_2024_alpha': CMAKE_PREFIX_PATH=/home/vekkaz/ros2_ws_2401/install/turtle_move_pkg_g01:/home/vekkaz/ros2_ws_2401/install/turtle_move_2_pkg_g01:/home/vekkaz/ros2_ws_2401/install/turtle_move_2_pkg_G01:/home/vekkaz/ros2_ws_2401/install/robotcar_base_pkg_g01:/home/vekkaz/ros2_ws_2401/install/model_robot_pkg_g01:/home/vekkaz/ros2_ws_2401/install/launch_pkg_g01:/home/vekkaz/ros2_ws_tutorial/install/robot_control:/opt/ros/humble /usr/bin/cmake /home/vekkaz/mobile_robotics_ws/src/f11th_sim_2024_alpha -DAMENT_CMAKE_SYMLINK_INSTALL=1 -DCMAKE_INSTALL_PREFIX=/home/vekkaz/mobile_robotics_ws/install/f11th_sim_2024_alpha
[0.044s] -- The C compiler identification is GNU 11.4.0
[0.080s] -- The CXX compiler identification is GNU 11.4.0
[0.085s] -- Detecting C compiler ABI info
[0.171s] -- Detecting C compiler ABI info - done
[0.176s] -- Check for working C compiler: /usr/bin/cc - skipped
[0.176s] -- Detecting C compile features
[0.176s] -- Detecting C compile features - done
[0.178s] -- Detecting CXX compiler ABI info
[0.233s] -- Detecting CXX compiler ABI info - done
[0.238s] -- Check for working CXX compiler: /usr/bin/c++ - skipped
[0.238s] -- Detecting CXX compile features
[0.238s] -- Detecting CXX compile features - done
[0.848s] -- Found ament_cmake: 1.3.9 (/opt/ros/humble/share/ament_cmake/cmake)
[0.965s] -- Found Python3: /usr/bin/python3 (found version "3.10.12") found components: Interpreter 
[1.011s] -- Override CMake install command with custom implementation using symlinks instead of copying resources
[1.032s] -- Found ament_lint_auto: 0.12.11 (/opt/ros/humble/share/ament_lint_auto/cmake)
[1.089s] -- Added test 'lint_cmake' to check CMake code style
[1.089s] -- Added test 'xmllint' to check XML markup files
[1.090s] -- Configuring done
[1.092s] -- Generating done
[1.092s] -- Build files have been written to: /home/vekkaz/mobile_robotics_ws/build/f11th_sim_2024_alpha
[1.097s] Invoked command in '/home/vekkaz/mobile_robotics_ws/build/f11th_sim_2024_alpha' returned '0': CMAKE_PREFIX_PATH=/home/vekkaz/ros2_ws_2401/install/turtle_move_pkg_g01:/home/vekkaz/ros2_ws_2401/install/turtle_move_2_pkg_g01:/home/vekkaz/ros2_ws_2401/install/turtle_move_2_pkg_G01:/home/vekkaz/ros2_ws_2401/install/robotcar_base_pkg_g01:/home/vekkaz/ros2_ws_2401/install/model_robot_pkg_g01:/home/vekkaz/ros2_ws_2401/install/launch_pkg_g01:/home/vekkaz/ros2_ws_tutorial/install/robot_control:/opt/ros/humble /usr/bin/cmake /home/vekkaz/mobile_robotics_ws/src/f11th_sim_2024_alpha -DAMENT_CMAKE_SYMLINK_INSTALL=1 -DCMAKE_INSTALL_PREFIX=/home/vekkaz/mobile_robotics_ws/install/f11th_sim_2024_alpha
[1.097s] Invoking command in '/home/vekkaz/mobile_robotics_ws/build/f11th_sim_2024_alpha': CMAKE_PREFIX_PATH=/home/vekkaz/ros2_ws_2401/install/turtle_move_pkg_g01:/home/vekkaz/ros2_ws_2401/install/turtle_move_2_pkg_g01:/home/vekkaz/ros2_ws_2401/install/turtle_move_2_pkg_G01:/home/vekkaz/ros2_ws_2401/install/robotcar_base_pkg_g01:/home/vekkaz/ros2_ws_2401/install/model_robot_pkg_g01:/home/vekkaz/ros2_ws_2401/install/launch_pkg_g01:/home/vekkaz/ros2_ws_tutorial/install/robot_control:/opt/ros/humble /usr/bin/cmake --build /home/vekkaz/mobile_robotics_ws/build/f11th_sim_2024_alpha -- -j12 -l12
[1.124s] Invoked command in '/home/vekkaz/mobile_robotics_ws/build/f11th_sim_2024_alpha' returned '0': CMAKE_PREFIX_PATH=/home/vekkaz/ros2_ws_2401/install/turtle_move_pkg_g01:/home/vekkaz/ros2_ws_2401/install/turtle_move_2_pkg_g01:/home/vekkaz/ros2_ws_2401/install/turtle_move_2_pkg_G01:/home/vekkaz/ros2_ws_2401/install/robotcar_base_pkg_g01:/home/vekkaz/ros2_ws_2401/install/model_robot_pkg_g01:/home/vekkaz/ros2_ws_2401/install/launch_pkg_g01:/home/vekkaz/ros2_ws_tutorial/install/robot_control:/opt/ros/humble /usr/bin/cmake --build /home/vekkaz/mobile_robotics_ws/build/f11th_sim_2024_alpha -- -j12 -l12
[1.145s] Invoking command in '/home/vekkaz/mobile_robotics_ws/build/f11th_sim_2024_alpha': CMAKE_PREFIX_PATH=/home/vekkaz/ros2_ws_2401/install/turtle_move_pkg_g01:/home/vekkaz/ros2_ws_2401/install/turtle_move_2_pkg_g01:/home/vekkaz/ros2_ws_2401/install/turtle_move_2_pkg_G01:/home/vekkaz/ros2_ws_2401/install/robotcar_base_pkg_g01:/home/vekkaz/ros2_ws_2401/install/model_robot_pkg_g01:/home/vekkaz/ros2_ws_2401/install/launch_pkg_g01:/home/vekkaz/ros2_ws_tutorial/install/robot_control:/opt/ros/humble /usr/bin/cmake --install /home/vekkaz/mobile_robotics_ws/build/f11th_sim_2024_alpha
[1.151s] -- Install configuration: ""
[1.151s] -- Execute custom install script
[1.151s] -- Symlinking: /home/vekkaz/mobile_robotics_ws/install/f11th_sim_2024_alpha/share/ament_index/resource_index/package_run_dependencies/f11th_sim_2024_alpha
[1.158s] -- Symlinking: /home/vekkaz/mobile_robotics_ws/install/f11th_sim_2024_alpha/share/ament_index/resource_index/parent_prefix_path/f11th_sim_2024_alpha
[1.164s] -- Symlinking: /home/vekkaz/mobile_robotics_ws/install/f11th_sim_2024_alpha/share/f11th_sim_2024_alpha/environment/ament_prefix_path.sh
[1.171s] -- Symlinking: /home/vekkaz/mobile_robotics_ws/install/f11th_sim_2024_alpha/share/f11th_sim_2024_alpha/environment/ament_prefix_path.dsv
[1.177s] -- Symlinking: /home/vekkaz/mobile_robotics_ws/install/f11th_sim_2024_alpha/share/f11th_sim_2024_alpha/environment/path.sh
[1.183s] -- Symlinking: /home/vekkaz/mobile_robotics_ws/install/f11th_sim_2024_alpha/share/f11th_sim_2024_alpha/environment/path.dsv
[1.189s] -- Symlinking: /home/vekkaz/mobile_robotics_ws/install/f11th_sim_2024_alpha/share/f11th_sim_2024_alpha/local_setup.bash
[1.195s] -- Symlinking: /home/vekkaz/mobile_robotics_ws/install/f11th_sim_2024_alpha/share/f11th_sim_2024_alpha/local_setup.sh
[1.202s] -- Symlinking: /home/vekkaz/mobile_robotics_ws/install/f11th_sim_2024_alpha/share/f11th_sim_2024_alpha/local_setup.zsh
[1.208s] -- Symlinking: /home/vekkaz/mobile_robotics_ws/install/f11th_sim_2024_alpha/share/f11th_sim_2024_alpha/local_setup.dsv
[1.215s] -- Symlinking: /home/vekkaz/mobile_robotics_ws/install/f11th_sim_2024_alpha/share/f11th_sim_2024_alpha/package.dsv
[1.221s] -- Symlinking: /home/vekkaz/mobile_robotics_ws/install/f11th_sim_2024_alpha/share/ament_index/resource_index/packages/f11th_sim_2024_alpha
[1.227s] -- Symlinking: /home/vekkaz/mobile_robotics_ws/install/f11th_sim_2024_alpha/share/f11th_sim_2024_alpha/cmake/f11th_sim_2024_alphaConfig.cmake
[1.234s] -- Symlinking: /home/vekkaz/mobile_robotics_ws/install/f11th_sim_2024_alpha/share/f11th_sim_2024_alpha/cmake/f11th_sim_2024_alphaConfig-version.cmake
[1.240s] -- Symlinking: /home/vekkaz/mobile_robotics_ws/install/f11th_sim_2024_alpha/share/f11th_sim_2024_alpha/package.xml
[1.247s] Invoked command in '/home/vekkaz/mobile_robotics_ws/build/f11th_sim_2024_alpha' returned '0': CMAKE_PREFIX_PATH=/home/vekkaz/ros2_ws_2401/install/turtle_move_pkg_g01:/home/vekkaz/ros2_ws_2401/install/turtle_move_2_pkg_g01:/home/vekkaz/ros2_ws_2401/install/turtle_move_2_pkg_G01:/home/vekkaz/ros2_ws_2401/install/robotcar_base_pkg_g01:/home/vekkaz/ros2_ws_2401/install/model_robot_pkg_g01:/home/vekkaz/ros2_ws_2401/install/launch_pkg_g01:/home/vekkaz/ros2_ws_tutorial/install/robot_control:/opt/ros/humble /usr/bin/cmake --install /home/vekkaz/mobile_robotics_ws/build/f11th_sim_2024_alpha
