[1.237s] DEBUG:colcon:Command line arguments: ['/usr/bin/colcon', 'build', '--symlink-install']
[1.237s] DEBUG:colcon:Parsed command line arguments: Namespace(log_base=None, log_level=None, verb_name='build', build_base='build', install_base='install', merge_install=False, symlink_install=True, test_result_base=None, continue_on_error=False, executor='parallel', parallel_workers=12, event_handlers=None, ignore_user_meta=False, metas=['./colcon.meta'], base_paths=['.'], packages_ignore=None, packages_ignore_regex=None, paths=None, packages_up_to=None, packages_up_to_regex=None, packages_above=None, packages_above_and_dependencies=None, packages_above_depth=None, packages_select_by_dep=None, packages_skip_by_dep=None, packages_skip_up_to=None, packages_select_build_failed=False, packages_skip_build_finished=False, packages_select_test_failures=False, packages_skip_test_passed=False, packages_select=None, packages_skip=None, packages_select_regex=None, packages_skip_regex=None, packages_start=None, packages_end=None, allow_overriding=[], cmake_args=None, cmake_target=None, cmake_target_skip_unavailable=False, cmake_clean_cache=False, cmake_clean_first=False, cmake_force_configure=False, ament_cmake_args=None, catkin_cmake_args=None, catkin_skip_building_tests=False, verb_parser=<colcon_defaults.argument_parser.defaults.DefaultArgumentsDecorator object at 0x7e86c93a4130>, verb_extension=<colcon_core.verb.build.BuildVerb object at 0x7e86c935bb80>, main=<bound method BuildVerb.main of <colcon_core.verb.build.BuildVerb object at 0x7e86c935bb80>>)
[6.363s] Level 1:colcon.colcon_core.package_discovery:discover_packages(colcon_meta) check parameters
[6.364s] Level 1:colcon.colcon_core.package_discovery:discover_packages(recursive) check parameters
[6.364s] Level 1:colcon.colcon_core.package_discovery:discover_packages(ignore) check parameters
[6.364s] Level 1:colcon.colcon_core.package_discovery:discover_packages(path) check parameters
[6.364s] Level 1:colcon.colcon_core.package_discovery:discover_packages(colcon_meta) discover
[6.364s] Level 1:colcon.colcon_core.package_discovery:discover_packages(recursive) discover
[6.364s] INFO:colcon.colcon_core.package_discovery:Crawling recursively for packages in '/home/vekkaz/mobile_robotics_ws'
[6.365s] Level 1:colcon.colcon_core.package_identification:_identify(.) by extensions ['ignore', 'ignore_ament_install']
[6.365s] Level 1:colcon.colcon_core.package_identification:_identify(.) by extension 'ignore'
[6.365s] Level 1:colcon.colcon_core.package_identification:_identify(.) by extension 'ignore_ament_install'
[6.365s] Level 1:colcon.colcon_core.package_identification:_identify(.) by extensions ['colcon_pkg']
[6.365s] Level 1:colcon.colcon_core.package_identification:_identify(.) by extension 'colcon_pkg'
[6.365s] Level 1:colcon.colcon_core.package_identification:_identify(.) by extensions ['colcon_meta']
[6.365s] Level 1:colcon.colcon_core.package_identification:_identify(.) by extension 'colcon_meta'
[6.365s] Level 1:colcon.colcon_core.package_identification:_identify(.) by extensions ['ros']
[6.365s] Level 1:colcon.colcon_core.package_identification:_identify(.) by extension 'ros'
[6.388s] Level 1:colcon.colcon_core.package_identification:_identify(.) by extensions ['cmake', 'python']
[6.389s] Level 1:colcon.colcon_core.package_identification:_identify(.) by extension 'cmake'
[6.389s] Level 1:colcon.colcon_core.package_identification:_identify(.) by extension 'python'
[6.389s] Level 1:colcon.colcon_core.package_identification:_identify(.) by extensions ['python_setup_py']
[6.389s] Level 1:colcon.colcon_core.package_identification:_identify(.) by extension 'python_setup_py'
[6.389s] Level 1:colcon.colcon_core.package_identification:_identify(build) by extensions ['ignore', 'ignore_ament_install']
[6.389s] Level 1:colcon.colcon_core.package_identification:_identify(build) by extension 'ignore'
[6.389s] Level 1:colcon.colcon_core.package_identification:_identify(build) ignored
[6.389s] Level 1:colcon.colcon_core.package_identification:_identify(install) by extensions ['ignore', 'ignore_ament_install']
[6.390s] Level 1:colcon.colcon_core.package_identification:_identify(install) by extension 'ignore'
[6.390s] Level 1:colcon.colcon_core.package_identification:_identify(install) ignored
[6.390s] Level 1:colcon.colcon_core.package_identification:_identify(log) by extensions ['ignore', 'ignore_ament_install']
[6.390s] Level 1:colcon.colcon_core.package_identification:_identify(log) by extension 'ignore'
[6.390s] Level 1:colcon.colcon_core.package_identification:_identify(log) ignored
[6.390s] Level 1:colcon.colcon_core.package_identification:_identify(src) by extensions ['ignore', 'ignore_ament_install']
[6.390s] Level 1:colcon.colcon_core.package_identification:_identify(src) by extension 'ignore'
[6.391s] Level 1:colcon.colcon_core.package_identification:_identify(src) by extension 'ignore_ament_install'
[6.391s] Level 1:colcon.colcon_core.package_identification:_identify(src) by extensions ['colcon_pkg']
[6.391s] Level 1:colcon.colcon_core.package_identification:_identify(src) by extension 'colcon_pkg'
[6.391s] Level 1:colcon.colcon_core.package_identification:_identify(src) by extensions ['colcon_meta']
[6.391s] Level 1:colcon.colcon_core.package_identification:_identify(src) by extension 'colcon_meta'
[6.391s] Level 1:colcon.colcon_core.package_identification:_identify(src) by extensions ['ros']
[6.391s] Level 1:colcon.colcon_core.package_identification:_identify(src) by extension 'ros'
[6.391s] Level 1:colcon.colcon_core.package_identification:_identify(src) by extensions ['cmake', 'python']
[6.391s] Level 1:colcon.colcon_core.package_identification:_identify(src) by extension 'cmake'
[6.391s] Level 1:colcon.colcon_core.package_identification:_identify(src) by extension 'python'
[6.391s] Level 1:colcon.colcon_core.package_identification:_identify(src) by extensions ['python_setup_py']
[6.391s] Level 1:colcon.colcon_core.package_identification:_identify(src) by extension 'python_setup_py'
[6.392s] Level 1:colcon.colcon_core.package_identification:_identify(src/build) by extensions ['ignore', 'ignore_ament_install']
[6.392s] Level 1:colcon.colcon_core.package_identification:_identify(src/build) by extension 'ignore'
[6.392s] Level 1:colcon.colcon_core.package_identification:_identify(src/build) ignored
[6.392s] Level 1:colcon.colcon_core.package_identification:_identify(src/example_2) by extensions ['ignore', 'ignore_ament_install']
[6.392s] Level 1:colcon.colcon_core.package_identification:_identify(src/example_2) by extension 'ignore'
[6.392s] Level 1:colcon.colcon_core.package_identification:_identify(src/example_2) by extension 'ignore_ament_install'
[6.392s] Level 1:colcon.colcon_core.package_identification:_identify(src/example_2) by extensions ['colcon_pkg']
[6.392s] Level 1:colcon.colcon_core.package_identification:_identify(src/example_2) by extension 'colcon_pkg'
[6.392s] Level 1:colcon.colcon_core.package_identification:_identify(src/example_2) by extensions ['colcon_meta']
[6.393s] Level 1:colcon.colcon_core.package_identification:_identify(src/example_2) by extension 'colcon_meta'
[6.393s] Level 1:colcon.colcon_core.package_identification:_identify(src/example_2) by extensions ['ros']
[6.393s] Level 1:colcon.colcon_core.package_identification:_identify(src/example_2) by extension 'ros'
[6.398s] DEBUG:colcon.colcon_core.package_identification:Package 'src/example_2' with type 'ros.ament_cmake' and name 'ros2_control_demo_example_2'
[6.398s] Level 1:colcon.colcon_core.package_identification:_identify(src/f112th_sim_2024_alpha) by extensions ['ignore', 'ignore_ament_install']
[6.399s] Level 1:colcon.colcon_core.package_identification:_identify(src/f112th_sim_2024_alpha) by extension 'ignore'
[6.399s] Level 1:colcon.colcon_core.package_identification:_identify(src/f112th_sim_2024_alpha) by extension 'ignore_ament_install'
[6.399s] Level 1:colcon.colcon_core.package_identification:_identify(src/f112th_sim_2024_alpha) by extensions ['colcon_pkg']
[6.399s] Level 1:colcon.colcon_core.package_identification:_identify(src/f112th_sim_2024_alpha) by extension 'colcon_pkg'
[6.399s] Level 1:colcon.colcon_core.package_identification:_identify(src/f112th_sim_2024_alpha) by extensions ['colcon_meta']
[6.399s] Level 1:colcon.colcon_core.package_identification:_identify(src/f112th_sim_2024_alpha) by extension 'colcon_meta'
[6.399s] Level 1:colcon.colcon_core.package_identification:_identify(src/f112th_sim_2024_alpha) by extensions ['ros']
[6.399s] Level 1:colcon.colcon_core.package_identification:_identify(src/f112th_sim_2024_alpha) by extension 'ros'
[6.400s] DEBUG:colcon.colcon_core.package_identification:Package 'src/f112th_sim_2024_alpha' with type 'ros.ament_cmake' and name 'f112th_sim_2024_alpha'
[6.400s] Level 1:colcon.colcon_core.package_identification:_identify(src/install) by extensions ['ignore', 'ignore_ament_install']
[6.400s] Level 1:colcon.colcon_core.package_identification:_identify(src/install) by extension 'ignore'
[6.401s] Level 1:colcon.colcon_core.package_identification:_identify(src/install) ignored
[6.401s] Level 1:colcon.colcon_core.package_identification:_identify(src/joy_tester) by extensions ['ignore', 'ignore_ament_install']
[6.401s] Level 1:colcon.colcon_core.package_identification:_identify(src/joy_tester) by extension 'ignore'
[6.401s] Level 1:colcon.colcon_core.package_identification:_identify(src/joy_tester) by extension 'ignore_ament_install'
[6.401s] Level 1:colcon.colcon_core.package_identification:_identify(src/joy_tester) by extensions ['colcon_pkg']
[6.401s] Level 1:colcon.colcon_core.package_identification:_identify(src/joy_tester) by extension 'colcon_pkg'
[6.401s] Level 1:colcon.colcon_core.package_identification:_identify(src/joy_tester) by extensions ['colcon_meta']
[6.401s] Level 1:colcon.colcon_core.package_identification:_identify(src/joy_tester) by extension 'colcon_meta'
[6.401s] Level 1:colcon.colcon_core.package_identification:_identify(src/joy_tester) by extensions ['ros']
[6.401s] Level 1:colcon.colcon_core.package_identification:_identify(src/joy_tester) by extension 'ros'
[6.403s] DEBUG:colcon.colcon_core.package_identification:Package 'src/joy_tester' with type 'ros.ament_python' and name 'joy_tester'
[6.403s] Level 1:colcon.colcon_core.package_identification:_identify(src/log) by extensions ['ignore', 'ignore_ament_install']
[6.403s] Level 1:colcon.colcon_core.package_identification:_identify(src/log) by extension 'ignore'
[6.403s] Level 1:colcon.colcon_core.package_identification:_identify(src/log) ignored
[6.403s] Level 1:colcon.colcon_core.package_identification:_identify(src/scan_pkg) by extensions ['ignore', 'ignore_ament_install']
[6.403s] Level 1:colcon.colcon_core.package_identification:_identify(src/scan_pkg) by extension 'ignore'
[6.403s] Level 1:colcon.colcon_core.package_identification:_identify(src/scan_pkg) by extension 'ignore_ament_install'
[6.404s] Level 1:colcon.colcon_core.package_identification:_identify(src/scan_pkg) by extensions ['colcon_pkg']
[6.404s] Level 1:colcon.colcon_core.package_identification:_identify(src/scan_pkg) by extension 'colcon_pkg'
[6.404s] Level 1:colcon.colcon_core.package_identification:_identify(src/scan_pkg) by extensions ['colcon_meta']
[6.404s] Level 1:colcon.colcon_core.package_identification:_identify(src/scan_pkg) by extension 'colcon_meta'
[6.404s] Level 1:colcon.colcon_core.package_identification:_identify(src/scan_pkg) by extensions ['ros']
[6.404s] Level 1:colcon.colcon_core.package_identification:_identify(src/scan_pkg) by extension 'ros'
[6.405s] DEBUG:colcon.colcon_core.package_identification:Package 'src/scan_pkg' with type 'ros.ament_python' and name 'scan_pkg'
[6.405s] Level 1:colcon.colcon_core.package_identification:_identify(src/time_to_collision) by extensions ['ignore', 'ignore_ament_install']
[6.405s] Level 1:colcon.colcon_core.package_identification:_identify(src/time_to_collision) by extension 'ignore'
[6.405s] Level 1:colcon.colcon_core.package_identification:_identify(src/time_to_collision) by extension 'ignore_ament_install'
[6.406s] Level 1:colcon.colcon_core.package_identification:_identify(src/time_to_collision) by extensions ['colcon_pkg']
[6.406s] Level 1:colcon.colcon_core.package_identification:_identify(src/time_to_collision) by extension 'colcon_pkg'
[6.406s] Level 1:colcon.colcon_core.package_identification:_identify(src/time_to_collision) by extensions ['colcon_meta']
[6.406s] Level 1:colcon.colcon_core.package_identification:_identify(src/time_to_collision) by extension 'colcon_meta'
[6.406s] Level 1:colcon.colcon_core.package_identification:_identify(src/time_to_collision) by extensions ['ros']
[6.406s] Level 1:colcon.colcon_core.package_identification:_identify(src/time_to_collision) by extension 'ros'
[6.407s] DEBUG:colcon.colcon_core.package_identification:Package 'src/time_to_collision' with type 'ros.ament_python' and name 'time_to_collision'
[6.407s] Level 1:colcon.colcon_core.package_identification:_identify(src/wall_following_alpha) by extensions ['ignore', 'ignore_ament_install']
[6.407s] Level 1:colcon.colcon_core.package_identification:_identify(src/wall_following_alpha) by extension 'ignore'
[6.407s] Level 1:colcon.colcon_core.package_identification:_identify(src/wall_following_alpha) by extension 'ignore_ament_install'
[6.407s] Level 1:colcon.colcon_core.package_identification:_identify(src/wall_following_alpha) by extensions ['colcon_pkg']
[6.407s] Level 1:colcon.colcon_core.package_identification:_identify(src/wall_following_alpha) by extension 'colcon_pkg'
[6.407s] Level 1:colcon.colcon_core.package_identification:_identify(src/wall_following_alpha) by extensions ['colcon_meta']
[6.407s] Level 1:colcon.colcon_core.package_identification:_identify(src/wall_following_alpha) by extension 'colcon_meta'
[6.408s] Level 1:colcon.colcon_core.package_identification:_identify(src/wall_following_alpha) by extensions ['ros']
[6.408s] Level 1:colcon.colcon_core.package_identification:_identify(src/wall_following_alpha) by extension 'ros'
[6.409s] DEBUG:colcon.colcon_core.package_identification:Package 'src/wall_following_alpha' with type 'ros.ament_python' and name 'wall_following_alpha'
[6.409s] Level 1:colcon.colcon_core.package_discovery:discover_packages(recursive) using defaults
[6.409s] Level 1:colcon.colcon_core.package_discovery:discover_packages(ignore) discover
[6.409s] Level 1:colcon.colcon_core.package_discovery:discover_packages(ignore) using defaults
[6.409s] Level 1:colcon.colcon_core.package_discovery:discover_packages(path) discover
[6.409s] Level 1:colcon.colcon_core.package_discovery:discover_packages(path) using defaults
[6.623s] Level 1:colcon.colcon_core.package_discovery:discover_packages(prefix_path) check parameters
[6.624s] Level 1:colcon.colcon_core.package_discovery:discover_packages(prefix_path) discover
[6.682s] DEBUG:colcon.colcon_installed_package_information.package_discovery:Found 6 installed packages in /home/vekkaz/mobile_robotics_ws/install
[6.683s] DEBUG:colcon.colcon_installed_package_information.package_discovery:Found 1 installed packages in /home/vekkaz/ros2_ws_tutorial/install
[6.684s] DEBUG:colcon.colcon_installed_package_information.package_discovery:Found 5 installed packages in /home/vekkaz/ros2_ws_2401/install
[6.687s] DEBUG:colcon.colcon_installed_package_information.package_discovery:Found 393 installed packages in /opt/ros/humble
[6.710s] Level 1:colcon.colcon_core.package_discovery:discover_packages(prefix_path) using defaults
[6.836s] Level 5:colcon.colcon_core.verb:set package 'f112th_sim_2024_alpha' build argument 'cmake_args' from command line to 'None'
[6.837s] Level 5:colcon.colcon_core.verb:set package 'f112th_sim_2024_alpha' build argument 'cmake_target' from command line to 'None'
[6.837s] Level 5:colcon.colcon_core.verb:set package 'f112th_sim_2024_alpha' build argument 'cmake_target_skip_unavailable' from command line to 'False'
[6.837s] Level 5:colcon.colcon_core.verb:set package 'f112th_sim_2024_alpha' build argument 'cmake_clean_cache' from command line to 'False'
[6.837s] Level 5:colcon.colcon_core.verb:set package 'f112th_sim_2024_alpha' build argument 'cmake_clean_first' from command line to 'False'
[6.837s] Level 5:colcon.colcon_core.verb:set package 'f112th_sim_2024_alpha' build argument 'cmake_force_configure' from command line to 'False'
[6.837s] Level 5:colcon.colcon_core.verb:set package 'f112th_sim_2024_alpha' build argument 'ament_cmake_args' from command line to 'None'
[6.837s] Level 5:colcon.colcon_core.verb:set package 'f112th_sim_2024_alpha' build argument 'catkin_cmake_args' from command line to 'None'
[6.837s] Level 5:colcon.colcon_core.verb:set package 'f112th_sim_2024_alpha' build argument 'catkin_skip_building_tests' from command line to 'False'
[6.837s] DEBUG:colcon.colcon_core.verb:Building package 'f112th_sim_2024_alpha' with the following arguments: {'ament_cmake_args': None, 'build_base': '/home/vekkaz/mobile_robotics_ws/build/f112th_sim_2024_alpha', 'catkin_cmake_args': None, 'catkin_skip_building_tests': False, 'cmake_args': None, 'cmake_clean_cache': False, 'cmake_clean_first': False, 'cmake_force_configure': False, 'cmake_target': None, 'cmake_target_skip_unavailable': False, 'install_base': '/home/vekkaz/mobile_robotics_ws/install/f112th_sim_2024_alpha', 'merge_install': False, 'path': '/home/vekkaz/mobile_robotics_ws/src/f112th_sim_2024_alpha', 'symlink_install': True, 'test_result_base': None}
[6.838s] Level 5:colcon.colcon_core.verb:set package 'joy_tester' build argument 'cmake_args' from command line to 'None'
[6.838s] Level 5:colcon.colcon_core.verb:set package 'joy_tester' build argument 'cmake_target' from command line to 'None'
[6.838s] Level 5:colcon.colcon_core.verb:set package 'joy_tester' build argument 'cmake_target_skip_unavailable' from command line to 'False'
[6.838s] Level 5:colcon.colcon_core.verb:set package 'joy_tester' build argument 'cmake_clean_cache' from command line to 'False'
[6.838s] Level 5:colcon.colcon_core.verb:set package 'joy_tester' build argument 'cmake_clean_first' from command line to 'False'
[6.838s] Level 5:colcon.colcon_core.verb:set package 'joy_tester' build argument 'cmake_force_configure' from command line to 'False'
[6.838s] Level 5:colcon.colcon_core.verb:set package 'joy_tester' build argument 'ament_cmake_args' from command line to 'None'
[6.838s] Level 5:colcon.colcon_core.verb:set package 'joy_tester' build argument 'catkin_cmake_args' from command line to 'None'
[6.838s] Level 5:colcon.colcon_core.verb:set package 'joy_tester' build argument 'catkin_skip_building_tests' from command line to 'False'
[6.838s] DEBUG:colcon.colcon_core.verb:Building package 'joy_tester' with the following arguments: {'ament_cmake_args': None, 'build_base': '/home/vekkaz/mobile_robotics_ws/build/joy_tester', 'catkin_cmake_args': None, 'catkin_skip_building_tests': False, 'cmake_args': None, 'cmake_clean_cache': False, 'cmake_clean_first': False, 'cmake_force_configure': False, 'cmake_target': None, 'cmake_target_skip_unavailable': False, 'install_base': '/home/vekkaz/mobile_robotics_ws/install/joy_tester', 'merge_install': False, 'path': '/home/vekkaz/mobile_robotics_ws/src/joy_tester', 'symlink_install': True, 'test_result_base': None}
[6.838s] Level 5:colcon.colcon_core.verb:set package 'ros2_control_demo_example_2' build argument 'cmake_args' from command line to 'None'
[6.839s] Level 5:colcon.colcon_core.verb:set package 'ros2_control_demo_example_2' build argument 'cmake_target' from command line to 'None'
[6.839s] Level 5:colcon.colcon_core.verb:set package 'ros2_control_demo_example_2' build argument 'cmake_target_skip_unavailable' from command line to 'False'
[6.839s] Level 5:colcon.colcon_core.verb:set package 'ros2_control_demo_example_2' build argument 'cmake_clean_cache' from command line to 'False'
[6.839s] Level 5:colcon.colcon_core.verb:set package 'ros2_control_demo_example_2' build argument 'cmake_clean_first' from command line to 'False'
[6.839s] Level 5:colcon.colcon_core.verb:set package 'ros2_control_demo_example_2' build argument 'cmake_force_configure' from command line to 'False'
[6.839s] Level 5:colcon.colcon_core.verb:set package 'ros2_control_demo_example_2' build argument 'ament_cmake_args' from command line to 'None'
[6.839s] Level 5:colcon.colcon_core.verb:set package 'ros2_control_demo_example_2' build argument 'catkin_cmake_args' from command line to 'None'
[6.839s] Level 5:colcon.colcon_core.verb:set package 'ros2_control_demo_example_2' build argument 'catkin_skip_building_tests' from command line to 'False'
[6.839s] DEBUG:colcon.colcon_core.verb:Building package 'ros2_control_demo_example_2' with the following arguments: {'ament_cmake_args': None, 'build_base': '/home/vekkaz/mobile_robotics_ws/build/ros2_control_demo_example_2', 'catkin_cmake_args': None, 'catkin_skip_building_tests': False, 'cmake_args': None, 'cmake_clean_cache': False, 'cmake_clean_first': False, 'cmake_force_configure': False, 'cmake_target': None, 'cmake_target_skip_unavailable': False, 'install_base': '/home/vekkaz/mobile_robotics_ws/install/ros2_control_demo_example_2', 'merge_install': False, 'path': '/home/vekkaz/mobile_robotics_ws/src/example_2', 'symlink_install': True, 'test_result_base': None}
[6.840s] Level 5:colcon.colcon_core.verb:set package 'scan_pkg' build argument 'cmake_args' from command line to 'None'
[6.840s] Level 5:colcon.colcon_core.verb:set package 'scan_pkg' build argument 'cmake_target' from command line to 'None'
[6.840s] Level 5:colcon.colcon_core.verb:set package 'scan_pkg' build argument 'cmake_target_skip_unavailable' from command line to 'False'
[6.840s] Level 5:colcon.colcon_core.verb:set package 'scan_pkg' build argument 'cmake_clean_cache' from command line to 'False'
[6.840s] Level 5:colcon.colcon_core.verb:set package 'scan_pkg' build argument 'cmake_clean_first' from command line to 'False'
[6.840s] Level 5:colcon.colcon_core.verb:set package 'scan_pkg' build argument 'cmake_force_configure' from command line to 'False'
[6.840s] Level 5:colcon.colcon_core.verb:set package 'scan_pkg' build argument 'ament_cmake_args' from command line to 'None'
[6.840s] Level 5:colcon.colcon_core.verb:set package 'scan_pkg' build argument 'catkin_cmake_args' from command line to 'None'
[6.840s] Level 5:colcon.colcon_core.verb:set package 'scan_pkg' build argument 'catkin_skip_building_tests' from command line to 'False'
[6.840s] DEBUG:colcon.colcon_core.verb:Building package 'scan_pkg' with the following arguments: {'ament_cmake_args': None, 'build_base': '/home/vekkaz/mobile_robotics_ws/build/scan_pkg', 'catkin_cmake_args': None, 'catkin_skip_building_tests': False, 'cmake_args': None, 'cmake_clean_cache': False, 'cmake_clean_first': False, 'cmake_force_configure': False, 'cmake_target': None, 'cmake_target_skip_unavailable': False, 'install_base': '/home/vekkaz/mobile_robotics_ws/install/scan_pkg', 'merge_install': False, 'path': '/home/vekkaz/mobile_robotics_ws/src/scan_pkg', 'symlink_install': True, 'test_result_base': None}
[6.840s] Level 5:colcon.colcon_core.verb:set package 'time_to_collision' build argument 'cmake_args' from command line to 'None'
[6.841s] Level 5:colcon.colcon_core.verb:set package 'time_to_collision' build argument 'cmake_target' from command line to 'None'
[6.841s] Level 5:colcon.colcon_core.verb:set package 'time_to_collision' build argument 'cmake_target_skip_unavailable' from command line to 'False'
[6.841s] Level 5:colcon.colcon_core.verb:set package 'time_to_collision' build argument 'cmake_clean_cache' from command line to 'False'
[6.841s] Level 5:colcon.colcon_core.verb:set package 'time_to_collision' build argument 'cmake_clean_first' from command line to 'False'
[6.841s] Level 5:colcon.colcon_core.verb:set package 'time_to_collision' build argument 'cmake_force_configure' from command line to 'False'
[6.841s] Level 5:colcon.colcon_core.verb:set package 'time_to_collision' build argument 'ament_cmake_args' from command line to 'None'
[6.841s] Level 5:colcon.colcon_core.verb:set package 'time_to_collision' build argument 'catkin_cmake_args' from command line to 'None'
[6.841s] Level 5:colcon.colcon_core.verb:set package 'time_to_collision' build argument 'catkin_skip_building_tests' from command line to 'False'
[6.841s] DEBUG:colcon.colcon_core.verb:Building package 'time_to_collision' with the following arguments: {'ament_cmake_args': None, 'build_base': '/home/vekkaz/mobile_robotics_ws/build/time_to_collision', 'catkin_cmake_args': None, 'catkin_skip_building_tests': False, 'cmake_args': None, 'cmake_clean_cache': False, 'cmake_clean_first': False, 'cmake_force_configure': False, 'cmake_target': None, 'cmake_target_skip_unavailable': False, 'install_base': '/home/vekkaz/mobile_robotics_ws/install/time_to_collision', 'merge_install': False, 'path': '/home/vekkaz/mobile_robotics_ws/src/time_to_collision', 'symlink_install': True, 'test_result_base': None}
[6.841s] Level 5:colcon.colcon_core.verb:set package 'wall_following_alpha' build argument 'cmake_args' from command line to 'None'
[6.842s] Level 5:colcon.colcon_core.verb:set package 'wall_following_alpha' build argument 'cmake_target' from command line to 'None'
[6.842s] Level 5:colcon.colcon_core.verb:set package 'wall_following_alpha' build argument 'cmake_target_skip_unavailable' from command line to 'False'
[6.842s] Level 5:colcon.colcon_core.verb:set package 'wall_following_alpha' build argument 'cmake_clean_cache' from command line to 'False'
[6.842s] Level 5:colcon.colcon_core.verb:set package 'wall_following_alpha' build argument 'cmake_clean_first' from command line to 'False'
[6.842s] Level 5:colcon.colcon_core.verb:set package 'wall_following_alpha' build argument 'cmake_force_configure' from command line to 'False'
[6.842s] Level 5:colcon.colcon_core.verb:set package 'wall_following_alpha' build argument 'ament_cmake_args' from command line to 'None'
[6.842s] Level 5:colcon.colcon_core.verb:set package 'wall_following_alpha' build argument 'catkin_cmake_args' from command line to 'None'
[6.842s] Level 5:colcon.colcon_core.verb:set package 'wall_following_alpha' build argument 'catkin_skip_building_tests' from command line to 'False'
[6.842s] DEBUG:colcon.colcon_core.verb:Building package 'wall_following_alpha' with the following arguments: {'ament_cmake_args': None, 'build_base': '/home/vekkaz/mobile_robotics_ws/build/wall_following_alpha', 'catkin_cmake_args': None, 'catkin_skip_building_tests': False, 'cmake_args': None, 'cmake_clean_cache': False, 'cmake_clean_first': False, 'cmake_force_configure': False, 'cmake_target': None, 'cmake_target_skip_unavailable': False, 'install_base': '/home/vekkaz/mobile_robotics_ws/install/wall_following_alpha', 'merge_install': False, 'path': '/home/vekkaz/mobile_robotics_ws/src/wall_following_alpha', 'symlink_install': True, 'test_result_base': None}
[6.842s] INFO:colcon.colcon_core.executor:Executing jobs using 'parallel' executor
[6.844s] DEBUG:colcon.colcon_parallel_executor.executor.parallel:run_until_complete
[6.845s] INFO:colcon.colcon_ros.task.ament_cmake.build:Building ROS package in '/home/vekkaz/mobile_robotics_ws/src/f112th_sim_2024_alpha' with build type 'ament_cmake'
[6.845s] INFO:colcon.colcon_cmake.task.cmake.build:Building CMake package in '/home/vekkaz/mobile_robotics_ws/src/f112th_sim_2024_alpha'
[6.871s] INFO:colcon.colcon_core.plugin_system:Skipping extension 'colcon_core.shell.bat': Not used on non-Windows systems
[6.871s] INFO:colcon.colcon_core.shell:Skip shell extension 'powershell' for command environment: Not usable outside of PowerShell
[6.871s] DEBUG:colcon.colcon_core.shell:Skip shell extension 'dsv' for command environment
[6.888s] INFO:colcon.colcon_ros.task.ament_python.build:Building ROS package in '/home/vekkaz/mobile_robotics_ws/src/joy_tester' with build type 'ament_python'
[6.888s] Level 1:colcon.colcon_core.shell:create_environment_hook('joy_tester', 'ament_prefix_path')
[6.889s] INFO:colcon.colcon_core.shell:Creating environment hook '/home/vekkaz/mobile_robotics_ws/install/joy_tester/share/joy_tester/hook/ament_prefix_path.ps1'
[6.899s] INFO:colcon.colcon_core.shell:Creating environment descriptor '/home/vekkaz/mobile_robotics_ws/install/joy_tester/share/joy_tester/hook/ament_prefix_path.dsv'
[6.901s] INFO:colcon.colcon_core.shell:Creating environment hook '/home/vekkaz/mobile_robotics_ws/install/joy_tester/share/joy_tester/hook/ament_prefix_path.sh'
[6.903s] INFO:colcon.colcon_core.shell:Skip shell extension 'powershell' for command environment: Not usable outside of PowerShell
[6.903s] DEBUG:colcon.colcon_core.shell:Skip shell extension 'dsv' for command environment
[6.911s] INFO:colcon.colcon_ros.task.ament_cmake.build:Building ROS package in '/home/vekkaz/mobile_robotics_ws/src/example_2' with build type 'ament_cmake'
[6.911s] INFO:colcon.colcon_cmake.task.cmake.build:Building CMake package in '/home/vekkaz/mobile_robotics_ws/src/example_2'
[6.912s] INFO:colcon.colcon_core.shell:Skip shell extension 'powershell' for command environment: Not usable outside of PowerShell
[6.912s] DEBUG:colcon.colcon_core.shell:Skip shell extension 'dsv' for command environment
[6.921s] INFO:colcon.colcon_ros.task.ament_python.build:Building ROS package in '/home/vekkaz/mobile_robotics_ws/src/scan_pkg' with build type 'ament_python'
[6.921s] Level 1:colcon.colcon_core.shell:create_environment_hook('scan_pkg', 'ament_prefix_path')
[6.921s] INFO:colcon.colcon_core.shell:Creating environment hook '/home/vekkaz/mobile_robotics_ws/install/scan_pkg/share/scan_pkg/hook/ament_prefix_path.ps1'
[6.922s] INFO:colcon.colcon_core.shell:Creating environment descriptor '/home/vekkaz/mobile_robotics_ws/install/scan_pkg/share/scan_pkg/hook/ament_prefix_path.dsv'
[6.923s] INFO:colcon.colcon_core.shell:Creating environment hook '/home/vekkaz/mobile_robotics_ws/install/scan_pkg/share/scan_pkg/hook/ament_prefix_path.sh'
[6.924s] INFO:colcon.colcon_core.shell:Skip shell extension 'powershell' for command environment: Not usable outside of PowerShell
[6.924s] DEBUG:colcon.colcon_core.shell:Skip shell extension 'dsv' for command environment
[6.932s] INFO:colcon.colcon_ros.task.ament_python.build:Building ROS package in '/home/vekkaz/mobile_robotics_ws/src/time_to_collision' with build type 'ament_python'
[6.932s] Level 1:colcon.colcon_core.shell:create_environment_hook('time_to_collision', 'ament_prefix_path')
[6.932s] INFO:colcon.colcon_core.shell:Creating environment hook '/home/vekkaz/mobile_robotics_ws/install/time_to_collision/share/time_to_collision/hook/ament_prefix_path.ps1'
[6.933s] INFO:colcon.colcon_core.shell:Creating environment descriptor '/home/vekkaz/mobile_robotics_ws/install/time_to_collision/share/time_to_collision/hook/ament_prefix_path.dsv'
[6.934s] INFO:colcon.colcon_core.shell:Creating environment hook '/home/vekkaz/mobile_robotics_ws/install/time_to_collision/share/time_to_collision/hook/ament_prefix_path.sh'
[6.935s] INFO:colcon.colcon_core.shell:Skip shell extension 'powershell' for command environment: Not usable outside of PowerShell
[6.935s] DEBUG:colcon.colcon_core.shell:Skip shell extension 'dsv' for command environment
[6.943s] INFO:colcon.colcon_ros.task.ament_python.build:Building ROS package in '/home/vekkaz/mobile_robotics_ws/src/wall_following_alpha' with build type 'ament_python'
[6.943s] Level 1:colcon.colcon_core.shell:create_environment_hook('wall_following_alpha', 'ament_prefix_path')
[6.944s] INFO:colcon.colcon_core.shell:Creating environment hook '/home/vekkaz/mobile_robotics_ws/install/wall_following_alpha/share/wall_following_alpha/hook/ament_prefix_path.ps1'
[6.945s] INFO:colcon.colcon_core.shell:Creating environment descriptor '/home/vekkaz/mobile_robotics_ws/install/wall_following_alpha/share/wall_following_alpha/hook/ament_prefix_path.dsv'
[6.946s] INFO:colcon.colcon_core.shell:Creating environment hook '/home/vekkaz/mobile_robotics_ws/install/wall_following_alpha/share/wall_following_alpha/hook/ament_prefix_path.sh'
[6.947s] INFO:colcon.colcon_core.shell:Skip shell extension 'powershell' for command environment: Not usable outside of PowerShell
[6.947s] DEBUG:colcon.colcon_core.shell:Skip shell extension 'dsv' for command environment
[6.983s] DEBUG:colcon.colcon_core.event_handler.log_command:Invoking command in '/home/vekkaz/mobile_robotics_ws/build/f112th_sim_2024_alpha': CMAKE_PREFIX_PATH=${CMAKE_PREFIX_PATH}:/home/vekkaz/mobile_robotics_ws/install/wall_following_alpha:/home/vekkaz/mobile_robotics_ws/install/time_to_collision:/home/vekkaz/mobile_robotics_ws/install/scan_pkg:/home/vekkaz/mobile_robotics_ws/install/joy_tester:/home/vekkaz/ros2_ws_2401/install/turtle_move_pkg_g01:/home/vekkaz/ros2_ws_2401/install/turtle_move_2_pkg_g01:/home/vekkaz/ros2_ws_2401/install/robotcar_base_pkg_g01:/home/vekkaz/ros2_ws_2401/install/model_robot_pkg_g01:/home/vekkaz/ros2_ws_2401/install/launch_pkg_g01:/home/vekkaz/ros2_ws_tutorial/install/robot_control:/opt/ros/humble /usr/bin/cmake --build /home/vekkaz/mobile_robotics_ws/build/f112th_sim_2024_alpha -- -j12 -l12
[7.425s] INFO:colcon.colcon_core.task.python.build:Building Python package in '/home/vekkaz/mobile_robotics_ws/src/joy_tester'
[7.426s] INFO:colcon.colcon_core.shell:Skip shell extension 'powershell' for command environment: Not usable outside of PowerShell
[7.426s] DEBUG:colcon.colcon_core.shell:Skip shell extension 'dsv' for command environment
[7.453s] DEBUG:colcon.colcon_core.event_handler.log_command:Invoking command in '/home/vekkaz/mobile_robotics_ws/build/ros2_control_demo_example_2': CMAKE_PREFIX_PATH=${CMAKE_PREFIX_PATH}:/home/vekkaz/mobile_robotics_ws/install/wall_following_alpha:/home/vekkaz/mobile_robotics_ws/install/time_to_collision:/home/vekkaz/mobile_robotics_ws/install/scan_pkg:/home/vekkaz/mobile_robotics_ws/install/joy_tester:/home/vekkaz/ros2_ws_2401/install/turtle_move_pkg_g01:/home/vekkaz/ros2_ws_2401/install/turtle_move_2_pkg_g01:/home/vekkaz/ros2_ws_2401/install/robotcar_base_pkg_g01:/home/vekkaz/ros2_ws_2401/install/model_robot_pkg_g01:/home/vekkaz/ros2_ws_2401/install/launch_pkg_g01:/home/vekkaz/ros2_ws_tutorial/install/robot_control:/opt/ros/humble /usr/bin/cmake --build /home/vekkaz/mobile_robotics_ws/build/ros2_control_demo_example_2 -- -j12 -l12
[7.811s] INFO:colcon.colcon_core.task.python.build:Building Python package in '/home/vekkaz/mobile_robotics_ws/src/scan_pkg'
[7.812s] INFO:colcon.colcon_core.shell:Skip shell extension 'powershell' for command environment: Not usable outside of PowerShell
[7.812s] DEBUG:colcon.colcon_core.shell:Skip shell extension 'dsv' for command environment
[8.231s] INFO:colcon.colcon_core.task.python.build:Building Python package in '/home/vekkaz/mobile_robotics_ws/src/time_to_collision'
[8.231s] INFO:colcon.colcon_core.shell:Skip shell extension 'powershell' for command environment: Not usable outside of PowerShell
[8.232s] DEBUG:colcon.colcon_core.shell:Skip shell extension 'dsv' for command environment
[8.670s] INFO:colcon.colcon_core.task.python.build:Building Python package in '/home/vekkaz/mobile_robotics_ws/src/wall_following_alpha'
[8.671s] INFO:colcon.colcon_core.shell:Skip shell extension 'powershell' for command environment: Not usable outside of PowerShell
[8.671s] DEBUG:colcon.colcon_core.shell:Skip shell extension 'dsv' for command environment
[8.680s] DEBUG:colcon.colcon_core.event_handler.log_command:Invoked command in '/home/vekkaz/mobile_robotics_ws/build/f112th_sim_2024_alpha' returned '0': CMAKE_PREFIX_PATH=${CMAKE_PREFIX_PATH}:/home/vekkaz/mobile_robotics_ws/install/wall_following_alpha:/home/vekkaz/mobile_robotics_ws/install/time_to_collision:/home/vekkaz/mobile_robotics_ws/install/scan_pkg:/home/vekkaz/mobile_robotics_ws/install/joy_tester:/home/vekkaz/ros2_ws_2401/install/turtle_move_pkg_g01:/home/vekkaz/ros2_ws_2401/install/turtle_move_2_pkg_g01:/home/vekkaz/ros2_ws_2401/install/robotcar_base_pkg_g01:/home/vekkaz/ros2_ws_2401/install/model_robot_pkg_g01:/home/vekkaz/ros2_ws_2401/install/launch_pkg_g01:/home/vekkaz/ros2_ws_tutorial/install/robot_control:/opt/ros/humble /usr/bin/cmake --build /home/vekkaz/mobile_robotics_ws/build/f112th_sim_2024_alpha -- -j12 -l12
[8.682s] DEBUG:colcon.colcon_core.event_handler.log_command:Invoked command in '/home/vekkaz/mobile_robotics_ws/build/ros2_control_demo_example_2' returned '0': CMAKE_PREFIX_PATH=${CMAKE_PREFIX_PATH}:/home/vekkaz/mobile_robotics_ws/install/wall_following_alpha:/home/vekkaz/mobile_robotics_ws/install/time_to_collision:/home/vekkaz/mobile_robotics_ws/install/scan_pkg:/home/vekkaz/mobile_robotics_ws/install/joy_tester:/home/vekkaz/ros2_ws_2401/install/turtle_move_pkg_g01:/home/vekkaz/ros2_ws_2401/install/turtle_move_2_pkg_g01:/home/vekkaz/ros2_ws_2401/install/robotcar_base_pkg_g01:/home/vekkaz/ros2_ws_2401/install/model_robot_pkg_g01:/home/vekkaz/ros2_ws_2401/install/launch_pkg_g01:/home/vekkaz/ros2_ws_tutorial/install/robot_control:/opt/ros/humble /usr/bin/cmake --build /home/vekkaz/mobile_robotics_ws/build/ros2_control_demo_example_2 -- -j12 -l12
[8.734s] DEBUG:colcon.colcon_core.event_handler.log_command:Invoking command in '/home/vekkaz/mobile_robotics_ws/build/f112th_sim_2024_alpha': CMAKE_PREFIX_PATH=${CMAKE_PREFIX_PATH}:/home/vekkaz/mobile_robotics_ws/install/wall_following_alpha:/home/vekkaz/mobile_robotics_ws/install/time_to_collision:/home/vekkaz/mobile_robotics_ws/install/scan_pkg:/home/vekkaz/mobile_robotics_ws/install/joy_tester:/home/vekkaz/ros2_ws_2401/install/turtle_move_pkg_g01:/home/vekkaz/ros2_ws_2401/install/turtle_move_2_pkg_g01:/home/vekkaz/ros2_ws_2401/install/robotcar_base_pkg_g01:/home/vekkaz/ros2_ws_2401/install/model_robot_pkg_g01:/home/vekkaz/ros2_ws_2401/install/launch_pkg_g01:/home/vekkaz/ros2_ws_tutorial/install/robot_control:/opt/ros/humble /usr/bin/cmake --install /home/vekkaz/mobile_robotics_ws/build/f112th_sim_2024_alpha
[8.739s] DEBUG:colcon.colcon_core.event_handler.log_command:Invoking command in '/home/vekkaz/mobile_robotics_ws/build/ros2_control_demo_example_2': CMAKE_PREFIX_PATH=${CMAKE_PREFIX_PATH}:/home/vekkaz/mobile_robotics_ws/install/wall_following_alpha:/home/vekkaz/mobile_robotics_ws/install/time_to_collision:/home/vekkaz/mobile_robotics_ws/install/scan_pkg:/home/vekkaz/mobile_robotics_ws/install/joy_tester:/home/vekkaz/ros2_ws_2401/install/turtle_move_pkg_g01:/home/vekkaz/ros2_ws_2401/install/turtle_move_2_pkg_g01:/home/vekkaz/ros2_ws_2401/install/robotcar_base_pkg_g01:/home/vekkaz/ros2_ws_2401/install/model_robot_pkg_g01:/home/vekkaz/ros2_ws_2401/install/launch_pkg_g01:/home/vekkaz/ros2_ws_tutorial/install/robot_control:/opt/ros/humble /usr/bin/cmake --install /home/vekkaz/mobile_robotics_ws/build/ros2_control_demo_example_2
[8.882s] Level 1:colcon.colcon_core.environment:create_environment_scripts_only(f112th_sim_2024_alpha)
[8.883s] DEBUG:colcon.colcon_core.event_handler.log_command:Invoked command in '/home/vekkaz/mobile_robotics_ws/build/f112th_sim_2024_alpha' returned '0': CMAKE_PREFIX_PATH=${CMAKE_PREFIX_PATH}:/home/vekkaz/mobile_robotics_ws/install/wall_following_alpha:/home/vekkaz/mobile_robotics_ws/install/time_to_collision:/home/vekkaz/mobile_robotics_ws/install/scan_pkg:/home/vekkaz/mobile_robotics_ws/install/joy_tester:/home/vekkaz/ros2_ws_2401/install/turtle_move_pkg_g01:/home/vekkaz/ros2_ws_2401/install/turtle_move_2_pkg_g01:/home/vekkaz/ros2_ws_2401/install/robotcar_base_pkg_g01:/home/vekkaz/ros2_ws_2401/install/model_robot_pkg_g01:/home/vekkaz/ros2_ws_2401/install/launch_pkg_g01:/home/vekkaz/ros2_ws_tutorial/install/robot_control:/opt/ros/humble /usr/bin/cmake --install /home/vekkaz/mobile_robotics_ws/build/f112th_sim_2024_alpha
[8.927s] Level 1:colcon.colcon_core.environment:checking '/home/vekkaz/mobile_robotics_ws/install/f112th_sim_2024_alpha' for CMake module files
[8.927s] Level 1:colcon.colcon_core.environment:checking '/home/vekkaz/mobile_robotics_ws/install/f112th_sim_2024_alpha' for CMake config files
[8.928s] Level 1:colcon.colcon_core.shell:create_environment_hook('f112th_sim_2024_alpha', 'cmake_prefix_path')
[8.928s] INFO:colcon.colcon_core.shell:Creating environment hook '/home/vekkaz/mobile_robotics_ws/install/f112th_sim_2024_alpha/share/f112th_sim_2024_alpha/hook/cmake_prefix_path.ps1'
[8.928s] INFO:colcon.colcon_core.shell:Creating environment descriptor '/home/vekkaz/mobile_robotics_ws/install/f112th_sim_2024_alpha/share/f112th_sim_2024_alpha/hook/cmake_prefix_path.dsv'
[8.929s] INFO:colcon.colcon_core.shell:Creating environment hook '/home/vekkaz/mobile_robotics_ws/install/f112th_sim_2024_alpha/share/f112th_sim_2024_alpha/hook/cmake_prefix_path.sh'
[8.929s] Level 1:colcon.colcon_core.environment:checking '/home/vekkaz/mobile_robotics_ws/install/f112th_sim_2024_alpha/bin'
[8.930s] Level 1:colcon.colcon_core.environment:checking '/home/vekkaz/mobile_robotics_ws/install/f112th_sim_2024_alpha/lib/pkgconfig/f112th_sim_2024_alpha.pc'
[8.930s] Level 1:colcon.colcon_core.environment:checking '/home/vekkaz/mobile_robotics_ws/install/f112th_sim_2024_alpha/lib/python3.10/site-packages'
[8.930s] Level 1:colcon.colcon_core.environment:checking '/home/vekkaz/mobile_robotics_ws/install/f112th_sim_2024_alpha/bin'
[8.930s] INFO:colcon.colcon_core.shell:Creating package script '/home/vekkaz/mobile_robotics_ws/install/f112th_sim_2024_alpha/share/f112th_sim_2024_alpha/package.ps1'
[8.931s] INFO:colcon.colcon_core.shell:Creating package descriptor '/home/vekkaz/mobile_robotics_ws/install/f112th_sim_2024_alpha/share/f112th_sim_2024_alpha/package.dsv'
[8.932s] INFO:colcon.colcon_core.shell:Creating package script '/home/vekkaz/mobile_robotics_ws/install/f112th_sim_2024_alpha/share/f112th_sim_2024_alpha/package.sh'
[8.933s] INFO:colcon.colcon_core.shell:Creating package script '/home/vekkaz/mobile_robotics_ws/install/f112th_sim_2024_alpha/share/f112th_sim_2024_alpha/package.bash'
[8.949s] INFO:colcon.colcon_core.shell:Creating package script '/home/vekkaz/mobile_robotics_ws/install/f112th_sim_2024_alpha/share/f112th_sim_2024_alpha/package.zsh'
[8.964s] Level 1:colcon.colcon_core.environment:create_file_with_runtime_dependencies(/home/vekkaz/mobile_robotics_ws/install/f112th_sim_2024_alpha/share/colcon-core/packages/f112th_sim_2024_alpha)
[8.966s] Level 1:colcon.colcon_core.environment:create_environment_scripts_only(ros2_control_demo_example_2)
[8.966s] Level 1:colcon.colcon_core.environment:checking '/home/vekkaz/mobile_robotics_ws/install/ros2_control_demo_example_2' for CMake module files
[8.967s] DEBUG:colcon.colcon_core.event_handler.log_command:Invoked command in '/home/vekkaz/mobile_robotics_ws/build/ros2_control_demo_example_2' returned '0': CMAKE_PREFIX_PATH=${CMAKE_PREFIX_PATH}:/home/vekkaz/mobile_robotics_ws/install/wall_following_alpha:/home/vekkaz/mobile_robotics_ws/install/time_to_collision:/home/vekkaz/mobile_robotics_ws/install/scan_pkg:/home/vekkaz/mobile_robotics_ws/install/joy_tester:/home/vekkaz/ros2_ws_2401/install/turtle_move_pkg_g01:/home/vekkaz/ros2_ws_2401/install/turtle_move_2_pkg_g01:/home/vekkaz/ros2_ws_2401/install/robotcar_base_pkg_g01:/home/vekkaz/ros2_ws_2401/install/model_robot_pkg_g01:/home/vekkaz/ros2_ws_2401/install/launch_pkg_g01:/home/vekkaz/ros2_ws_tutorial/install/robot_control:/opt/ros/humble /usr/bin/cmake --install /home/vekkaz/mobile_robotics_ws/build/ros2_control_demo_example_2
[8.968s] Level 1:colcon.colcon_core.environment:checking '/home/vekkaz/mobile_robotics_ws/install/ros2_control_demo_example_2' for CMake config files
[8.968s] Level 1:colcon.colcon_core.shell:create_environment_hook('ros2_control_demo_example_2', 'cmake_prefix_path')
[8.968s] INFO:colcon.colcon_core.shell:Creating environment hook '/home/vekkaz/mobile_robotics_ws/install/ros2_control_demo_example_2/share/ros2_control_demo_example_2/hook/cmake_prefix_path.ps1'
[8.969s] INFO:colcon.colcon_core.shell:Creating environment descriptor '/home/vekkaz/mobile_robotics_ws/install/ros2_control_demo_example_2/share/ros2_control_demo_example_2/hook/cmake_prefix_path.dsv'
[8.969s] INFO:colcon.colcon_core.shell:Creating environment hook '/home/vekkaz/mobile_robotics_ws/install/ros2_control_demo_example_2/share/ros2_control_demo_example_2/hook/cmake_prefix_path.sh'
[8.970s] Level 1:colcon.colcon_core.environment:checking '/home/vekkaz/mobile_robotics_ws/install/ros2_control_demo_example_2/lib'
[8.970s] Level 1:colcon.colcon_core.shell:create_environment_hook('ros2_control_demo_example_2', 'ld_library_path_lib')
[8.970s] INFO:colcon.colcon_core.shell:Creating environment hook '/home/vekkaz/mobile_robotics_ws/install/ros2_control_demo_example_2/share/ros2_control_demo_example_2/hook/ld_library_path_lib.ps1'
[8.970s] INFO:colcon.colcon_core.shell:Creating environment descriptor '/home/vekkaz/mobile_robotics_ws/install/ros2_control_demo_example_2/share/ros2_control_demo_example_2/hook/ld_library_path_lib.dsv'
[8.971s] INFO:colcon.colcon_core.shell:Creating environment hook '/home/vekkaz/mobile_robotics_ws/install/ros2_control_demo_example_2/share/ros2_control_demo_example_2/hook/ld_library_path_lib.sh'
[8.971s] Level 1:colcon.colcon_core.environment:checking '/home/vekkaz/mobile_robotics_ws/install/ros2_control_demo_example_2/bin'
[8.971s] Level 1:colcon.colcon_core.environment:checking '/home/vekkaz/mobile_robotics_ws/install/ros2_control_demo_example_2/lib/pkgconfig/ros2_control_demo_example_2.pc'
[8.971s] Level 1:colcon.colcon_core.environment:checking '/home/vekkaz/mobile_robotics_ws/install/ros2_control_demo_example_2/lib/python3.10/site-packages'
[8.971s] Level 1:colcon.colcon_core.environment:checking '/home/vekkaz/mobile_robotics_ws/install/ros2_control_demo_example_2/bin'
[8.972s] INFO:colcon.colcon_core.shell:Creating package script '/home/vekkaz/mobile_robotics_ws/install/ros2_control_demo_example_2/share/ros2_control_demo_example_2/package.ps1'
[8.972s] INFO:colcon.colcon_core.shell:Creating package descriptor '/home/vekkaz/mobile_robotics_ws/install/ros2_control_demo_example_2/share/ros2_control_demo_example_2/package.dsv'
[8.973s] INFO:colcon.colcon_core.shell:Creating package script '/home/vekkaz/mobile_robotics_ws/install/ros2_control_demo_example_2/share/ros2_control_demo_example_2/package.sh'
[8.973s] INFO:colcon.colcon_core.shell:Creating package script '/home/vekkaz/mobile_robotics_ws/install/ros2_control_demo_example_2/share/ros2_control_demo_example_2/package.bash'
[8.973s] INFO:colcon.colcon_core.shell:Creating package script '/home/vekkaz/mobile_robotics_ws/install/ros2_control_demo_example_2/share/ros2_control_demo_example_2/package.zsh'
[8.974s] Level 1:colcon.colcon_core.environment:create_file_with_runtime_dependencies(/home/vekkaz/mobile_robotics_ws/install/ros2_control_demo_example_2/share/colcon-core/packages/ros2_control_demo_example_2)
[8.988s] Level 1:colcon.colcon_core.environment:create_environment_scripts_only(f112th_sim_2024_alpha)
[8.988s] Level 1:colcon.colcon_core.environment:checking '/home/vekkaz/mobile_robotics_ws/install/f112th_sim_2024_alpha' for CMake module files
[8.989s] Level 1:colcon.colcon_core.environment:checking '/home/vekkaz/mobile_robotics_ws/install/f112th_sim_2024_alpha' for CMake config files
[8.989s] Level 1:colcon.colcon_core.shell:create_environment_hook('f112th_sim_2024_alpha', 'cmake_prefix_path')
[8.990s] INFO:colcon.colcon_core.shell:Creating environment hook '/home/vekkaz/mobile_robotics_ws/install/f112th_sim_2024_alpha/share/f112th_sim_2024_alpha/hook/cmake_prefix_path.ps1'
[8.990s] INFO:colcon.colcon_core.shell:Creating environment descriptor '/home/vekkaz/mobile_robotics_ws/install/f112th_sim_2024_alpha/share/f112th_sim_2024_alpha/hook/cmake_prefix_path.dsv'
[8.991s] INFO:colcon.colcon_core.shell:Creating environment hook '/home/vekkaz/mobile_robotics_ws/install/f112th_sim_2024_alpha/share/f112th_sim_2024_alpha/hook/cmake_prefix_path.sh'
[8.992s] Level 1:colcon.colcon_core.environment:checking '/home/vekkaz/mobile_robotics_ws/install/f112th_sim_2024_alpha/bin'
[8.992s] Level 1:colcon.colcon_core.environment:checking '/home/vekkaz/mobile_robotics_ws/install/f112th_sim_2024_alpha/lib/pkgconfig/f112th_sim_2024_alpha.pc'
[8.993s] Level 1:colcon.colcon_core.environment:checking '/home/vekkaz/mobile_robotics_ws/install/f112th_sim_2024_alpha/lib/python3.10/site-packages'
[8.993s] Level 1:colcon.colcon_core.environment:checking '/home/vekkaz/mobile_robotics_ws/install/f112th_sim_2024_alpha/bin'
[8.993s] INFO:colcon.colcon_core.shell:Creating package script '/home/vekkaz/mobile_robotics_ws/install/f112th_sim_2024_alpha/share/f112th_sim_2024_alpha/package.ps1'
[8.995s] INFO:colcon.colcon_core.shell:Creating package descriptor '/home/vekkaz/mobile_robotics_ws/install/f112th_sim_2024_alpha/share/f112th_sim_2024_alpha/package.dsv'
[8.995s] INFO:colcon.colcon_core.shell:Creating package script '/home/vekkaz/mobile_robotics_ws/install/f112th_sim_2024_alpha/share/f112th_sim_2024_alpha/package.sh'
[8.996s] INFO:colcon.colcon_core.shell:Creating package script '/home/vekkaz/mobile_robotics_ws/install/f112th_sim_2024_alpha/share/f112th_sim_2024_alpha/package.bash'
[8.996s] INFO:colcon.colcon_core.shell:Creating package script '/home/vekkaz/mobile_robotics_ws/install/f112th_sim_2024_alpha/share/f112th_sim_2024_alpha/package.zsh'
[8.997s] Level 1:colcon.colcon_core.environment:create_file_with_runtime_dependencies(/home/vekkaz/mobile_robotics_ws/install/f112th_sim_2024_alpha/share/colcon-core/packages/f112th_sim_2024_alpha)
[9.000s] Level 1:colcon.colcon_core.environment:create_environment_scripts_only(ros2_control_demo_example_2)
[9.001s] Level 1:colcon.colcon_core.environment:checking '/home/vekkaz/mobile_robotics_ws/install/ros2_control_demo_example_2' for CMake module files
[9.002s] Level 1:colcon.colcon_core.environment:checking '/home/vekkaz/mobile_robotics_ws/install/ros2_control_demo_example_2' for CMake config files
[9.002s] Level 1:colcon.colcon_core.shell:create_environment_hook('ros2_control_demo_example_2', 'cmake_prefix_path')
[9.002s] INFO:colcon.colcon_core.shell:Creating environment hook '/home/vekkaz/mobile_robotics_ws/install/ros2_control_demo_example_2/share/ros2_control_demo_example_2/hook/cmake_prefix_path.ps1'
[9.003s] INFO:colcon.colcon_core.shell:Creating environment descriptor '/home/vekkaz/mobile_robotics_ws/install/ros2_control_demo_example_2/share/ros2_control_demo_example_2/hook/cmake_prefix_path.dsv'
[9.003s] INFO:colcon.colcon_core.shell:Creating environment hook '/home/vekkaz/mobile_robotics_ws/install/ros2_control_demo_example_2/share/ros2_control_demo_example_2/hook/cmake_prefix_path.sh'
[9.004s] Level 1:colcon.colcon_core.environment:checking '/home/vekkaz/mobile_robotics_ws/install/ros2_control_demo_example_2/lib'
[9.004s] Level 1:colcon.colcon_core.shell:create_environment_hook('ros2_control_demo_example_2', 'ld_library_path_lib')
[9.005s] INFO:colcon.colcon_core.shell:Creating environment hook '/home/vekkaz/mobile_robotics_ws/install/ros2_control_demo_example_2/share/ros2_control_demo_example_2/hook/ld_library_path_lib.ps1'
[9.005s] INFO:colcon.colcon_core.shell:Creating environment descriptor '/home/vekkaz/mobile_robotics_ws/install/ros2_control_demo_example_2/share/ros2_control_demo_example_2/hook/ld_library_path_lib.dsv'
[9.005s] INFO:colcon.colcon_core.shell:Creating environment hook '/home/vekkaz/mobile_robotics_ws/install/ros2_control_demo_example_2/share/ros2_control_demo_example_2/hook/ld_library_path_lib.sh'
[9.006s] Level 1:colcon.colcon_core.environment:checking '/home/vekkaz/mobile_robotics_ws/install/ros2_control_demo_example_2/bin'
[9.006s] Level 1:colcon.colcon_core.environment:checking '/home/vekkaz/mobile_robotics_ws/install/ros2_control_demo_example_2/lib/pkgconfig/ros2_control_demo_example_2.pc'
[9.006s] Level 1:colcon.colcon_core.environment:checking '/home/vekkaz/mobile_robotics_ws/install/ros2_control_demo_example_2/lib/python3.10/site-packages'
[9.007s] Level 1:colcon.colcon_core.environment:checking '/home/vekkaz/mobile_robotics_ws/install/ros2_control_demo_example_2/bin'
[9.007s] INFO:colcon.colcon_core.shell:Creating package script '/home/vekkaz/mobile_robotics_ws/install/ros2_control_demo_example_2/share/ros2_control_demo_example_2/package.ps1'
[9.008s] INFO:colcon.colcon_core.shell:Creating package descriptor '/home/vekkaz/mobile_robotics_ws/install/ros2_control_demo_example_2/share/ros2_control_demo_example_2/package.dsv'
[9.009s] INFO:colcon.colcon_core.shell:Creating package script '/home/vekkaz/mobile_robotics_ws/install/ros2_control_demo_example_2/share/ros2_control_demo_example_2/package.sh'
[9.009s] INFO:colcon.colcon_core.shell:Creating package script '/home/vekkaz/mobile_robotics_ws/install/ros2_control_demo_example_2/share/ros2_control_demo_example_2/package.bash'
[9.010s] INFO:colcon.colcon_core.shell:Creating package script '/home/vekkaz/mobile_robotics_ws/install/ros2_control_demo_example_2/share/ros2_control_demo_example_2/package.zsh'
[9.010s] Level 1:colcon.colcon_core.environment:create_file_with_runtime_dependencies(/home/vekkaz/mobile_robotics_ws/install/ros2_control_demo_example_2/share/colcon-core/packages/ros2_control_demo_example_2)
[10.514s] DEBUG:colcon.colcon_core.event_handler.log_command:Invoking command in '/home/vekkaz/mobile_robotics_ws/build/wall_following_alpha': PYTHONPATH=/home/vekkaz/mobile_robotics_ws/build/wall_following_alpha/prefix_override:/usr/lib/python3/dist-packages/colcon_core/task/python/colcon_distutils_commands:/home/vekkaz/mobile_robotics_ws/install/wall_following_alpha/lib/python3.10/site-packages:${PYTHONPATH} /usr/bin/python3 -W ignore:setup.py install is deprecated setup.py develop --editable --build-directory /home/vekkaz/mobile_robotics_ws/build/wall_following_alpha/build --no-deps symlink_data
[10.519s] DEBUG:colcon.colcon_core.event_handler.log_command:Invoking command in '/home/vekkaz/mobile_robotics_ws/build/time_to_collision': PYTHONPATH=/home/vekkaz/mobile_robotics_ws/build/time_to_collision/prefix_override:/usr/lib/python3/dist-packages/colcon_core/task/python/colcon_distutils_commands:/home/vekkaz/mobile_robotics_ws/install/time_to_collision/lib/python3.10/site-packages:${PYTHONPATH} /usr/bin/python3 -W ignore:setup.py install is deprecated setup.py develop --editable --build-directory /home/vekkaz/mobile_robotics_ws/build/time_to_collision/build --no-deps symlink_data
[10.522s] DEBUG:colcon.colcon_core.event_handler.log_command:Invoking command in '/home/vekkaz/mobile_robotics_ws/build/scan_pkg': PYTHONPATH=/home/vekkaz/mobile_robotics_ws/build/scan_pkg/prefix_override:/usr/lib/python3/dist-packages/colcon_core/task/python/colcon_distutils_commands:/home/vekkaz/mobile_robotics_ws/install/scan_pkg/lib/python3.10/site-packages:${PYTHONPATH} /usr/bin/python3 -W ignore:setup.py install is deprecated setup.py develop --editable --build-directory /home/vekkaz/mobile_robotics_ws/build/scan_pkg/build --no-deps symlink_data
[10.526s] DEBUG:colcon.colcon_core.event_handler.log_command:Invoking command in '/home/vekkaz/mobile_robotics_ws/build/joy_tester': PYTHONPATH=/home/vekkaz/mobile_robotics_ws/build/joy_tester/prefix_override:/usr/lib/python3/dist-packages/colcon_core/task/python/colcon_distutils_commands:/home/vekkaz/mobile_robotics_ws/install/joy_tester/lib/python3.10/site-packages:${PYTHONPATH} /usr/bin/python3 -W ignore:setup.py install is deprecated setup.py develop --editable --build-directory /home/vekkaz/mobile_robotics_ws/build/joy_tester/build --no-deps symlink_data
[11.300s] Level 1:colcon.colcon_core.shell:create_environment_hook('joy_tester', 'pythonpath_develop')
[11.301s] INFO:colcon.colcon_core.shell:Creating environment hook '/home/vekkaz/mobile_robotics_ws/build/joy_tester/share/joy_tester/hook/pythonpath_develop.ps1'
[11.302s] DEBUG:colcon.colcon_core.event_handler.log_command:Invoked command in '/home/vekkaz/mobile_robotics_ws/build/joy_tester' returned '0': PYTHONPATH=/home/vekkaz/mobile_robotics_ws/build/joy_tester/prefix_override:/usr/lib/python3/dist-packages/colcon_core/task/python/colcon_distutils_commands:/home/vekkaz/mobile_robotics_ws/install/joy_tester/lib/python3.10/site-packages:${PYTHONPATH} /usr/bin/python3 -W ignore:setup.py install is deprecated setup.py develop --editable --build-directory /home/vekkaz/mobile_robotics_ws/build/joy_tester/build --no-deps symlink_data
[11.303s] INFO:colcon.colcon_core.shell:Creating environment descriptor '/home/vekkaz/mobile_robotics_ws/build/joy_tester/share/joy_tester/hook/pythonpath_develop.dsv'
[11.304s] INFO:colcon.colcon_core.shell:Creating environment hook '/home/vekkaz/mobile_robotics_ws/build/joy_tester/share/joy_tester/hook/pythonpath_develop.sh'
[11.305s] Level 1:colcon.colcon_core.environment:checking '/home/vekkaz/mobile_robotics_ws/install/joy_tester' for CMake module files
[11.306s] Level 1:colcon.colcon_core.environment:checking '/home/vekkaz/mobile_robotics_ws/install/joy_tester' for CMake config files
[11.306s] Level 1:colcon.colcon_core.environment:checking '/home/vekkaz/mobile_robotics_ws/install/joy_tester/lib'
[11.307s] Level 1:colcon.colcon_core.environment:checking '/home/vekkaz/mobile_robotics_ws/install/joy_tester/bin'
[11.307s] Level 1:colcon.colcon_core.environment:checking '/home/vekkaz/mobile_robotics_ws/install/joy_tester/lib/pkgconfig/joy_tester.pc'
[11.307s] Level 1:colcon.colcon_core.environment:checking '/home/vekkaz/mobile_robotics_ws/install/joy_tester/lib/python3.10/site-packages'
[11.307s] Level 1:colcon.colcon_core.shell:create_environment_hook('joy_tester', 'pythonpath')
[11.308s] INFO:colcon.colcon_core.shell:Creating environment hook '/home/vekkaz/mobile_robotics_ws/install/joy_tester/share/joy_tester/hook/pythonpath.ps1'
[11.308s] INFO:colcon.colcon_core.shell:Creating environment descriptor '/home/vekkaz/mobile_robotics_ws/install/joy_tester/share/joy_tester/hook/pythonpath.dsv'
[11.309s] INFO:colcon.colcon_core.shell:Creating environment hook '/home/vekkaz/mobile_robotics_ws/install/joy_tester/share/joy_tester/hook/pythonpath.sh'
[11.310s] Level 1:colcon.colcon_core.environment:checking '/home/vekkaz/mobile_robotics_ws/install/joy_tester/bin'
[11.310s] Level 1:colcon.colcon_core.environment:create_environment_scripts_only(joy_tester)
[11.311s] INFO:colcon.colcon_core.shell:Creating package script '/home/vekkaz/mobile_robotics_ws/install/joy_tester/share/joy_tester/package.ps1'
[11.311s] INFO:colcon.colcon_core.shell:Creating package descriptor '/home/vekkaz/mobile_robotics_ws/install/joy_tester/share/joy_tester/package.dsv'
[11.312s] INFO:colcon.colcon_core.shell:Creating package script '/home/vekkaz/mobile_robotics_ws/install/joy_tester/share/joy_tester/package.sh'
[11.313s] INFO:colcon.colcon_core.shell:Creating package script '/home/vekkaz/mobile_robotics_ws/install/joy_tester/share/joy_tester/package.bash'
[11.313s] INFO:colcon.colcon_core.shell:Creating package script '/home/vekkaz/mobile_robotics_ws/install/joy_tester/share/joy_tester/package.zsh'
[11.314s] Level 1:colcon.colcon_core.environment:create_file_with_runtime_dependencies(/home/vekkaz/mobile_robotics_ws/install/joy_tester/share/colcon-core/packages/joy_tester)
[11.316s] Level 1:colcon.colcon_core.shell:create_environment_hook('scan_pkg', 'pythonpath_develop')
[11.316s] INFO:colcon.colcon_core.shell:Creating environment hook '/home/vekkaz/mobile_robotics_ws/build/scan_pkg/share/scan_pkg/hook/pythonpath_develop.ps1'
[11.317s] DEBUG:colcon.colcon_core.event_handler.log_command:Invoked command in '/home/vekkaz/mobile_robotics_ws/build/scan_pkg' returned '0': PYTHONPATH=/home/vekkaz/mobile_robotics_ws/build/scan_pkg/prefix_override:/usr/lib/python3/dist-packages/colcon_core/task/python/colcon_distutils_commands:/home/vekkaz/mobile_robotics_ws/install/scan_pkg/lib/python3.10/site-packages:${PYTHONPATH} /usr/bin/python3 -W ignore:setup.py install is deprecated setup.py develop --editable --build-directory /home/vekkaz/mobile_robotics_ws/build/scan_pkg/build --no-deps symlink_data
[11.318s] INFO:colcon.colcon_core.shell:Creating environment descriptor '/home/vekkaz/mobile_robotics_ws/build/scan_pkg/share/scan_pkg/hook/pythonpath_develop.dsv'
[11.318s] INFO:colcon.colcon_core.shell:Creating environment hook '/home/vekkaz/mobile_robotics_ws/build/scan_pkg/share/scan_pkg/hook/pythonpath_develop.sh'
[11.319s] Level 1:colcon.colcon_core.environment:checking '/home/vekkaz/mobile_robotics_ws/install/scan_pkg' for CMake module files
[11.320s] Level 1:colcon.colcon_core.environment:checking '/home/vekkaz/mobile_robotics_ws/install/scan_pkg' for CMake config files
[11.321s] Level 1:colcon.colcon_core.environment:checking '/home/vekkaz/mobile_robotics_ws/install/scan_pkg/lib'
[11.321s] Level 1:colcon.colcon_core.environment:checking '/home/vekkaz/mobile_robotics_ws/install/scan_pkg/bin'
[11.321s] Level 1:colcon.colcon_core.environment:checking '/home/vekkaz/mobile_robotics_ws/install/scan_pkg/lib/pkgconfig/scan_pkg.pc'
[11.321s] Level 1:colcon.colcon_core.environment:checking '/home/vekkaz/mobile_robotics_ws/install/scan_pkg/lib/python3.10/site-packages'
[11.322s] Level 1:colcon.colcon_core.shell:create_environment_hook('scan_pkg', 'pythonpath')
[11.322s] INFO:colcon.colcon_core.shell:Creating environment hook '/home/vekkaz/mobile_robotics_ws/install/scan_pkg/share/scan_pkg/hook/pythonpath.ps1'
[11.323s] INFO:colcon.colcon_core.shell:Creating environment descriptor '/home/vekkaz/mobile_robotics_ws/install/scan_pkg/share/scan_pkg/hook/pythonpath.dsv'
[11.324s] INFO:colcon.colcon_core.shell:Creating environment hook '/home/vekkaz/mobile_robotics_ws/install/scan_pkg/share/scan_pkg/hook/pythonpath.sh'
[11.324s] Level 1:colcon.colcon_core.environment:checking '/home/vekkaz/mobile_robotics_ws/install/scan_pkg/bin'
[11.325s] Level 1:colcon.colcon_core.environment:create_environment_scripts_only(scan_pkg)
[11.325s] INFO:colcon.colcon_core.shell:Creating package script '/home/vekkaz/mobile_robotics_ws/install/scan_pkg/share/scan_pkg/package.ps1'
[11.326s] INFO:colcon.colcon_core.shell:Creating package descriptor '/home/vekkaz/mobile_robotics_ws/install/scan_pkg/share/scan_pkg/package.dsv'
[11.327s] INFO:colcon.colcon_core.shell:Creating package script '/home/vekkaz/mobile_robotics_ws/install/scan_pkg/share/scan_pkg/package.sh'
[11.328s] INFO:colcon.colcon_core.shell:Creating package script '/home/vekkaz/mobile_robotics_ws/install/scan_pkg/share/scan_pkg/package.bash'
[11.328s] INFO:colcon.colcon_core.shell:Creating package script '/home/vekkaz/mobile_robotics_ws/install/scan_pkg/share/scan_pkg/package.zsh'
[11.329s] Level 1:colcon.colcon_core.environment:create_file_with_runtime_dependencies(/home/vekkaz/mobile_robotics_ws/install/scan_pkg/share/colcon-core/packages/scan_pkg)
[11.329s] Level 1:colcon.colcon_core.shell:create_environment_hook('time_to_collision', 'pythonpath_develop')
[11.330s] INFO:colcon.colcon_core.shell:Creating environment hook '/home/vekkaz/mobile_robotics_ws/build/time_to_collision/share/time_to_collision/hook/pythonpath_develop.ps1'
[11.331s] INFO:colcon.colcon_core.shell:Creating environment descriptor '/home/vekkaz/mobile_robotics_ws/build/time_to_collision/share/time_to_collision/hook/pythonpath_develop.dsv'
[11.331s] DEBUG:colcon.colcon_core.event_handler.log_command:Invoked command in '/home/vekkaz/mobile_robotics_ws/build/time_to_collision' returned '0': PYTHONPATH=/home/vekkaz/mobile_robotics_ws/build/time_to_collision/prefix_override:/usr/lib/python3/dist-packages/colcon_core/task/python/colcon_distutils_commands:/home/vekkaz/mobile_robotics_ws/install/time_to_collision/lib/python3.10/site-packages:${PYTHONPATH} /usr/bin/python3 -W ignore:setup.py install is deprecated setup.py develop --editable --build-directory /home/vekkaz/mobile_robotics_ws/build/time_to_collision/build --no-deps symlink_data
[11.332s] INFO:colcon.colcon_core.shell:Creating environment hook '/home/vekkaz/mobile_robotics_ws/build/time_to_collision/share/time_to_collision/hook/pythonpath_develop.sh'
[11.333s] Level 1:colcon.colcon_core.environment:checking '/home/vekkaz/mobile_robotics_ws/install/time_to_collision' for CMake module files
[11.333s] Level 1:colcon.colcon_core.environment:checking '/home/vekkaz/mobile_robotics_ws/install/time_to_collision' for CMake config files
[11.334s] Level 1:colcon.colcon_core.environment:checking '/home/vekkaz/mobile_robotics_ws/install/time_to_collision/lib'
[11.334s] Level 1:colcon.colcon_core.environment:checking '/home/vekkaz/mobile_robotics_ws/install/time_to_collision/bin'
[11.334s] Level 1:colcon.colcon_core.environment:checking '/home/vekkaz/mobile_robotics_ws/install/time_to_collision/lib/pkgconfig/time_to_collision.pc'
[11.334s] Level 1:colcon.colcon_core.environment:checking '/home/vekkaz/mobile_robotics_ws/install/time_to_collision/lib/python3.10/site-packages'
[11.334s] Level 1:colcon.colcon_core.shell:create_environment_hook('time_to_collision', 'pythonpath')
[11.335s] INFO:colcon.colcon_core.shell:Creating environment hook '/home/vekkaz/mobile_robotics_ws/install/time_to_collision/share/time_to_collision/hook/pythonpath.ps1'
[11.335s] INFO:colcon.colcon_core.shell:Creating environment descriptor '/home/vekkaz/mobile_robotics_ws/install/time_to_collision/share/time_to_collision/hook/pythonpath.dsv'
[11.335s] INFO:colcon.colcon_core.shell:Creating environment hook '/home/vekkaz/mobile_robotics_ws/install/time_to_collision/share/time_to_collision/hook/pythonpath.sh'
[11.336s] Level 1:colcon.colcon_core.environment:checking '/home/vekkaz/mobile_robotics_ws/install/time_to_collision/bin'
[11.336s] Level 1:colcon.colcon_core.environment:create_environment_scripts_only(time_to_collision)
[11.337s] INFO:colcon.colcon_core.shell:Creating package script '/home/vekkaz/mobile_robotics_ws/install/time_to_collision/share/time_to_collision/package.ps1'
[11.337s] INFO:colcon.colcon_core.shell:Creating package descriptor '/home/vekkaz/mobile_robotics_ws/install/time_to_collision/share/time_to_collision/package.dsv'
[11.338s] INFO:colcon.colcon_core.shell:Creating package script '/home/vekkaz/mobile_robotics_ws/install/time_to_collision/share/time_to_collision/package.sh'
[11.338s] INFO:colcon.colcon_core.shell:Creating package script '/home/vekkaz/mobile_robotics_ws/install/time_to_collision/share/time_to_collision/package.bash'
[11.338s] INFO:colcon.colcon_core.shell:Creating package script '/home/vekkaz/mobile_robotics_ws/install/time_to_collision/share/time_to_collision/package.zsh'
[11.339s] Level 1:colcon.colcon_core.environment:create_file_with_runtime_dependencies(/home/vekkaz/mobile_robotics_ws/install/time_to_collision/share/colcon-core/packages/time_to_collision)
[11.340s] Level 1:colcon.colcon_core.shell:create_environment_hook('wall_following_alpha', 'pythonpath_develop')
[11.340s] INFO:colcon.colcon_core.shell:Creating environment hook '/home/vekkaz/mobile_robotics_ws/build/wall_following_alpha/share/wall_following_alpha/hook/pythonpath_develop.ps1'
[11.341s] DEBUG:colcon.colcon_core.event_handler.log_command:Invoked command in '/home/vekkaz/mobile_robotics_ws/build/wall_following_alpha' returned '0': PYTHONPATH=/home/vekkaz/mobile_robotics_ws/build/wall_following_alpha/prefix_override:/usr/lib/python3/dist-packages/colcon_core/task/python/colcon_distutils_commands:/home/vekkaz/mobile_robotics_ws/install/wall_following_alpha/lib/python3.10/site-packages:${PYTHONPATH} /usr/bin/python3 -W ignore:setup.py install is deprecated setup.py develop --editable --build-directory /home/vekkaz/mobile_robotics_ws/build/wall_following_alpha/build --no-deps symlink_data
[11.341s] INFO:colcon.colcon_core.shell:Creating environment descriptor '/home/vekkaz/mobile_robotics_ws/build/wall_following_alpha/share/wall_following_alpha/hook/pythonpath_develop.dsv'
[11.341s] INFO:colcon.colcon_core.shell:Creating environment hook '/home/vekkaz/mobile_robotics_ws/build/wall_following_alpha/share/wall_following_alpha/hook/pythonpath_develop.sh'
[11.342s] Level 1:colcon.colcon_core.environment:checking '/home/vekkaz/mobile_robotics_ws/install/wall_following_alpha' for CMake module files
[11.343s] Level 1:colcon.colcon_core.environment:checking '/home/vekkaz/mobile_robotics_ws/install/wall_following_alpha' for CMake config files
[11.343s] Level 1:colcon.colcon_core.environment:checking '/home/vekkaz/mobile_robotics_ws/install/wall_following_alpha/lib'
[11.344s] Level 1:colcon.colcon_core.environment:checking '/home/vekkaz/mobile_robotics_ws/install/wall_following_alpha/bin'
[11.344s] Level 1:colcon.colcon_core.environment:checking '/home/vekkaz/mobile_robotics_ws/install/wall_following_alpha/lib/pkgconfig/wall_following_alpha.pc'
[11.344s] Level 1:colcon.colcon_core.environment:checking '/home/vekkaz/mobile_robotics_ws/install/wall_following_alpha/lib/python3.10/site-packages'
[11.344s] Level 1:colcon.colcon_core.shell:create_environment_hook('wall_following_alpha', 'pythonpath')
[11.344s] INFO:colcon.colcon_core.shell:Creating environment hook '/home/vekkaz/mobile_robotics_ws/install/wall_following_alpha/share/wall_following_alpha/hook/pythonpath.ps1'
[11.345s] INFO:colcon.colcon_core.shell:Creating environment descriptor '/home/vekkaz/mobile_robotics_ws/install/wall_following_alpha/share/wall_following_alpha/hook/pythonpath.dsv'
[11.345s] INFO:colcon.colcon_core.shell:Creating environment hook '/home/vekkaz/mobile_robotics_ws/install/wall_following_alpha/share/wall_following_alpha/hook/pythonpath.sh'
[11.345s] Level 1:colcon.colcon_core.environment:checking '/home/vekkaz/mobile_robotics_ws/install/wall_following_alpha/bin'
[11.345s] Level 1:colcon.colcon_core.environment:create_environment_scripts_only(wall_following_alpha)
[11.346s] INFO:colcon.colcon_core.shell:Creating package script '/home/vekkaz/mobile_robotics_ws/install/wall_following_alpha/share/wall_following_alpha/package.ps1'
[11.347s] INFO:colcon.colcon_core.shell:Creating package descriptor '/home/vekkaz/mobile_robotics_ws/install/wall_following_alpha/share/wall_following_alpha/package.dsv'
[11.347s] INFO:colcon.colcon_core.shell:Creating package script '/home/vekkaz/mobile_robotics_ws/install/wall_following_alpha/share/wall_following_alpha/package.sh'
[11.348s] INFO:colcon.colcon_core.shell:Creating package script '/home/vekkaz/mobile_robotics_ws/install/wall_following_alpha/share/wall_following_alpha/package.bash'
[11.348s] INFO:colcon.colcon_core.shell:Creating package script '/home/vekkaz/mobile_robotics_ws/install/wall_following_alpha/share/wall_following_alpha/package.zsh'
[11.348s] Level 1:colcon.colcon_core.environment:create_file_with_runtime_dependencies(/home/vekkaz/mobile_robotics_ws/install/wall_following_alpha/share/colcon-core/packages/wall_following_alpha)
[11.348s] DEBUG:colcon.colcon_parallel_executor.executor.parallel:closing loop
[11.349s] DEBUG:colcon.colcon_parallel_executor.executor.parallel:loop closed
[11.349s] DEBUG:colcon.colcon_parallel_executor.executor.parallel:run_until_complete finished with '0'
[11.349s] DEBUG:colcon.colcon_core.event_reactor:joining thread
[11.406s] INFO:colcon.colcon_core.plugin_system:Skipping extension 'colcon_notification.desktop_notification.terminal_notifier': Not used on non-Darwin systems
[11.406s] INFO:colcon.colcon_core.plugin_system:Skipping extension 'colcon_notification.desktop_notification.win32': Not used on non-Windows systems
[11.408s] INFO:colcon.colcon_notification.desktop_notification:Sending desktop notification using 'notify2'
[11.422s] DEBUG:colcon.colcon_core.event_reactor:joined thread
[11.422s] INFO:colcon.colcon_core.shell:Creating prefix script '/home/vekkaz/mobile_robotics_ws/install/local_setup.ps1'
[11.460s] INFO:colcon.colcon_core.shell:Creating prefix util module '/home/vekkaz/mobile_robotics_ws/install/_local_setup_util_ps1.py'
[11.543s] INFO:colcon.colcon_core.shell:Creating prefix chain script '/home/vekkaz/mobile_robotics_ws/install/setup.ps1'
[11.547s] INFO:colcon.colcon_core.shell:Creating prefix script '/home/vekkaz/mobile_robotics_ws/install/local_setup.sh'
[11.548s] INFO:colcon.colcon_core.shell:Creating prefix util module '/home/vekkaz/mobile_robotics_ws/install/_local_setup_util_sh.py'
[11.549s] INFO:colcon.colcon_core.shell:Creating prefix chain script '/home/vekkaz/mobile_robotics_ws/install/setup.sh'
[11.552s] INFO:colcon.colcon_core.shell:Creating prefix script '/home/vekkaz/mobile_robotics_ws/install/local_setup.bash'
[11.553s] INFO:colcon.colcon_core.shell:Creating prefix chain script '/home/vekkaz/mobile_robotics_ws/install/setup.bash'
[11.556s] INFO:colcon.colcon_core.shell:Creating prefix script '/home/vekkaz/mobile_robotics_ws/install/local_setup.zsh'
[11.557s] INFO:colcon.colcon_core.shell:Creating prefix chain script '/home/vekkaz/mobile_robotics_ws/install/setup.zsh'
