[0.087s] Invoking command in '/home/vekkaz/mobile_robotics_ws/src/build/f112th_sim_2024_alpha': CMAKE_PREFIX_PATH=${CMAKE_PREFIX_PATH}:/home/vekkaz/mobile_robotics_ws/install/joy_tester:/home/vekkaz/ros2_ws_2401/install/turtle_move_pkg_g01:/home/vekkaz/ros2_ws_2401/install/turtle_move_2_pkg_g01:/home/vekkaz/ros2_ws_2401/install/robotcar_base_pkg_g01:/home/vekkaz/ros2_ws_2401/install/model_robot_pkg_g01:/home/vekkaz/ros2_ws_2401/install/launch_pkg_g01:/home/vekkaz/ros2_ws_tutorial/install/robot_control:/opt/ros/humble /usr/bin/cmake /home/vekkaz/mobile_robotics_ws/src/f112th_sim_2024_alpha -DAMENT_CMAKE_SYMLINK_INSTALL=1 -DCMAKE_INSTALL_PREFIX=/home/vekkaz/mobile_robotics_ws/src/install/f112th_sim_2024_alpha
[3.219s] -- The C compiler identification is GNU 11.4.0
[4.417s] -- The CXX compiler identification is GNU 11.4.0
[4.631s] -- Detecting C compiler ABI info
[5.094s] -- Detecting C compiler ABI info - done
[5.108s] -- Check for working C compiler: /usr/bin/cc - skipped
[5.109s] -- Detecting C compile features
[5.120s] -- Detecting C compile features - done
[5.127s] -- Detecting CXX compiler ABI info
[5.453s] -- Detecting CXX compiler ABI info - done
[5.473s] -- Check for working CXX compiler: /usr/bin/c++ - skipped
[5.474s] -- Detecting CXX compile features
[5.474s] -- Detecting CXX compile features - done
[5.950s] -- Found ament_cmake: 1.3.9 (/opt/ros/humble/share/ament_cmake/cmake)
[6.924s] -- Found Python3: /usr/bin/python3 (found version "3.10.12") found components: Interpreter 
[7.113s] -- Override CMake install command with custom implementation using symlinks instead of copying resources
[8.482s] -- Found ament_lint_auto: 0.12.11 (/opt/ros/humble/share/ament_lint_auto/cmake)
[9.981s] -- Added test 'copyright' to check source files copyright and LICENSE
[10.112s] -- Added test 'flake8' to check Python code syntax and style conventions
[10.116s] -- Added test 'lint_cmake' to check CMake code style
[10.118s] -- Added test 'pep257' to check Python code against some of the docstring style conventions in PEP 257
[10.240s] -- Added test 'xmllint' to check XML markup files
[10.244s] -- Configuring done
[10.251s] -- Generating done
[10.254s] -- Build files have been written to: /home/vekkaz/mobile_robotics_ws/src/build/f112th_sim_2024_alpha
[10.264s] Invoked command in '/home/vekkaz/mobile_robotics_ws/src/build/f112th_sim_2024_alpha' returned '0': CMAKE_PREFIX_PATH=${CMAKE_PREFIX_PATH}:/home/vekkaz/mobile_robotics_ws/install/joy_tester:/home/vekkaz/ros2_ws_2401/install/turtle_move_pkg_g01:/home/vekkaz/ros2_ws_2401/install/turtle_move_2_pkg_g01:/home/vekkaz/ros2_ws_2401/install/robotcar_base_pkg_g01:/home/vekkaz/ros2_ws_2401/install/model_robot_pkg_g01:/home/vekkaz/ros2_ws_2401/install/launch_pkg_g01:/home/vekkaz/ros2_ws_tutorial/install/robot_control:/opt/ros/humble /usr/bin/cmake /home/vekkaz/mobile_robotics_ws/src/f112th_sim_2024_alpha -DAMENT_CMAKE_SYMLINK_INSTALL=1 -DCMAKE_INSTALL_PREFIX=/home/vekkaz/mobile_robotics_ws/src/install/f112th_sim_2024_alpha
[10.268s] Invoking command in '/home/vekkaz/mobile_robotics_ws/src/build/f112th_sim_2024_alpha': CMAKE_PREFIX_PATH=${CMAKE_PREFIX_PATH}:/home/vekkaz/mobile_robotics_ws/install/joy_tester:/home/vekkaz/ros2_ws_2401/install/turtle_move_pkg_g01:/home/vekkaz/ros2_ws_2401/install/turtle_move_2_pkg_g01:/home/vekkaz/ros2_ws_2401/install/robotcar_base_pkg_g01:/home/vekkaz/ros2_ws_2401/install/model_robot_pkg_g01:/home/vekkaz/ros2_ws_2401/install/launch_pkg_g01:/home/vekkaz/ros2_ws_tutorial/install/robot_control:/opt/ros/humble /usr/bin/cmake --build /home/vekkaz/mobile_robotics_ws/src/build/f112th_sim_2024_alpha -- -j12 -l12
[10.323s] Invoked command in '/home/vekkaz/mobile_robotics_ws/src/build/f112th_sim_2024_alpha' returned '0': CMAKE_PREFIX_PATH=${CMAKE_PREFIX_PATH}:/home/vekkaz/mobile_robotics_ws/install/joy_tester:/home/vekkaz/ros2_ws_2401/install/turtle_move_pkg_g01:/home/vekkaz/ros2_ws_2401/install/turtle_move_2_pkg_g01:/home/vekkaz/ros2_ws_2401/install/robotcar_base_pkg_g01:/home/vekkaz/ros2_ws_2401/install/model_robot_pkg_g01:/home/vekkaz/ros2_ws_2401/install/launch_pkg_g01:/home/vekkaz/ros2_ws_tutorial/install/robot_control:/opt/ros/humble /usr/bin/cmake --build /home/vekkaz/mobile_robotics_ws/src/build/f112th_sim_2024_alpha -- -j12 -l12
[10.371s] Invoking command in '/home/vekkaz/mobile_robotics_ws/src/build/f112th_sim_2024_alpha': CMAKE_PREFIX_PATH=${CMAKE_PREFIX_PATH}:/home/vekkaz/mobile_robotics_ws/install/joy_tester:/home/vekkaz/ros2_ws_2401/install/turtle_move_pkg_g01:/home/vekkaz/ros2_ws_2401/install/turtle_move_2_pkg_g01:/home/vekkaz/ros2_ws_2401/install/robotcar_base_pkg_g01:/home/vekkaz/ros2_ws_2401/install/model_robot_pkg_g01:/home/vekkaz/ros2_ws_2401/install/launch_pkg_g01:/home/vekkaz/ros2_ws_tutorial/install/robot_control:/opt/ros/humble /usr/bin/cmake --install /home/vekkaz/mobile_robotics_ws/src/build/f112th_sim_2024_alpha
[10.384s] -- Install configuration: ""
[10.384s] -- Execute custom install script
[10.385s] -- Symlinking: /home/vekkaz/mobile_robotics_ws/src/install/f112th_sim_2024_alpha/share/f112th_sim_2024_alpha/config/empty.yaml
[10.403s] -- Symlinking: /home/vekkaz/mobile_robotics_ws/src/install/f112th_sim_2024_alpha/share/f112th_sim_2024_alpha/config/joystick.yaml
[10.422s] -- Symlinking: /home/vekkaz/mobile_robotics_ws/src/install/f112th_sim_2024_alpha/share/f112th_sim_2024_alpha/description/gazebo_control.xacro
[10.437s] -- Symlinking: /home/vekkaz/mobile_robotics_ws/src/install/f112th_sim_2024_alpha/share/f112th_sim_2024_alpha/description/inertial_macros.xacro
[10.453s] -- Symlinking: /home/vekkaz/mobile_robotics_ws/src/install/f112th_sim_2024_alpha/share/f112th_sim_2024_alpha/description/lidar.xacro
[10.469s] -- Symlinking: /home/vekkaz/mobile_robotics_ws/src/install/f112th_sim_2024_alpha/share/f112th_sim_2024_alpha/description/properties.urdf.xacro
[10.485s] -- Symlinking: /home/vekkaz/mobile_robotics_ws/src/install/f112th_sim_2024_alpha/share/f112th_sim_2024_alpha/description/robot.urdf.xacro
[10.501s] -- Symlinking: /home/vekkaz/mobile_robotics_ws/src/install/f112th_sim_2024_alpha/share/f112th_sim_2024_alpha/description/robot_core.xacro
[10.517s] -- Symlinking: /home/vekkaz/mobile_robotics_ws/src/install/f112th_sim_2024_alpha/share/f112th_sim_2024_alpha/description/rviz_model.rviz
[10.532s] -- Symlinking: /home/vekkaz/mobile_robotics_ws/src/install/f112th_sim_2024_alpha/share/f112th_sim_2024_alpha/launch/joystick.launch.py
[10.547s] -- Symlinking: /home/vekkaz/mobile_robotics_ws/src/install/f112th_sim_2024_alpha/share/f112th_sim_2024_alpha/launch/launch_sim.launch.py
[10.565s] -- Symlinking: /home/vekkaz/mobile_robotics_ws/src/install/f112th_sim_2024_alpha/share/f112th_sim_2024_alpha/launch/rsp.launch.py
[10.579s] -- Symlinking: /home/vekkaz/mobile_robotics_ws/src/install/f112th_sim_2024_alpha/share/f112th_sim_2024_alpha/worlds/1st_world_v2.world
[10.597s] -- Symlinking: /home/vekkaz/mobile_robotics_ws/src/install/f112th_sim_2024_alpha/share/f112th_sim_2024_alpha/worlds/empty.world
[10.613s] -- Symlinking: /home/vekkaz/mobile_robotics_ws/src/install/f112th_sim_2024_alpha/share/f112th_sim_2024_alpha/worlds/wall/model.config
[10.628s] -- Symlinking: /home/vekkaz/mobile_robotics_ws/src/install/f112th_sim_2024_alpha/share/f112th_sim_2024_alpha/worlds/wall/model.sdf
[10.645s] -- Symlinking: /home/vekkaz/mobile_robotics_ws/src/install/f112th_sim_2024_alpha/share/f112th_sim_2024_alpha/worlds/worldy_world.world
[10.661s] -- Symlinking: /home/vekkaz/mobile_robotics_ws/src/install/f112th_sim_2024_alpha/share/ament_index/resource_index/package_run_dependencies/f112th_sim_2024_alpha
[10.677s] -- Symlinking: /home/vekkaz/mobile_robotics_ws/src/install/f112th_sim_2024_alpha/share/ament_index/resource_index/parent_prefix_path/f112th_sim_2024_alpha
[10.696s] -- Symlinking: /home/vekkaz/mobile_robotics_ws/src/install/f112th_sim_2024_alpha/share/f112th_sim_2024_alpha/environment/ament_prefix_path.sh
[10.713s] -- Symlinking: /home/vekkaz/mobile_robotics_ws/src/install/f112th_sim_2024_alpha/share/f112th_sim_2024_alpha/environment/ament_prefix_path.dsv
[10.728s] -- Symlinking: /home/vekkaz/mobile_robotics_ws/src/install/f112th_sim_2024_alpha/share/f112th_sim_2024_alpha/environment/path.sh
[10.743s] -- Symlinking: /home/vekkaz/mobile_robotics_ws/src/install/f112th_sim_2024_alpha/share/f112th_sim_2024_alpha/environment/path.dsv
[10.758s] -- Symlinking: /home/vekkaz/mobile_robotics_ws/src/install/f112th_sim_2024_alpha/share/f112th_sim_2024_alpha/local_setup.bash
[10.774s] -- Symlinking: /home/vekkaz/mobile_robotics_ws/src/install/f112th_sim_2024_alpha/share/f112th_sim_2024_alpha/local_setup.sh
[10.790s] -- Symlinking: /home/vekkaz/mobile_robotics_ws/src/install/f112th_sim_2024_alpha/share/f112th_sim_2024_alpha/local_setup.zsh
[10.807s] -- Symlinking: /home/vekkaz/mobile_robotics_ws/src/install/f112th_sim_2024_alpha/share/f112th_sim_2024_alpha/local_setup.dsv
[10.822s] -- Symlinking: /home/vekkaz/mobile_robotics_ws/src/install/f112th_sim_2024_alpha/share/f112th_sim_2024_alpha/package.dsv
[10.837s] -- Symlinking: /home/vekkaz/mobile_robotics_ws/src/install/f112th_sim_2024_alpha/share/ament_index/resource_index/packages/f112th_sim_2024_alpha
[10.856s] -- Symlinking: /home/vekkaz/mobile_robotics_ws/src/install/f112th_sim_2024_alpha/share/f112th_sim_2024_alpha/cmake/f112th_sim_2024_alphaConfig.cmake
[10.872s] -- Symlinking: /home/vekkaz/mobile_robotics_ws/src/install/f112th_sim_2024_alpha/share/f112th_sim_2024_alpha/cmake/f112th_sim_2024_alphaConfig-version.cmake
[10.888s] -- Symlinking: /home/vekkaz/mobile_robotics_ws/src/install/f112th_sim_2024_alpha/share/f112th_sim_2024_alpha/package.xml
[10.909s] Invoked command in '/home/vekkaz/mobile_robotics_ws/src/build/f112th_sim_2024_alpha' returned '0': CMAKE_PREFIX_PATH=${CMAKE_PREFIX_PATH}:/home/vekkaz/mobile_robotics_ws/install/joy_tester:/home/vekkaz/ros2_ws_2401/install/turtle_move_pkg_g01:/home/vekkaz/ros2_ws_2401/install/turtle_move_2_pkg_g01:/home/vekkaz/ros2_ws_2401/install/robotcar_base_pkg_g01:/home/vekkaz/ros2_ws_2401/install/model_robot_pkg_g01:/home/vekkaz/ros2_ws_2401/install/launch_pkg_g01:/home/vekkaz/ros2_ws_tutorial/install/robot_control:/opt/ros/humble /usr/bin/cmake --install /home/vekkaz/mobile_robotics_ws/src/build/f112th_sim_2024_alpha
