[0.087s] DEBUG:colcon:Command line arguments: ['/usr/bin/colcon', 'build', '--symlink-install']
[0.087s] DEBUG:colcon:Parsed command line arguments: Namespace(log_base=None, log_level=None, verb_name='build', build_base='build', install_base='install', merge_install=False, symlink_install=True, test_result_base=None, continue_on_error=False, executor='parallel', parallel_workers=12, event_handlers=None, ignore_user_meta=False, metas=['./colcon.meta'], base_paths=['.'], packages_ignore=None, packages_ignore_regex=None, paths=None, packages_up_to=None, packages_up_to_regex=None, packages_above=None, packages_above_and_dependencies=None, packages_above_depth=None, packages_select_by_dep=None, packages_skip_by_dep=None, packages_skip_up_to=None, packages_select_build_failed=False, packages_skip_build_finished=False, packages_select_test_failures=False, packages_skip_test_passed=False, packages_select=None, packages_skip=None, packages_select_regex=None, packages_skip_regex=None, packages_start=None, packages_end=None, allow_overriding=[], cmake_args=None, cmake_target=None, cmake_target_skip_unavailable=False, cmake_clean_cache=False, cmake_clean_first=False, cmake_force_configure=False, ament_cmake_args=None, catkin_cmake_args=None, catkin_skip_building_tests=False, verb_parser=<colcon_defaults.argument_parser.defaults.DefaultArgumentsDecorator object at 0x7cfcab998130>, verb_extension=<colcon_core.verb.build.BuildVerb object at 0x7cfcab94fb80>, main=<bound method BuildVerb.main of <colcon_core.verb.build.BuildVerb object at 0x7cfcab94fb80>>)
[0.219s] Level 1:colcon.colcon_core.package_discovery:discover_packages(colcon_meta) check parameters
[0.219s] Level 1:colcon.colcon_core.package_discovery:discover_packages(recursive) check parameters
[0.219s] Level 1:colcon.colcon_core.package_discovery:discover_packages(ignore) check parameters
[0.219s] Level 1:colcon.colcon_core.package_discovery:discover_packages(path) check parameters
[0.219s] Level 1:colcon.colcon_core.package_discovery:discover_packages(colcon_meta) discover
[0.219s] Level 1:colcon.colcon_core.package_discovery:discover_packages(recursive) discover
[0.219s] INFO:colcon.colcon_core.package_discovery:Crawling recursively for packages in '/home/vekkaz/mobile_robotics_ws'
[0.220s] Level 1:colcon.colcon_core.package_identification:_identify(.) by extensions ['ignore', 'ignore_ament_install']
[0.220s] Level 1:colcon.colcon_core.package_identification:_identify(.) by extension 'ignore'
[0.220s] Level 1:colcon.colcon_core.package_identification:_identify(.) by extension 'ignore_ament_install'
[0.220s] Level 1:colcon.colcon_core.package_identification:_identify(.) by extensions ['colcon_pkg']
[0.220s] Level 1:colcon.colcon_core.package_identification:_identify(.) by extension 'colcon_pkg'
[0.220s] Level 1:colcon.colcon_core.package_identification:_identify(.) by extensions ['colcon_meta']
[0.220s] Level 1:colcon.colcon_core.package_identification:_identify(.) by extension 'colcon_meta'
[0.220s] Level 1:colcon.colcon_core.package_identification:_identify(.) by extensions ['ros']
[0.220s] Level 1:colcon.colcon_core.package_identification:_identify(.) by extension 'ros'
[0.227s] Level 1:colcon.colcon_core.package_identification:_identify(.) by extensions ['cmake', 'python']
[0.227s] Level 1:colcon.colcon_core.package_identification:_identify(.) by extension 'cmake'
[0.227s] Level 1:colcon.colcon_core.package_identification:_identify(.) by extension 'python'
[0.227s] Level 1:colcon.colcon_core.package_identification:_identify(.) by extensions ['python_setup_py']
[0.227s] Level 1:colcon.colcon_core.package_identification:_identify(.) by extension 'python_setup_py'
[0.227s] Level 1:colcon.colcon_core.package_identification:_identify(build) by extensions ['ignore', 'ignore_ament_install']
[0.227s] Level 1:colcon.colcon_core.package_identification:_identify(build) by extension 'ignore'
[0.227s] Level 1:colcon.colcon_core.package_identification:_identify(build) ignored
[0.227s] Level 1:colcon.colcon_core.package_identification:_identify(install) by extensions ['ignore', 'ignore_ament_install']
[0.227s] Level 1:colcon.colcon_core.package_identification:_identify(install) by extension 'ignore'
[0.227s] Level 1:colcon.colcon_core.package_identification:_identify(install) ignored
[0.228s] Level 1:colcon.colcon_core.package_identification:_identify(log) by extensions ['ignore', 'ignore_ament_install']
[0.228s] Level 1:colcon.colcon_core.package_identification:_identify(log) by extension 'ignore'
[0.228s] Level 1:colcon.colcon_core.package_identification:_identify(log) ignored
[0.228s] Level 1:colcon.colcon_core.package_identification:_identify(src) by extensions ['ignore', 'ignore_ament_install']
[0.228s] Level 1:colcon.colcon_core.package_identification:_identify(src) by extension 'ignore'
[0.228s] Level 1:colcon.colcon_core.package_identification:_identify(src) by extension 'ignore_ament_install'
[0.228s] Level 1:colcon.colcon_core.package_identification:_identify(src) by extensions ['colcon_pkg']
[0.228s] Level 1:colcon.colcon_core.package_identification:_identify(src) by extension 'colcon_pkg'
[0.228s] Level 1:colcon.colcon_core.package_identification:_identify(src) by extensions ['colcon_meta']
[0.228s] Level 1:colcon.colcon_core.package_identification:_identify(src) by extension 'colcon_meta'
[0.228s] Level 1:colcon.colcon_core.package_identification:_identify(src) by extensions ['ros']
[0.228s] Level 1:colcon.colcon_core.package_identification:_identify(src) by extension 'ros'
[0.228s] Level 1:colcon.colcon_core.package_identification:_identify(src) by extensions ['cmake', 'python']
[0.228s] Level 1:colcon.colcon_core.package_identification:_identify(src) by extension 'cmake'
[0.228s] Level 1:colcon.colcon_core.package_identification:_identify(src) by extension 'python'
[0.228s] Level 1:colcon.colcon_core.package_identification:_identify(src) by extensions ['python_setup_py']
[0.228s] Level 1:colcon.colcon_core.package_identification:_identify(src) by extension 'python_setup_py'
[0.228s] Level 1:colcon.colcon_core.package_identification:_identify(src/build) by extensions ['ignore', 'ignore_ament_install']
[0.228s] Level 1:colcon.colcon_core.package_identification:_identify(src/build) by extension 'ignore'
[0.228s] Level 1:colcon.colcon_core.package_identification:_identify(src/build) ignored
[0.228s] Level 1:colcon.colcon_core.package_identification:_identify(src/example_2) by extensions ['ignore', 'ignore_ament_install']
[0.228s] Level 1:colcon.colcon_core.package_identification:_identify(src/example_2) by extension 'ignore'
[0.228s] Level 1:colcon.colcon_core.package_identification:_identify(src/example_2) by extension 'ignore_ament_install'
[0.228s] Level 1:colcon.colcon_core.package_identification:_identify(src/example_2) by extensions ['colcon_pkg']
[0.228s] Level 1:colcon.colcon_core.package_identification:_identify(src/example_2) by extension 'colcon_pkg'
[0.228s] Level 1:colcon.colcon_core.package_identification:_identify(src/example_2) by extensions ['colcon_meta']
[0.228s] Level 1:colcon.colcon_core.package_identification:_identify(src/example_2) by extension 'colcon_meta'
[0.228s] Level 1:colcon.colcon_core.package_identification:_identify(src/example_2) by extensions ['ros']
[0.228s] Level 1:colcon.colcon_core.package_identification:_identify(src/example_2) by extension 'ros'
[0.230s] DEBUG:colcon.colcon_core.package_identification:Package 'src/example_2' with type 'ros.ament_cmake' and name 'ros2_control_demo_example_2'
[0.230s] Level 1:colcon.colcon_core.package_identification:_identify(src/f112th_sim_2024_alpha) by extensions ['ignore', 'ignore_ament_install']
[0.230s] Level 1:colcon.colcon_core.package_identification:_identify(src/f112th_sim_2024_alpha) by extension 'ignore'
[0.230s] Level 1:colcon.colcon_core.package_identification:_identify(src/f112th_sim_2024_alpha) by extension 'ignore_ament_install'
[0.230s] Level 1:colcon.colcon_core.package_identification:_identify(src/f112th_sim_2024_alpha) by extensions ['colcon_pkg']
[0.230s] Level 1:colcon.colcon_core.package_identification:_identify(src/f112th_sim_2024_alpha) by extension 'colcon_pkg'
[0.230s] Level 1:colcon.colcon_core.package_identification:_identify(src/f112th_sim_2024_alpha) by extensions ['colcon_meta']
[0.230s] Level 1:colcon.colcon_core.package_identification:_identify(src/f112th_sim_2024_alpha) by extension 'colcon_meta'
[0.230s] Level 1:colcon.colcon_core.package_identification:_identify(src/f112th_sim_2024_alpha) by extensions ['ros']
[0.230s] Level 1:colcon.colcon_core.package_identification:_identify(src/f112th_sim_2024_alpha) by extension 'ros'
[0.231s] DEBUG:colcon.colcon_core.package_identification:Package 'src/f112th_sim_2024_alpha' with type 'ros.ament_cmake' and name 'f112th_sim_2024_alpha'
[0.231s] Level 1:colcon.colcon_core.package_identification:_identify(src/install) by extensions ['ignore', 'ignore_ament_install']
[0.231s] Level 1:colcon.colcon_core.package_identification:_identify(src/install) by extension 'ignore'
[0.231s] Level 1:colcon.colcon_core.package_identification:_identify(src/install) ignored
[0.231s] Level 1:colcon.colcon_core.package_identification:_identify(src/joy_tester) by extensions ['ignore', 'ignore_ament_install']
[0.231s] Level 1:colcon.colcon_core.package_identification:_identify(src/joy_tester) by extension 'ignore'
[0.231s] Level 1:colcon.colcon_core.package_identification:_identify(src/joy_tester) by extension 'ignore_ament_install'
[0.231s] Level 1:colcon.colcon_core.package_identification:_identify(src/joy_tester) by extensions ['colcon_pkg']
[0.231s] Level 1:colcon.colcon_core.package_identification:_identify(src/joy_tester) by extension 'colcon_pkg'
[0.231s] Level 1:colcon.colcon_core.package_identification:_identify(src/joy_tester) by extensions ['colcon_meta']
[0.231s] Level 1:colcon.colcon_core.package_identification:_identify(src/joy_tester) by extension 'colcon_meta'
[0.231s] Level 1:colcon.colcon_core.package_identification:_identify(src/joy_tester) by extensions ['ros']
[0.231s] Level 1:colcon.colcon_core.package_identification:_identify(src/joy_tester) by extension 'ros'
[0.232s] DEBUG:colcon.colcon_core.package_identification:Package 'src/joy_tester' with type 'ros.ament_python' and name 'joy_tester'
[0.232s] Level 1:colcon.colcon_core.package_identification:_identify(src/log) by extensions ['ignore', 'ignore_ament_install']
[0.232s] Level 1:colcon.colcon_core.package_identification:_identify(src/log) by extension 'ignore'
[0.232s] Level 1:colcon.colcon_core.package_identification:_identify(src/log) ignored
[0.232s] Level 1:colcon.colcon_core.package_identification:_identify(src/scan_pkg) by extensions ['ignore', 'ignore_ament_install']
[0.232s] Level 1:colcon.colcon_core.package_identification:_identify(src/scan_pkg) by extension 'ignore'
[0.232s] Level 1:colcon.colcon_core.package_identification:_identify(src/scan_pkg) by extension 'ignore_ament_install'
[0.232s] Level 1:colcon.colcon_core.package_identification:_identify(src/scan_pkg) by extensions ['colcon_pkg']
[0.232s] Level 1:colcon.colcon_core.package_identification:_identify(src/scan_pkg) by extension 'colcon_pkg'
[0.232s] Level 1:colcon.colcon_core.package_identification:_identify(src/scan_pkg) by extensions ['colcon_meta']
[0.232s] Level 1:colcon.colcon_core.package_identification:_identify(src/scan_pkg) by extension 'colcon_meta'
[0.232s] Level 1:colcon.colcon_core.package_identification:_identify(src/scan_pkg) by extensions ['ros']
[0.232s] Level 1:colcon.colcon_core.package_identification:_identify(src/scan_pkg) by extension 'ros'
[0.232s] DEBUG:colcon.colcon_core.package_identification:Package 'src/scan_pkg' with type 'ros.ament_python' and name 'scan_pkg'
[0.232s] Level 1:colcon.colcon_core.package_identification:_identify(src/time_to_collision) by extensions ['ignore', 'ignore_ament_install']
[0.232s] Level 1:colcon.colcon_core.package_identification:_identify(src/time_to_collision) by extension 'ignore'
[0.232s] Level 1:colcon.colcon_core.package_identification:_identify(src/time_to_collision) by extension 'ignore_ament_install'
[0.232s] Level 1:colcon.colcon_core.package_identification:_identify(src/time_to_collision) by extensions ['colcon_pkg']
[0.233s] Level 1:colcon.colcon_core.package_identification:_identify(src/time_to_collision) by extension 'colcon_pkg'
[0.233s] Level 1:colcon.colcon_core.package_identification:_identify(src/time_to_collision) by extensions ['colcon_meta']
[0.233s] Level 1:colcon.colcon_core.package_identification:_identify(src/time_to_collision) by extension 'colcon_meta'
[0.233s] Level 1:colcon.colcon_core.package_identification:_identify(src/time_to_collision) by extensions ['ros']
[0.233s] Level 1:colcon.colcon_core.package_identification:_identify(src/time_to_collision) by extension 'ros'
[0.233s] DEBUG:colcon.colcon_core.package_identification:Package 'src/time_to_collision' with type 'ros.ament_python' and name 'time_to_collision'
[0.233s] Level 1:colcon.colcon_core.package_identification:_identify(src/wall_following_alpha) by extensions ['ignore', 'ignore_ament_install']
[0.233s] Level 1:colcon.colcon_core.package_identification:_identify(src/wall_following_alpha) by extension 'ignore'
[0.233s] Level 1:colcon.colcon_core.package_identification:_identify(src/wall_following_alpha) by extension 'ignore_ament_install'
[0.233s] Level 1:colcon.colcon_core.package_identification:_identify(src/wall_following_alpha) by extensions ['colcon_pkg']
[0.233s] Level 1:colcon.colcon_core.package_identification:_identify(src/wall_following_alpha) by extension 'colcon_pkg'
[0.233s] Level 1:colcon.colcon_core.package_identification:_identify(src/wall_following_alpha) by extensions ['colcon_meta']
[0.233s] Level 1:colcon.colcon_core.package_identification:_identify(src/wall_following_alpha) by extension 'colcon_meta'
[0.233s] Level 1:colcon.colcon_core.package_identification:_identify(src/wall_following_alpha) by extensions ['ros']
[0.233s] Level 1:colcon.colcon_core.package_identification:_identify(src/wall_following_alpha) by extension 'ros'
[0.234s] DEBUG:colcon.colcon_core.package_identification:Package 'src/wall_following_alpha' with type 'ros.ament_python' and name 'wall_following_alpha'
[0.234s] Level 1:colcon.colcon_core.package_discovery:discover_packages(recursive) using defaults
[0.234s] Level 1:colcon.colcon_core.package_discovery:discover_packages(ignore) discover
[0.234s] Level 1:colcon.colcon_core.package_discovery:discover_packages(ignore) using defaults
[0.234s] Level 1:colcon.colcon_core.package_discovery:discover_packages(path) discover
[0.234s] Level 1:colcon.colcon_core.package_discovery:discover_packages(path) using defaults
[0.247s] Level 1:colcon.colcon_core.package_discovery:discover_packages(prefix_path) check parameters
[0.247s] Level 1:colcon.colcon_core.package_discovery:discover_packages(prefix_path) discover
[0.249s] DEBUG:colcon.colcon_installed_package_information.package_discovery:Found 6 installed packages in /home/vekkaz/mobile_robotics_ws/install
[0.249s] DEBUG:colcon.colcon_installed_package_information.package_discovery:Found 1 installed packages in /home/vekkaz/ros2_ws_tutorial/install
[0.249s] DEBUG:colcon.colcon_installed_package_information.package_discovery:Found 5 installed packages in /home/vekkaz/ros2_ws_2401/install
[0.250s] DEBUG:colcon.colcon_installed_package_information.package_discovery:Found 393 installed packages in /opt/ros/humble
[0.259s] Level 1:colcon.colcon_core.package_discovery:discover_packages(prefix_path) using defaults
[0.287s] Level 5:colcon.colcon_core.verb:set package 'f112th_sim_2024_alpha' build argument 'cmake_args' from command line to 'None'
[0.287s] Level 5:colcon.colcon_core.verb:set package 'f112th_sim_2024_alpha' build argument 'cmake_target' from command line to 'None'
[0.287s] Level 5:colcon.colcon_core.verb:set package 'f112th_sim_2024_alpha' build argument 'cmake_target_skip_unavailable' from command line to 'False'
[0.287s] Level 5:colcon.colcon_core.verb:set package 'f112th_sim_2024_alpha' build argument 'cmake_clean_cache' from command line to 'False'
[0.287s] Level 5:colcon.colcon_core.verb:set package 'f112th_sim_2024_alpha' build argument 'cmake_clean_first' from command line to 'False'
[0.287s] Level 5:colcon.colcon_core.verb:set package 'f112th_sim_2024_alpha' build argument 'cmake_force_configure' from command line to 'False'
[0.287s] Level 5:colcon.colcon_core.verb:set package 'f112th_sim_2024_alpha' build argument 'ament_cmake_args' from command line to 'None'
[0.288s] Level 5:colcon.colcon_core.verb:set package 'f112th_sim_2024_alpha' build argument 'catkin_cmake_args' from command line to 'None'
[0.288s] Level 5:colcon.colcon_core.verb:set package 'f112th_sim_2024_alpha' build argument 'catkin_skip_building_tests' from command line to 'False'
[0.288s] DEBUG:colcon.colcon_core.verb:Building package 'f112th_sim_2024_alpha' with the following arguments: {'ament_cmake_args': None, 'build_base': '/home/vekkaz/mobile_robotics_ws/build/f112th_sim_2024_alpha', 'catkin_cmake_args': None, 'catkin_skip_building_tests': False, 'cmake_args': None, 'cmake_clean_cache': False, 'cmake_clean_first': False, 'cmake_force_configure': False, 'cmake_target': None, 'cmake_target_skip_unavailable': False, 'install_base': '/home/vekkaz/mobile_robotics_ws/install/f112th_sim_2024_alpha', 'merge_install': False, 'path': '/home/vekkaz/mobile_robotics_ws/src/f112th_sim_2024_alpha', 'symlink_install': True, 'test_result_base': None}
[0.288s] Level 5:colcon.colcon_core.verb:set package 'joy_tester' build argument 'cmake_args' from command line to 'None'
[0.288s] Level 5:colcon.colcon_core.verb:set package 'joy_tester' build argument 'cmake_target' from command line to 'None'
[0.288s] Level 5:colcon.colcon_core.verb:set package 'joy_tester' build argument 'cmake_target_skip_unavailable' from command line to 'False'
[0.288s] Level 5:colcon.colcon_core.verb:set package 'joy_tester' build argument 'cmake_clean_cache' from command line to 'False'
[0.288s] Level 5:colcon.colcon_core.verb:set package 'joy_tester' build argument 'cmake_clean_first' from command line to 'False'
[0.288s] Level 5:colcon.colcon_core.verb:set package 'joy_tester' build argument 'cmake_force_configure' from command line to 'False'
[0.288s] Level 5:colcon.colcon_core.verb:set package 'joy_tester' build argument 'ament_cmake_args' from command line to 'None'
[0.288s] Level 5:colcon.colcon_core.verb:set package 'joy_tester' build argument 'catkin_cmake_args' from command line to 'None'
[0.288s] Level 5:colcon.colcon_core.verb:set package 'joy_tester' build argument 'catkin_skip_building_tests' from command line to 'False'
[0.288s] DEBUG:colcon.colcon_core.verb:Building package 'joy_tester' with the following arguments: {'ament_cmake_args': None, 'build_base': '/home/vekkaz/mobile_robotics_ws/build/joy_tester', 'catkin_cmake_args': None, 'catkin_skip_building_tests': False, 'cmake_args': None, 'cmake_clean_cache': False, 'cmake_clean_first': False, 'cmake_force_configure': False, 'cmake_target': None, 'cmake_target_skip_unavailable': False, 'install_base': '/home/vekkaz/mobile_robotics_ws/install/joy_tester', 'merge_install': False, 'path': '/home/vekkaz/mobile_robotics_ws/src/joy_tester', 'symlink_install': True, 'test_result_base': None}
[0.288s] Level 5:colcon.colcon_core.verb:set package 'ros2_control_demo_example_2' build argument 'cmake_args' from command line to 'None'
[0.288s] Level 5:colcon.colcon_core.verb:set package 'ros2_control_demo_example_2' build argument 'cmake_target' from command line to 'None'
[0.288s] Level 5:colcon.colcon_core.verb:set package 'ros2_control_demo_example_2' build argument 'cmake_target_skip_unavailable' from command line to 'False'
[0.288s] Level 5:colcon.colcon_core.verb:set package 'ros2_control_demo_example_2' build argument 'cmake_clean_cache' from command line to 'False'
[0.288s] Level 5:colcon.colcon_core.verb:set package 'ros2_control_demo_example_2' build argument 'cmake_clean_first' from command line to 'False'
[0.288s] Level 5:colcon.colcon_core.verb:set package 'ros2_control_demo_example_2' build argument 'cmake_force_configure' from command line to 'False'
[0.288s] Level 5:colcon.colcon_core.verb:set package 'ros2_control_demo_example_2' build argument 'ament_cmake_args' from command line to 'None'
[0.288s] Level 5:colcon.colcon_core.verb:set package 'ros2_control_demo_example_2' build argument 'catkin_cmake_args' from command line to 'None'
[0.288s] Level 5:colcon.colcon_core.verb:set package 'ros2_control_demo_example_2' build argument 'catkin_skip_building_tests' from command line to 'False'
[0.288s] DEBUG:colcon.colcon_core.verb:Building package 'ros2_control_demo_example_2' with the following arguments: {'ament_cmake_args': None, 'build_base': '/home/vekkaz/mobile_robotics_ws/build/ros2_control_demo_example_2', 'catkin_cmake_args': None, 'catkin_skip_building_tests': False, 'cmake_args': None, 'cmake_clean_cache': False, 'cmake_clean_first': False, 'cmake_force_configure': False, 'cmake_target': None, 'cmake_target_skip_unavailable': False, 'install_base': '/home/vekkaz/mobile_robotics_ws/install/ros2_control_demo_example_2', 'merge_install': False, 'path': '/home/vekkaz/mobile_robotics_ws/src/example_2', 'symlink_install': True, 'test_result_base': None}
[0.288s] Level 5:colcon.colcon_core.verb:set package 'scan_pkg' build argument 'cmake_args' from command line to 'None'
[0.288s] Level 5:colcon.colcon_core.verb:set package 'scan_pkg' build argument 'cmake_target' from command line to 'None'
[0.288s] Level 5:colcon.colcon_core.verb:set package 'scan_pkg' build argument 'cmake_target_skip_unavailable' from command line to 'False'
[0.288s] Level 5:colcon.colcon_core.verb:set package 'scan_pkg' build argument 'cmake_clean_cache' from command line to 'False'
[0.289s] Level 5:colcon.colcon_core.verb:set package 'scan_pkg' build argument 'cmake_clean_first' from command line to 'False'
[0.289s] Level 5:colcon.colcon_core.verb:set package 'scan_pkg' build argument 'cmake_force_configure' from command line to 'False'
[0.289s] Level 5:colcon.colcon_core.verb:set package 'scan_pkg' build argument 'ament_cmake_args' from command line to 'None'
[0.289s] Level 5:colcon.colcon_core.verb:set package 'scan_pkg' build argument 'catkin_cmake_args' from command line to 'None'
[0.289s] Level 5:colcon.colcon_core.verb:set package 'scan_pkg' build argument 'catkin_skip_building_tests' from command line to 'False'
[0.289s] DEBUG:colcon.colcon_core.verb:Building package 'scan_pkg' with the following arguments: {'ament_cmake_args': None, 'build_base': '/home/vekkaz/mobile_robotics_ws/build/scan_pkg', 'catkin_cmake_args': None, 'catkin_skip_building_tests': False, 'cmake_args': None, 'cmake_clean_cache': False, 'cmake_clean_first': False, 'cmake_force_configure': False, 'cmake_target': None, 'cmake_target_skip_unavailable': False, 'install_base': '/home/vekkaz/mobile_robotics_ws/install/scan_pkg', 'merge_install': False, 'path': '/home/vekkaz/mobile_robotics_ws/src/scan_pkg', 'symlink_install': True, 'test_result_base': None}
[0.289s] Level 5:colcon.colcon_core.verb:set package 'time_to_collision' build argument 'cmake_args' from command line to 'None'
[0.289s] Level 5:colcon.colcon_core.verb:set package 'time_to_collision' build argument 'cmake_target' from command line to 'None'
[0.289s] Level 5:colcon.colcon_core.verb:set package 'time_to_collision' build argument 'cmake_target_skip_unavailable' from command line to 'False'
[0.289s] Level 5:colcon.colcon_core.verb:set package 'time_to_collision' build argument 'cmake_clean_cache' from command line to 'False'
[0.289s] Level 5:colcon.colcon_core.verb:set package 'time_to_collision' build argument 'cmake_clean_first' from command line to 'False'
[0.289s] Level 5:colcon.colcon_core.verb:set package 'time_to_collision' build argument 'cmake_force_configure' from command line to 'False'
[0.289s] Level 5:colcon.colcon_core.verb:set package 'time_to_collision' build argument 'ament_cmake_args' from command line to 'None'
[0.289s] Level 5:colcon.colcon_core.verb:set package 'time_to_collision' build argument 'catkin_cmake_args' from command line to 'None'
[0.289s] Level 5:colcon.colcon_core.verb:set package 'time_to_collision' build argument 'catkin_skip_building_tests' from command line to 'False'
[0.289s] DEBUG:colcon.colcon_core.verb:Building package 'time_to_collision' with the following arguments: {'ament_cmake_args': None, 'build_base': '/home/vekkaz/mobile_robotics_ws/build/time_to_collision', 'catkin_cmake_args': None, 'catkin_skip_building_tests': False, 'cmake_args': None, 'cmake_clean_cache': False, 'cmake_clean_first': False, 'cmake_force_configure': False, 'cmake_target': None, 'cmake_target_skip_unavailable': False, 'install_base': '/home/vekkaz/mobile_robotics_ws/install/time_to_collision', 'merge_install': False, 'path': '/home/vekkaz/mobile_robotics_ws/src/time_to_collision', 'symlink_install': True, 'test_result_base': None}
[0.289s] Level 5:colcon.colcon_core.verb:set package 'wall_following_alpha' build argument 'cmake_args' from command line to 'None'
[0.289s] Level 5:colcon.colcon_core.verb:set package 'wall_following_alpha' build argument 'cmake_target' from command line to 'None'
[0.289s] Level 5:colcon.colcon_core.verb:set package 'wall_following_alpha' build argument 'cmake_target_skip_unavailable' from command line to 'False'
[0.289s] Level 5:colcon.colcon_core.verb:set package 'wall_following_alpha' build argument 'cmake_clean_cache' from command line to 'False'
[0.289s] Level 5:colcon.colcon_core.verb:set package 'wall_following_alpha' build argument 'cmake_clean_first' from command line to 'False'
[0.289s] Level 5:colcon.colcon_core.verb:set package 'wall_following_alpha' build argument 'cmake_force_configure' from command line to 'False'
[0.289s] Level 5:colcon.colcon_core.verb:set package 'wall_following_alpha' build argument 'ament_cmake_args' from command line to 'None'
[0.289s] Level 5:colcon.colcon_core.verb:set package 'wall_following_alpha' build argument 'catkin_cmake_args' from command line to 'None'
[0.289s] Level 5:colcon.colcon_core.verb:set package 'wall_following_alpha' build argument 'catkin_skip_building_tests' from command line to 'False'
[0.289s] DEBUG:colcon.colcon_core.verb:Building package 'wall_following_alpha' with the following arguments: {'ament_cmake_args': None, 'build_base': '/home/vekkaz/mobile_robotics_ws/build/wall_following_alpha', 'catkin_cmake_args': None, 'catkin_skip_building_tests': False, 'cmake_args': None, 'cmake_clean_cache': False, 'cmake_clean_first': False, 'cmake_force_configure': False, 'cmake_target': None, 'cmake_target_skip_unavailable': False, 'install_base': '/home/vekkaz/mobile_robotics_ws/install/wall_following_alpha', 'merge_install': False, 'path': '/home/vekkaz/mobile_robotics_ws/src/wall_following_alpha', 'symlink_install': True, 'test_result_base': None}
[0.289s] INFO:colcon.colcon_core.executor:Executing jobs using 'parallel' executor
[0.290s] DEBUG:colcon.colcon_parallel_executor.executor.parallel:run_until_complete
[0.291s] INFO:colcon.colcon_ros.task.ament_cmake.build:Building ROS package in '/home/vekkaz/mobile_robotics_ws/src/f112th_sim_2024_alpha' with build type 'ament_cmake'
[0.291s] INFO:colcon.colcon_cmake.task.cmake.build:Building CMake package in '/home/vekkaz/mobile_robotics_ws/src/f112th_sim_2024_alpha'
[0.292s] INFO:colcon.colcon_core.plugin_system:Skipping extension 'colcon_core.shell.bat': Not used on non-Windows systems
[0.293s] INFO:colcon.colcon_core.shell:Skip shell extension 'powershell' for command environment: Not usable outside of PowerShell
[0.293s] DEBUG:colcon.colcon_core.shell:Skip shell extension 'dsv' for command environment
[0.296s] INFO:colcon.colcon_ros.task.ament_python.build:Building ROS package in '/home/vekkaz/mobile_robotics_ws/src/joy_tester' with build type 'ament_python'
[0.296s] Level 1:colcon.colcon_core.shell:create_environment_hook('joy_tester', 'ament_prefix_path')
[0.296s] INFO:colcon.colcon_core.shell:Creating environment hook '/home/vekkaz/mobile_robotics_ws/install/joy_tester/share/joy_tester/hook/ament_prefix_path.ps1'
[0.297s] INFO:colcon.colcon_core.shell:Creating environment descriptor '/home/vekkaz/mobile_robotics_ws/install/joy_tester/share/joy_tester/hook/ament_prefix_path.dsv'
[0.297s] INFO:colcon.colcon_core.shell:Creating environment hook '/home/vekkaz/mobile_robotics_ws/install/joy_tester/share/joy_tester/hook/ament_prefix_path.sh'
[0.297s] INFO:colcon.colcon_core.shell:Skip shell extension 'powershell' for command environment: Not usable outside of PowerShell
[0.298s] DEBUG:colcon.colcon_core.shell:Skip shell extension 'dsv' for command environment
[0.300s] INFO:colcon.colcon_ros.task.ament_cmake.build:Building ROS package in '/home/vekkaz/mobile_robotics_ws/src/example_2' with build type 'ament_cmake'
[0.300s] INFO:colcon.colcon_cmake.task.cmake.build:Building CMake package in '/home/vekkaz/mobile_robotics_ws/src/example_2'
[0.301s] INFO:colcon.colcon_core.shell:Skip shell extension 'powershell' for command environment: Not usable outside of PowerShell
[0.301s] DEBUG:colcon.colcon_core.shell:Skip shell extension 'dsv' for command environment
[0.304s] INFO:colcon.colcon_ros.task.ament_python.build:Building ROS package in '/home/vekkaz/mobile_robotics_ws/src/scan_pkg' with build type 'ament_python'
[0.305s] Level 1:colcon.colcon_core.shell:create_environment_hook('scan_pkg', 'ament_prefix_path')
[0.305s] INFO:colcon.colcon_core.shell:Creating environment hook '/home/vekkaz/mobile_robotics_ws/install/scan_pkg/share/scan_pkg/hook/ament_prefix_path.ps1'
[0.305s] INFO:colcon.colcon_core.shell:Creating environment descriptor '/home/vekkaz/mobile_robotics_ws/install/scan_pkg/share/scan_pkg/hook/ament_prefix_path.dsv'
[0.306s] INFO:colcon.colcon_core.shell:Creating environment hook '/home/vekkaz/mobile_robotics_ws/install/scan_pkg/share/scan_pkg/hook/ament_prefix_path.sh'
[0.306s] INFO:colcon.colcon_core.shell:Skip shell extension 'powershell' for command environment: Not usable outside of PowerShell
[0.306s] DEBUG:colcon.colcon_core.shell:Skip shell extension 'dsv' for command environment
[0.309s] INFO:colcon.colcon_ros.task.ament_python.build:Building ROS package in '/home/vekkaz/mobile_robotics_ws/src/time_to_collision' with build type 'ament_python'
[0.309s] Level 1:colcon.colcon_core.shell:create_environment_hook('time_to_collision', 'ament_prefix_path')
[0.309s] INFO:colcon.colcon_core.shell:Creating environment hook '/home/vekkaz/mobile_robotics_ws/install/time_to_collision/share/time_to_collision/hook/ament_prefix_path.ps1'
[0.310s] INFO:colcon.colcon_core.shell:Creating environment descriptor '/home/vekkaz/mobile_robotics_ws/install/time_to_collision/share/time_to_collision/hook/ament_prefix_path.dsv'
[0.310s] INFO:colcon.colcon_core.shell:Creating environment hook '/home/vekkaz/mobile_robotics_ws/install/time_to_collision/share/time_to_collision/hook/ament_prefix_path.sh'
[0.311s] INFO:colcon.colcon_core.shell:Skip shell extension 'powershell' for command environment: Not usable outside of PowerShell
[0.311s] DEBUG:colcon.colcon_core.shell:Skip shell extension 'dsv' for command environment
[0.313s] INFO:colcon.colcon_ros.task.ament_python.build:Building ROS package in '/home/vekkaz/mobile_robotics_ws/src/wall_following_alpha' with build type 'ament_python'
[0.314s] Level 1:colcon.colcon_core.shell:create_environment_hook('wall_following_alpha', 'ament_prefix_path')
[0.314s] INFO:colcon.colcon_core.shell:Creating environment hook '/home/vekkaz/mobile_robotics_ws/install/wall_following_alpha/share/wall_following_alpha/hook/ament_prefix_path.ps1'
[0.314s] INFO:colcon.colcon_core.shell:Creating environment descriptor '/home/vekkaz/mobile_robotics_ws/install/wall_following_alpha/share/wall_following_alpha/hook/ament_prefix_path.dsv'
[0.314s] INFO:colcon.colcon_core.shell:Creating environment hook '/home/vekkaz/mobile_robotics_ws/install/wall_following_alpha/share/wall_following_alpha/hook/ament_prefix_path.sh'
[0.315s] INFO:colcon.colcon_core.shell:Skip shell extension 'powershell' for command environment: Not usable outside of PowerShell
[0.315s] DEBUG:colcon.colcon_core.shell:Skip shell extension 'dsv' for command environment
[0.322s] DEBUG:colcon.colcon_core.event_handler.log_command:Invoking command in '/home/vekkaz/mobile_robotics_ws/build/f112th_sim_2024_alpha': CMAKE_PREFIX_PATH=${CMAKE_PREFIX_PATH}:/home/vekkaz/mobile_robotics_ws/install/wall_following_alpha:/home/vekkaz/mobile_robotics_ws/install/time_to_collision:/home/vekkaz/mobile_robotics_ws/install/scan_pkg:/home/vekkaz/mobile_robotics_ws/install/joy_tester:/home/vekkaz/ros2_ws_2401/install/turtle_move_pkg_g01:/home/vekkaz/ros2_ws_2401/install/turtle_move_2_pkg_g01:/home/vekkaz/ros2_ws_2401/install/robotcar_base_pkg_g01:/home/vekkaz/ros2_ws_2401/install/model_robot_pkg_g01:/home/vekkaz/ros2_ws_2401/install/launch_pkg_g01:/home/vekkaz/ros2_ws_tutorial/install/robot_control:/opt/ros/humble /usr/bin/cmake --build /home/vekkaz/mobile_robotics_ws/build/f112th_sim_2024_alpha -- -j12 -l12
[0.629s] INFO:colcon.colcon_core.task.python.build:Building Python package in '/home/vekkaz/mobile_robotics_ws/src/joy_tester'
[0.630s] INFO:colcon.colcon_core.shell:Skip shell extension 'powershell' for command environment: Not usable outside of PowerShell
[0.630s] DEBUG:colcon.colcon_core.shell:Skip shell extension 'dsv' for command environment
[0.636s] DEBUG:colcon.colcon_core.event_handler.log_command:Invoking command in '/home/vekkaz/mobile_robotics_ws/build/ros2_control_demo_example_2': CMAKE_PREFIX_PATH=${CMAKE_PREFIX_PATH}:/home/vekkaz/mobile_robotics_ws/install/wall_following_alpha:/home/vekkaz/mobile_robotics_ws/install/time_to_collision:/home/vekkaz/mobile_robotics_ws/install/scan_pkg:/home/vekkaz/mobile_robotics_ws/install/joy_tester:/home/vekkaz/ros2_ws_2401/install/turtle_move_pkg_g01:/home/vekkaz/ros2_ws_2401/install/turtle_move_2_pkg_g01:/home/vekkaz/ros2_ws_2401/install/robotcar_base_pkg_g01:/home/vekkaz/ros2_ws_2401/install/model_robot_pkg_g01:/home/vekkaz/ros2_ws_2401/install/launch_pkg_g01:/home/vekkaz/ros2_ws_tutorial/install/robot_control:/opt/ros/humble /usr/bin/cmake --build /home/vekkaz/mobile_robotics_ws/build/ros2_control_demo_example_2 -- -j12 -l12
[0.956s] INFO:colcon.colcon_core.task.python.build:Building Python package in '/home/vekkaz/mobile_robotics_ws/src/scan_pkg'
[0.956s] INFO:colcon.colcon_core.shell:Skip shell extension 'powershell' for command environment: Not usable outside of PowerShell
[0.956s] DEBUG:colcon.colcon_core.shell:Skip shell extension 'dsv' for command environment
[1.275s] INFO:colcon.colcon_core.task.python.build:Building Python package in '/home/vekkaz/mobile_robotics_ws/src/time_to_collision'
[1.275s] INFO:colcon.colcon_core.shell:Skip shell extension 'powershell' for command environment: Not usable outside of PowerShell
[1.275s] DEBUG:colcon.colcon_core.shell:Skip shell extension 'dsv' for command environment
[1.527s] INFO:colcon.colcon_core.task.python.build:Building Python package in '/home/vekkaz/mobile_robotics_ws/src/wall_following_alpha'
[1.528s] INFO:colcon.colcon_core.shell:Skip shell extension 'powershell' for command environment: Not usable outside of PowerShell
[1.528s] DEBUG:colcon.colcon_core.shell:Skip shell extension 'dsv' for command environment
[1.532s] DEBUG:colcon.colcon_core.event_handler.log_command:Invoked command in '/home/vekkaz/mobile_robotics_ws/build/ros2_control_demo_example_2' returned '0': CMAKE_PREFIX_PATH=${CMAKE_PREFIX_PATH}:/home/vekkaz/mobile_robotics_ws/install/wall_following_alpha:/home/vekkaz/mobile_robotics_ws/install/time_to_collision:/home/vekkaz/mobile_robotics_ws/install/scan_pkg:/home/vekkaz/mobile_robotics_ws/install/joy_tester:/home/vekkaz/ros2_ws_2401/install/turtle_move_pkg_g01:/home/vekkaz/ros2_ws_2401/install/turtle_move_2_pkg_g01:/home/vekkaz/ros2_ws_2401/install/robotcar_base_pkg_g01:/home/vekkaz/ros2_ws_2401/install/model_robot_pkg_g01:/home/vekkaz/ros2_ws_2401/install/launch_pkg_g01:/home/vekkaz/ros2_ws_tutorial/install/robot_control:/opt/ros/humble /usr/bin/cmake --build /home/vekkaz/mobile_robotics_ws/build/ros2_control_demo_example_2 -- -j12 -l12
[1.533s] DEBUG:colcon.colcon_core.event_handler.log_command:Invoked command in '/home/vekkaz/mobile_robotics_ws/build/f112th_sim_2024_alpha' returned '0': CMAKE_PREFIX_PATH=${CMAKE_PREFIX_PATH}:/home/vekkaz/mobile_robotics_ws/install/wall_following_alpha:/home/vekkaz/mobile_robotics_ws/install/time_to_collision:/home/vekkaz/mobile_robotics_ws/install/scan_pkg:/home/vekkaz/mobile_robotics_ws/install/joy_tester:/home/vekkaz/ros2_ws_2401/install/turtle_move_pkg_g01:/home/vekkaz/ros2_ws_2401/install/turtle_move_2_pkg_g01:/home/vekkaz/ros2_ws_2401/install/robotcar_base_pkg_g01:/home/vekkaz/ros2_ws_2401/install/model_robot_pkg_g01:/home/vekkaz/ros2_ws_2401/install/launch_pkg_g01:/home/vekkaz/ros2_ws_tutorial/install/robot_control:/opt/ros/humble /usr/bin/cmake --build /home/vekkaz/mobile_robotics_ws/build/f112th_sim_2024_alpha -- -j12 -l12
[1.559s] DEBUG:colcon.colcon_core.event_handler.log_command:Invoking command in '/home/vekkaz/mobile_robotics_ws/build/f112th_sim_2024_alpha': CMAKE_PREFIX_PATH=${CMAKE_PREFIX_PATH}:/home/vekkaz/mobile_robotics_ws/install/wall_following_alpha:/home/vekkaz/mobile_robotics_ws/install/time_to_collision:/home/vekkaz/mobile_robotics_ws/install/scan_pkg:/home/vekkaz/mobile_robotics_ws/install/joy_tester:/home/vekkaz/ros2_ws_2401/install/turtle_move_pkg_g01:/home/vekkaz/ros2_ws_2401/install/turtle_move_2_pkg_g01:/home/vekkaz/ros2_ws_2401/install/robotcar_base_pkg_g01:/home/vekkaz/ros2_ws_2401/install/model_robot_pkg_g01:/home/vekkaz/ros2_ws_2401/install/launch_pkg_g01:/home/vekkaz/ros2_ws_tutorial/install/robot_control:/opt/ros/humble /usr/bin/cmake --install /home/vekkaz/mobile_robotics_ws/build/f112th_sim_2024_alpha
[1.562s] DEBUG:colcon.colcon_core.event_handler.log_command:Invoking command in '/home/vekkaz/mobile_robotics_ws/build/ros2_control_demo_example_2': CMAKE_PREFIX_PATH=${CMAKE_PREFIX_PATH}:/home/vekkaz/mobile_robotics_ws/install/wall_following_alpha:/home/vekkaz/mobile_robotics_ws/install/time_to_collision:/home/vekkaz/mobile_robotics_ws/install/scan_pkg:/home/vekkaz/mobile_robotics_ws/install/joy_tester:/home/vekkaz/ros2_ws_2401/install/turtle_move_pkg_g01:/home/vekkaz/ros2_ws_2401/install/turtle_move_2_pkg_g01:/home/vekkaz/ros2_ws_2401/install/robotcar_base_pkg_g01:/home/vekkaz/ros2_ws_2401/install/model_robot_pkg_g01:/home/vekkaz/ros2_ws_2401/install/launch_pkg_g01:/home/vekkaz/ros2_ws_tutorial/install/robot_control:/opt/ros/humble /usr/bin/cmake --install /home/vekkaz/mobile_robotics_ws/build/ros2_control_demo_example_2
[1.586s] Level 1:colcon.colcon_core.environment:create_environment_scripts_only(f112th_sim_2024_alpha)
[1.587s] DEBUG:colcon.colcon_core.event_handler.log_command:Invoked command in '/home/vekkaz/mobile_robotics_ws/build/f112th_sim_2024_alpha' returned '0': CMAKE_PREFIX_PATH=${CMAKE_PREFIX_PATH}:/home/vekkaz/mobile_robotics_ws/install/wall_following_alpha:/home/vekkaz/mobile_robotics_ws/install/time_to_collision:/home/vekkaz/mobile_robotics_ws/install/scan_pkg:/home/vekkaz/mobile_robotics_ws/install/joy_tester:/home/vekkaz/ros2_ws_2401/install/turtle_move_pkg_g01:/home/vekkaz/ros2_ws_2401/install/turtle_move_2_pkg_g01:/home/vekkaz/ros2_ws_2401/install/robotcar_base_pkg_g01:/home/vekkaz/ros2_ws_2401/install/model_robot_pkg_g01:/home/vekkaz/ros2_ws_2401/install/launch_pkg_g01:/home/vekkaz/ros2_ws_tutorial/install/robot_control:/opt/ros/humble /usr/bin/cmake --install /home/vekkaz/mobile_robotics_ws/build/f112th_sim_2024_alpha
[1.589s] Level 1:colcon.colcon_core.environment:checking '/home/vekkaz/mobile_robotics_ws/install/f112th_sim_2024_alpha' for CMake module files
[1.591s] Level 1:colcon.colcon_core.environment:checking '/home/vekkaz/mobile_robotics_ws/install/f112th_sim_2024_alpha' for CMake config files
[1.592s] Level 1:colcon.colcon_core.shell:create_environment_hook('f112th_sim_2024_alpha', 'cmake_prefix_path')
[1.592s] INFO:colcon.colcon_core.shell:Creating environment hook '/home/vekkaz/mobile_robotics_ws/install/f112th_sim_2024_alpha/share/f112th_sim_2024_alpha/hook/cmake_prefix_path.ps1'
[1.593s] INFO:colcon.colcon_core.shell:Creating environment descriptor '/home/vekkaz/mobile_robotics_ws/install/f112th_sim_2024_alpha/share/f112th_sim_2024_alpha/hook/cmake_prefix_path.dsv'
[1.593s] INFO:colcon.colcon_core.shell:Creating environment hook '/home/vekkaz/mobile_robotics_ws/install/f112th_sim_2024_alpha/share/f112th_sim_2024_alpha/hook/cmake_prefix_path.sh'
[1.594s] Level 1:colcon.colcon_core.environment:checking '/home/vekkaz/mobile_robotics_ws/install/f112th_sim_2024_alpha/bin'
[1.594s] Level 1:colcon.colcon_core.environment:checking '/home/vekkaz/mobile_robotics_ws/install/f112th_sim_2024_alpha/lib/pkgconfig/f112th_sim_2024_alpha.pc'
[1.594s] Level 1:colcon.colcon_core.environment:checking '/home/vekkaz/mobile_robotics_ws/install/f112th_sim_2024_alpha/lib/python3.10/site-packages'
[1.595s] Level 1:colcon.colcon_core.environment:checking '/home/vekkaz/mobile_robotics_ws/install/f112th_sim_2024_alpha/bin'
[1.595s] INFO:colcon.colcon_core.shell:Creating package script '/home/vekkaz/mobile_robotics_ws/install/f112th_sim_2024_alpha/share/f112th_sim_2024_alpha/package.ps1'
[1.596s] INFO:colcon.colcon_core.shell:Creating package descriptor '/home/vekkaz/mobile_robotics_ws/install/f112th_sim_2024_alpha/share/f112th_sim_2024_alpha/package.dsv'
[1.597s] INFO:colcon.colcon_core.shell:Creating package script '/home/vekkaz/mobile_robotics_ws/install/f112th_sim_2024_alpha/share/f112th_sim_2024_alpha/package.sh'
[1.597s] INFO:colcon.colcon_core.shell:Creating package script '/home/vekkaz/mobile_robotics_ws/install/f112th_sim_2024_alpha/share/f112th_sim_2024_alpha/package.bash'
[1.598s] INFO:colcon.colcon_core.shell:Creating package script '/home/vekkaz/mobile_robotics_ws/install/f112th_sim_2024_alpha/share/f112th_sim_2024_alpha/package.zsh'
[1.599s] Level 1:colcon.colcon_core.environment:create_file_with_runtime_dependencies(/home/vekkaz/mobile_robotics_ws/install/f112th_sim_2024_alpha/share/colcon-core/packages/f112th_sim_2024_alpha)
[1.600s] Level 1:colcon.colcon_core.environment:create_environment_scripts_only(ros2_control_demo_example_2)
[1.601s] Level 1:colcon.colcon_core.environment:checking '/home/vekkaz/mobile_robotics_ws/install/ros2_control_demo_example_2' for CMake module files
[1.602s] DEBUG:colcon.colcon_core.event_handler.log_command:Invoked command in '/home/vekkaz/mobile_robotics_ws/build/ros2_control_demo_example_2' returned '0': CMAKE_PREFIX_PATH=${CMAKE_PREFIX_PATH}:/home/vekkaz/mobile_robotics_ws/install/wall_following_alpha:/home/vekkaz/mobile_robotics_ws/install/time_to_collision:/home/vekkaz/mobile_robotics_ws/install/scan_pkg:/home/vekkaz/mobile_robotics_ws/install/joy_tester:/home/vekkaz/ros2_ws_2401/install/turtle_move_pkg_g01:/home/vekkaz/ros2_ws_2401/install/turtle_move_2_pkg_g01:/home/vekkaz/ros2_ws_2401/install/robotcar_base_pkg_g01:/home/vekkaz/ros2_ws_2401/install/model_robot_pkg_g01:/home/vekkaz/ros2_ws_2401/install/launch_pkg_g01:/home/vekkaz/ros2_ws_tutorial/install/robot_control:/opt/ros/humble /usr/bin/cmake --install /home/vekkaz/mobile_robotics_ws/build/ros2_control_demo_example_2
[1.602s] Level 1:colcon.colcon_core.environment:checking '/home/vekkaz/mobile_robotics_ws/install/ros2_control_demo_example_2' for CMake config files
[1.603s] Level 1:colcon.colcon_core.shell:create_environment_hook('ros2_control_demo_example_2', 'cmake_prefix_path')
[1.603s] INFO:colcon.colcon_core.shell:Creating environment hook '/home/vekkaz/mobile_robotics_ws/install/ros2_control_demo_example_2/share/ros2_control_demo_example_2/hook/cmake_prefix_path.ps1'
[1.604s] INFO:colcon.colcon_core.shell:Creating environment descriptor '/home/vekkaz/mobile_robotics_ws/install/ros2_control_demo_example_2/share/ros2_control_demo_example_2/hook/cmake_prefix_path.dsv'
[1.604s] INFO:colcon.colcon_core.shell:Creating environment hook '/home/vekkaz/mobile_robotics_ws/install/ros2_control_demo_example_2/share/ros2_control_demo_example_2/hook/cmake_prefix_path.sh'
[1.605s] Level 1:colcon.colcon_core.environment:checking '/home/vekkaz/mobile_robotics_ws/install/ros2_control_demo_example_2/lib'
[1.605s] Level 1:colcon.colcon_core.shell:create_environment_hook('ros2_control_demo_example_2', 'ld_library_path_lib')
[1.606s] INFO:colcon.colcon_core.shell:Creating environment hook '/home/vekkaz/mobile_robotics_ws/install/ros2_control_demo_example_2/share/ros2_control_demo_example_2/hook/ld_library_path_lib.ps1'
[1.606s] INFO:colcon.colcon_core.shell:Creating environment descriptor '/home/vekkaz/mobile_robotics_ws/install/ros2_control_demo_example_2/share/ros2_control_demo_example_2/hook/ld_library_path_lib.dsv'
[1.607s] INFO:colcon.colcon_core.shell:Creating environment hook '/home/vekkaz/mobile_robotics_ws/install/ros2_control_demo_example_2/share/ros2_control_demo_example_2/hook/ld_library_path_lib.sh'
[1.608s] Level 1:colcon.colcon_core.environment:checking '/home/vekkaz/mobile_robotics_ws/install/ros2_control_demo_example_2/bin'
[1.608s] Level 1:colcon.colcon_core.environment:checking '/home/vekkaz/mobile_robotics_ws/install/ros2_control_demo_example_2/lib/pkgconfig/ros2_control_demo_example_2.pc'
[1.608s] Level 1:colcon.colcon_core.environment:checking '/home/vekkaz/mobile_robotics_ws/install/ros2_control_demo_example_2/lib/python3.10/site-packages'
[1.609s] Level 1:colcon.colcon_core.environment:checking '/home/vekkaz/mobile_robotics_ws/install/ros2_control_demo_example_2/bin'
[1.610s] INFO:colcon.colcon_core.shell:Creating package script '/home/vekkaz/mobile_robotics_ws/install/ros2_control_demo_example_2/share/ros2_control_demo_example_2/package.ps1'
[1.611s] INFO:colcon.colcon_core.shell:Creating package descriptor '/home/vekkaz/mobile_robotics_ws/install/ros2_control_demo_example_2/share/ros2_control_demo_example_2/package.dsv'
[1.612s] INFO:colcon.colcon_core.shell:Creating package script '/home/vekkaz/mobile_robotics_ws/install/ros2_control_demo_example_2/share/ros2_control_demo_example_2/package.sh'
[1.613s] INFO:colcon.colcon_core.shell:Creating package script '/home/vekkaz/mobile_robotics_ws/install/ros2_control_demo_example_2/share/ros2_control_demo_example_2/package.bash'
[1.614s] INFO:colcon.colcon_core.shell:Creating package script '/home/vekkaz/mobile_robotics_ws/install/ros2_control_demo_example_2/share/ros2_control_demo_example_2/package.zsh'
[1.614s] Level 1:colcon.colcon_core.environment:create_file_with_runtime_dependencies(/home/vekkaz/mobile_robotics_ws/install/ros2_control_demo_example_2/share/colcon-core/packages/ros2_control_demo_example_2)
[1.634s] Level 1:colcon.colcon_core.environment:create_environment_scripts_only(f112th_sim_2024_alpha)
[1.634s] Level 1:colcon.colcon_core.environment:checking '/home/vekkaz/mobile_robotics_ws/install/f112th_sim_2024_alpha' for CMake module files
[1.635s] Level 1:colcon.colcon_core.environment:checking '/home/vekkaz/mobile_robotics_ws/install/f112th_sim_2024_alpha' for CMake config files
[1.635s] Level 1:colcon.colcon_core.shell:create_environment_hook('f112th_sim_2024_alpha', 'cmake_prefix_path')
[1.636s] INFO:colcon.colcon_core.shell:Creating environment hook '/home/vekkaz/mobile_robotics_ws/install/f112th_sim_2024_alpha/share/f112th_sim_2024_alpha/hook/cmake_prefix_path.ps1'
[1.636s] INFO:colcon.colcon_core.shell:Creating environment descriptor '/home/vekkaz/mobile_robotics_ws/install/f112th_sim_2024_alpha/share/f112th_sim_2024_alpha/hook/cmake_prefix_path.dsv'
[1.637s] INFO:colcon.colcon_core.shell:Creating environment hook '/home/vekkaz/mobile_robotics_ws/install/f112th_sim_2024_alpha/share/f112th_sim_2024_alpha/hook/cmake_prefix_path.sh'
[1.638s] Level 1:colcon.colcon_core.environment:checking '/home/vekkaz/mobile_robotics_ws/install/f112th_sim_2024_alpha/bin'
[1.638s] Level 1:colcon.colcon_core.environment:checking '/home/vekkaz/mobile_robotics_ws/install/f112th_sim_2024_alpha/lib/pkgconfig/f112th_sim_2024_alpha.pc'
[1.638s] Level 1:colcon.colcon_core.environment:checking '/home/vekkaz/mobile_robotics_ws/install/f112th_sim_2024_alpha/lib/python3.10/site-packages'
[1.638s] Level 1:colcon.colcon_core.environment:checking '/home/vekkaz/mobile_robotics_ws/install/f112th_sim_2024_alpha/bin'
[1.639s] INFO:colcon.colcon_core.shell:Creating package script '/home/vekkaz/mobile_robotics_ws/install/f112th_sim_2024_alpha/share/f112th_sim_2024_alpha/package.ps1'
[1.639s] INFO:colcon.colcon_core.shell:Creating package descriptor '/home/vekkaz/mobile_robotics_ws/install/f112th_sim_2024_alpha/share/f112th_sim_2024_alpha/package.dsv'
[1.640s] INFO:colcon.colcon_core.shell:Creating package script '/home/vekkaz/mobile_robotics_ws/install/f112th_sim_2024_alpha/share/f112th_sim_2024_alpha/package.sh'
[1.641s] INFO:colcon.colcon_core.shell:Creating package script '/home/vekkaz/mobile_robotics_ws/install/f112th_sim_2024_alpha/share/f112th_sim_2024_alpha/package.bash'
[1.641s] INFO:colcon.colcon_core.shell:Creating package script '/home/vekkaz/mobile_robotics_ws/install/f112th_sim_2024_alpha/share/f112th_sim_2024_alpha/package.zsh'
[1.642s] Level 1:colcon.colcon_core.environment:create_file_with_runtime_dependencies(/home/vekkaz/mobile_robotics_ws/install/f112th_sim_2024_alpha/share/colcon-core/packages/f112th_sim_2024_alpha)
[1.648s] Level 1:colcon.colcon_core.environment:create_environment_scripts_only(ros2_control_demo_example_2)
[1.648s] Level 1:colcon.colcon_core.environment:checking '/home/vekkaz/mobile_robotics_ws/install/ros2_control_demo_example_2' for CMake module files
[1.648s] Level 1:colcon.colcon_core.environment:checking '/home/vekkaz/mobile_robotics_ws/install/ros2_control_demo_example_2' for CMake config files
[1.649s] Level 1:colcon.colcon_core.shell:create_environment_hook('ros2_control_demo_example_2', 'cmake_prefix_path')
[1.649s] INFO:colcon.colcon_core.shell:Creating environment hook '/home/vekkaz/mobile_robotics_ws/install/ros2_control_demo_example_2/share/ros2_control_demo_example_2/hook/cmake_prefix_path.ps1'
[1.649s] INFO:colcon.colcon_core.shell:Creating environment descriptor '/home/vekkaz/mobile_robotics_ws/install/ros2_control_demo_example_2/share/ros2_control_demo_example_2/hook/cmake_prefix_path.dsv'
[1.650s] INFO:colcon.colcon_core.shell:Creating environment hook '/home/vekkaz/mobile_robotics_ws/install/ros2_control_demo_example_2/share/ros2_control_demo_example_2/hook/cmake_prefix_path.sh'
[1.650s] Level 1:colcon.colcon_core.environment:checking '/home/vekkaz/mobile_robotics_ws/install/ros2_control_demo_example_2/lib'
[1.650s] Level 1:colcon.colcon_core.shell:create_environment_hook('ros2_control_demo_example_2', 'ld_library_path_lib')
[1.651s] INFO:colcon.colcon_core.shell:Creating environment hook '/home/vekkaz/mobile_robotics_ws/install/ros2_control_demo_example_2/share/ros2_control_demo_example_2/hook/ld_library_path_lib.ps1'
[1.651s] INFO:colcon.colcon_core.shell:Creating environment descriptor '/home/vekkaz/mobile_robotics_ws/install/ros2_control_demo_example_2/share/ros2_control_demo_example_2/hook/ld_library_path_lib.dsv'
[1.651s] INFO:colcon.colcon_core.shell:Creating environment hook '/home/vekkaz/mobile_robotics_ws/install/ros2_control_demo_example_2/share/ros2_control_demo_example_2/hook/ld_library_path_lib.sh'
[1.652s] Level 1:colcon.colcon_core.environment:checking '/home/vekkaz/mobile_robotics_ws/install/ros2_control_demo_example_2/bin'
[1.652s] Level 1:colcon.colcon_core.environment:checking '/home/vekkaz/mobile_robotics_ws/install/ros2_control_demo_example_2/lib/pkgconfig/ros2_control_demo_example_2.pc'
[1.652s] Level 1:colcon.colcon_core.environment:checking '/home/vekkaz/mobile_robotics_ws/install/ros2_control_demo_example_2/lib/python3.10/site-packages'
[1.652s] Level 1:colcon.colcon_core.environment:checking '/home/vekkaz/mobile_robotics_ws/install/ros2_control_demo_example_2/bin'
[1.652s] INFO:colcon.colcon_core.shell:Creating package script '/home/vekkaz/mobile_robotics_ws/install/ros2_control_demo_example_2/share/ros2_control_demo_example_2/package.ps1'
[1.653s] INFO:colcon.colcon_core.shell:Creating package descriptor '/home/vekkaz/mobile_robotics_ws/install/ros2_control_demo_example_2/share/ros2_control_demo_example_2/package.dsv'
[1.653s] INFO:colcon.colcon_core.shell:Creating package script '/home/vekkaz/mobile_robotics_ws/install/ros2_control_demo_example_2/share/ros2_control_demo_example_2/package.sh'
[1.654s] INFO:colcon.colcon_core.shell:Creating package script '/home/vekkaz/mobile_robotics_ws/install/ros2_control_demo_example_2/share/ros2_control_demo_example_2/package.bash'
[1.654s] INFO:colcon.colcon_core.shell:Creating package script '/home/vekkaz/mobile_robotics_ws/install/ros2_control_demo_example_2/share/ros2_control_demo_example_2/package.zsh'
[1.654s] Level 1:colcon.colcon_core.environment:create_file_with_runtime_dependencies(/home/vekkaz/mobile_robotics_ws/install/ros2_control_demo_example_2/share/colcon-core/packages/ros2_control_demo_example_2)
[2.000s] DEBUG:colcon.colcon_core.event_handler.log_command:Invoking command in '/home/vekkaz/mobile_robotics_ws/build/wall_following_alpha': PYTHONPATH=/home/vekkaz/mobile_robotics_ws/build/wall_following_alpha/prefix_override:/usr/lib/python3/dist-packages/colcon_core/task/python/colcon_distutils_commands:/home/vekkaz/mobile_robotics_ws/install/wall_following_alpha/lib/python3.10/site-packages:${PYTHONPATH} /usr/bin/python3 -W ignore:setup.py install is deprecated setup.py develop --editable --build-directory /home/vekkaz/mobile_robotics_ws/build/wall_following_alpha/build --no-deps symlink_data
[2.004s] DEBUG:colcon.colcon_core.event_handler.log_command:Invoking command in '/home/vekkaz/mobile_robotics_ws/build/time_to_collision': PYTHONPATH=/home/vekkaz/mobile_robotics_ws/build/time_to_collision/prefix_override:/usr/lib/python3/dist-packages/colcon_core/task/python/colcon_distutils_commands:/home/vekkaz/mobile_robotics_ws/install/time_to_collision/lib/python3.10/site-packages:${PYTHONPATH} /usr/bin/python3 -W ignore:setup.py install is deprecated setup.py develop --editable --build-directory /home/vekkaz/mobile_robotics_ws/build/time_to_collision/build --no-deps symlink_data
[2.015s] DEBUG:colcon.colcon_core.event_handler.log_command:Invoking command in '/home/vekkaz/mobile_robotics_ws/build/joy_tester': PYTHONPATH=/home/vekkaz/mobile_robotics_ws/build/joy_tester/prefix_override:/usr/lib/python3/dist-packages/colcon_core/task/python/colcon_distutils_commands:/home/vekkaz/mobile_robotics_ws/install/joy_tester/lib/python3.10/site-packages:${PYTHONPATH} /usr/bin/python3 -W ignore:setup.py install is deprecated setup.py develop --editable --build-directory /home/vekkaz/mobile_robotics_ws/build/joy_tester/build --no-deps symlink_data
[2.019s] DEBUG:colcon.colcon_core.event_handler.log_command:Invoking command in '/home/vekkaz/mobile_robotics_ws/build/scan_pkg': PYTHONPATH=/home/vekkaz/mobile_robotics_ws/build/scan_pkg/prefix_override:/usr/lib/python3/dist-packages/colcon_core/task/python/colcon_distutils_commands:/home/vekkaz/mobile_robotics_ws/install/scan_pkg/lib/python3.10/site-packages:${PYTHONPATH} /usr/bin/python3 -W ignore:setup.py install is deprecated setup.py develop --editable --build-directory /home/vekkaz/mobile_robotics_ws/build/scan_pkg/build --no-deps symlink_data
[2.495s] Level 1:colcon.colcon_core.shell:create_environment_hook('wall_following_alpha', 'pythonpath_develop')
[2.495s] DEBUG:colcon.colcon_core.event_handler.log_command:Invoked command in '/home/vekkaz/mobile_robotics_ws/build/wall_following_alpha' returned '0': PYTHONPATH=/home/vekkaz/mobile_robotics_ws/build/wall_following_alpha/prefix_override:/usr/lib/python3/dist-packages/colcon_core/task/python/colcon_distutils_commands:/home/vekkaz/mobile_robotics_ws/install/wall_following_alpha/lib/python3.10/site-packages:${PYTHONPATH} /usr/bin/python3 -W ignore:setup.py install is deprecated setup.py develop --editable --build-directory /home/vekkaz/mobile_robotics_ws/build/wall_following_alpha/build --no-deps symlink_data
[2.496s] INFO:colcon.colcon_core.shell:Creating environment hook '/home/vekkaz/mobile_robotics_ws/build/wall_following_alpha/share/wall_following_alpha/hook/pythonpath_develop.ps1'
[2.496s] INFO:colcon.colcon_core.shell:Creating environment descriptor '/home/vekkaz/mobile_robotics_ws/build/wall_following_alpha/share/wall_following_alpha/hook/pythonpath_develop.dsv'
[2.496s] INFO:colcon.colcon_core.shell:Creating environment hook '/home/vekkaz/mobile_robotics_ws/build/wall_following_alpha/share/wall_following_alpha/hook/pythonpath_develop.sh'
[2.497s] Level 1:colcon.colcon_core.environment:checking '/home/vekkaz/mobile_robotics_ws/install/wall_following_alpha' for CMake module files
[2.497s] Level 1:colcon.colcon_core.environment:checking '/home/vekkaz/mobile_robotics_ws/install/wall_following_alpha' for CMake config files
[2.498s] Level 1:colcon.colcon_core.environment:checking '/home/vekkaz/mobile_robotics_ws/install/wall_following_alpha/lib'
[2.498s] Level 1:colcon.colcon_core.environment:checking '/home/vekkaz/mobile_robotics_ws/install/wall_following_alpha/bin'
[2.498s] Level 1:colcon.colcon_core.environment:checking '/home/vekkaz/mobile_robotics_ws/install/wall_following_alpha/lib/pkgconfig/wall_following_alpha.pc'
[2.498s] Level 1:colcon.colcon_core.environment:checking '/home/vekkaz/mobile_robotics_ws/install/wall_following_alpha/lib/python3.10/site-packages'
[2.498s] Level 1:colcon.colcon_core.shell:create_environment_hook('wall_following_alpha', 'pythonpath')
[2.498s] INFO:colcon.colcon_core.shell:Creating environment hook '/home/vekkaz/mobile_robotics_ws/install/wall_following_alpha/share/wall_following_alpha/hook/pythonpath.ps1'
[2.499s] INFO:colcon.colcon_core.shell:Creating environment descriptor '/home/vekkaz/mobile_robotics_ws/install/wall_following_alpha/share/wall_following_alpha/hook/pythonpath.dsv'
[2.499s] INFO:colcon.colcon_core.shell:Creating environment hook '/home/vekkaz/mobile_robotics_ws/install/wall_following_alpha/share/wall_following_alpha/hook/pythonpath.sh'
[2.499s] Level 1:colcon.colcon_core.environment:checking '/home/vekkaz/mobile_robotics_ws/install/wall_following_alpha/bin'
[2.499s] Level 1:colcon.colcon_core.environment:create_environment_scripts_only(wall_following_alpha)
[2.500s] INFO:colcon.colcon_core.shell:Creating package script '/home/vekkaz/mobile_robotics_ws/install/wall_following_alpha/share/wall_following_alpha/package.ps1'
[2.500s] INFO:colcon.colcon_core.shell:Creating package descriptor '/home/vekkaz/mobile_robotics_ws/install/wall_following_alpha/share/wall_following_alpha/package.dsv'
[2.501s] INFO:colcon.colcon_core.shell:Creating package script '/home/vekkaz/mobile_robotics_ws/install/wall_following_alpha/share/wall_following_alpha/package.sh'
[2.501s] INFO:colcon.colcon_core.shell:Creating package script '/home/vekkaz/mobile_robotics_ws/install/wall_following_alpha/share/wall_following_alpha/package.bash'
[2.501s] INFO:colcon.colcon_core.shell:Creating package script '/home/vekkaz/mobile_robotics_ws/install/wall_following_alpha/share/wall_following_alpha/package.zsh'
[2.501s] Level 1:colcon.colcon_core.environment:create_file_with_runtime_dependencies(/home/vekkaz/mobile_robotics_ws/install/wall_following_alpha/share/colcon-core/packages/wall_following_alpha)
[2.510s] Level 1:colcon.colcon_core.shell:create_environment_hook('joy_tester', 'pythonpath_develop')
[2.511s] INFO:colcon.colcon_core.shell:Creating environment hook '/home/vekkaz/mobile_robotics_ws/build/joy_tester/share/joy_tester/hook/pythonpath_develop.ps1'
[2.511s] DEBUG:colcon.colcon_core.event_handler.log_command:Invoked command in '/home/vekkaz/mobile_robotics_ws/build/joy_tester' returned '0': PYTHONPATH=/home/vekkaz/mobile_robotics_ws/build/joy_tester/prefix_override:/usr/lib/python3/dist-packages/colcon_core/task/python/colcon_distutils_commands:/home/vekkaz/mobile_robotics_ws/install/joy_tester/lib/python3.10/site-packages:${PYTHONPATH} /usr/bin/python3 -W ignore:setup.py install is deprecated setup.py develop --editable --build-directory /home/vekkaz/mobile_robotics_ws/build/joy_tester/build --no-deps symlink_data
[2.512s] INFO:colcon.colcon_core.shell:Creating environment descriptor '/home/vekkaz/mobile_robotics_ws/build/joy_tester/share/joy_tester/hook/pythonpath_develop.dsv'
[2.512s] INFO:colcon.colcon_core.shell:Creating environment hook '/home/vekkaz/mobile_robotics_ws/build/joy_tester/share/joy_tester/hook/pythonpath_develop.sh'
[2.512s] Level 1:colcon.colcon_core.environment:checking '/home/vekkaz/mobile_robotics_ws/install/joy_tester' for CMake module files
[2.513s] Level 1:colcon.colcon_core.environment:checking '/home/vekkaz/mobile_robotics_ws/install/joy_tester' for CMake config files
[2.513s] Level 1:colcon.colcon_core.environment:checking '/home/vekkaz/mobile_robotics_ws/install/joy_tester/lib'
[2.513s] Level 1:colcon.colcon_core.environment:checking '/home/vekkaz/mobile_robotics_ws/install/joy_tester/bin'
[2.513s] Level 1:colcon.colcon_core.environment:checking '/home/vekkaz/mobile_robotics_ws/install/joy_tester/lib/pkgconfig/joy_tester.pc'
[2.513s] Level 1:colcon.colcon_core.environment:checking '/home/vekkaz/mobile_robotics_ws/install/joy_tester/lib/python3.10/site-packages'
[2.513s] Level 1:colcon.colcon_core.shell:create_environment_hook('joy_tester', 'pythonpath')
[2.514s] INFO:colcon.colcon_core.shell:Creating environment hook '/home/vekkaz/mobile_robotics_ws/install/joy_tester/share/joy_tester/hook/pythonpath.ps1'
[2.514s] INFO:colcon.colcon_core.shell:Creating environment descriptor '/home/vekkaz/mobile_robotics_ws/install/joy_tester/share/joy_tester/hook/pythonpath.dsv'
[2.514s] INFO:colcon.colcon_core.shell:Creating environment hook '/home/vekkaz/mobile_robotics_ws/install/joy_tester/share/joy_tester/hook/pythonpath.sh'
[2.515s] Level 1:colcon.colcon_core.environment:checking '/home/vekkaz/mobile_robotics_ws/install/joy_tester/bin'
[2.515s] Level 1:colcon.colcon_core.environment:create_environment_scripts_only(joy_tester)
[2.515s] INFO:colcon.colcon_core.shell:Creating package script '/home/vekkaz/mobile_robotics_ws/install/joy_tester/share/joy_tester/package.ps1'
[2.515s] INFO:colcon.colcon_core.shell:Creating package descriptor '/home/vekkaz/mobile_robotics_ws/install/joy_tester/share/joy_tester/package.dsv'
[2.516s] INFO:colcon.colcon_core.shell:Creating package script '/home/vekkaz/mobile_robotics_ws/install/joy_tester/share/joy_tester/package.sh'
[2.516s] INFO:colcon.colcon_core.shell:Creating package script '/home/vekkaz/mobile_robotics_ws/install/joy_tester/share/joy_tester/package.bash'
[2.516s] INFO:colcon.colcon_core.shell:Creating package script '/home/vekkaz/mobile_robotics_ws/install/joy_tester/share/joy_tester/package.zsh'
[2.516s] Level 1:colcon.colcon_core.environment:create_file_with_runtime_dependencies(/home/vekkaz/mobile_robotics_ws/install/joy_tester/share/colcon-core/packages/joy_tester)
[2.520s] Level 1:colcon.colcon_core.shell:create_environment_hook('time_to_collision', 'pythonpath_develop')
[2.520s] INFO:colcon.colcon_core.shell:Creating environment hook '/home/vekkaz/mobile_robotics_ws/build/time_to_collision/share/time_to_collision/hook/pythonpath_develop.ps1'
[2.520s] DEBUG:colcon.colcon_core.event_handler.log_command:Invoked command in '/home/vekkaz/mobile_robotics_ws/build/time_to_collision' returned '0': PYTHONPATH=/home/vekkaz/mobile_robotics_ws/build/time_to_collision/prefix_override:/usr/lib/python3/dist-packages/colcon_core/task/python/colcon_distutils_commands:/home/vekkaz/mobile_robotics_ws/install/time_to_collision/lib/python3.10/site-packages:${PYTHONPATH} /usr/bin/python3 -W ignore:setup.py install is deprecated setup.py develop --editable --build-directory /home/vekkaz/mobile_robotics_ws/build/time_to_collision/build --no-deps symlink_data
[2.521s] INFO:colcon.colcon_core.shell:Creating environment descriptor '/home/vekkaz/mobile_robotics_ws/build/time_to_collision/share/time_to_collision/hook/pythonpath_develop.dsv'
[2.521s] INFO:colcon.colcon_core.shell:Creating environment hook '/home/vekkaz/mobile_robotics_ws/build/time_to_collision/share/time_to_collision/hook/pythonpath_develop.sh'
[2.521s] Level 1:colcon.colcon_core.environment:checking '/home/vekkaz/mobile_robotics_ws/install/time_to_collision' for CMake module files
[2.521s] Level 1:colcon.colcon_core.environment:checking '/home/vekkaz/mobile_robotics_ws/install/time_to_collision' for CMake config files
[2.522s] Level 1:colcon.colcon_core.environment:checking '/home/vekkaz/mobile_robotics_ws/install/time_to_collision/lib'
[2.522s] Level 1:colcon.colcon_core.environment:checking '/home/vekkaz/mobile_robotics_ws/install/time_to_collision/bin'
[2.522s] Level 1:colcon.colcon_core.environment:checking '/home/vekkaz/mobile_robotics_ws/install/time_to_collision/lib/pkgconfig/time_to_collision.pc'
[2.522s] Level 1:colcon.colcon_core.environment:checking '/home/vekkaz/mobile_robotics_ws/install/time_to_collision/lib/python3.10/site-packages'
[2.522s] Level 1:colcon.colcon_core.shell:create_environment_hook('time_to_collision', 'pythonpath')
[2.522s] INFO:colcon.colcon_core.shell:Creating environment hook '/home/vekkaz/mobile_robotics_ws/install/time_to_collision/share/time_to_collision/hook/pythonpath.ps1'
[2.522s] INFO:colcon.colcon_core.shell:Creating environment descriptor '/home/vekkaz/mobile_robotics_ws/install/time_to_collision/share/time_to_collision/hook/pythonpath.dsv'
[2.523s] INFO:colcon.colcon_core.shell:Creating environment hook '/home/vekkaz/mobile_robotics_ws/install/time_to_collision/share/time_to_collision/hook/pythonpath.sh'
[2.523s] Level 1:colcon.colcon_core.environment:checking '/home/vekkaz/mobile_robotics_ws/install/time_to_collision/bin'
[2.523s] Level 1:colcon.colcon_core.environment:create_environment_scripts_only(time_to_collision)
[2.523s] INFO:colcon.colcon_core.shell:Creating package script '/home/vekkaz/mobile_robotics_ws/install/time_to_collision/share/time_to_collision/package.ps1'
[2.523s] INFO:colcon.colcon_core.shell:Creating package descriptor '/home/vekkaz/mobile_robotics_ws/install/time_to_collision/share/time_to_collision/package.dsv'
[2.524s] INFO:colcon.colcon_core.shell:Creating package script '/home/vekkaz/mobile_robotics_ws/install/time_to_collision/share/time_to_collision/package.sh'
[2.524s] INFO:colcon.colcon_core.shell:Creating package script '/home/vekkaz/mobile_robotics_ws/install/time_to_collision/share/time_to_collision/package.bash'
[2.524s] INFO:colcon.colcon_core.shell:Creating package script '/home/vekkaz/mobile_robotics_ws/install/time_to_collision/share/time_to_collision/package.zsh'
[2.524s] Level 1:colcon.colcon_core.environment:create_file_with_runtime_dependencies(/home/vekkaz/mobile_robotics_ws/install/time_to_collision/share/colcon-core/packages/time_to_collision)
[2.525s] Level 1:colcon.colcon_core.shell:create_environment_hook('scan_pkg', 'pythonpath_develop')
[2.525s] INFO:colcon.colcon_core.shell:Creating environment hook '/home/vekkaz/mobile_robotics_ws/build/scan_pkg/share/scan_pkg/hook/pythonpath_develop.ps1'
[2.525s] INFO:colcon.colcon_core.shell:Creating environment descriptor '/home/vekkaz/mobile_robotics_ws/build/scan_pkg/share/scan_pkg/hook/pythonpath_develop.dsv'
[2.526s] DEBUG:colcon.colcon_core.event_handler.log_command:Invoked command in '/home/vekkaz/mobile_robotics_ws/build/scan_pkg' returned '0': PYTHONPATH=/home/vekkaz/mobile_robotics_ws/build/scan_pkg/prefix_override:/usr/lib/python3/dist-packages/colcon_core/task/python/colcon_distutils_commands:/home/vekkaz/mobile_robotics_ws/install/scan_pkg/lib/python3.10/site-packages:${PYTHONPATH} /usr/bin/python3 -W ignore:setup.py install is deprecated setup.py develop --editable --build-directory /home/vekkaz/mobile_robotics_ws/build/scan_pkg/build --no-deps symlink_data
[2.526s] INFO:colcon.colcon_core.shell:Creating environment hook '/home/vekkaz/mobile_robotics_ws/build/scan_pkg/share/scan_pkg/hook/pythonpath_develop.sh'
[2.527s] Level 1:colcon.colcon_core.environment:checking '/home/vekkaz/mobile_robotics_ws/install/scan_pkg' for CMake module files
[2.527s] Level 1:colcon.colcon_core.environment:checking '/home/vekkaz/mobile_robotics_ws/install/scan_pkg' for CMake config files
[2.527s] Level 1:colcon.colcon_core.environment:checking '/home/vekkaz/mobile_robotics_ws/install/scan_pkg/lib'
[2.528s] Level 1:colcon.colcon_core.environment:checking '/home/vekkaz/mobile_robotics_ws/install/scan_pkg/bin'
[2.528s] Level 1:colcon.colcon_core.environment:checking '/home/vekkaz/mobile_robotics_ws/install/scan_pkg/lib/pkgconfig/scan_pkg.pc'
[2.528s] Level 1:colcon.colcon_core.environment:checking '/home/vekkaz/mobile_robotics_ws/install/scan_pkg/lib/python3.10/site-packages'
[2.528s] Level 1:colcon.colcon_core.shell:create_environment_hook('scan_pkg', 'pythonpath')
[2.528s] INFO:colcon.colcon_core.shell:Creating environment hook '/home/vekkaz/mobile_robotics_ws/install/scan_pkg/share/scan_pkg/hook/pythonpath.ps1'
[2.528s] INFO:colcon.colcon_core.shell:Creating environment descriptor '/home/vekkaz/mobile_robotics_ws/install/scan_pkg/share/scan_pkg/hook/pythonpath.dsv'
[2.529s] INFO:colcon.colcon_core.shell:Creating environment hook '/home/vekkaz/mobile_robotics_ws/install/scan_pkg/share/scan_pkg/hook/pythonpath.sh'
[2.529s] Level 1:colcon.colcon_core.environment:checking '/home/vekkaz/mobile_robotics_ws/install/scan_pkg/bin'
[2.529s] Level 1:colcon.colcon_core.environment:create_environment_scripts_only(scan_pkg)
[2.529s] INFO:colcon.colcon_core.shell:Creating package script '/home/vekkaz/mobile_robotics_ws/install/scan_pkg/share/scan_pkg/package.ps1'
[2.530s] INFO:colcon.colcon_core.shell:Creating package descriptor '/home/vekkaz/mobile_robotics_ws/install/scan_pkg/share/scan_pkg/package.dsv'
[2.530s] INFO:colcon.colcon_core.shell:Creating package script '/home/vekkaz/mobile_robotics_ws/install/scan_pkg/share/scan_pkg/package.sh'
[2.530s] INFO:colcon.colcon_core.shell:Creating package script '/home/vekkaz/mobile_robotics_ws/install/scan_pkg/share/scan_pkg/package.bash'
[2.530s] INFO:colcon.colcon_core.shell:Creating package script '/home/vekkaz/mobile_robotics_ws/install/scan_pkg/share/scan_pkg/package.zsh'
[2.531s] Level 1:colcon.colcon_core.environment:create_file_with_runtime_dependencies(/home/vekkaz/mobile_robotics_ws/install/scan_pkg/share/colcon-core/packages/scan_pkg)
[2.531s] DEBUG:colcon.colcon_parallel_executor.executor.parallel:closing loop
[2.531s] DEBUG:colcon.colcon_parallel_executor.executor.parallel:loop closed
[2.531s] DEBUG:colcon.colcon_parallel_executor.executor.parallel:run_until_complete finished with '0'
[2.531s] DEBUG:colcon.colcon_core.event_reactor:joining thread
[2.535s] INFO:colcon.colcon_core.plugin_system:Skipping extension 'colcon_notification.desktop_notification.terminal_notifier': Not used on non-Darwin systems
[2.536s] INFO:colcon.colcon_core.plugin_system:Skipping extension 'colcon_notification.desktop_notification.win32': Not used on non-Windows systems
[2.536s] INFO:colcon.colcon_notification.desktop_notification:Sending desktop notification using 'notify2'
[2.545s] DEBUG:colcon.colcon_core.event_reactor:joined thread
[2.545s] INFO:colcon.colcon_core.shell:Creating prefix script '/home/vekkaz/mobile_robotics_ws/install/local_setup.ps1'
[2.547s] INFO:colcon.colcon_core.shell:Creating prefix util module '/home/vekkaz/mobile_robotics_ws/install/_local_setup_util_ps1.py'
[2.548s] INFO:colcon.colcon_core.shell:Creating prefix chain script '/home/vekkaz/mobile_robotics_ws/install/setup.ps1'
[2.549s] INFO:colcon.colcon_core.shell:Creating prefix script '/home/vekkaz/mobile_robotics_ws/install/local_setup.sh'
[2.549s] INFO:colcon.colcon_core.shell:Creating prefix util module '/home/vekkaz/mobile_robotics_ws/install/_local_setup_util_sh.py'
[2.549s] INFO:colcon.colcon_core.shell:Creating prefix chain script '/home/vekkaz/mobile_robotics_ws/install/setup.sh'
[2.550s] INFO:colcon.colcon_core.shell:Creating prefix script '/home/vekkaz/mobile_robotics_ws/install/local_setup.bash'
[2.551s] INFO:colcon.colcon_core.shell:Creating prefix chain script '/home/vekkaz/mobile_robotics_ws/install/setup.bash'
[2.551s] INFO:colcon.colcon_core.shell:Creating prefix script '/home/vekkaz/mobile_robotics_ws/install/local_setup.zsh'
[2.552s] INFO:colcon.colcon_core.shell:Creating prefix chain script '/home/vekkaz/mobile_robotics_ws/install/setup.zsh'
