[1.181s] Invoking command in '/home/vekkaz/mobile_robotics_ws/build/ros2_control_demo_example_2': CMAKE_PREFIX_PATH=${CMAKE_PREFIX_PATH}:/home/vekkaz/mobile_robotics_ws/install/scan_pkg:/home/vekkaz/mobile_robotics_ws/install/joy_tester:/home/vekkaz/ros2_ws_2401/install/turtle_move_pkg_g01:/home/vekkaz/ros2_ws_2401/install/turtle_move_2_pkg_g01:/home/vekkaz/ros2_ws_2401/install/robotcar_base_pkg_g01:/home/vekkaz/ros2_ws_2401/install/model_robot_pkg_g01:/home/vekkaz/ros2_ws_2401/install/launch_pkg_g01:/home/vekkaz/ros2_ws_tutorial/install/robot_control:/opt/ros/humble /usr/bin/cmake --build /home/vekkaz/mobile_robotics_ws/build/ros2_control_demo_example_2 -- -j12 -l12
[2.024s] [100%] Built target ros2_control_demo_example_2
[2.044s] Invoked command in '/home/vekkaz/mobile_robotics_ws/build/ros2_control_demo_example_2' returned '0': CMAKE_PREFIX_PATH=${CMAKE_PREFIX_PATH}:/home/vekkaz/mobile_robotics_ws/install/scan_pkg:/home/vekkaz/mobile_robotics_ws/install/joy_tester:/home/vekkaz/ros2_ws_2401/install/turtle_move_pkg_g01:/home/vekkaz/ros2_ws_2401/install/turtle_move_2_pkg_g01:/home/vekkaz/ros2_ws_2401/install/robotcar_base_pkg_g01:/home/vekkaz/ros2_ws_2401/install/model_robot_pkg_g01:/home/vekkaz/ros2_ws_2401/install/launch_pkg_g01:/home/vekkaz/ros2_ws_tutorial/install/robot_control:/opt/ros/humble /usr/bin/cmake --build /home/vekkaz/mobile_robotics_ws/build/ros2_control_demo_example_2 -- -j12 -l12
[2.091s] Invoking command in '/home/vekkaz/mobile_robotics_ws/build/ros2_control_demo_example_2': CMAKE_PREFIX_PATH=${CMAKE_PREFIX_PATH}:/home/vekkaz/mobile_robotics_ws/install/scan_pkg:/home/vekkaz/mobile_robotics_ws/install/joy_tester:/home/vekkaz/ros2_ws_2401/install/turtle_move_pkg_g01:/home/vekkaz/ros2_ws_2401/install/turtle_move_2_pkg_g01:/home/vekkaz/ros2_ws_2401/install/robotcar_base_pkg_g01:/home/vekkaz/ros2_ws_2401/install/model_robot_pkg_g01:/home/vekkaz/ros2_ws_2401/install/launch_pkg_g01:/home/vekkaz/ros2_ws_tutorial/install/robot_control:/opt/ros/humble /usr/bin/cmake --install /home/vekkaz/mobile_robotics_ws/build/ros2_control_demo_example_2
[2.105s] -- Install configuration: ""
[2.157s] -- Execute custom install script
[2.181s] -- Up-to-date symlink: /home/vekkaz/mobile_robotics_ws/install/ros2_control_demo_example_2/share/ros2_control_demo_example_2//ros2_control_demo_example_2.xml
[2.183s] -- Up-to-date symlink: /home/vekkaz/mobile_robotics_ws/install/ros2_control_demo_example_2/include/ros2_control_demo_example_2/ros2_control_demo_example_2/diffbot_system.hpp
[2.205s] -- Up-to-date symlink: /home/vekkaz/mobile_robotics_ws/install/ros2_control_demo_example_2/share/ros2_control_demo_example_2/launch/view_robot.launch.py
[2.206s] -- Up-to-date symlink: /home/vekkaz/mobile_robotics_ws/install/ros2_control_demo_example_2/share/ros2_control_demo_example_2/ros2_control/diffbot.ros2_control.xacro
[2.207s] -- Up-to-date symlink: /home/vekkaz/mobile_robotics_ws/install/ros2_control_demo_example_2/share/ros2_control_demo_example_2/urdf/diffbot.materials.xacro
[2.208s] -- Up-to-date symlink: /home/vekkaz/mobile_robotics_ws/install/ros2_control_demo_example_2/share/ros2_control_demo_example_2/urdf/diffbot.urdf.xacro
[2.209s] -- Up-to-date symlink: /home/vekkaz/mobile_robotics_ws/install/ros2_control_demo_example_2/share/ros2_control_demo_example_2/urdf/diffbot_description.urdf.xacro
[2.214s] -- Up-to-date symlink: /home/vekkaz/mobile_robotics_ws/install/ros2_control_demo_example_2/share/ros2_control_demo_example_2/launch/diffbot.launch.py
[2.281s] -- Up-to-date symlink: /home/vekkaz/mobile_robotics_ws/install/ros2_control_demo_example_2/share/ros2_control_demo_example_2/config/diffbot_controllers.yaml
[2.282s] -- Up-to-date symlink: /home/vekkaz/mobile_robotics_ws/install/ros2_control_demo_example_2/share/ros2_control_demo_example_2/environment/library_path.sh
[2.282s] -- Up-to-date symlink: /home/vekkaz/mobile_robotics_ws/install/ros2_control_demo_example_2/share/ros2_control_demo_example_2/environment/library_path.dsv
[2.282s] -- Up-to-date symlink: /home/vekkaz/mobile_robotics_ws/install/ros2_control_demo_example_2/share/ament_index/resource_index/package_run_dependencies/ros2_control_demo_example_2
[2.285s] -- Up-to-date symlink: /home/vekkaz/mobile_robotics_ws/install/ros2_control_demo_example_2/share/ament_index/resource_index/parent_prefix_path/ros2_control_demo_example_2
[2.285s] -- Up-to-date symlink: /home/vekkaz/mobile_robotics_ws/install/ros2_control_demo_example_2/share/ros2_control_demo_example_2/environment/ament_prefix_path.sh
[2.285s] -- Up-to-date symlink: /home/vekkaz/mobile_robotics_ws/install/ros2_control_demo_example_2/share/ros2_control_demo_example_2/environment/ament_prefix_path.dsv
[2.285s] -- Up-to-date symlink: /home/vekkaz/mobile_robotics_ws/install/ros2_control_demo_example_2/share/ros2_control_demo_example_2/environment/path.sh
[2.285s] -- Up-to-date symlink: /home/vekkaz/mobile_robotics_ws/install/ros2_control_demo_example_2/share/ros2_control_demo_example_2/environment/path.dsv
[2.327s] -- Up-to-date symlink: /home/vekkaz/mobile_robotics_ws/install/ros2_control_demo_example_2/share/ros2_control_demo_example_2/local_setup.bash
[2.349s] -- Up-to-date symlink: /home/vekkaz/mobile_robotics_ws/install/ros2_control_demo_example_2/share/ros2_control_demo_example_2/local_setup.sh
[2.350s] -- Up-to-date symlink: /home/vekkaz/mobile_robotics_ws/install/ros2_control_demo_example_2/share/ros2_control_demo_example_2/local_setup.zsh
[2.350s] -- Up-to-date symlink: /home/vekkaz/mobile_robotics_ws/install/ros2_control_demo_example_2/share/ros2_control_demo_example_2/local_setup.dsv
[2.350s] -- Symlinking: /home/vekkaz/mobile_robotics_ws/install/ros2_control_demo_example_2/share/ros2_control_demo_example_2/package.dsv
[2.360s] -- Up-to-date symlink: /home/vekkaz/mobile_robotics_ws/install/ros2_control_demo_example_2/share/ament_index/resource_index/packages/ros2_control_demo_example_2
[2.361s] -- Up-to-date symlink: /home/vekkaz/mobile_robotics_ws/install/ros2_control_demo_example_2/share/ament_index/resource_index/hardware_interface__pluginlib__plugin/ros2_control_demo_example_2
[2.361s] -- Up-to-date symlink: /home/vekkaz/mobile_robotics_ws/install/ros2_control_demo_example_2/share/ros2_control_demo_example_2/cmake/ament_cmake_export_targets-extras.cmake
[2.361s] -- Up-to-date symlink: /home/vekkaz/mobile_robotics_ws/install/ros2_control_demo_example_2/share/ros2_control_demo_example_2/cmake/ament_cmake_export_dependencies-extras.cmake
[2.362s] -- Up-to-date symlink: /home/vekkaz/mobile_robotics_ws/install/ros2_control_demo_example_2/share/ros2_control_demo_example_2/cmake/ros2_control_demo_example_2Config.cmake
[2.362s] -- Up-to-date symlink: /home/vekkaz/mobile_robotics_ws/install/ros2_control_demo_example_2/share/ros2_control_demo_example_2/cmake/ros2_control_demo_example_2Config-version.cmake
[2.362s] -- Up-to-date symlink: /home/vekkaz/mobile_robotics_ws/install/ros2_control_demo_example_2/share/ros2_control_demo_example_2/package.xml
[2.400s] -- Up-to-date: /home/vekkaz/mobile_robotics_ws/install/ros2_control_demo_example_2/lib/libros2_control_demo_example_2.so
[3.222s] -- Up-to-date: /home/vekkaz/mobile_robotics_ws/install/ros2_control_demo_example_2/share/ros2_control_demo_example_2/cmake/export_ros2_control_demo_example_2Export.cmake
[3.222s] -- Up-to-date: /home/vekkaz/mobile_robotics_ws/install/ros2_control_demo_example_2/share/ros2_control_demo_example_2/cmake/export_ros2_control_demo_example_2Export-noconfig.cmake
[3.227s] Invoked command in '/home/vekkaz/mobile_robotics_ws/build/ros2_control_demo_example_2' returned '0': CMAKE_PREFIX_PATH=${CMAKE_PREFIX_PATH}:/home/vekkaz/mobile_robotics_ws/install/scan_pkg:/home/vekkaz/mobile_robotics_ws/install/joy_tester:/home/vekkaz/ros2_ws_2401/install/turtle_move_pkg_g01:/home/vekkaz/ros2_ws_2401/install/turtle_move_2_pkg_g01:/home/vekkaz/ros2_ws_2401/install/robotcar_base_pkg_g01:/home/vekkaz/ros2_ws_2401/install/model_robot_pkg_g01:/home/vekkaz/ros2_ws_2401/install/launch_pkg_g01:/home/vekkaz/ros2_ws_tutorial/install/robot_control:/opt/ros/humble /usr/bin/cmake --install /home/vekkaz/mobile_robotics_ws/build/ros2_control_demo_example_2
