[0.451s] Invoking command in '/home/vekkaz/mobile_robotics_ws/build/ros2_control_demo_example_2': CMAKE_PREFIX_PATH=${CMAKE_PREFIX_PATH}:/home/vekkaz/mobile_robotics_ws/install/scan_pkg:/home/vekkaz/mobile_robotics_ws/install/joy_tester:/home/vekkaz/ros2_ws_2401/install/turtle_move_pkg_g01:/home/vekkaz/ros2_ws_2401/install/turtle_move_2_pkg_g01:/home/vekkaz/ros2_ws_2401/install/robotcar_base_pkg_g01:/home/vekkaz/ros2_ws_2401/install/model_robot_pkg_g01:/home/vekkaz/ros2_ws_2401/install/launch_pkg_g01:/home/vekkaz/ros2_ws_tutorial/install/robot_control:/opt/ros/humble /usr/bin/cmake /home/vekkaz/mobile_robotics_ws/src/example_2 -DAMENT_CMAKE_SYMLINK_INSTALL=1 -DCMAKE_INSTALL_PREFIX=/home/vekkaz/mobile_robotics_ws/install/ros2_control_demo_example_2
[2.154s] -- The CXX compiler identification is GNU 11.4.0
[2.360s] -- Detecting CXX compiler ABI info
[2.508s] -- Detecting CXX compiler ABI info - done
[2.513s] -- Check for working CXX compiler: /usr/bin/c++ - skipped
[2.515s] -- Detecting CXX compile features
[2.539s] -- Detecting CXX compile features - done
[2.606s] -- Found ament_cmake: 1.3.9 (/opt/ros/humble/share/ament_cmake/cmake)
[2.973s] -- Found Python3: /usr/bin/python3 (found version "3.10.12") found components: Interpreter 
[3.206s] -- Override CMake install command with custom implementation using symlinks instead of copying resources
[3.663s] -- Found hardware_interface: 2.41.0 (/opt/ros/humble/share/hardware_interface/cmake)
[5.072s] -- Found rosidl_generator_c: 3.1.5 (/opt/ros/humble/share/rosidl_generator_c/cmake)
[5.133s] -- Found rosidl_adapter: 3.1.5 (/opt/ros/humble/share/rosidl_adapter/cmake)
[5.199s] -- Found rosidl_generator_cpp: 3.1.5 (/opt/ros/humble/share/rosidl_generator_cpp/cmake)
[5.326s] -- Using all available rosidl_typesupport_c: rosidl_typesupport_fastrtps_c;rosidl_typesupport_introspection_c
[5.459s] -- Using all available rosidl_typesupport_cpp: rosidl_typesupport_fastrtps_cpp;rosidl_typesupport_introspection_cpp
[7.217s] -- Found rmw_implementation_cmake: 6.1.2 (/opt/ros/humble/share/rmw_implementation_cmake/cmake)
[7.265s] -- Found rmw_fastrtps_cpp: 6.2.6 (/opt/ros/humble/share/rmw_fastrtps_cpp/cmake)
[7.568s] -- Found TinyXML2 via Config file: TinyXML2_DIR-NOTFOUND
[7.690s] -- Found OpenSSL: /usr/lib/x86_64-linux-gnu/libcrypto.so (found version "3.0.2")  
[7.702s] -- Found TinyXML2 via Config file: TinyXML2_DIR-NOTFOUND
[7.714s] -- Found FastRTPS: /opt/ros/humble/include  
[7.720s] -- Found TinyXML2 via Config file: TinyXML2_DIR-NOTFOUND
[7.725s] -- Found TinyXML2 via Config file: TinyXML2_DIR-NOTFOUND
[7.732s] -- Using RMW implementation 'rmw_fastrtps_cpp' as default
[7.871s] -- Looking for C++ include pthread.h
[8.120s] -- Looking for C++ include pthread.h - found
[8.120s] -- Performing Test CMAKE_HAVE_LIBC_PTHREAD
[8.197s] -- Performing Test CMAKE_HAVE_LIBC_PTHREAD - Success
[8.197s] -- Found Threads: TRUE  
[8.792s] -- Found ament_cmake_pytest: 1.3.9 (/opt/ros/humble/share/ament_cmake_pytest/cmake)
[13.049s] -- Configuring done
[13.896s] -- Generating done
[13.897s] -- Build files have been written to: /home/vekkaz/mobile_robotics_ws/build/ros2_control_demo_example_2
[13.904s] Invoked command in '/home/vekkaz/mobile_robotics_ws/build/ros2_control_demo_example_2' returned '0': CMAKE_PREFIX_PATH=${CMAKE_PREFIX_PATH}:/home/vekkaz/mobile_robotics_ws/install/scan_pkg:/home/vekkaz/mobile_robotics_ws/install/joy_tester:/home/vekkaz/ros2_ws_2401/install/turtle_move_pkg_g01:/home/vekkaz/ros2_ws_2401/install/turtle_move_2_pkg_g01:/home/vekkaz/ros2_ws_2401/install/robotcar_base_pkg_g01:/home/vekkaz/ros2_ws_2401/install/model_robot_pkg_g01:/home/vekkaz/ros2_ws_2401/install/launch_pkg_g01:/home/vekkaz/ros2_ws_tutorial/install/robot_control:/opt/ros/humble /usr/bin/cmake /home/vekkaz/mobile_robotics_ws/src/example_2 -DAMENT_CMAKE_SYMLINK_INSTALL=1 -DCMAKE_INSTALL_PREFIX=/home/vekkaz/mobile_robotics_ws/install/ros2_control_demo_example_2
[13.905s] Invoking command in '/home/vekkaz/mobile_robotics_ws/build/ros2_control_demo_example_2': CMAKE_PREFIX_PATH=${CMAKE_PREFIX_PATH}:/home/vekkaz/mobile_robotics_ws/install/scan_pkg:/home/vekkaz/mobile_robotics_ws/install/joy_tester:/home/vekkaz/ros2_ws_2401/install/turtle_move_pkg_g01:/home/vekkaz/ros2_ws_2401/install/turtle_move_2_pkg_g01:/home/vekkaz/ros2_ws_2401/install/robotcar_base_pkg_g01:/home/vekkaz/ros2_ws_2401/install/model_robot_pkg_g01:/home/vekkaz/ros2_ws_2401/install/launch_pkg_g01:/home/vekkaz/ros2_ws_tutorial/install/robot_control:/opt/ros/humble /usr/bin/cmake --build /home/vekkaz/mobile_robotics_ws/build/ros2_control_demo_example_2 -- -j12 -l12
[13.937s] [ 50%] [32mBuilding CXX object CMakeFiles/ros2_control_demo_example_2.dir/hardware/diffbot_system.cpp.o[0m
[18.834s] [100%] [32m[1mLinking CXX shared library libros2_control_demo_example_2.so[0m
[21.888s] [100%] Built target ros2_control_demo_example_2
[21.895s] Invoked command in '/home/vekkaz/mobile_robotics_ws/build/ros2_control_demo_example_2' returned '0': CMAKE_PREFIX_PATH=${CMAKE_PREFIX_PATH}:/home/vekkaz/mobile_robotics_ws/install/scan_pkg:/home/vekkaz/mobile_robotics_ws/install/joy_tester:/home/vekkaz/ros2_ws_2401/install/turtle_move_pkg_g01:/home/vekkaz/ros2_ws_2401/install/turtle_move_2_pkg_g01:/home/vekkaz/ros2_ws_2401/install/robotcar_base_pkg_g01:/home/vekkaz/ros2_ws_2401/install/model_robot_pkg_g01:/home/vekkaz/ros2_ws_2401/install/launch_pkg_g01:/home/vekkaz/ros2_ws_tutorial/install/robot_control:/opt/ros/humble /usr/bin/cmake --build /home/vekkaz/mobile_robotics_ws/build/ros2_control_demo_example_2 -- -j12 -l12
[21.911s] Invoking command in '/home/vekkaz/mobile_robotics_ws/build/ros2_control_demo_example_2': CMAKE_PREFIX_PATH=${CMAKE_PREFIX_PATH}:/home/vekkaz/mobile_robotics_ws/install/scan_pkg:/home/vekkaz/mobile_robotics_ws/install/joy_tester:/home/vekkaz/ros2_ws_2401/install/turtle_move_pkg_g01:/home/vekkaz/ros2_ws_2401/install/turtle_move_2_pkg_g01:/home/vekkaz/ros2_ws_2401/install/robotcar_base_pkg_g01:/home/vekkaz/ros2_ws_2401/install/model_robot_pkg_g01:/home/vekkaz/ros2_ws_2401/install/launch_pkg_g01:/home/vekkaz/ros2_ws_tutorial/install/robot_control:/opt/ros/humble /usr/bin/cmake --install /home/vekkaz/mobile_robotics_ws/build/ros2_control_demo_example_2
[21.916s] -- Install configuration: ""
[21.916s] -- Execute custom install script
[21.916s] -- Symlinking: /home/vekkaz/mobile_robotics_ws/install/ros2_control_demo_example_2/share/ros2_control_demo_example_2//ros2_control_demo_example_2.xml
[21.922s] -- Symlinking: /home/vekkaz/mobile_robotics_ws/install/ros2_control_demo_example_2/include/ros2_control_demo_example_2/ros2_control_demo_example_2/diffbot_system.hpp
[21.927s] -- Symlinking: /home/vekkaz/mobile_robotics_ws/install/ros2_control_demo_example_2/share/ros2_control_demo_example_2/launch/view_robot.launch.py
[21.933s] -- Symlinking: /home/vekkaz/mobile_robotics_ws/install/ros2_control_demo_example_2/share/ros2_control_demo_example_2/ros2_control/diffbot.ros2_control.xacro
[21.938s] -- Symlinking: /home/vekkaz/mobile_robotics_ws/install/ros2_control_demo_example_2/share/ros2_control_demo_example_2/urdf/diffbot.materials.xacro
[21.943s] -- Symlinking: /home/vekkaz/mobile_robotics_ws/install/ros2_control_demo_example_2/share/ros2_control_demo_example_2/urdf/diffbot.urdf.xacro
[21.948s] -- Symlinking: /home/vekkaz/mobile_robotics_ws/install/ros2_control_demo_example_2/share/ros2_control_demo_example_2/urdf/diffbot_description.urdf.xacro
[21.954s] -- Symlinking: /home/vekkaz/mobile_robotics_ws/install/ros2_control_demo_example_2/share/ros2_control_demo_example_2/launch/diffbot.launch.py
[21.959s] -- Symlinking: /home/vekkaz/mobile_robotics_ws/install/ros2_control_demo_example_2/share/ros2_control_demo_example_2/config/diffbot_controllers.yaml
[21.964s] -- Symlinking: /home/vekkaz/mobile_robotics_ws/install/ros2_control_demo_example_2/share/ros2_control_demo_example_2/environment/library_path.sh
[21.970s] -- Symlinking: /home/vekkaz/mobile_robotics_ws/install/ros2_control_demo_example_2/share/ros2_control_demo_example_2/environment/library_path.dsv
[21.976s] -- Symlinking: /home/vekkaz/mobile_robotics_ws/install/ros2_control_demo_example_2/share/ament_index/resource_index/package_run_dependencies/ros2_control_demo_example_2
[21.981s] -- Symlinking: /home/vekkaz/mobile_robotics_ws/install/ros2_control_demo_example_2/share/ament_index/resource_index/parent_prefix_path/ros2_control_demo_example_2
[21.986s] -- Symlinking: /home/vekkaz/mobile_robotics_ws/install/ros2_control_demo_example_2/share/ros2_control_demo_example_2/environment/ament_prefix_path.sh
[21.991s] -- Symlinking: /home/vekkaz/mobile_robotics_ws/install/ros2_control_demo_example_2/share/ros2_control_demo_example_2/environment/ament_prefix_path.dsv
[21.997s] -- Symlinking: /home/vekkaz/mobile_robotics_ws/install/ros2_control_demo_example_2/share/ros2_control_demo_example_2/environment/path.sh
[22.002s] -- Symlinking: /home/vekkaz/mobile_robotics_ws/install/ros2_control_demo_example_2/share/ros2_control_demo_example_2/environment/path.dsv
[22.007s] -- Symlinking: /home/vekkaz/mobile_robotics_ws/install/ros2_control_demo_example_2/share/ros2_control_demo_example_2/local_setup.bash
[22.012s] -- Symlinking: /home/vekkaz/mobile_robotics_ws/install/ros2_control_demo_example_2/share/ros2_control_demo_example_2/local_setup.sh
[22.017s] -- Symlinking: /home/vekkaz/mobile_robotics_ws/install/ros2_control_demo_example_2/share/ros2_control_demo_example_2/local_setup.zsh
[22.022s] -- Symlinking: /home/vekkaz/mobile_robotics_ws/install/ros2_control_demo_example_2/share/ros2_control_demo_example_2/local_setup.dsv
[22.028s] -- Symlinking: /home/vekkaz/mobile_robotics_ws/install/ros2_control_demo_example_2/share/ros2_control_demo_example_2/package.dsv
[22.033s] -- Symlinking: /home/vekkaz/mobile_robotics_ws/install/ros2_control_demo_example_2/share/ament_index/resource_index/packages/ros2_control_demo_example_2
[22.038s] -- Symlinking: /home/vekkaz/mobile_robotics_ws/install/ros2_control_demo_example_2/share/ament_index/resource_index/hardware_interface__pluginlib__plugin/ros2_control_demo_example_2
[22.043s] -- Symlinking: /home/vekkaz/mobile_robotics_ws/install/ros2_control_demo_example_2/share/ros2_control_demo_example_2/cmake/ament_cmake_export_targets-extras.cmake
[22.048s] -- Symlinking: /home/vekkaz/mobile_robotics_ws/install/ros2_control_demo_example_2/share/ros2_control_demo_example_2/cmake/ament_cmake_export_dependencies-extras.cmake
[22.053s] -- Symlinking: /home/vekkaz/mobile_robotics_ws/install/ros2_control_demo_example_2/share/ros2_control_demo_example_2/cmake/ros2_control_demo_example_2Config.cmake
[22.059s] -- Symlinking: /home/vekkaz/mobile_robotics_ws/install/ros2_control_demo_example_2/share/ros2_control_demo_example_2/cmake/ros2_control_demo_example_2Config-version.cmake
[22.064s] -- Symlinking: /home/vekkaz/mobile_robotics_ws/install/ros2_control_demo_example_2/share/ros2_control_demo_example_2/package.xml
[22.069s] -- Installing: /home/vekkaz/mobile_robotics_ws/install/ros2_control_demo_example_2/lib/libros2_control_demo_example_2.so
[22.070s] -- Set runtime path of "/home/vekkaz/mobile_robotics_ws/install/ros2_control_demo_example_2/lib/libros2_control_demo_example_2.so" to ""
[22.070s] -- Installing: /home/vekkaz/mobile_robotics_ws/install/ros2_control_demo_example_2/share/ros2_control_demo_example_2/cmake/export_ros2_control_demo_example_2Export.cmake
[22.070s] -- Installing: /home/vekkaz/mobile_robotics_ws/install/ros2_control_demo_example_2/share/ros2_control_demo_example_2/cmake/export_ros2_control_demo_example_2Export-noconfig.cmake
[22.072s] Invoked command in '/home/vekkaz/mobile_robotics_ws/build/ros2_control_demo_example_2' returned '0': CMAKE_PREFIX_PATH=${CMAKE_PREFIX_PATH}:/home/vekkaz/mobile_robotics_ws/install/scan_pkg:/home/vekkaz/mobile_robotics_ws/install/joy_tester:/home/vekkaz/ros2_ws_2401/install/turtle_move_pkg_g01:/home/vekkaz/ros2_ws_2401/install/turtle_move_2_pkg_g01:/home/vekkaz/ros2_ws_2401/install/robotcar_base_pkg_g01:/home/vekkaz/ros2_ws_2401/install/model_robot_pkg_g01:/home/vekkaz/ros2_ws_2401/install/launch_pkg_g01:/home/vekkaz/ros2_ws_tutorial/install/robot_control:/opt/ros/humble /usr/bin/cmake --install /home/vekkaz/mobile_robotics_ws/build/ros2_control_demo_example_2
