[4.760s] DEBUG:colcon:Command line arguments: ['/usr/bin/colcon', 'build', '--symlink-install']
[4.760s] DEBUG:colcon:Parsed command line arguments: Namespace(log_base=None, log_level=None, verb_name='build', build_base='build', install_base='install', merge_install=False, symlink_install=True, test_result_base=None, continue_on_error=False, executor='parallel', parallel_workers=8, event_handlers=None, ignore_user_meta=False, metas=['./colcon.meta'], base_paths=['.'], packages_ignore=None, packages_ignore_regex=None, paths=None, packages_up_to=None, packages_up_to_regex=None, packages_above=None, packages_above_and_dependencies=None, packages_above_depth=None, packages_select_by_dep=None, packages_skip_by_dep=None, packages_skip_up_to=None, packages_select_build_failed=False, packages_skip_build_finished=False, packages_select_test_failures=False, packages_skip_test_passed=False, packages_select=None, packages_skip=None, packages_select_regex=None, packages_skip_regex=None, packages_start=None, packages_end=None, allow_overriding=[], cmake_args=None, cmake_target=None, cmake_target_skip_unavailable=False, cmake_clean_cache=False, cmake_clean_first=False, cmake_force_configure=False, ament_cmake_args=None, catkin_cmake_args=None, catkin_skip_building_tests=False, verb_parser=<colcon_defaults.argument_parser.defaults.DefaultArgumentsDecorator object at 0x7b2823a40910>, verb_extension=<colcon_core.verb.build.BuildVerb object at 0x7b2824464ca0>, main=<bound method BuildVerb.main of <colcon_core.verb.build.BuildVerb object at 0x7b2824464ca0>>)
[5.180s] Level 1:colcon.colcon_core.package_discovery:discover_packages(colcon_meta) check parameters
[5.181s] Level 1:colcon.colcon_core.package_discovery:discover_packages(recursive) check parameters
[5.181s] Level 1:colcon.colcon_core.package_discovery:discover_packages(ignore) check parameters
[5.181s] Level 1:colcon.colcon_core.package_discovery:discover_packages(path) check parameters
[5.181s] Level 1:colcon.colcon_core.package_discovery:discover_packages(colcon_meta) discover
[5.182s] Level 1:colcon.colcon_core.package_discovery:discover_packages(recursive) discover
[5.182s] INFO:colcon.colcon_core.package_discovery:Crawling recursively for packages in '/home/perrone/mobile_robotics_ws'
[5.182s] Level 1:colcon.colcon_core.package_identification:_identify(.) by extensions ['ignore', 'ignore_ament_install']
[5.183s] Level 1:colcon.colcon_core.package_identification:_identify(.) by extension 'ignore'
[5.183s] Level 1:colcon.colcon_core.package_identification:_identify(.) by extension 'ignore_ament_install'
[5.183s] Level 1:colcon.colcon_core.package_identification:_identify(.) by extensions ['colcon_pkg']
[5.183s] Level 1:colcon.colcon_core.package_identification:_identify(.) by extension 'colcon_pkg'
[5.184s] Level 1:colcon.colcon_core.package_identification:_identify(.) by extensions ['colcon_meta']
[5.184s] Level 1:colcon.colcon_core.package_identification:_identify(.) by extension 'colcon_meta'
[5.184s] Level 1:colcon.colcon_core.package_identification:_identify(.) by extensions ['ros']
[5.184s] Level 1:colcon.colcon_core.package_identification:_identify(.) by extension 'ros'
[5.242s] Level 1:colcon.colcon_core.package_identification:_identify(.) by extensions ['cmake', 'python']
[5.242s] Level 1:colcon.colcon_core.package_identification:_identify(.) by extension 'cmake'
[5.242s] Level 1:colcon.colcon_core.package_identification:_identify(.) by extension 'python'
[5.242s] Level 1:colcon.colcon_core.package_identification:_identify(.) by extensions ['python_setup_py']
[5.242s] Level 1:colcon.colcon_core.package_identification:_identify(.) by extension 'python_setup_py'
[5.242s] Level 1:colcon.colcon_core.package_identification:_identify(build) by extensions ['ignore', 'ignore_ament_install']
[5.242s] Level 1:colcon.colcon_core.package_identification:_identify(build) by extension 'ignore'
[5.242s] Level 1:colcon.colcon_core.package_identification:_identify(build) ignored
[5.242s] Level 1:colcon.colcon_core.package_identification:_identify(install) by extensions ['ignore', 'ignore_ament_install']
[5.243s] Level 1:colcon.colcon_core.package_identification:_identify(install) by extension 'ignore'
[5.243s] Level 1:colcon.colcon_core.package_identification:_identify(install) ignored
[5.243s] Level 1:colcon.colcon_core.package_identification:_identify(log) by extensions ['ignore', 'ignore_ament_install']
[5.243s] Level 1:colcon.colcon_core.package_identification:_identify(log) by extension 'ignore'
[5.243s] Level 1:colcon.colcon_core.package_identification:_identify(log) ignored
[5.243s] Level 1:colcon.colcon_core.package_identification:_identify(src) by extensions ['ignore', 'ignore_ament_install']
[5.243s] Level 1:colcon.colcon_core.package_identification:_identify(src) by extension 'ignore'
[5.243s] Level 1:colcon.colcon_core.package_identification:_identify(src) by extension 'ignore_ament_install'
[5.243s] Level 1:colcon.colcon_core.package_identification:_identify(src) by extensions ['colcon_pkg']
[5.243s] Level 1:colcon.colcon_core.package_identification:_identify(src) by extension 'colcon_pkg'
[5.243s] Level 1:colcon.colcon_core.package_identification:_identify(src) by extensions ['colcon_meta']
[5.243s] Level 1:colcon.colcon_core.package_identification:_identify(src) by extension 'colcon_meta'
[5.243s] Level 1:colcon.colcon_core.package_identification:_identify(src) by extensions ['ros']
[5.244s] Level 1:colcon.colcon_core.package_identification:_identify(src) by extension 'ros'
[5.244s] Level 1:colcon.colcon_core.package_identification:_identify(src) by extensions ['cmake', 'python']
[5.244s] Level 1:colcon.colcon_core.package_identification:_identify(src) by extension 'cmake'
[5.244s] Level 1:colcon.colcon_core.package_identification:_identify(src) by extension 'python'
[5.244s] Level 1:colcon.colcon_core.package_identification:_identify(src) by extensions ['python_setup_py']
[5.244s] Level 1:colcon.colcon_core.package_identification:_identify(src) by extension 'python_setup_py'
[5.244s] Level 1:colcon.colcon_core.package_identification:_identify(src/build) by extensions ['ignore', 'ignore_ament_install']
[5.244s] Level 1:colcon.colcon_core.package_identification:_identify(src/build) by extension 'ignore'
[5.244s] Level 1:colcon.colcon_core.package_identification:_identify(src/build) ignored
[5.244s] Level 1:colcon.colcon_core.package_identification:_identify(src/example_2) by extensions ['ignore', 'ignore_ament_install']
[5.244s] Level 1:colcon.colcon_core.package_identification:_identify(src/example_2) by extension 'ignore'
[5.244s] Level 1:colcon.colcon_core.package_identification:_identify(src/example_2) by extension 'ignore_ament_install'
[5.244s] Level 1:colcon.colcon_core.package_identification:_identify(src/example_2) by extensions ['colcon_pkg']
[5.245s] Level 1:colcon.colcon_core.package_identification:_identify(src/example_2) by extension 'colcon_pkg'
[5.245s] Level 1:colcon.colcon_core.package_identification:_identify(src/example_2) by extensions ['colcon_meta']
[5.245s] Level 1:colcon.colcon_core.package_identification:_identify(src/example_2) by extension 'colcon_meta'
[5.245s] Level 1:colcon.colcon_core.package_identification:_identify(src/example_2) by extensions ['ros']
[5.245s] Level 1:colcon.colcon_core.package_identification:_identify(src/example_2) by extension 'ros'
[5.268s] DEBUG:colcon.colcon_core.package_identification:Package 'src/example_2' with type 'ros.ament_cmake' and name 'ros2_control_demo_example_2'
[5.268s] Level 1:colcon.colcon_core.package_identification:_identify(src/f112th_sim_2024_alpha) by extensions ['ignore', 'ignore_ament_install']
[5.268s] Level 1:colcon.colcon_core.package_identification:_identify(src/f112th_sim_2024_alpha) by extension 'ignore'
[5.268s] Level 1:colcon.colcon_core.package_identification:_identify(src/f112th_sim_2024_alpha) by extension 'ignore_ament_install'
[5.269s] Level 1:colcon.colcon_core.package_identification:_identify(src/f112th_sim_2024_alpha) by extensions ['colcon_pkg']
[5.269s] Level 1:colcon.colcon_core.package_identification:_identify(src/f112th_sim_2024_alpha) by extension 'colcon_pkg'
[5.269s] Level 1:colcon.colcon_core.package_identification:_identify(src/f112th_sim_2024_alpha) by extensions ['colcon_meta']
[5.269s] Level 1:colcon.colcon_core.package_identification:_identify(src/f112th_sim_2024_alpha) by extension 'colcon_meta'
[5.269s] Level 1:colcon.colcon_core.package_identification:_identify(src/f112th_sim_2024_alpha) by extensions ['ros']
[5.269s] Level 1:colcon.colcon_core.package_identification:_identify(src/f112th_sim_2024_alpha) by extension 'ros'
[5.281s] DEBUG:colcon.colcon_core.package_identification:Package 'src/f112th_sim_2024_alpha' with type 'ros.ament_cmake' and name 'f112th_sim_2024_alpha'
[5.281s] Level 1:colcon.colcon_core.package_identification:_identify(src/install) by extensions ['ignore', 'ignore_ament_install']
[5.281s] Level 1:colcon.colcon_core.package_identification:_identify(src/install) by extension 'ignore'
[5.281s] Level 1:colcon.colcon_core.package_identification:_identify(src/install) ignored
[5.282s] Level 1:colcon.colcon_core.package_identification:_identify(src/joy_tester) by extensions ['ignore', 'ignore_ament_install']
[5.282s] Level 1:colcon.colcon_core.package_identification:_identify(src/joy_tester) by extension 'ignore'
[5.282s] Level 1:colcon.colcon_core.package_identification:_identify(src/joy_tester) by extension 'ignore_ament_install'
[5.282s] Level 1:colcon.colcon_core.package_identification:_identify(src/joy_tester) by extensions ['colcon_pkg']
[5.282s] Level 1:colcon.colcon_core.package_identification:_identify(src/joy_tester) by extension 'colcon_pkg'
[5.282s] Level 1:colcon.colcon_core.package_identification:_identify(src/joy_tester) by extensions ['colcon_meta']
[5.282s] Level 1:colcon.colcon_core.package_identification:_identify(src/joy_tester) by extension 'colcon_meta'
[5.282s] Level 1:colcon.colcon_core.package_identification:_identify(src/joy_tester) by extensions ['ros']
[5.282s] Level 1:colcon.colcon_core.package_identification:_identify(src/joy_tester) by extension 'ros'
[5.287s] DEBUG:colcon.colcon_core.package_identification:Package 'src/joy_tester' with type 'ros.ament_python' and name 'joy_tester'
[5.287s] Level 1:colcon.colcon_core.package_identification:_identify(src/log) by extensions ['ignore', 'ignore_ament_install']
[5.287s] Level 1:colcon.colcon_core.package_identification:_identify(src/log) by extension 'ignore'
[5.288s] Level 1:colcon.colcon_core.package_identification:_identify(src/log) ignored
[5.288s] Level 1:colcon.colcon_core.package_identification:_identify(src/scan_pkg) by extensions ['ignore', 'ignore_ament_install']
[5.288s] Level 1:colcon.colcon_core.package_identification:_identify(src/scan_pkg) by extension 'ignore'
[5.288s] Level 1:colcon.colcon_core.package_identification:_identify(src/scan_pkg) by extension 'ignore_ament_install'
[5.288s] Level 1:colcon.colcon_core.package_identification:_identify(src/scan_pkg) by extensions ['colcon_pkg']
[5.288s] Level 1:colcon.colcon_core.package_identification:_identify(src/scan_pkg) by extension 'colcon_pkg'
[5.288s] Level 1:colcon.colcon_core.package_identification:_identify(src/scan_pkg) by extensions ['colcon_meta']
[5.288s] Level 1:colcon.colcon_core.package_identification:_identify(src/scan_pkg) by extension 'colcon_meta'
[5.288s] Level 1:colcon.colcon_core.package_identification:_identify(src/scan_pkg) by extensions ['ros']
[5.288s] Level 1:colcon.colcon_core.package_identification:_identify(src/scan_pkg) by extension 'ros'
[5.292s] DEBUG:colcon.colcon_core.package_identification:Package 'src/scan_pkg' with type 'ros.ament_python' and name 'scan_pkg'
[5.293s] Level 1:colcon.colcon_core.package_identification:_identify(src/time_to_collision) by extensions ['ignore', 'ignore_ament_install']
[5.293s] Level 1:colcon.colcon_core.package_identification:_identify(src/time_to_collision) by extension 'ignore'
[5.294s] Level 1:colcon.colcon_core.package_identification:_identify(src/time_to_collision) by extension 'ignore_ament_install'
[5.294s] Level 1:colcon.colcon_core.package_identification:_identify(src/time_to_collision) by extensions ['colcon_pkg']
[5.294s] Level 1:colcon.colcon_core.package_identification:_identify(src/time_to_collision) by extension 'colcon_pkg'
[5.294s] Level 1:colcon.colcon_core.package_identification:_identify(src/time_to_collision) by extensions ['colcon_meta']
[5.294s] Level 1:colcon.colcon_core.package_identification:_identify(src/time_to_collision) by extension 'colcon_meta'
[5.295s] Level 1:colcon.colcon_core.package_identification:_identify(src/time_to_collision) by extensions ['ros']
[5.295s] Level 1:colcon.colcon_core.package_identification:_identify(src/time_to_collision) by extension 'ros'
[5.297s] DEBUG:colcon.colcon_core.package_identification:Package 'src/time_to_collision' with type 'ros.ament_python' and name 'time_to_collision'
[5.297s] Level 1:colcon.colcon_core.package_identification:_identify(src/wall_following_alpha) by extensions ['ignore', 'ignore_ament_install']
[5.298s] Level 1:colcon.colcon_core.package_identification:_identify(src/wall_following_alpha) by extension 'ignore'
[5.298s] Level 1:colcon.colcon_core.package_identification:_identify(src/wall_following_alpha) by extension 'ignore_ament_install'
[5.298s] Level 1:colcon.colcon_core.package_identification:_identify(src/wall_following_alpha) by extensions ['colcon_pkg']
[5.299s] Level 1:colcon.colcon_core.package_identification:_identify(src/wall_following_alpha) by extension 'colcon_pkg'
[5.299s] Level 1:colcon.colcon_core.package_identification:_identify(src/wall_following_alpha) by extensions ['colcon_meta']
[5.299s] Level 1:colcon.colcon_core.package_identification:_identify(src/wall_following_alpha) by extension 'colcon_meta'
[5.299s] Level 1:colcon.colcon_core.package_identification:_identify(src/wall_following_alpha) by extensions ['ros']
[5.299s] Level 1:colcon.colcon_core.package_identification:_identify(src/wall_following_alpha) by extension 'ros'
[5.301s] DEBUG:colcon.colcon_core.package_identification:Package 'src/wall_following_alpha' with type 'ros.ament_python' and name 'wall_following_alpha'
[5.301s] Level 1:colcon.colcon_core.package_discovery:discover_packages(recursive) using defaults
[5.302s] Level 1:colcon.colcon_core.package_discovery:discover_packages(ignore) discover
[5.302s] Level 1:colcon.colcon_core.package_discovery:discover_packages(ignore) using defaults
[5.302s] Level 1:colcon.colcon_core.package_discovery:discover_packages(path) discover
[5.302s] Level 1:colcon.colcon_core.package_discovery:discover_packages(path) using defaults
[5.839s] Level 1:colcon.colcon_core.package_discovery:discover_packages(prefix_path) check parameters
[5.839s] Level 1:colcon.colcon_core.package_discovery:discover_packages(prefix_path) discover
[5.888s] DEBUG:colcon.colcon_installed_package_information.package_discovery:Found 3 installed packages in /home/perrone/ros2_ws_2402/install
[5.890s] DEBUG:colcon.colcon_installed_package_information.package_discovery:Found 3 installed packages in /home/perrone/ros2_ws_2302/install
[5.892s] DEBUG:colcon.colcon_installed_package_information.package_discovery:Found 392 installed packages in /opt/ros/humble
[5.894s] Level 1:colcon.colcon_core.package_discovery:discover_packages(prefix_path) using defaults
[6.086s] Level 5:colcon.colcon_core.verb:set package 'f112th_sim_2024_alpha' build argument 'cmake_args' from command line to 'None'
[6.086s] Level 5:colcon.colcon_core.verb:set package 'f112th_sim_2024_alpha' build argument 'cmake_target' from command line to 'None'
[6.086s] Level 5:colcon.colcon_core.verb:set package 'f112th_sim_2024_alpha' build argument 'cmake_target_skip_unavailable' from command line to 'False'
[6.086s] Level 5:colcon.colcon_core.verb:set package 'f112th_sim_2024_alpha' build argument 'cmake_clean_cache' from command line to 'False'
[6.086s] Level 5:colcon.colcon_core.verb:set package 'f112th_sim_2024_alpha' build argument 'cmake_clean_first' from command line to 'False'
[6.086s] Level 5:colcon.colcon_core.verb:set package 'f112th_sim_2024_alpha' build argument 'cmake_force_configure' from command line to 'False'
[6.086s] Level 5:colcon.colcon_core.verb:set package 'f112th_sim_2024_alpha' build argument 'ament_cmake_args' from command line to 'None'
[6.086s] Level 5:colcon.colcon_core.verb:set package 'f112th_sim_2024_alpha' build argument 'catkin_cmake_args' from command line to 'None'
[6.086s] Level 5:colcon.colcon_core.verb:set package 'f112th_sim_2024_alpha' build argument 'catkin_skip_building_tests' from command line to 'False'
[6.086s] DEBUG:colcon.colcon_core.verb:Building package 'f112th_sim_2024_alpha' with the following arguments: {'ament_cmake_args': None, 'build_base': '/home/perrone/mobile_robotics_ws/build/f112th_sim_2024_alpha', 'catkin_cmake_args': None, 'catkin_skip_building_tests': False, 'cmake_args': None, 'cmake_clean_cache': False, 'cmake_clean_first': False, 'cmake_force_configure': False, 'cmake_target': None, 'cmake_target_skip_unavailable': False, 'install_base': '/home/perrone/mobile_robotics_ws/install/f112th_sim_2024_alpha', 'merge_install': False, 'path': '/home/perrone/mobile_robotics_ws/src/f112th_sim_2024_alpha', 'symlink_install': True, 'test_result_base': None}
[6.087s] Level 5:colcon.colcon_core.verb:set package 'joy_tester' build argument 'cmake_args' from command line to 'None'
[6.087s] Level 5:colcon.colcon_core.verb:set package 'joy_tester' build argument 'cmake_target' from command line to 'None'
[6.087s] Level 5:colcon.colcon_core.verb:set package 'joy_tester' build argument 'cmake_target_skip_unavailable' from command line to 'False'
[6.087s] Level 5:colcon.colcon_core.verb:set package 'joy_tester' build argument 'cmake_clean_cache' from command line to 'False'
[6.087s] Level 5:colcon.colcon_core.verb:set package 'joy_tester' build argument 'cmake_clean_first' from command line to 'False'
[6.087s] Level 5:colcon.colcon_core.verb:set package 'joy_tester' build argument 'cmake_force_configure' from command line to 'False'
[6.087s] Level 5:colcon.colcon_core.verb:set package 'joy_tester' build argument 'ament_cmake_args' from command line to 'None'
[6.087s] Level 5:colcon.colcon_core.verb:set package 'joy_tester' build argument 'catkin_cmake_args' from command line to 'None'
[6.087s] Level 5:colcon.colcon_core.verb:set package 'joy_tester' build argument 'catkin_skip_building_tests' from command line to 'False'
[6.087s] DEBUG:colcon.colcon_core.verb:Building package 'joy_tester' with the following arguments: {'ament_cmake_args': None, 'build_base': '/home/perrone/mobile_robotics_ws/build/joy_tester', 'catkin_cmake_args': None, 'catkin_skip_building_tests': False, 'cmake_args': None, 'cmake_clean_cache': False, 'cmake_clean_first': False, 'cmake_force_configure': False, 'cmake_target': None, 'cmake_target_skip_unavailable': False, 'install_base': '/home/perrone/mobile_robotics_ws/install/joy_tester', 'merge_install': False, 'path': '/home/perrone/mobile_robotics_ws/src/joy_tester', 'symlink_install': True, 'test_result_base': None}
[6.088s] Level 5:colcon.colcon_core.verb:set package 'ros2_control_demo_example_2' build argument 'cmake_args' from command line to 'None'
[6.088s] Level 5:colcon.colcon_core.verb:set package 'ros2_control_demo_example_2' build argument 'cmake_target' from command line to 'None'
[6.088s] Level 5:colcon.colcon_core.verb:set package 'ros2_control_demo_example_2' build argument 'cmake_target_skip_unavailable' from command line to 'False'
[6.089s] Level 5:colcon.colcon_core.verb:set package 'ros2_control_demo_example_2' build argument 'cmake_clean_cache' from command line to 'False'
[6.089s] Level 5:colcon.colcon_core.verb:set package 'ros2_control_demo_example_2' build argument 'cmake_clean_first' from command line to 'False'
[6.089s] Level 5:colcon.colcon_core.verb:set package 'ros2_control_demo_example_2' build argument 'cmake_force_configure' from command line to 'False'
[6.089s] Level 5:colcon.colcon_core.verb:set package 'ros2_control_demo_example_2' build argument 'ament_cmake_args' from command line to 'None'
[6.089s] Level 5:colcon.colcon_core.verb:set package 'ros2_control_demo_example_2' build argument 'catkin_cmake_args' from command line to 'None'
[6.089s] Level 5:colcon.colcon_core.verb:set package 'ros2_control_demo_example_2' build argument 'catkin_skip_building_tests' from command line to 'False'
[6.089s] DEBUG:colcon.colcon_core.verb:Building package 'ros2_control_demo_example_2' with the following arguments: {'ament_cmake_args': None, 'build_base': '/home/perrone/mobile_robotics_ws/build/ros2_control_demo_example_2', 'catkin_cmake_args': None, 'catkin_skip_building_tests': False, 'cmake_args': None, 'cmake_clean_cache': False, 'cmake_clean_first': False, 'cmake_force_configure': False, 'cmake_target': None, 'cmake_target_skip_unavailable': False, 'install_base': '/home/perrone/mobile_robotics_ws/install/ros2_control_demo_example_2', 'merge_install': False, 'path': '/home/perrone/mobile_robotics_ws/src/example_2', 'symlink_install': True, 'test_result_base': None}
[6.090s] Level 5:colcon.colcon_core.verb:set package 'scan_pkg' build argument 'cmake_args' from command line to 'None'
[6.090s] Level 5:colcon.colcon_core.verb:set package 'scan_pkg' build argument 'cmake_target' from command line to 'None'
[6.090s] Level 5:colcon.colcon_core.verb:set package 'scan_pkg' build argument 'cmake_target_skip_unavailable' from command line to 'False'
[6.090s] Level 5:colcon.colcon_core.verb:set package 'scan_pkg' build argument 'cmake_clean_cache' from command line to 'False'
[6.090s] Level 5:colcon.colcon_core.verb:set package 'scan_pkg' build argument 'cmake_clean_first' from command line to 'False'
[6.090s] Level 5:colcon.colcon_core.verb:set package 'scan_pkg' build argument 'cmake_force_configure' from command line to 'False'
[6.090s] Level 5:colcon.colcon_core.verb:set package 'scan_pkg' build argument 'ament_cmake_args' from command line to 'None'
[6.090s] Level 5:colcon.colcon_core.verb:set package 'scan_pkg' build argument 'catkin_cmake_args' from command line to 'None'
[6.090s] Level 5:colcon.colcon_core.verb:set package 'scan_pkg' build argument 'catkin_skip_building_tests' from command line to 'False'
[6.090s] DEBUG:colcon.colcon_core.verb:Building package 'scan_pkg' with the following arguments: {'ament_cmake_args': None, 'build_base': '/home/perrone/mobile_robotics_ws/build/scan_pkg', 'catkin_cmake_args': None, 'catkin_skip_building_tests': False, 'cmake_args': None, 'cmake_clean_cache': False, 'cmake_clean_first': False, 'cmake_force_configure': False, 'cmake_target': None, 'cmake_target_skip_unavailable': False, 'install_base': '/home/perrone/mobile_robotics_ws/install/scan_pkg', 'merge_install': False, 'path': '/home/perrone/mobile_robotics_ws/src/scan_pkg', 'symlink_install': True, 'test_result_base': None}
[6.091s] Level 5:colcon.colcon_core.verb:set package 'time_to_collision' build argument 'cmake_args' from command line to 'None'
[6.091s] Level 5:colcon.colcon_core.verb:set package 'time_to_collision' build argument 'cmake_target' from command line to 'None'
[6.091s] Level 5:colcon.colcon_core.verb:set package 'time_to_collision' build argument 'cmake_target_skip_unavailable' from command line to 'False'
[6.091s] Level 5:colcon.colcon_core.verb:set package 'time_to_collision' build argument 'cmake_clean_cache' from command line to 'False'
[6.091s] Level 5:colcon.colcon_core.verb:set package 'time_to_collision' build argument 'cmake_clean_first' from command line to 'False'
[6.091s] Level 5:colcon.colcon_core.verb:set package 'time_to_collision' build argument 'cmake_force_configure' from command line to 'False'
[6.091s] Level 5:colcon.colcon_core.verb:set package 'time_to_collision' build argument 'ament_cmake_args' from command line to 'None'
[6.091s] Level 5:colcon.colcon_core.verb:set package 'time_to_collision' build argument 'catkin_cmake_args' from command line to 'None'
[6.091s] Level 5:colcon.colcon_core.verb:set package 'time_to_collision' build argument 'catkin_skip_building_tests' from command line to 'False'
[6.091s] DEBUG:colcon.colcon_core.verb:Building package 'time_to_collision' with the following arguments: {'ament_cmake_args': None, 'build_base': '/home/perrone/mobile_robotics_ws/build/time_to_collision', 'catkin_cmake_args': None, 'catkin_skip_building_tests': False, 'cmake_args': None, 'cmake_clean_cache': False, 'cmake_clean_first': False, 'cmake_force_configure': False, 'cmake_target': None, 'cmake_target_skip_unavailable': False, 'install_base': '/home/perrone/mobile_robotics_ws/install/time_to_collision', 'merge_install': False, 'path': '/home/perrone/mobile_robotics_ws/src/time_to_collision', 'symlink_install': True, 'test_result_base': None}
[6.092s] Level 5:colcon.colcon_core.verb:set package 'wall_following_alpha' build argument 'cmake_args' from command line to 'None'
[6.092s] Level 5:colcon.colcon_core.verb:set package 'wall_following_alpha' build argument 'cmake_target' from command line to 'None'
[6.092s] Level 5:colcon.colcon_core.verb:set package 'wall_following_alpha' build argument 'cmake_target_skip_unavailable' from command line to 'False'
[6.092s] Level 5:colcon.colcon_core.verb:set package 'wall_following_alpha' build argument 'cmake_clean_cache' from command line to 'False'
[6.092s] Level 5:colcon.colcon_core.verb:set package 'wall_following_alpha' build argument 'cmake_clean_first' from command line to 'False'
[6.092s] Level 5:colcon.colcon_core.verb:set package 'wall_following_alpha' build argument 'cmake_force_configure' from command line to 'False'
[6.092s] Level 5:colcon.colcon_core.verb:set package 'wall_following_alpha' build argument 'ament_cmake_args' from command line to 'None'
[6.092s] Level 5:colcon.colcon_core.verb:set package 'wall_following_alpha' build argument 'catkin_cmake_args' from command line to 'None'
[6.092s] Level 5:colcon.colcon_core.verb:set package 'wall_following_alpha' build argument 'catkin_skip_building_tests' from command line to 'False'
[6.092s] DEBUG:colcon.colcon_core.verb:Building package 'wall_following_alpha' with the following arguments: {'ament_cmake_args': None, 'build_base': '/home/perrone/mobile_robotics_ws/build/wall_following_alpha', 'catkin_cmake_args': None, 'catkin_skip_building_tests': False, 'cmake_args': None, 'cmake_clean_cache': False, 'cmake_clean_first': False, 'cmake_force_configure': False, 'cmake_target': None, 'cmake_target_skip_unavailable': False, 'install_base': '/home/perrone/mobile_robotics_ws/install/wall_following_alpha', 'merge_install': False, 'path': '/home/perrone/mobile_robotics_ws/src/wall_following_alpha', 'symlink_install': True, 'test_result_base': None}
[6.093s] INFO:colcon.colcon_core.executor:Executing jobs using 'parallel' executor
[6.097s] DEBUG:colcon.colcon_parallel_executor.executor.parallel:run_until_complete
[6.098s] INFO:colcon.colcon_ros.task.ament_cmake.build:Building ROS package in '/home/perrone/mobile_robotics_ws/src/f112th_sim_2024_alpha' with build type 'ament_cmake'
[6.098s] INFO:colcon.colcon_cmake.task.cmake.build:Building CMake package in '/home/perrone/mobile_robotics_ws/src/f112th_sim_2024_alpha'
[6.202s] INFO:colcon.colcon_core.plugin_system:Skipping extension 'colcon_core.shell.bat': Not used on non-Windows systems
[6.203s] INFO:colcon.colcon_core.shell:Skip shell extension 'powershell' for command environment: Not usable outside of PowerShell
[6.203s] DEBUG:colcon.colcon_core.shell:Skip shell extension 'dsv' for command environment
[6.229s] INFO:colcon.colcon_ros.task.ament_python.build:Building ROS package in '/home/perrone/mobile_robotics_ws/src/joy_tester' with build type 'ament_python'
[6.230s] Level 1:colcon.colcon_core.shell:create_environment_hook('joy_tester', 'ament_prefix_path')
[6.232s] INFO:colcon.colcon_core.shell:Creating environment hook '/home/perrone/mobile_robotics_ws/install/joy_tester/share/joy_tester/hook/ament_prefix_path.ps1'
[6.241s] INFO:colcon.colcon_core.shell:Creating environment descriptor '/home/perrone/mobile_robotics_ws/install/joy_tester/share/joy_tester/hook/ament_prefix_path.dsv'
[6.241s] INFO:colcon.colcon_core.shell:Creating environment hook '/home/perrone/mobile_robotics_ws/install/joy_tester/share/joy_tester/hook/ament_prefix_path.sh'
[6.244s] INFO:colcon.colcon_core.shell:Skip shell extension 'powershell' for command environment: Not usable outside of PowerShell
[6.244s] DEBUG:colcon.colcon_core.shell:Skip shell extension 'dsv' for command environment
[6.249s] INFO:colcon.colcon_ros.task.ament_cmake.build:Building ROS package in '/home/perrone/mobile_robotics_ws/src/example_2' with build type 'ament_cmake'
[6.250s] INFO:colcon.colcon_cmake.task.cmake.build:Building CMake package in '/home/perrone/mobile_robotics_ws/src/example_2'
[6.251s] INFO:colcon.colcon_core.shell:Skip shell extension 'powershell' for command environment: Not usable outside of PowerShell
[6.251s] DEBUG:colcon.colcon_core.shell:Skip shell extension 'dsv' for command environment
[6.257s] INFO:colcon.colcon_ros.task.ament_python.build:Building ROS package in '/home/perrone/mobile_robotics_ws/src/scan_pkg' with build type 'ament_python'
[6.258s] Level 1:colcon.colcon_core.shell:create_environment_hook('scan_pkg', 'ament_prefix_path')
[6.260s] INFO:colcon.colcon_core.shell:Creating environment hook '/home/perrone/mobile_robotics_ws/install/scan_pkg/share/scan_pkg/hook/ament_prefix_path.ps1'
[6.261s] INFO:colcon.colcon_core.shell:Creating environment descriptor '/home/perrone/mobile_robotics_ws/install/scan_pkg/share/scan_pkg/hook/ament_prefix_path.dsv'
[6.261s] INFO:colcon.colcon_core.shell:Creating environment hook '/home/perrone/mobile_robotics_ws/install/scan_pkg/share/scan_pkg/hook/ament_prefix_path.sh'
[6.263s] INFO:colcon.colcon_core.shell:Skip shell extension 'powershell' for command environment: Not usable outside of PowerShell
[6.263s] DEBUG:colcon.colcon_core.shell:Skip shell extension 'dsv' for command environment
[6.269s] INFO:colcon.colcon_ros.task.ament_python.build:Building ROS package in '/home/perrone/mobile_robotics_ws/src/time_to_collision' with build type 'ament_python'
[6.269s] Level 1:colcon.colcon_core.shell:create_environment_hook('time_to_collision', 'ament_prefix_path')
[6.271s] INFO:colcon.colcon_core.shell:Creating environment hook '/home/perrone/mobile_robotics_ws/install/time_to_collision/share/time_to_collision/hook/ament_prefix_path.ps1'
[6.272s] INFO:colcon.colcon_core.shell:Creating environment descriptor '/home/perrone/mobile_robotics_ws/install/time_to_collision/share/time_to_collision/hook/ament_prefix_path.dsv'
[6.272s] INFO:colcon.colcon_core.shell:Creating environment hook '/home/perrone/mobile_robotics_ws/install/time_to_collision/share/time_to_collision/hook/ament_prefix_path.sh'
[6.274s] INFO:colcon.colcon_core.shell:Skip shell extension 'powershell' for command environment: Not usable outside of PowerShell
[6.274s] DEBUG:colcon.colcon_core.shell:Skip shell extension 'dsv' for command environment
[6.280s] INFO:colcon.colcon_ros.task.ament_python.build:Building ROS package in '/home/perrone/mobile_robotics_ws/src/wall_following_alpha' with build type 'ament_python'
[6.280s] Level 1:colcon.colcon_core.shell:create_environment_hook('wall_following_alpha', 'ament_prefix_path')
[6.281s] INFO:colcon.colcon_core.shell:Creating environment hook '/home/perrone/mobile_robotics_ws/install/wall_following_alpha/share/wall_following_alpha/hook/ament_prefix_path.ps1'
[6.282s] INFO:colcon.colcon_core.shell:Creating environment descriptor '/home/perrone/mobile_robotics_ws/install/wall_following_alpha/share/wall_following_alpha/hook/ament_prefix_path.dsv'
[6.282s] INFO:colcon.colcon_core.shell:Creating environment hook '/home/perrone/mobile_robotics_ws/install/wall_following_alpha/share/wall_following_alpha/hook/ament_prefix_path.sh'
[6.284s] INFO:colcon.colcon_core.shell:Skip shell extension 'powershell' for command environment: Not usable outside of PowerShell
[6.284s] DEBUG:colcon.colcon_core.shell:Skip shell extension 'dsv' for command environment
[6.329s] DEBUG:colcon.colcon_core.event_handler.log_command:Invoking command in '/home/perrone/mobile_robotics_ws/build/f112th_sim_2024_alpha': CMAKE_PREFIX_PATH=${CMAKE_PREFIX_PATH}:/home/perrone/ros2_ws_2402/install/joy_tester:/home/perrone/ros2_ws_2302/install/turtle_move_pkg_gC:/home/perrone/ros2_ws_2302/install/modelrobot_pkg_gC:/home/perrone/ros2_ws_2302/install/launch_pkg_g08:/opt/ros/humble /usr/bin/cmake --build /home/perrone/mobile_robotics_ws/build/f112th_sim_2024_alpha -- -j8 -l8
[6.792s] INFO:colcon.colcon_core.task.python.build:Building Python package in '/home/perrone/mobile_robotics_ws/src/joy_tester'
[6.793s] INFO:colcon.colcon_core.shell:Skip shell extension 'powershell' for command environment: Not usable outside of PowerShell
[6.794s] DEBUG:colcon.colcon_core.shell:Skip shell extension 'dsv' for command environment
[7.212s] DEBUG:colcon.colcon_core.event_handler.log_command:Invoking command in '/home/perrone/mobile_robotics_ws/build/ros2_control_demo_example_2': CMAKE_PREFIX_PATH=${CMAKE_PREFIX_PATH}:/home/perrone/ros2_ws_2402/install/joy_tester:/home/perrone/ros2_ws_2302/install/turtle_move_pkg_gC:/home/perrone/ros2_ws_2302/install/modelrobot_pkg_gC:/home/perrone/ros2_ws_2302/install/launch_pkg_g08:/opt/ros/humble /usr/bin/cmake --build /home/perrone/mobile_robotics_ws/build/ros2_control_demo_example_2 -- -j8 -l8
[7.527s] INFO:colcon.colcon_core.task.python.build:Building Python package in '/home/perrone/mobile_robotics_ws/src/scan_pkg'
[7.529s] INFO:colcon.colcon_core.shell:Skip shell extension 'powershell' for command environment: Not usable outside of PowerShell
[7.529s] DEBUG:colcon.colcon_core.shell:Skip shell extension 'dsv' for command environment
[7.826s] INFO:colcon.colcon_core.task.python.build:Building Python package in '/home/perrone/mobile_robotics_ws/src/time_to_collision'
[7.828s] INFO:colcon.colcon_core.shell:Skip shell extension 'powershell' for command environment: Not usable outside of PowerShell
[7.828s] DEBUG:colcon.colcon_core.shell:Skip shell extension 'dsv' for command environment
[8.145s] INFO:colcon.colcon_core.task.python.build:Building Python package in '/home/perrone/mobile_robotics_ws/src/wall_following_alpha'
[8.147s] INFO:colcon.colcon_core.shell:Skip shell extension 'powershell' for command environment: Not usable outside of PowerShell
[8.147s] DEBUG:colcon.colcon_core.shell:Skip shell extension 'dsv' for command environment
[8.154s] DEBUG:colcon.colcon_core.event_handler.log_command:Invoked command in '/home/perrone/mobile_robotics_ws/build/ros2_control_demo_example_2' returned '2': CMAKE_PREFIX_PATH=${CMAKE_PREFIX_PATH}:/home/perrone/ros2_ws_2402/install/joy_tester:/home/perrone/ros2_ws_2302/install/turtle_move_pkg_gC:/home/perrone/ros2_ws_2302/install/modelrobot_pkg_gC:/home/perrone/ros2_ws_2302/install/launch_pkg_g08:/opt/ros/humble /usr/bin/cmake --build /home/perrone/mobile_robotics_ws/build/ros2_control_demo_example_2 -- -j8 -l8
[8.155s] DEBUG:colcon.colcon_core.event_handler.log_command:Invoked command in '/home/perrone/mobile_robotics_ws/build/f112th_sim_2024_alpha' returned '2': CMAKE_PREFIX_PATH=${CMAKE_PREFIX_PATH}:/home/perrone/ros2_ws_2402/install/joy_tester:/home/perrone/ros2_ws_2302/install/turtle_move_pkg_gC:/home/perrone/ros2_ws_2302/install/modelrobot_pkg_gC:/home/perrone/ros2_ws_2302/install/launch_pkg_g08:/opt/ros/humble /usr/bin/cmake --build /home/perrone/mobile_robotics_ws/build/f112th_sim_2024_alpha -- -j8 -l8
[8.180s] Level 1:colcon.colcon_core.environment:create_environment_scripts_only(f112th_sim_2024_alpha)
[8.293s] Level 1:colcon.colcon_core.environment:checking '/home/perrone/mobile_robotics_ws/install/f112th_sim_2024_alpha' for CMake module files
[8.294s] Level 1:colcon.colcon_core.environment:checking '/home/perrone/mobile_robotics_ws/install/f112th_sim_2024_alpha' for CMake config files
[8.295s] Level 1:colcon.colcon_core.shell:create_environment_hook('f112th_sim_2024_alpha', 'cmake_prefix_path')
[8.298s] INFO:colcon.colcon_core.shell:Creating environment hook '/home/perrone/mobile_robotics_ws/install/f112th_sim_2024_alpha/share/f112th_sim_2024_alpha/hook/cmake_prefix_path.ps1'
[8.298s] INFO:colcon.colcon_core.shell:Creating environment descriptor '/home/perrone/mobile_robotics_ws/install/f112th_sim_2024_alpha/share/f112th_sim_2024_alpha/hook/cmake_prefix_path.dsv'
[8.299s] INFO:colcon.colcon_core.shell:Creating environment hook '/home/perrone/mobile_robotics_ws/install/f112th_sim_2024_alpha/share/f112th_sim_2024_alpha/hook/cmake_prefix_path.sh'
[8.299s] Level 1:colcon.colcon_core.environment:checking '/home/perrone/mobile_robotics_ws/install/f112th_sim_2024_alpha/bin'
[8.299s] Level 1:colcon.colcon_core.environment:checking '/home/perrone/mobile_robotics_ws/install/f112th_sim_2024_alpha/lib/pkgconfig/f112th_sim_2024_alpha.pc'
[8.300s] Level 1:colcon.colcon_core.environment:checking '/home/perrone/mobile_robotics_ws/install/f112th_sim_2024_alpha/lib/python3.10/site-packages'
[8.300s] Level 1:colcon.colcon_core.environment:checking '/home/perrone/mobile_robotics_ws/install/f112th_sim_2024_alpha/bin'
[8.303s] INFO:colcon.colcon_core.shell:Creating package script '/home/perrone/mobile_robotics_ws/install/f112th_sim_2024_alpha/share/f112th_sim_2024_alpha/package.ps1'
[8.311s] INFO:colcon.colcon_core.shell:Creating package descriptor '/home/perrone/mobile_robotics_ws/install/f112th_sim_2024_alpha/share/f112th_sim_2024_alpha/package.dsv'
[8.322s] INFO:colcon.colcon_core.shell:Creating package script '/home/perrone/mobile_robotics_ws/install/f112th_sim_2024_alpha/share/f112th_sim_2024_alpha/package.sh'
[8.323s] INFO:colcon.colcon_core.shell:Creating package script '/home/perrone/mobile_robotics_ws/install/f112th_sim_2024_alpha/share/f112th_sim_2024_alpha/package.bash'
[8.331s] INFO:colcon.colcon_core.shell:Creating package script '/home/perrone/mobile_robotics_ws/install/f112th_sim_2024_alpha/share/f112th_sim_2024_alpha/package.zsh'
[8.334s] Level 1:colcon.colcon_core.environment:create_file_with_runtime_dependencies(/home/perrone/mobile_robotics_ws/install/f112th_sim_2024_alpha/share/colcon-core/packages/f112th_sim_2024_alpha)
[9.569s] DEBUG:colcon.colcon_parallel_executor.executor.parallel:closing loop
[9.569s] DEBUG:colcon.colcon_parallel_executor.executor.parallel:loop closed
[9.569s] DEBUG:colcon.colcon_parallel_executor.executor.parallel:run_until_complete finished with '2'
[9.569s] DEBUG:colcon.colcon_core.event_reactor:joining thread
[9.613s] INFO:colcon.colcon_core.plugin_system:Skipping extension 'colcon_notification.desktop_notification.terminal_notifier': Not used on non-Darwin systems
[9.613s] INFO:colcon.colcon_core.plugin_system:Skipping extension 'colcon_notification.desktop_notification.win32': Not used on non-Windows systems
[9.613s] INFO:colcon.colcon_notification.desktop_notification:Sending desktop notification using 'notify2'
[9.661s] DEBUG:colcon.colcon_core.event_reactor:joined thread
[9.664s] INFO:colcon.colcon_core.shell:Creating prefix script '/home/perrone/mobile_robotics_ws/install/local_setup.ps1'
[9.673s] INFO:colcon.colcon_core.shell:Creating prefix util module '/home/perrone/mobile_robotics_ws/install/_local_setup_util_ps1.py'
[9.685s] INFO:colcon.colcon_core.shell:Creating prefix chain script '/home/perrone/mobile_robotics_ws/install/setup.ps1'
[9.686s] INFO:colcon.colcon_core.shell:Creating prefix script '/home/perrone/mobile_robotics_ws/install/local_setup.sh'
[9.687s] INFO:colcon.colcon_core.shell:Creating prefix util module '/home/perrone/mobile_robotics_ws/install/_local_setup_util_sh.py'
[9.687s] INFO:colcon.colcon_core.shell:Creating prefix chain script '/home/perrone/mobile_robotics_ws/install/setup.sh'
[9.689s] INFO:colcon.colcon_core.shell:Creating prefix script '/home/perrone/mobile_robotics_ws/install/local_setup.bash'
[9.703s] INFO:colcon.colcon_core.shell:Creating prefix chain script '/home/perrone/mobile_robotics_ws/install/setup.bash'
[9.706s] INFO:colcon.colcon_core.shell:Creating prefix script '/home/perrone/mobile_robotics_ws/install/local_setup.zsh'
[9.707s] INFO:colcon.colcon_core.shell:Creating prefix chain script '/home/perrone/mobile_robotics_ws/install/setup.zsh'
